<html>
<head>
<title>TestNG:  Default test</title>
<link href="../testng.css" rel="stylesheet" type="text/css" />
<link href="../my-testng.css" rel="stylesheet" type="text/css" />

<style type="text/css">
.log { display: none;} 
.stack-trace { display: none;} 
</style>
<script type="text/javascript">
<!--
function flip(e) {
  current = e.style.display;
  if (current == 'block') {
    e.style.display = 'none';
    return 0;
  }
  else {
    e.style.display = 'block';
    return 1;
  }
}

function toggleBox(szDivId, elem, msg1, msg2)
{
  var res = -1;  if (document.getElementById) {
    res = flip(document.getElementById(szDivId));
  }
  else if (document.all) {
    // this is the way old msie versions work
    res = flip(document.all[szDivId]);
  }
  if(elem) {
    if(res == 0) elem.innerHTML = msg1; else elem.innerHTML = msg2;
  }

}

function toggleAllBoxes() {
  if (document.getElementsByTagName) {
    d = document.getElementsByTagName('div');
    for (i = 0; i < d.length; i++) {
      if (d[i].className == 'log') {
        flip(d[i]);
      }
    }
  }
}

// -->
</script>

</head>
<body>
<h2 align='center'>Default test</h2><table border='1' align="center">
<tr>
<td>Tests passed/Failed/Skipped:</td><td>8/0/4</td>
</tr><tr>
<td>Started on:</td><td>Fri May 25 17:02:54 IST 2018</td>
</tr>
<tr><td>Total time:</td><td>66 seconds (66548 ms)</td>
</tr><tr>
<td>Included groups:</td><td></td>
</tr><tr>
<td>Excluded groups:</td><td></td>
</tr>
</table><p/>
<small><i>(Hover the method name to see the test class name)</i></small><p/>
<table width='100%' border='1' class='invocation-passed'>
<tr><td colspan='4' align='center'><b>PASSED TESTS</b></td></tr>
<tr><td><b>Test method</b></td>
<td width="30%"><b>Exception</b></td>
<td width="10%"><b>Time (seconds)</b></td>
<td><b>Instance</b></td>
</tr>
<tr>
<td title='com.test.automation.uiAutomation.Fee.TC_Masters.TC_Configuration_Fee_Standard.loginToappWithrequiredCredentials()'><b>loginToappWithrequiredCredentials</b><br>Test class: com.test.automation.uiAutomation.Fee.TC_Masters.TC_Configuration_Fee_Standard<br>Parameters: Rakesh, Password@123, Y<br/>
<a href="#Output-519303080" onClick='toggleBox("Output-519303080", this, "Show output", "Hide output");'>Show output</a>

<a href="#Output-519303080" onClick="toggleAllBoxes();">Show all outputs</a>
<div class='log' id="Output-519303080">
<a href='C:\Users\vaps\Desktop\IVRMPORTAL\src\main\java\com\test\automation\uiAutomation\screenshot\Login Page_25_05_2018_05_03_05.png'> <img src='C:\Users\vaps\Desktop\IVRMPORTAL\src\main\java\com\test\automation\uiAutomation\screenshot\Login Page_25_05_2018_05_03_05.png' height='100' width='100'/> </a><br/>
entered user name:-Rakesh and object is [[ChromeDriver: chrome on XP (1db9f176ccaa4ffeae4517d94ddc22ea)] -> xpath: //input[@id='login-username']]<br/>
entered password:-Password@123 and object is [[ChromeDriver: chrome on XP (1db9f176ccaa4ffeae4517d94ddc22ea)] -> xpath: //input[@id='login-password']]<br/>
cliked on login button and object is:-[[ChromeDriver: chrome on XP (1db9f176ccaa4ffeae4517d94ddc22ea)] -> xpath: //div[@class='col-xs-4']/button[2]]<br/>
Home button is dispalyed and object is:-[[ChromeDriver: chrome on XP (1db9f176ccaa4ffeae4517d94ddc22ea)] -> xpath: //*[@id='style-4']/section/ul/li[1]/a/span]<br/>
<a href='C:\Users\vaps\Desktop\IVRMPORTAL\src\main\java\com\test\automation\uiAutomation\screenshot\loginToappWithrequiredCredentials_25_05_2018_05_03_25.png'> <img src='C:\Users\vaps\Desktop\IVRMPORTAL\src\main\java\com\test\automation\uiAutomation\screenshot\loginToappWithrequiredCredentials_25_05_2018_05_03_25.png' height='100' width='100'/> </a><br/>
</div>
</td>
<td></td>
<td>20</td>
<td>com.test.automation.uiAutomation.Fee.TC_Masters.TC_Configuration_Fee_Standard@c8e4bb0</td></tr>
<tr>
<td title='com.test.automation.uiAutomation.Fee.TC_Masters.TC_Configuration_Fee_Standard.tcClickedOnSaveButton()'><b>tcClickedOnSaveButton</b><br>Test class: com.test.automation.uiAutomation.Fee.TC_Masters.TC_Configuration_Fee_Standard<br/>
<a href="#Output-1433208870" onClick='toggleBox("Output-1433208870", this, "Show output", "Hide output");'>Show output</a>

<a href="#Output-1433208870" onClick="toggleAllBoxes();">Show all outputs</a>
<div class='log' id="Output-1433208870">
clicked on save button and object is:-[[ChromeDriver: chrome on XP (1db9f176ccaa4ffeae4517d94ddc22ea)] -> xpath: //button[@id='save-btn']]<br/>
<a href='C:\Users\vaps\Desktop\IVRMPORTAL\src\main\java\com\test\automation\uiAutomation\screenshot\tcClickedOnSaveButton_25_05_2018_05_03_53.png'> <img src='C:\Users\vaps\Desktop\IVRMPORTAL\src\main\java\com\test\automation\uiAutomation\screenshot\tcClickedOnSaveButton_25_05_2018_05_03_53.png' height='100' width='100'/> </a><br/>
</div>
</td>
<td></td>
<td>7</td>
<td>com.test.automation.uiAutomation.Fee.TC_Masters.TC_Configuration_Fee_Standard@c8e4bb0</td></tr>
<tr>
<td title='com.test.automation.uiAutomation.Fee.TC_Masters.TC_Configuration_Fee_Standard.tcHomeButtonValidation()'><b>tcHomeButtonValidation</b><br>Test class: com.test.automation.uiAutomation.Fee.TC_Masters.TC_Configuration_Fee_Standard<br/>
<a href="#Output-1078566479" onClick='toggleBox("Output-1078566479", this, "Show output", "Hide output");'>Show output</a>

<a href="#Output-1078566479" onClick="toggleAllBoxes();">Show all outputs</a>
<div class='log' id="Output-1078566479">
Home button is dispalyed and object is:-[[ChromeDriver: chrome on XP (1db9f176ccaa4ffeae4517d94ddc22ea)] -> xpath: //aside[@id='style-4']/section/ul/li[1]]<br/>
<a href='C:\Users\vaps\Desktop\IVRMPORTAL\src\main\java\com\test\automation\uiAutomation\screenshot\tcHomeButtonValidation_25_05_2018_05_03_35.png'> <img src='C:\Users\vaps\Desktop\IVRMPORTAL\src\main\java\com\test\automation\uiAutomation\screenshot\tcHomeButtonValidation_25_05_2018_05_03_35.png' height='100' width='100'/> </a><br/>
</div>
</td>
<td></td>
<td>10</td>
<td>com.test.automation.uiAutomation.Fee.TC_Masters.TC_Configuration_Fee_Standard@c8e4bb0</td></tr>
<tr>
<td title='com.test.automation.uiAutomation.Fee.TC_Masters.TC_Configuration_Fee_Standard.tcNevigateTofeeStandard()'><b>tcNevigateTofeeStandard</b><br>Test class: com.test.automation.uiAutomation.Fee.TC_Masters.TC_Configuration_Fee_Standard<br/>
<a href="#Output-1288108586" onClick='toggleBox("Output-1288108586", this, "Show output", "Hide output");'>Show output</a>

<a href="#Output-1288108586" onClick="toggleAllBoxes();">Show all outputs</a>
<div class='log' id="Output-1288108586">
Clicked on Fee Button and object is:-[[ChromeDriver: chrome on XP (1db9f176ccaa4ffeae4517d94ddc22ea)] -> xpath: //span[contains(text(),'Fees')]/preceding-sibling::button]<br/>
Clicked on Fee Configuration Button and object is:-[[ChromeDriver: chrome on XP (1db9f176ccaa4ffeae4517d94ddc22ea)] -> xpath: //span[contains(text(),'Fees')]/preceding-sibling::button/following::span[contains(text(),'Configuration')][1]]<br/>
Clicked on Fee Standard Button and object is:-[[ChromeDriver: chrome on XP (1db9f176ccaa4ffeae4517d94ddc22ea)] -> xpath: //span[contains(text(),'Fees')]/preceding-sibling::button/following::span[contains(text(),'Configuration')][1]/following::li[1]]<br/>
<a href='C:\Users\vaps\Desktop\IVRMPORTAL\src\main\java\com\test\automation\uiAutomation\screenshot\tcNevigateTofeeStandard_25_05_2018_05_03_39.png'> <img src='C:\Users\vaps\Desktop\IVRMPORTAL\src\main\java\com\test\automation\uiAutomation\screenshot\tcNevigateTofeeStandard_25_05_2018_05_03_39.png' height='100' width='100'/> </a><br/>
</div>
</td>
<td></td>
<td>4</td>
<td>com.test.automation.uiAutomation.Fee.TC_Masters.TC_Configuration_Fee_Standard@c8e4bb0</td></tr>
<tr>
<td title='com.test.automation.uiAutomation.Fee.TC_Masters.TC_Configuration_Fee_Standard.tcSelectCardTypeAndEnterCharges()'><b>tcSelectCardTypeAndEnterCharges</b><br>Test class: com.test.automation.uiAutomation.Fee.TC_Masters.TC_Configuration_Fee_Standard<br/>
<a href="#Output-435914790" onClick='toggleBox("Output-435914790", this, "Show output", "Hide output");'>Show output</a>

<a href="#Output-435914790" onClick="toggleAllBoxes();">Show all outputs</a>
<div class='log' id="Output-435914790">
Card type check box is selected and object is:-[[ChromeDriver: chrome on XP (1db9f176ccaa4ffeae4517d94ddc22ea)] -> xpath: //span[contains(text(),'Card Type')]]<br/>
entered debit card transaction charge:-10 and object is [[ChromeDriver: chrome on XP (1db9f176ccaa4ffeae4517d94ddc22ea)] -> xpath: //label[contains(text(),'Debit Card Charges:')]/following-sibling::div/input]<br/>
entered credit card transaction charge:-15 and object is [[ChromeDriver: chrome on XP (1db9f176ccaa4ffeae4517d94ddc22ea)] -> xpath: //label[contains(text(),'Credit Card Charges:')]/following-sibling::div/input]<br/>
<a href='C:\Users\vaps\Desktop\IVRMPORTAL\src\main\java\com\test\automation\uiAutomation\screenshot\tcSelectCardTypeAndEnterCharges_25_05_2018_05_03_45.png'> <img src='C:\Users\vaps\Desktop\IVRMPORTAL\src\main\java\com\test\automation\uiAutomation\screenshot\tcSelectCardTypeAndEnterCharges_25_05_2018_05_03_45.png' height='100' width='100'/> </a><br/>
</div>
</td>
<td></td>
<td>3</td>
<td>com.test.automation.uiAutomation.Fee.TC_Masters.TC_Configuration_Fee_Standard@c8e4bb0</td></tr>
<tr>
<td title='com.test.automation.uiAutomation.Fee.TC_Masters.TC_Configuration_Fee_Standard.tcSelectConcessionProcess()'><b>tcSelectConcessionProcess</b><br>Test class: com.test.automation.uiAutomation.Fee.TC_Masters.TC_Configuration_Fee_Standard<br/>
<a href="#Output-1129869771" onClick='toggleBox("Output-1129869771", this, "Show output", "Hide output");'>Show output</a>

<a href="#Output-1129869771" onClick="toggleAllBoxes();">Show all outputs</a>
<div class='log' id="Output-1129869771">
Concession Process check box is selected and object is:-[[ChromeDriver: chrome on XP (1db9f176ccaa4ffeae4517d94ddc22ea)] -> xpath: //span[contains(text(),'Concession Process')]]<br/>
<a href='C:\Users\vaps\Desktop\IVRMPORTAL\src\main\java\com\test\automation\uiAutomation\screenshot\tcSelectConcessionProcess_25_05_2018_05_03_42.png'> <img src='C:\Users\vaps\Desktop\IVRMPORTAL\src\main\java\com\test\automation\uiAutomation\screenshot\tcSelectConcessionProcess_25_05_2018_05_03_42.png' height='100' width='100'/> </a><br/>
</div>
</td>
<td></td>
<td>1</td>
<td>com.test.automation.uiAutomation.Fee.TC_Masters.TC_Configuration_Fee_Standard@c8e4bb0</td></tr>
<tr>
<td title='com.test.automation.uiAutomation.Fee.TC_Masters.TC_Configuration_Fee_Standard.tcSelectFeeGroupRadioBtn()'><b>tcSelectFeeGroupRadioBtn</b><br>Test class: com.test.automation.uiAutomation.Fee.TC_Masters.TC_Configuration_Fee_Standard<br/>
<a href="#Output-1636322481" onClick='toggleBox("Output-1636322481", this, "Show output", "Hide output");'>Show output</a>

<a href="#Output-1636322481" onClick="toggleAllBoxes();">Show all outputs</a>
<div class='log' id="Output-1636322481">
Fee Group radio Button is already selected [[ChromeDriver: chrome on XP (1db9f176ccaa4ffeae4517d94ddc22ea)] -> xpath: //label[@class='radio-inline']/child::span[contains(text(),'Fee Group')]/preceding-sibling::input]<br/>
<a href='C:\Users\vaps\Desktop\IVRMPORTAL\src\main\java\com\test\automation\uiAutomation\screenshot\tcSelectFeeGroupRadioBtn_25_05_2018_05_03_40.png'> <img src='C:\Users\vaps\Desktop\IVRMPORTAL\src\main\java\com\test\automation\uiAutomation\screenshot\tcSelectFeeGroupRadioBtn_25_05_2018_05_03_40.png' height='100' width='100'/> </a><br/>
</div>
</td>
<td></td>
<td>1</td>
<td>com.test.automation.uiAutomation.Fee.TC_Masters.TC_Configuration_Fee_Standard@c8e4bb0</td></tr>
<tr>
<td title='com.test.automation.uiAutomation.Fee.TC_Masters.TC_Configuration_Fee_Standard.tcSuccessMessagevalidationAndConfirmation()'><b>tcSuccessMessagevalidationAndConfirmation</b><br>Test class: com.test.automation.uiAutomation.Fee.TC_Masters.TC_Configuration_Fee_Standard<br/>
<a href="#Output-1543146693" onClick='toggleBox("Output-1543146693", this, "Show output", "Hide output");'>Show output</a>

<a href="#Output-1543146693" onClick="toggleAllBoxes();">Show all outputs</a>
<div class='log' id="Output-1543146693">
Record saved successfully is dispalyed and object is:-[[ChromeDriver: chrome on XP (1db9f176ccaa4ffeae4517d94ddc22ea)] -> xpath: //body[@id='style-4']/div[5]/h2]<br/>
Clicked on Ok button of success confirmation and object is:-[[ChromeDriver: chrome on XP (1db9f176ccaa4ffeae4517d94ddc22ea)] -> xpath: //body[@id='style-4']/div[5]/div[7]/div/button]<br/>
<a href='C:\Users\vaps\Desktop\IVRMPORTAL\src\main\java\com\test\automation\uiAutomation\screenshot\tcSuccessMessagevalidationAndConfirmation_25_05_2018_05_03_57.png'> <img src='C:\Users\vaps\Desktop\IVRMPORTAL\src\main\java\com\test\automation\uiAutomation\screenshot\tcSuccessMessagevalidationAndConfirmation_25_05_2018_05_03_57.png' height='100' width='100'/> </a><br/>
</div>
</td>
<td></td>
<td>4</td>
<td>com.test.automation.uiAutomation.Fee.TC_Masters.TC_Configuration_Fee_Standard@c8e4bb0</td></tr>
</table><p>
<table width='100%' border='1' class='invocation-skipped'>
<tr><td colspan='4' align='center'><b>SKIPPED TESTS</b></td></tr>
<tr><td><b>Test method</b></td>
<td width="30%"><b>Exception</b></td>
<td width="10%"><b>Time (seconds)</b></td>
<td><b>Instance</b></td>
</tr>
<tr>
<td title='com.test.automation.uiAutomation.Fee.TC_Masters.TC_Configuration_Fee_Standard.loginToappWithrequiredCredentials()'><b>loginToappWithrequiredCredentials</b><br>Test class: com.test.automation.uiAutomation.Fee.TC_Masters.TC_Configuration_Fee_Standard<br>Parameters: Radha, Radha@123, N</td>
<td><div><pre>org.testng.SkipException: user marked this record as no run
	at com.test.automation.uiAutomation.Fee.TC_Masters.TC_Configuration_Fee_Standard.loginToappWithrequiredCredentials(TC_Configuration_Fee_Standard.java:49)
	at sun.reflect.NativeMethodAccessorImpl.invoke0(Native Method)
	at sun.reflect.NativeMethodAccessorImpl.invoke(Unknown Source)
	at sun.reflect.DelegatingMethodAccessorImpl.invoke(Unknown Source)
	at java.lang.reflect.Method.invoke(Unknown Source)
	at org.testng.internal.MethodInvocationHelper.invokeMethod(MethodInvocationHelper.java:104)
	at org.testng.internal.Invoker.invokeMethod(Invoker.java:645)
	at org.testng.internal.Invoker.invokeTestMethod(Invoker.java:851)
	at org.testng.internal.Invoker.invokeTestMethods(Invoker.java:1177)
	at org.testng.internal.TestMethodWorker.invokeTestMethods(TestMethodWorker.java:129)
	at org.testng.internal.TestMethodWorker.run(TestMethodWorker.java:112)
	at org.testng.TestRunner.privateRun(TestRunner.java:756)
	at org.testng.TestRunner.run(TestRunner.java:610)
	at org.testng.SuiteRunner.runTest(SuiteRunner.java:387)
	at org.testng.SuiteRunner.runSequentially(SuiteRunner.java:382)
	at org.testng.SuiteRunner.privateRun(SuiteRunner.java:340)
	at org.testng.SuiteRunner.run(SuiteRunner.java:289)
	at org.testng.SuiteRunnerWorker.runSuite(SuiteRunnerWorker.java:52)
	at org.testng.SuiteRunnerWorker.run(SuiteRunnerWorker.java:86)
	at org.testng.TestNG.runSuitesSequentially(TestNG.java:1293)
	at org.testng.TestNG.runSuitesLocally(TestNG.java:1218)
	at org.testng.TestNG.runSuites(TestNG.java:1133)
	at org.testng.TestNG.run(TestNG.java:1104)
	at org.testng.remote.AbstractRemoteTestNG.run(AbstractRemoteTestNG.java:132)
	at org.testng.remote.RemoteTestNG.initAndRun(RemoteTestNG.java:230)
	at org.testng.remote.RemoteTestNG.main(RemoteTestNG.java:76)
</pre></div><a href='#' onClick='toggleBox("stack-trace1215951090", this, "Click to show all stack frames", "Click to hide stack frames")'>Click to show all stack frames</a>
<div class='stack-trace' id='stack-trace1215951090'><pre>org.testng.SkipException: user marked this record as no run
	at com.test.automation.uiAutomation.Fee.TC_Masters.TC_Configuration_Fee_Standard.loginToappWithrequiredCredentials(TC_Configuration_Fee_Standard.java:49)
	at sun.reflect.NativeMethodAccessorImpl.invoke0(Native Method)
	at sun.reflect.NativeMethodAccessorImpl.invoke(Unknown Source)
	at sun.reflect.DelegatingMethodAccessorImpl.invoke(Unknown Source)
	at java.lang.reflect.Method.invoke(Unknown Source)
	at org.testng.internal.MethodInvocationHelper.invokeMethod(MethodInvocationHelper.java:104)
	at org.testng.internal.Invoker.invokeMethod(Invoker.java:645)
	at org.testng.internal.Invoker.invokeTestMethod(Invoker.java:851)
	at org.testng.internal.Invoker.invokeTestMethods(Invoker.java:1177)
	at org.testng.internal.TestMethodWorker.invokeTestMethods(TestMethodWorker.java:129)
	at org.testng.internal.TestMethodWorker.run(TestMethodWorker.java:112)
	at org.testng.TestRunner.privateRun(TestRunner.java:756)
	at org.testng.TestRunner.run(TestRunner.java:610)
	at org.testng.SuiteRunner.runTest(SuiteRunner.java:387)
	at org.testng.SuiteRunner.runSequentially(SuiteRunner.java:382)
	at org.testng.SuiteRunner.privateRun(SuiteRunner.java:340)
	at org.testng.SuiteRunner.run(SuiteRunner.java:289)
	at org.testng.SuiteRunnerWorker.runSuite(SuiteRunnerWorker.java:52)
	at org.testng.SuiteRunnerWorker.run(SuiteRunnerWorker.java:86)
	at org.testng.TestNG.runSuitesSequentially(TestNG.java:1293)
	at org.testng.TestNG.runSuitesLocally(TestNG.java:1218)
	at org.testng.TestNG.runSuites(TestNG.java:1133)
	at org.testng.TestNG.run(TestNG.java:1104)
	at org.testng.remote.AbstractRemoteTestNG.run(AbstractRemoteTestNG.java:132)
	at org.testng.remote.RemoteTestNG.initAndRun(RemoteTestNG.java:230)
	at org.testng.remote.RemoteTestNG.main(RemoteTestNG.java:76)
</pre></div></td>
<td>0</td>
<td>com.test.automation.uiAutomation.Fee.TC_Masters.TC_Configuration_Fee_Standard@c8e4bb0</td></tr>
<tr>
<td title='com.test.automation.uiAutomation.Fee.TC_Masters.TC_Configuration_Fee_Standard.loginToappWithrequiredCredentials()'><b>loginToappWithrequiredCredentials</b><br>Test class: com.test.automation.uiAutomation.Fee.TC_Masters.TC_Configuration_Fee_Standard<br>Parameters: arvind, VapsTech@121, N</td>
<td><div><pre>org.testng.SkipException: user marked this record as no run
	at com.test.automation.uiAutomation.Fee.TC_Masters.TC_Configuration_Fee_Standard.loginToappWithrequiredCredentials(TC_Configuration_Fee_Standard.java:49)
	at sun.reflect.NativeMethodAccessorImpl.invoke0(Native Method)
	at sun.reflect.NativeMethodAccessorImpl.invoke(Unknown Source)
	at sun.reflect.DelegatingMethodAccessorImpl.invoke(Unknown Source)
	at java.lang.reflect.Method.invoke(Unknown Source)
	at org.testng.internal.MethodInvocationHelper.invokeMethod(MethodInvocationHelper.java:104)
	at org.testng.internal.Invoker.invokeMethod(Invoker.java:645)
	at org.testng.internal.Invoker.invokeTestMethod(Invoker.java:851)
	at org.testng.internal.Invoker.invokeTestMethods(Invoker.java:1177)
	at org.testng.internal.TestMethodWorker.invokeTestMethods(TestMethodWorker.java:129)
	at org.testng.internal.TestMethodWorker.run(TestMethodWorker.java:112)
	at org.testng.TestRunner.privateRun(TestRunner.java:756)
	at org.testng.TestRunner.run(TestRunner.java:610)
	at org.testng.SuiteRunner.runTest(SuiteRunner.java:387)
	at org.testng.SuiteRunner.runSequentially(SuiteRunner.java:382)
	at org.testng.SuiteRunner.privateRun(SuiteRunner.java:340)
	at org.testng.SuiteRunner.run(SuiteRunner.java:289)
	at org.testng.SuiteRunnerWorker.runSuite(SuiteRunnerWorker.java:52)
	at org.testng.SuiteRunnerWorker.run(SuiteRunnerWorker.java:86)
	at org.testng.TestNG.runSuitesSequentially(TestNG.java:1293)
	at org.testng.TestNG.runSuitesLocally(TestNG.java:1218)
	at org.testng.TestNG.runSuites(TestNG.java:1133)
	at org.testng.TestNG.run(TestNG.java:1104)
	at org.testng.remote.AbstractRemoteTestNG.run(AbstractRemoteTestNG.java:132)
	at org.testng.remote.RemoteTestNG.initAndRun(RemoteTestNG.java:230)
	at org.testng.remote.RemoteTestNG.main(RemoteTestNG.java:76)
</pre></div><a href='#' onClick='toggleBox("stack-trace1098986569", this, "Click to show all stack frames", "Click to hide stack frames")'>Click to show all stack frames</a>
<div class='stack-trace' id='stack-trace1098986569'><pre>org.testng.SkipException: user marked this record as no run
	at com.test.automation.uiAutomation.Fee.TC_Masters.TC_Configuration_Fee_Standard.loginToappWithrequiredCredentials(TC_Configuration_Fee_Standard.java:49)
	at sun.reflect.NativeMethodAccessorImpl.invoke0(Native Method)
	at sun.reflect.NativeMethodAccessorImpl.invoke(Unknown Source)
	at sun.reflect.DelegatingMethodAccessorImpl.invoke(Unknown Source)
	at java.lang.reflect.Method.invoke(Unknown Source)
	at org.testng.internal.MethodInvocationHelper.invokeMethod(MethodInvocationHelper.java:104)
	at org.testng.internal.Invoker.invokeMethod(Invoker.java:645)
	at org.testng.internal.Invoker.invokeTestMethod(Invoker.java:851)
	at org.testng.internal.Invoker.invokeTestMethods(Invoker.java:1177)
	at org.testng.internal.TestMethodWorker.invokeTestMethods(TestMethodWorker.java:129)
	at org.testng.internal.TestMethodWorker.run(TestMethodWorker.java:112)
	at org.testng.TestRunner.privateRun(TestRunner.java:756)
	at org.testng.TestRunner.run(TestRunner.java:610)
	at org.testng.SuiteRunner.runTest(SuiteRunner.java:387)
	at org.testng.SuiteRunner.runSequentially(SuiteRunner.java:382)
	at org.testng.SuiteRunner.privateRun(SuiteRunner.java:340)
	at org.testng.SuiteRunner.run(SuiteRunner.java:289)
	at org.testng.SuiteRunnerWorker.runSuite(SuiteRunnerWorker.java:52)
	at org.testng.SuiteRunnerWorker.run(SuiteRunnerWorker.java:86)
	at org.testng.TestNG.runSuitesSequentially(TestNG.java:1293)
	at org.testng.TestNG.runSuitesLocally(TestNG.java:1218)
	at org.testng.TestNG.runSuites(TestNG.java:1133)
	at org.testng.TestNG.run(TestNG.java:1104)
	at org.testng.remote.AbstractRemoteTestNG.run(AbstractRemoteTestNG.java:132)
	at org.testng.remote.RemoteTestNG.initAndRun(RemoteTestNG.java:230)
	at org.testng.remote.RemoteTestNG.main(RemoteTestNG.java:76)
</pre></div></td>
<td>0</td>
<td>com.test.automation.uiAutomation.Fee.TC_Masters.TC_Configuration_Fee_Standard@c8e4bb0</td></tr>
<tr>
<td title='com.test.automation.uiAutomation.Fee.TC_Masters.TC_Configuration_Fee_Standard.loginToappWithrequiredCredentials()'><b>loginToappWithrequiredCredentials</b><br>Test class: com.test.automation.uiAutomation.Fee.TC_Masters.TC_Configuration_Fee_Standard<br>Parameters: Rakesh, Rakesh@321, N</td>
<td><div><pre>org.testng.SkipException: user marked this record as no run
	at com.test.automation.uiAutomation.Fee.TC_Masters.TC_Configuration_Fee_Standard.loginToappWithrequiredCredentials(TC_Configuration_Fee_Standard.java:49)
	at sun.reflect.NativeMethodAccessorImpl.invoke0(Native Method)
	at sun.reflect.NativeMethodAccessorImpl.invoke(Unknown Source)
	at sun.reflect.DelegatingMethodAccessorImpl.invoke(Unknown Source)
	at java.lang.reflect.Method.invoke(Unknown Source)
	at org.testng.internal.MethodInvocationHelper.invokeMethod(MethodInvocationHelper.java:104)
	at org.testng.internal.Invoker.invokeMethod(Invoker.java:645)
	at org.testng.internal.Invoker.invokeTestMethod(Invoker.java:851)
	at org.testng.internal.Invoker.invokeTestMethods(Invoker.java:1177)
	at org.testng.internal.TestMethodWorker.invokeTestMethods(TestMethodWorker.java:129)
	at org.testng.internal.TestMethodWorker.run(TestMethodWorker.java:112)
	at org.testng.TestRunner.privateRun(TestRunner.java:756)
	at org.testng.TestRunner.run(TestRunner.java:610)
	at org.testng.SuiteRunner.runTest(SuiteRunner.java:387)
	at org.testng.SuiteRunner.runSequentially(SuiteRunner.java:382)
	at org.testng.SuiteRunner.privateRun(SuiteRunner.java:340)
	at org.testng.SuiteRunner.run(SuiteRunner.java:289)
	at org.testng.SuiteRunnerWorker.runSuite(SuiteRunnerWorker.java:52)
	at org.testng.SuiteRunnerWorker.run(SuiteRunnerWorker.java:86)
	at org.testng.TestNG.runSuitesSequentially(TestNG.java:1293)
	at org.testng.TestNG.runSuitesLocally(TestNG.java:1218)
	at org.testng.TestNG.runSuites(TestNG.java:1133)
	at org.testng.TestNG.run(TestNG.java:1104)
	at org.testng.remote.AbstractRemoteTestNG.run(AbstractRemoteTestNG.java:132)
	at org.testng.remote.RemoteTestNG.initAndRun(RemoteTestNG.java:230)
	at org.testng.remote.RemoteTestNG.main(RemoteTestNG.java:76)
</pre></div><a href='#' onClick='toggleBox("stack-trace276869158", this, "Click to show all stack frames", "Click to hide stack frames")'>Click to show all stack frames</a>
<div class='stack-trace' id='stack-trace276869158'><pre>org.testng.SkipException: user marked this record as no run
	at com.test.automation.uiAutomation.Fee.TC_Masters.TC_Configuration_Fee_Standard.loginToappWithrequiredCredentials(TC_Configuration_Fee_Standard.java:49)
	at sun.reflect.NativeMethodAccessorImpl.invoke0(Native Method)
	at sun.reflect.NativeMethodAccessorImpl.invoke(Unknown Source)
	at sun.reflect.DelegatingMethodAccessorImpl.invoke(Unknown Source)
	at java.lang.reflect.Method.invoke(Unknown Source)
	at org.testng.internal.MethodInvocationHelper.invokeMethod(MethodInvocationHelper.java:104)
	at org.testng.internal.Invoker.invokeMethod(Invoker.java:645)
	at org.testng.internal.Invoker.invokeTestMethod(Invoker.java:851)
	at org.testng.internal.Invoker.invokeTestMethods(Invoker.java:1177)
	at org.testng.internal.TestMethodWorker.invokeTestMethods(TestMethodWorker.java:129)
	at org.testng.internal.TestMethodWorker.run(TestMethodWorker.java:112)
	at org.testng.TestRunner.privateRun(TestRunner.java:756)
	at org.testng.TestRunner.run(TestRunner.java:610)
	at org.testng.SuiteRunner.runTest(SuiteRunner.java:387)
	at org.testng.SuiteRunner.runSequentially(SuiteRunner.java:382)
	at org.testng.SuiteRunner.privateRun(SuiteRunner.java:340)
	at org.testng.SuiteRunner.run(SuiteRunner.java:289)
	at org.testng.SuiteRunnerWorker.runSuite(SuiteRunnerWorker.java:52)
	at org.testng.SuiteRunnerWorker.run(SuiteRunnerWorker.java:86)
	at org.testng.TestNG.runSuitesSequentially(TestNG.java:1293)
	at org.testng.TestNG.runSuitesLocally(TestNG.java:1218)
	at org.testng.TestNG.runSuites(TestNG.java:1133)
	at org.testng.TestNG.run(TestNG.java:1104)
	at org.testng.remote.AbstractRemoteTestNG.run(AbstractRemoteTestNG.java:132)
	at org.testng.remote.RemoteTestNG.initAndRun(RemoteTestNG.java:230)
	at org.testng.remote.RemoteTestNG.main(RemoteTestNG.java:76)
</pre></div></td>
<td>0</td>
<td>com.test.automation.uiAutomation.Fee.TC_Masters.TC_Configuration_Fee_Standard@c8e4bb0</td></tr>
<tr>
<td title='com.test.automation.uiAutomation.Fee.TC_Masters.TC_Configuration_Fee_Standard.loginToappWithrequiredCredentials()'><b>loginToappWithrequiredCredentials</b><br>Test class: com.test.automation.uiAutomation.Fee.TC_Masters.TC_Configuration_Fee_Standard<br>Parameters: RR, Password@123, N</td>
<td><div><pre>org.testng.SkipException: user marked this record as no run
	at com.test.automation.uiAutomation.Fee.TC_Masters.TC_Configuration_Fee_Standard.loginToappWithrequiredCredentials(TC_Configuration_Fee_Standard.java:49)
	at sun.reflect.NativeMethodAccessorImpl.invoke0(Native Method)
	at sun.reflect.NativeMethodAccessorImpl.invoke(Unknown Source)
	at sun.reflect.DelegatingMethodAccessorImpl.invoke(Unknown Source)
	at java.lang.reflect.Method.invoke(Unknown Source)
	at org.testng.internal.MethodInvocationHelper.invokeMethod(MethodInvocationHelper.java:104)
	at org.testng.internal.Invoker.invokeMethod(Invoker.java:645)
	at org.testng.internal.Invoker.invokeTestMethod(Invoker.java:851)
	at org.testng.internal.Invoker.invokeTestMethods(Invoker.java:1177)
	at org.testng.internal.TestMethodWorker.invokeTestMethods(TestMethodWorker.java:129)
	at org.testng.internal.TestMethodWorker.run(TestMethodWorker.java:112)
	at org.testng.TestRunner.privateRun(TestRunner.java:756)
	at org.testng.TestRunner.run(TestRunner.java:610)
	at org.testng.SuiteRunner.runTest(SuiteRunner.java:387)
	at org.testng.SuiteRunner.runSequentially(SuiteRunner.java:382)
	at org.testng.SuiteRunner.privateRun(SuiteRunner.java:340)
	at org.testng.SuiteRunner.run(SuiteRunner.java:289)
	at org.testng.SuiteRunnerWorker.runSuite(SuiteRunnerWorker.java:52)
	at org.testng.SuiteRunnerWorker.run(SuiteRunnerWorker.java:86)
	at org.testng.TestNG.runSuitesSequentially(TestNG.java:1293)
	at org.testng.TestNG.runSuitesLocally(TestNG.java:1218)
	at org.testng.TestNG.runSuites(TestNG.java:1133)
	at org.testng.TestNG.run(TestNG.java:1104)
	at org.testng.remote.AbstractRemoteTestNG.run(AbstractRemoteTestNG.java:132)
	at org.testng.remote.RemoteTestNG.initAndRun(RemoteTestNG.java:230)
	at org.testng.remote.RemoteTestNG.main(RemoteTestNG.java:76)
</pre></div><a href='#' onClick='toggleBox("stack-trace534753234", this, "Click to show all stack frames", "Click to hide stack frames")'>Click to show all stack frames</a>
<div class='stack-trace' id='stack-trace534753234'><pre>org.testng.SkipException: user marked this record as no run
	at com.test.automation.uiAutomation.Fee.TC_Masters.TC_Configuration_Fee_Standard.loginToappWithrequiredCredentials(TC_Configuration_Fee_Standard.java:49)
	at sun.reflect.NativeMethodAccessorImpl.invoke0(Native Method)
	at sun.reflect.NativeMethodAccessorImpl.invoke(Unknown Source)
	at sun.reflect.DelegatingMethodAccessorImpl.invoke(Unknown Source)
	at java.lang.reflect.Method.invoke(Unknown Source)
	at org.testng.internal.MethodInvocationHelper.invokeMethod(MethodInvocationHelper.java:104)
	at org.testng.internal.Invoker.invokeMethod(Invoker.java:645)
	at org.testng.internal.Invoker.invokeTestMethod(Invoker.java:851)
	at org.testng.internal.Invoker.invokeTestMethods(Invoker.java:1177)
	at org.testng.internal.TestMethodWorker.invokeTestMethods(TestMethodWorker.java:129)
	at org.testng.internal.TestMethodWorker.run(TestMethodWorker.java:112)
	at org.testng.TestRunner.privateRun(TestRunner.java:756)
	at org.testng.TestRunner.run(TestRunner.java:610)
	at org.testng.SuiteRunner.runTest(SuiteRunner.java:387)
	at org.testng.SuiteRunner.runSequentially(SuiteRunner.java:382)
	at org.testng.SuiteRunner.privateRun(SuiteRunner.java:340)
	at org.testng.SuiteRunner.run(SuiteRunner.java:289)
	at org.testng.SuiteRunnerWorker.runSuite(SuiteRunnerWorker.java:52)
	at org.testng.SuiteRunnerWorker.run(SuiteRunnerWorker.java:86)
	at org.testng.TestNG.runSuitesSequentially(TestNG.java:1293)
	at org.testng.TestNG.runSuitesLocally(TestNG.java:1218)
	at org.testng.TestNG.runSuites(TestNG.java:1133)
	at org.testng.TestNG.run(TestNG.java:1104)
	at org.testng.remote.AbstractRemoteTestNG.run(AbstractRemoteTestNG.java:132)
	at org.testng.remote.RemoteTestNG.initAndRun(RemoteTestNG.java:230)
	at org.testng.remote.RemoteTestNG.main(RemoteTestNG.java:76)
</pre></div></td>
<td>0</td>
<td>com.test.automation.uiAutomation.Fee.TC_Masters.TC_Configuration_Fee_Standard@c8e4bb0</td></tr>
</table><p>
</body>
</html>