<?xml version="1.0" encoding="UTF-8"?>
<!-- Generated by org.testng.reporters.JUnitXMLReporter -->
<testsuite hostname="Arvind-Susdiny" ignored="0" name="Default test" tests="29" failures="3" timestamp="05 Dec 2018 13:08:06 GMT" time="93.669" errors="0">
  <testcase name="@AfterMethod afterMethod" time="0.0" classname="com.vapsTechnosoft.IVRM.testBase.TestBase">
    <failure type="org.openqa.selenium.NoSuchWindowException" message="no such window: target window already closed
from unknown error: web view not found
  (Session info: chrome=70.0.3538.110)
  (Driver info: chromedriver=2.39.562718 (9a2698cba08cf5a471a29d30c8b3e12becabb0e9),platform=Windows NT 10.0.17134 x86_64) (WARNING: The server did not provide any stacktrace information)
Command duration or timeout: 13 milliseconds
Build info: version: &amp;apos;3.0.1&amp;apos;, revision: &amp;apos;1969d75&amp;apos;, time: &amp;apos;2016-10-18 09:49:13 -0700&amp;apos;
System info: host: &amp;apos;Arvind-Susdiny&amp;apos;, ip: &amp;apos;192.168.1.34&amp;apos;, os.name: &amp;apos;Windows 10&amp;apos;, os.arch: &amp;apos;amd64&amp;apos;, os.version: &amp;apos;10.0&amp;apos;, java.version: &amp;apos;1.8.0_161&amp;apos;
Driver info: org.openqa.selenium.chrome.ChromeDriver
Capabilities [{applicationCacheEnabled=false, rotatable=false, mobileEmulationEnabled=false, networkConnectionEnabled=false, chrome={chromedriverVersion=2.39.562718 (9a2698cba08cf5a471a29d30c8b3e12becabb0e9), userDataDir=C:\Users\vaps\AppData\Local\Temp\scoped_dir9052_25145}, takesHeapSnapshot=true, pageLoadStrategy=normal, databaseEnabled=false, handlesAlerts=true, hasTouchScreen=false, version=70.0.3538.110, platform=XP, browserConnectionEnabled=false, nativeEvents=true, acceptSslCerts=false, acceptInsecureCerts=false, locationContextEnabled=true, webStorageEnabled=true, browserName=chrome, takesScreenshot=true, javascriptEnabled=true, cssSelectorsEnabled=true, setWindowRect=true, unexpectedAlertBehaviour=}]
Session ID: cd343627ba56dd0ef042a1fe80b12ecc">
      <![CDATA[org.openqa.selenium.NoSuchWindowException: no such window: target window already closed
from unknown error: web view not found
  (Session info: chrome=70.0.3538.110)
  (Driver info: chromedriver=2.39.562718 (9a2698cba08cf5a471a29d30c8b3e12becabb0e9),platform=Windows NT 10.0.17134 x86_64) (WARNING: The server did not provide any stacktrace information)
Command duration or timeout: 13 milliseconds
Build info: version: '3.0.1', revision: '1969d75', time: '2016-10-18 09:49:13 -0700'
System info: host: 'Arvind-Susdiny', ip: '192.168.1.34', os.name: 'Windows 10', os.arch: 'amd64', os.version: '10.0', java.version: '1.8.0_161'
Driver info: org.openqa.selenium.chrome.ChromeDriver
Capabilities [{applicationCacheEnabled=false, rotatable=false, mobileEmulationEnabled=false, networkConnectionEnabled=false, chrome={chromedriverVersion=2.39.562718 (9a2698cba08cf5a471a29d30c8b3e12becabb0e9), userDataDir=C:\Users\vaps\AppData\Local\Temp\scoped_dir9052_25145}, takesHeapSnapshot=true, pageLoadStrategy=normal, databaseEnabled=false, handlesAlerts=true, hasTouchScreen=false, version=70.0.3538.110, platform=XP, browserConnectionEnabled=false, nativeEvents=true, acceptSslCerts=false, acceptInsecureCerts=false, locationContextEnabled=true, webStorageEnabled=true, browserName=chrome, takesScreenshot=true, javascriptEnabled=true, cssSelectorsEnabled=true, setWindowRect=true, unexpectedAlertBehaviour=}]
Session ID: cd343627ba56dd0ef042a1fe80b12ecc
	at sun.reflect.NativeConstructorAccessorImpl.newInstance0(Native Method)
	at sun.reflect.NativeConstructorAccessorImpl.newInstance(Unknown Source)
	at sun.reflect.DelegatingConstructorAccessorImpl.newInstance(Unknown Source)
	at java.lang.reflect.Constructor.newInstance(Unknown Source)
	at org.openqa.selenium.remote.ErrorHandler.createThrowable(ErrorHandler.java:216)
	at org.openqa.selenium.remote.ErrorHandler.throwIfResponseFailed(ErrorHandler.java:168)
	at org.openqa.selenium.remote.RemoteWebDriver.execute(RemoteWebDriver.java:635)
	at org.openqa.selenium.remote.RemoteWebDriver.execute(RemoteWebDriver.java:658)
	at org.openqa.selenium.remote.RemoteWebDriver.getScreenshotAs(RemoteWebDriver.java:340)
	at com.vapsTechnosoft.IVRM.testBase.TestBase.captureScreen(TestBase.java:300)
	at com.vapsTechnosoft.IVRM.testBase.TestBase.getresult(TestBase.java:331)
	at com.vapsTechnosoft.IVRM.testBase.TestBase.afterMethod(TestBase.java:340)
	at sun.reflect.GeneratedMethodAccessor10.invoke(Unknown Source)
	at sun.reflect.DelegatingMethodAccessorImpl.invoke(Unknown Source)
	at java.lang.reflect.Method.invoke(Unknown Source)
	at org.testng.internal.MethodInvocationHelper.invokeMethod(MethodInvocationHelper.java:104)
	at org.testng.internal.Invoker.invokeConfigurationMethod(Invoker.java:515)
	at org.testng.internal.Invoker.invokeConfigurations(Invoker.java:217)
	at org.testng.internal.Invoker.invokeMethod(Invoker.java:712)
	at org.testng.internal.Invoker.invokeTestMethod(Invoker.java:851)
	at org.testng.internal.Invoker.invokeTestMethods(Invoker.java:1177)
	at org.testng.internal.TestMethodWorker.invokeTestMethods(TestMethodWorker.java:129)
	at org.testng.internal.TestMethodWorker.run(TestMethodWorker.java:112)
	at org.testng.TestRunner.privateRun(TestRunner.java:756)
	at org.testng.TestRunner.run(TestRunner.java:610)
	at org.testng.SuiteRunner.runTest(SuiteRunner.java:387)
	at org.testng.SuiteRunner.runSequentially(SuiteRunner.java:382)
	at org.testng.SuiteRunner.privateRun(SuiteRunner.java:340)
	at org.testng.SuiteRunner.run(SuiteRunner.java:289)
	at org.testng.SuiteRunnerWorker.runSuite(SuiteRunnerWorker.java:52)
	at org.testng.SuiteRunnerWorker.run(SuiteRunnerWorker.java:86)
	at org.testng.TestNG.runSuitesSequentially(TestNG.java:1293)
	at org.testng.TestNG.runSuitesLocally(TestNG.java:1218)
	at org.testng.TestNG.runSuites(TestNG.java:1133)
	at org.testng.TestNG.run(TestNG.java:1104)
	at org.testng.remote.AbstractRemoteTestNG.run(AbstractRemoteTestNG.java:132)
	at org.testng.remote.RemoteTestNG.initAndRun(RemoteTestNG.java:230)
	at org.testng.remote.RemoteTestNG.main(RemoteTestNG.java:76)
]]>
    </failure>
  </testcase> <!-- @AfterMethod afterMethod -->
  <testcase name="@BeforeMethod beforeMethod" time="0.0" classname="com.vapsTechnosoft.IVRM.testBase.TestBase">
    <skipped/>
  </testcase> <!-- @BeforeMethod beforeMethod -->
  <testcase name="@AfterMethod afterMethod" time="0.0" classname="com.vapsTechnosoft.IVRM.testBase.TestBase">
    <skipped/>
  </testcase> <!-- @AfterMethod afterMethod -->
  <testcase name="@BeforeMethod beforeMethod" time="0.0" classname="com.vapsTechnosoft.IVRM.testBase.TestBase">
    <skipped/>
  </testcase> <!-- @BeforeMethod beforeMethod -->
  <testcase name="@AfterMethod afterMethod" time="0.0" classname="com.vapsTechnosoft.IVRM.testBase.TestBase">
    <skipped/>
  </testcase> <!-- @AfterMethod afterMethod -->
  <testcase name="@BeforeMethod beforeMethod" time="0.0" classname="com.vapsTechnosoft.IVRM.testBase.TestBase">
    <skipped/>
  </testcase> <!-- @BeforeMethod beforeMethod -->
  <testcase name="@AfterMethod afterMethod" time="0.0" classname="com.vapsTechnosoft.IVRM.testBase.TestBase">
    <skipped/>
  </testcase> <!-- @AfterMethod afterMethod -->
  <testcase name="@BeforeMethod beforeMethod" time="0.0" classname="com.vapsTechnosoft.IVRM.testBase.TestBase">
    <skipped/>
  </testcase> <!-- @BeforeMethod beforeMethod -->
  <testcase name="@AfterMethod afterMethod" time="0.0" classname="com.vapsTechnosoft.IVRM.testBase.TestBase">
    <skipped/>
  </testcase> <!-- @AfterMethod afterMethod -->
  <testcase name="@AfterClass tearDown" time="0.0" classname="com.vapsTechnosoft.IVRM.Fee.TC_Transaction.Tc_Transaction_Fee_Transaction">
    <skipped/>
  </testcase> <!-- @AfterClass tearDown -->
  <testcase name="loginToappWithrequiredCredentials" time="0.006" classname="com.vapsTechnosoft.IVRM.Fee.TC_Transaction.Tc_Transaction_Fee_Transaction">
    <skipped/>
  </testcase> <!-- loginToappWithrequiredCredentials -->
  <testcase name="loginToappWithrequiredCredentials" time="8.572" classname="com.vapsTechnosoft.IVRM.Fee.TC_Transaction.Tc_Transaction_Fee_Transaction"/>
  <testcase name="loginToappWithrequiredCredentials" time="0.002" classname="com.vapsTechnosoft.IVRM.Fee.TC_Transaction.Tc_Transaction_Fee_Transaction">
    <skipped/>
  </testcase> <!-- loginToappWithrequiredCredentials -->
  <testcase name="loginToappWithrequiredCredentials" time="0.003" classname="com.vapsTechnosoft.IVRM.Fee.TC_Transaction.Tc_Transaction_Fee_Transaction">
    <skipped/>
  </testcase> <!-- loginToappWithrequiredCredentials -->
  <testcase name="loginToappWithrequiredCredentials" time="0.001" classname="com.vapsTechnosoft.IVRM.Fee.TC_Transaction.Tc_Transaction_Fee_Transaction">
    <skipped/>
  </testcase> <!-- loginToappWithrequiredCredentials -->
  <testcase name="tcHomeButtonValidation" time="1.38" classname="com.vapsTechnosoft.IVRM.Fee.TC_Transaction.Tc_Transaction_Fee_Transaction"/>
  <testcase name="tcNevigateTo_FeeTransaction" time="4.15" classname="com.vapsTechnosoft.IVRM.Fee.TC_Transaction.Tc_Transaction_Fee_Transaction"/>
  <testcase name="tcVerifyFeeTransactionPage" time="1.342" classname="com.vapsTechnosoft.IVRM.Fee.TC_Transaction.Tc_Transaction_Fee_Transaction"/>
  <testcase name="tcSelectRegularButton" time="2.433" classname="com.vapsTechnosoft.IVRM.Fee.TC_Transaction.Tc_Transaction_Fee_Transaction"/>
  <testcase name="tcVerifyAcademicYear" time="1.361" classname="com.vapsTechnosoft.IVRM.Fee.TC_Transaction.Tc_Transaction_Fee_Transaction"/>
  <testcase name="tcEnterStudentNameAndSeelctFeeGrCheck" time="0.003" classname="com.vapsTechnosoft.IVRM.Fee.TC_Transaction.Tc_Transaction_Fee_Transaction">
    <skipped/>
  </testcase> <!-- tcEnterStudentNameAndSeelctFeeGrCheck -->
  <testcase name="tcEnterStudentNameAndSeelctFeeGrCheck" time="4.793" classname="com.vapsTechnosoft.IVRM.Fee.TC_Transaction.Tc_Transaction_Fee_Transaction"/>
  <testcase name="tcValidateStudentInformationData" time="0.002" classname="com.vapsTechnosoft.IVRM.Fee.TC_Transaction.Tc_Transaction_Fee_Transaction">
    <skipped/>
  </testcase> <!-- tcValidateStudentInformationData -->
  <testcase name="tcValidateStudentInformationData" time="0.037" classname="com.vapsTechnosoft.IVRM.Fee.TC_Transaction.Tc_Transaction_Fee_Transaction">
    <failure type="java.lang.AssertionError" message="expected [: Srujana Tamada] but found [: KAVANA D GOWDA]">
      <![CDATA[java.lang.AssertionError: expected [: Srujana Tamada] but found [: KAVANA D GOWDA]
	at org.testng.Assert.fail(Assert.java:94)
	at org.testng.Assert.failNotEquals(Assert.java:513)
	at org.testng.Assert.assertEqualsImpl(Assert.java:135)
	at org.testng.Assert.assertEquals(Assert.java:116)
	at org.testng.Assert.assertEquals(Assert.java:190)
	at org.testng.Assert.assertEquals(Assert.java:200)
	at com.vapsTechnosoft.IVRM.Fee.Transaction.Transaction_Fee_Transaction.validateStudentInformationData(Transaction_Fee_Transaction.java:279)
	at com.vapsTechnosoft.IVRM.Fee.TC_Transaction.Tc_Transaction_Fee_Transaction.tcValidateStudentInformationData(Tc_Transaction_Fee_Transaction.java:211)
	at sun.reflect.NativeMethodAccessorImpl.invoke0(Native Method)
	at sun.reflect.NativeMethodAccessorImpl.invoke(Unknown Source)
	at sun.reflect.DelegatingMethodAccessorImpl.invoke(Unknown Source)
	at java.lang.reflect.Method.invoke(Unknown Source)
	at org.testng.internal.MethodInvocationHelper.invokeMethod(MethodInvocationHelper.java:104)
	at org.testng.internal.Invoker.invokeMethod(Invoker.java:645)
	at org.testng.internal.Invoker.invokeTestMethod(Invoker.java:851)
	at org.testng.internal.Invoker.invokeTestMethods(Invoker.java:1177)
	at org.testng.internal.TestMethodWorker.invokeTestMethods(TestMethodWorker.java:129)
	at org.testng.internal.TestMethodWorker.run(TestMethodWorker.java:112)
	at org.testng.TestRunner.privateRun(TestRunner.java:756)
	at org.testng.TestRunner.run(TestRunner.java:610)
	at org.testng.SuiteRunner.runTest(SuiteRunner.java:387)
	at org.testng.SuiteRunner.runSequentially(SuiteRunner.java:382)
	at org.testng.SuiteRunner.privateRun(SuiteRunner.java:340)
	at org.testng.SuiteRunner.run(SuiteRunner.java:289)
	at org.testng.SuiteRunnerWorker.runSuite(SuiteRunnerWorker.java:52)
	at org.testng.SuiteRunnerWorker.run(SuiteRunnerWorker.java:86)
	at org.testng.TestNG.runSuitesSequentially(TestNG.java:1293)
	at org.testng.TestNG.runSuitesLocally(TestNG.java:1218)
	at org.testng.TestNG.runSuites(TestNG.java:1133)
	at org.testng.TestNG.run(TestNG.java:1104)
	at org.testng.remote.AbstractRemoteTestNG.run(AbstractRemoteTestNG.java:132)
	at org.testng.remote.RemoteTestNG.initAndRun(RemoteTestNG.java:230)
	at org.testng.remote.RemoteTestNG.main(RemoteTestNG.java:76)
]]>
    </failure>
  </testcase> <!-- tcValidateStudentInformationData -->
  <testcase name="tcTableEnterPayableAmount" time="4.079" classname="com.vapsTechnosoft.IVRM.Fee.TC_Transaction.Tc_Transaction_Fee_Transaction">
    <failure type="java.lang.AssertionError" message="expected [Fine] but found [Computer Fees]">
      <![CDATA[java.lang.AssertionError: expected [Fine] but found [Computer Fees]
	at org.testng.Assert.fail(Assert.java:94)
	at org.testng.Assert.failNotEquals(Assert.java:513)
	at org.testng.Assert.assertEqualsImpl(Assert.java:135)
	at org.testng.Assert.assertEquals(Assert.java:116)
	at org.testng.Assert.assertEquals(Assert.java:190)
	at org.testng.Assert.assertEquals(Assert.java:200)
	at com.vapsTechnosoft.IVRM.Fee.Transaction.Transaction_Fee_Transaction.tableEnterPayableAmount(Transaction_Fee_Transaction.java:371)
	at com.vapsTechnosoft.IVRM.Fee.TC_Transaction.Tc_Transaction_Fee_Transaction.tcTableEnterPayableAmount(Tc_Transaction_Fee_Transaction.java:228)
	at sun.reflect.NativeMethodAccessorImpl.invoke0(Native Method)
	at sun.reflect.NativeMethodAccessorImpl.invoke(Unknown Source)
	at sun.reflect.DelegatingMethodAccessorImpl.invoke(Unknown Source)
	at java.lang.reflect.Method.invoke(Unknown Source)
	at org.testng.internal.MethodInvocationHelper.invokeMethod(MethodInvocationHelper.java:104)
	at org.testng.internal.Invoker.invokeMethod(Invoker.java:645)
	at org.testng.internal.Invoker.invokeTestMethod(Invoker.java:851)
	at org.testng.internal.Invoker.invokeTestMethods(Invoker.java:1177)
	at org.testng.internal.TestMethodWorker.invokeTestMethods(TestMethodWorker.java:129)
	at org.testng.internal.TestMethodWorker.run(TestMethodWorker.java:112)
	at org.testng.TestRunner.privateRun(TestRunner.java:756)
	at org.testng.TestRunner.run(TestRunner.java:610)
	at org.testng.SuiteRunner.runTest(SuiteRunner.java:387)
	at org.testng.SuiteRunner.runSequentially(SuiteRunner.java:382)
	at org.testng.SuiteRunner.privateRun(SuiteRunner.java:340)
	at org.testng.SuiteRunner.run(SuiteRunner.java:289)
	at org.testng.SuiteRunnerWorker.runSuite(SuiteRunnerWorker.java:52)
	at org.testng.SuiteRunnerWorker.run(SuiteRunnerWorker.java:86)
	at org.testng.TestNG.runSuitesSequentially(TestNG.java:1293)
	at org.testng.TestNG.runSuitesLocally(TestNG.java:1218)
	at org.testng.TestNG.runSuites(TestNG.java:1133)
	at org.testng.TestNG.run(TestNG.java:1104)
	at org.testng.remote.AbstractRemoteTestNG.run(AbstractRemoteTestNG.java:132)
	at org.testng.remote.RemoteTestNG.initAndRun(RemoteTestNG.java:230)
	at org.testng.remote.RemoteTestNG.main(RemoteTestNG.java:76)
]]>
    </failure>
  </testcase> <!-- tcTableEnterPayableAmount -->
  <testcase name="tcBankDetailsAndNarration" time="6.915" classname="com.vapsTechnosoft.IVRM.Fee.TC_Transaction.Tc_Transaction_Fee_Transaction"/>
  <testcase name="tcClickOnSaveButton" time="2.438" classname="com.vapsTechnosoft.IVRM.Fee.TC_Transaction.Tc_Transaction_Fee_Transaction"/>
  <testcase name="tcAfterSavePupUpHandlingCancel" time="2.387" classname="com.vapsTechnosoft.IVRM.Fee.TC_Transaction.Tc_Transaction_Fee_Transaction"/>
  <testcase name="tcClickOnFailedOkBtn" time="1.465" classname="com.vapsTechnosoft.IVRM.Fee.TC_Transaction.Tc_Transaction_Fee_Transaction"/>
  <testcase name="tcClickOnSaveButtonAfterConfirmCancel" time="2.406" classname="com.vapsTechnosoft.IVRM.Fee.TC_Transaction.Tc_Transaction_Fee_Transaction"/>
  <testcase name="tcAfterSavePupUpHandlingYesSaveit" time="3.381" classname="com.vapsTechnosoft.IVRM.Fee.TC_Transaction.Tc_Transaction_Fee_Transaction"/>
  <testcase name="tcVerifySuccessfulPopUp" time="5.348" classname="com.vapsTechnosoft.IVRM.Fee.TC_Transaction.Tc_Transaction_Fee_Transaction"/>
  <testcase name="tcClickOnSuccessOkBtn" time="0.347" classname="com.vapsTechnosoft.IVRM.Fee.TC_Transaction.Tc_Transaction_Fee_Transaction"/>
  <testcase name="tcValidationOfDataInOutputTableGrid" time="26.074" classname="com.vapsTechnosoft.IVRM.Fee.TC_Transaction.Tc_Transaction_Fee_Transaction"/>
  <testcase name="tcPrintReceiptValidation" time="1.302" classname="com.vapsTechnosoft.IVRM.Fee.TC_Transaction.Tc_Transaction_Fee_Transaction">
    <failure type="org.openqa.selenium.NoSuchWindowException" message="no such window: target window already closed
from unknown error: web view not found
  (Session info: chrome=70.0.3538.110)
  (Driver info: chromedriver=2.39.562718 (9a2698cba08cf5a471a29d30c8b3e12becabb0e9),platform=Windows NT 10.0.17134 x86_64) (WARNING: The server did not provide any stacktrace information)
Command duration or timeout: 5 milliseconds
Build info: version: &amp;apos;3.0.1&amp;apos;, revision: &amp;apos;1969d75&amp;apos;, time: &amp;apos;2016-10-18 09:49:13 -0700&amp;apos;
System info: host: &amp;apos;Arvind-Susdiny&amp;apos;, ip: &amp;apos;192.168.1.34&amp;apos;, os.name: &amp;apos;Windows 10&amp;apos;, os.arch: &amp;apos;amd64&amp;apos;, os.version: &amp;apos;10.0&amp;apos;, java.version: &amp;apos;1.8.0_161&amp;apos;
Driver info: org.openqa.selenium.chrome.ChromeDriver
Capabilities [{applicationCacheEnabled=false, rotatable=false, mobileEmulationEnabled=false, networkConnectionEnabled=false, chrome={chromedriverVersion=2.39.562718 (9a2698cba08cf5a471a29d30c8b3e12becabb0e9), userDataDir=C:\Users\vaps\AppData\Local\Temp\scoped_dir9052_25145}, takesHeapSnapshot=true, pageLoadStrategy=normal, databaseEnabled=false, handlesAlerts=true, hasTouchScreen=false, version=70.0.3538.110, platform=XP, browserConnectionEnabled=false, nativeEvents=true, acceptSslCerts=false, acceptInsecureCerts=false, locationContextEnabled=true, webStorageEnabled=true, browserName=chrome, takesScreenshot=true, javascriptEnabled=true, cssSelectorsEnabled=true, setWindowRect=true, unexpectedAlertBehaviour=}]
Session ID: cd343627ba56dd0ef042a1fe80b12ecc">
      <![CDATA[org.openqa.selenium.NoSuchWindowException: no such window: target window already closed
from unknown error: web view not found
  (Session info: chrome=70.0.3538.110)
  (Driver info: chromedriver=2.39.562718 (9a2698cba08cf5a471a29d30c8b3e12becabb0e9),platform=Windows NT 10.0.17134 x86_64) (WARNING: The server did not provide any stacktrace information)
Command duration or timeout: 5 milliseconds
Build info: version: '3.0.1', revision: '1969d75', time: '2016-10-18 09:49:13 -0700'
System info: host: 'Arvind-Susdiny', ip: '192.168.1.34', os.name: 'Windows 10', os.arch: 'amd64', os.version: '10.0', java.version: '1.8.0_161'
Driver info: org.openqa.selenium.chrome.ChromeDriver
Capabilities [{applicationCacheEnabled=false, rotatable=false, mobileEmulationEnabled=false, networkConnectionEnabled=false, chrome={chromedriverVersion=2.39.562718 (9a2698cba08cf5a471a29d30c8b3e12becabb0e9), userDataDir=C:\Users\vaps\AppData\Local\Temp\scoped_dir9052_25145}, takesHeapSnapshot=true, pageLoadStrategy=normal, databaseEnabled=false, handlesAlerts=true, hasTouchScreen=false, version=70.0.3538.110, platform=XP, browserConnectionEnabled=false, nativeEvents=true, acceptSslCerts=false, acceptInsecureCerts=false, locationContextEnabled=true, webStorageEnabled=true, browserName=chrome, takesScreenshot=true, javascriptEnabled=true, cssSelectorsEnabled=true, setWindowRect=true, unexpectedAlertBehaviour=}]
Session ID: cd343627ba56dd0ef042a1fe80b12ecc
	at sun.reflect.NativeConstructorAccessorImpl.newInstance0(Native Method)
	at sun.reflect.NativeConstructorAccessorImpl.newInstance(Unknown Source)
	at sun.reflect.DelegatingConstructorAccessorImpl.newInstance(Unknown Source)
	at java.lang.reflect.Constructor.newInstance(Unknown Source)
	at org.openqa.selenium.remote.ErrorHandler.createThrowable(ErrorHandler.java:216)
	at org.openqa.selenium.remote.ErrorHandler.throwIfResponseFailed(ErrorHandler.java:168)
	at org.openqa.selenium.remote.RemoteWebDriver.execute(RemoteWebDriver.java:635)
	at org.openqa.selenium.remote.RemoteWebDriver.execute(RemoteWebDriver.java:658)
	at org.openqa.selenium.remote.RemoteWebDriver.getScreenshotAs(RemoteWebDriver.java:340)
	at com.vapsTechnosoft.IVRM.testBase.TestBase.getScreenShot(TestBase.java:215)
	at com.vapsTechnosoft.IVRM.Fee.TC_Transaction.Tc_Transaction_Fee_Transaction.tcPrintReceiptValidation(Tc_Transaction_Fee_Transaction.java:401)
	at sun.reflect.NativeMethodAccessorImpl.invoke0(Native Method)
	at sun.reflect.NativeMethodAccessorImpl.invoke(Unknown Source)
	at sun.reflect.DelegatingMethodAccessorImpl.invoke(Unknown Source)
	at java.lang.reflect.Method.invoke(Unknown Source)
	at org.testng.internal.MethodInvocationHelper.invokeMethod(MethodInvocationHelper.java:104)
	at org.testng.internal.Invoker.invokeMethod(Invoker.java:645)
	at org.testng.internal.Invoker.invokeTestMethod(Invoker.java:851)
	at org.testng.internal.Invoker.invokeTestMethods(Invoker.java:1177)
	at org.testng.internal.TestMethodWorker.invokeTestMethods(TestMethodWorker.java:129)
	at org.testng.internal.TestMethodWorker.run(TestMethodWorker.java:112)
	at org.testng.TestRunner.privateRun(TestRunner.java:756)
	at org.testng.TestRunner.run(TestRunner.java:610)
	at org.testng.SuiteRunner.runTest(SuiteRunner.java:387)
	at org.testng.SuiteRunner.runSequentially(SuiteRunner.java:382)
	at org.testng.SuiteRunner.privateRun(SuiteRunner.java:340)
	at org.testng.SuiteRunner.run(SuiteRunner.java:289)
	at org.testng.SuiteRunnerWorker.runSuite(SuiteRunnerWorker.java:52)
	at org.testng.SuiteRunnerWorker.run(SuiteRunnerWorker.java:86)
	at org.testng.TestNG.runSuitesSequentially(TestNG.java:1293)
	at org.testng.TestNG.runSuitesLocally(TestNG.java:1218)
	at org.testng.TestNG.runSuites(TestNG.java:1133)
	at org.testng.TestNG.run(TestNG.java:1104)
	at org.testng.remote.AbstractRemoteTestNG.run(AbstractRemoteTestNG.java:132)
	at org.testng.remote.RemoteTestNG.initAndRun(RemoteTestNG.java:230)
	at org.testng.remote.RemoteTestNG.main(RemoteTestNG.java:76)
]]>
    </failure>
  </testcase> <!-- tcPrintReceiptValidation -->
  <testcase name="tcClickOnFeeReceiptCloseButton" time="0.0" classname="com.vapsTechnosoft.IVRM.Fee.TC_Transaction.Tc_Transaction_Fee_Transaction">
    <skipped/>
  </testcase> <!-- tcClickOnFeeReceiptCloseButton -->
  <testcase name="tcClickOnSearch_CancelButton" time="0.0" classname="com.vapsTechnosoft.IVRM.Fee.TC_Transaction.Tc_Transaction_Fee_Transaction">
    <skipped/>
  </testcase> <!-- tcClickOnSearch_CancelButton -->
  <testcase name="tcClickOnPrintReceiptButton" time="0.001" classname="com.vapsTechnosoft.IVRM.Fee.TC_Transaction.Tc_Transaction_Fee_Transaction">
    <skipped/>
  </testcase> <!-- tcClickOnPrintReceiptButton -->
  <testcase name="tcPrintOfFeereceipt" time="0.001" classname="com.vapsTechnosoft.IVRM.Fee.TC_Transaction.Tc_Transaction_Fee_Transaction">
    <skipped/>
  </testcase> <!-- tcPrintOfFeereceipt -->
</testsuite> <!-- Default test -->
