<?xml version="1.0" encoding="UTF-8"?>
<!-- Generated by org.testng.reporters.JUnitXMLReporter -->
<testsuite hostname="Arvind-Susdiny" ignored="0" name="MasterFeeGroup" tests="61" failures="5" timestamp="26 Apr 2018 10:04:49 GMT" time="143.551" errors="0">
  <testcase name="@AfterMethod afterMethod" time="0.0" classname="com.test.automation.uiAutomation.testBase.TestBase">
    <failure type="org.openqa.selenium.NoSuchWindowException" message="no such window: target window already closed
from unknown error: web view not found
  (Session info: chrome=65.0.3325.181)
  (Driver info: chromedriver=2.36.540470 (e522d04694c7ebea4ba8821272dbef4f9b818c91),platform=Windows NT 10.0.16299 x86_64) (WARNING: The server did not provide any stacktrace information)
Command duration or timeout: 16 milliseconds
Build info: version: &amp;apos;3.0.1&amp;apos;, revision: &amp;apos;1969d75&amp;apos;, time: &amp;apos;2016-10-18 09:49:13 -0700&amp;apos;
System info: host: &amp;apos;Arvind-Susdiny&amp;apos;, ip: &amp;apos;192.168.1.34&amp;apos;, os.name: &amp;apos;Windows 10&amp;apos;, os.arch: &amp;apos;amd64&amp;apos;, os.version: &amp;apos;10.0&amp;apos;, java.version: &amp;apos;1.8.0_161&amp;apos;
Driver info: org.openqa.selenium.chrome.ChromeDriver
Capabilities [{applicationCacheEnabled=false, rotatable=false, mobileEmulationEnabled=false, networkConnectionEnabled=false, chrome={chromedriverVersion=2.36.540470 (e522d04694c7ebea4ba8821272dbef4f9b818c91), userDataDir=C:\Users\vaps\AppData\Local\Temp\scoped_dir11128_15576}, takesHeapSnapshot=true, pageLoadStrategy=normal, databaseEnabled=false, handlesAlerts=true, hasTouchScreen=false, version=65.0.3325.181, platform=XP, browserConnectionEnabled=false, nativeEvents=true, acceptSslCerts=false, acceptInsecureCerts=false, locationContextEnabled=true, webStorageEnabled=true, browserName=chrome, takesScreenshot=true, javascriptEnabled=true, cssSelectorsEnabled=true, setWindowRect=true, unexpectedAlertBehaviour=}]
Session ID: 387fc2185e62e6c65b7799ed1c808535">
      <![CDATA[org.openqa.selenium.NoSuchWindowException: no such window: target window already closed
from unknown error: web view not found
  (Session info: chrome=65.0.3325.181)
  (Driver info: chromedriver=2.36.540470 (e522d04694c7ebea4ba8821272dbef4f9b818c91),platform=Windows NT 10.0.16299 x86_64) (WARNING: The server did not provide any stacktrace information)
Command duration or timeout: 16 milliseconds
Build info: version: '3.0.1', revision: '1969d75', time: '2016-10-18 09:49:13 -0700'
System info: host: 'Arvind-Susdiny', ip: '192.168.1.34', os.name: 'Windows 10', os.arch: 'amd64', os.version: '10.0', java.version: '1.8.0_161'
Driver info: org.openqa.selenium.chrome.ChromeDriver
Capabilities [{applicationCacheEnabled=false, rotatable=false, mobileEmulationEnabled=false, networkConnectionEnabled=false, chrome={chromedriverVersion=2.36.540470 (e522d04694c7ebea4ba8821272dbef4f9b818c91), userDataDir=C:\Users\vaps\AppData\Local\Temp\scoped_dir11128_15576}, takesHeapSnapshot=true, pageLoadStrategy=normal, databaseEnabled=false, handlesAlerts=true, hasTouchScreen=false, version=65.0.3325.181, platform=XP, browserConnectionEnabled=false, nativeEvents=true, acceptSslCerts=false, acceptInsecureCerts=false, locationContextEnabled=true, webStorageEnabled=true, browserName=chrome, takesScreenshot=true, javascriptEnabled=true, cssSelectorsEnabled=true, setWindowRect=true, unexpectedAlertBehaviour=}]
Session ID: 387fc2185e62e6c65b7799ed1c808535
	at org.openqa.selenium.remote.ErrorHandler.createThrowable(ErrorHandler.java:216)
	at org.openqa.selenium.remote.ErrorHandler.throwIfResponseFailed(ErrorHandler.java:168)
	at org.openqa.selenium.remote.RemoteWebDriver.execute(RemoteWebDriver.java:635)
	at org.openqa.selenium.remote.RemoteWebDriver.execute(RemoteWebDriver.java:658)
	at org.openqa.selenium.remote.RemoteWebDriver.getScreenshotAs(RemoteWebDriver.java:340)
	at com.test.automation.uiAutomation.testBase.TestBase.captureScreen(TestBase.java:273)
	at com.test.automation.uiAutomation.testBase.TestBase.getresult(TestBase.java:302)
	at com.test.automation.uiAutomation.testBase.TestBase.afterMethod(TestBase.java:311)
... Removed 30 stack frames]]>
    </failure>
  </testcase> <!-- @AfterMethod afterMethod -->
  <testcase name="@BeforeMethod beforeMethod" time="0.0" classname="com.test.automation.uiAutomation.testBase.TestBase">
    <skipped/>
  </testcase> <!-- @BeforeMethod beforeMethod -->
  <testcase name="@AfterMethod afterMethod" time="0.0" classname="com.test.automation.uiAutomation.testBase.TestBase">
    <skipped/>
  </testcase> <!-- @AfterMethod afterMethod -->
  <testcase name="@BeforeMethod beforeMethod" time="0.0" classname="com.test.automation.uiAutomation.testBase.TestBase">
    <skipped/>
  </testcase> <!-- @BeforeMethod beforeMethod -->
  <testcase name="@AfterMethod afterMethod" time="0.0" classname="com.test.automation.uiAutomation.testBase.TestBase">
    <skipped/>
  </testcase> <!-- @AfterMethod afterMethod -->
  <testcase name="@BeforeMethod beforeMethod" time="0.0" classname="com.test.automation.uiAutomation.testBase.TestBase">
    <skipped/>
  </testcase> <!-- @BeforeMethod beforeMethod -->
  <testcase name="@AfterMethod afterMethod" time="0.0" classname="com.test.automation.uiAutomation.testBase.TestBase">
    <skipped/>
  </testcase> <!-- @AfterMethod afterMethod -->
  <testcase name="@BeforeMethod beforeMethod" time="0.0" classname="com.test.automation.uiAutomation.testBase.TestBase">
    <skipped/>
  </testcase> <!-- @BeforeMethod beforeMethod -->
  <testcase name="@AfterMethod afterMethod" time="0.0" classname="com.test.automation.uiAutomation.testBase.TestBase">
    <skipped/>
  </testcase> <!-- @AfterMethod afterMethod -->
  <testcase name="@BeforeMethod beforeMethod" time="0.0" classname="com.test.automation.uiAutomation.testBase.TestBase">
    <skipped/>
  </testcase> <!-- @BeforeMethod beforeMethod -->
  <testcase name="@AfterMethod afterMethod" time="0.0" classname="com.test.automation.uiAutomation.testBase.TestBase">
    <skipped/>
  </testcase> <!-- @AfterMethod afterMethod -->
  <testcase name="@BeforeMethod beforeMethod" time="0.0" classname="com.test.automation.uiAutomation.testBase.TestBase">
    <skipped/>
  </testcase> <!-- @BeforeMethod beforeMethod -->
  <testcase name="@AfterMethod afterMethod" time="0.0" classname="com.test.automation.uiAutomation.testBase.TestBase">
    <skipped/>
  </testcase> <!-- @AfterMethod afterMethod -->
  <testcase name="@BeforeMethod beforeMethod" time="0.0" classname="com.test.automation.uiAutomation.testBase.TestBase">
    <skipped/>
  </testcase> <!-- @BeforeMethod beforeMethod -->
  <testcase name="@AfterMethod afterMethod" time="0.0" classname="com.test.automation.uiAutomation.testBase.TestBase">
    <skipped/>
  </testcase> <!-- @AfterMethod afterMethod -->
  <testcase name="@BeforeMethod beforeMethod" time="0.0" classname="com.test.automation.uiAutomation.testBase.TestBase">
    <skipped/>
  </testcase> <!-- @BeforeMethod beforeMethod -->
  <testcase name="@AfterMethod afterMethod" time="0.0" classname="com.test.automation.uiAutomation.testBase.TestBase">
    <skipped/>
  </testcase> <!-- @AfterMethod afterMethod -->
  <testcase name="@BeforeMethod beforeMethod" time="0.0" classname="com.test.automation.uiAutomation.testBase.TestBase">
    <skipped/>
  </testcase> <!-- @BeforeMethod beforeMethod -->
  <testcase name="@AfterMethod afterMethod" time="0.0" classname="com.test.automation.uiAutomation.testBase.TestBase">
    <skipped/>
  </testcase> <!-- @AfterMethod afterMethod -->
  <testcase name="@BeforeMethod beforeMethod" time="0.0" classname="com.test.automation.uiAutomation.testBase.TestBase">
    <skipped/>
  </testcase> <!-- @BeforeMethod beforeMethod -->
  <testcase name="@AfterMethod afterMethod" time="0.0" classname="com.test.automation.uiAutomation.testBase.TestBase">
    <skipped/>
  </testcase> <!-- @AfterMethod afterMethod -->
  <testcase name="@BeforeMethod beforeMethod" time="0.0" classname="com.test.automation.uiAutomation.testBase.TestBase">
    <skipped/>
  </testcase> <!-- @BeforeMethod beforeMethod -->
  <testcase name="@AfterMethod afterMethod" time="0.0" classname="com.test.automation.uiAutomation.testBase.TestBase">
    <skipped/>
  </testcase> <!-- @AfterMethod afterMethod -->
  <testcase name="@BeforeMethod beforeMethod" time="0.0" classname="com.test.automation.uiAutomation.testBase.TestBase">
    <skipped/>
  </testcase> <!-- @BeforeMethod beforeMethod -->
  <testcase name="@AfterMethod afterMethod" time="0.0" classname="com.test.automation.uiAutomation.testBase.TestBase">
    <skipped/>
  </testcase> <!-- @AfterMethod afterMethod -->
  <testcase name="@BeforeMethod beforeMethod" time="0.0" classname="com.test.automation.uiAutomation.testBase.TestBase">
    <skipped/>
  </testcase> <!-- @BeforeMethod beforeMethod -->
  <testcase name="@AfterMethod afterMethod" time="0.0" classname="com.test.automation.uiAutomation.testBase.TestBase">
    <skipped/>
  </testcase> <!-- @AfterMethod afterMethod -->
  <testcase name="@BeforeMethod beforeMethod" time="0.0" classname="com.test.automation.uiAutomation.testBase.TestBase">
    <skipped/>
  </testcase> <!-- @BeforeMethod beforeMethod -->
  <testcase name="@AfterMethod afterMethod" time="0.0" classname="com.test.automation.uiAutomation.testBase.TestBase">
    <skipped/>
  </testcase> <!-- @AfterMethod afterMethod -->
  <testcase name="@BeforeMethod beforeMethod" time="0.0" classname="com.test.automation.uiAutomation.testBase.TestBase">
    <skipped/>
  </testcase> <!-- @BeforeMethod beforeMethod -->
  <testcase name="@AfterMethod afterMethod" time="0.0" classname="com.test.automation.uiAutomation.testBase.TestBase">
    <skipped/>
  </testcase> <!-- @AfterMethod afterMethod -->
  <testcase name="@BeforeMethod beforeMethod" time="0.0" classname="com.test.automation.uiAutomation.testBase.TestBase">
    <skipped/>
  </testcase> <!-- @BeforeMethod beforeMethod -->
  <testcase name="@AfterMethod afterMethod" time="0.0" classname="com.test.automation.uiAutomation.testBase.TestBase">
    <skipped/>
  </testcase> <!-- @AfterMethod afterMethod -->
  <testcase name="@BeforeMethod beforeMethod" time="0.0" classname="com.test.automation.uiAutomation.testBase.TestBase">
    <skipped/>
  </testcase> <!-- @BeforeMethod beforeMethod -->
  <testcase name="@AfterMethod afterMethod" time="0.0" classname="com.test.automation.uiAutomation.testBase.TestBase">
    <skipped/>
  </testcase> <!-- @AfterMethod afterMethod -->
  <testcase name="@BeforeMethod beforeMethod" time="0.0" classname="com.test.automation.uiAutomation.testBase.TestBase">
    <skipped/>
  </testcase> <!-- @BeforeMethod beforeMethod -->
  <testcase name="@AfterMethod afterMethod" time="0.0" classname="com.test.automation.uiAutomation.testBase.TestBase">
    <skipped/>
  </testcase> <!-- @AfterMethod afterMethod -->
  <testcase name="@BeforeMethod beforeMethod" time="0.0" classname="com.test.automation.uiAutomation.testBase.TestBase">
    <skipped/>
  </testcase> <!-- @BeforeMethod beforeMethod -->
  <testcase name="@AfterMethod afterMethod" time="0.0" classname="com.test.automation.uiAutomation.testBase.TestBase">
    <skipped/>
  </testcase> <!-- @AfterMethod afterMethod -->
  <testcase name="@BeforeMethod beforeMethod" time="0.0" classname="com.test.automation.uiAutomation.testBase.TestBase">
    <skipped/>
  </testcase> <!-- @BeforeMethod beforeMethod -->
  <testcase name="@AfterMethod afterMethod" time="0.0" classname="com.test.automation.uiAutomation.testBase.TestBase">
    <skipped/>
  </testcase> <!-- @AfterMethod afterMethod -->
  <testcase name="@BeforeMethod beforeMethod" time="0.0" classname="com.test.automation.uiAutomation.testBase.TestBase">
    <skipped/>
  </testcase> <!-- @BeforeMethod beforeMethod -->
  <testcase name="@AfterMethod afterMethod" time="0.0" classname="com.test.automation.uiAutomation.testBase.TestBase">
    <skipped/>
  </testcase> <!-- @AfterMethod afterMethod -->
  <testcase name="@BeforeMethod beforeMethod" time="0.0" classname="com.test.automation.uiAutomation.testBase.TestBase">
    <skipped/>
  </testcase> <!-- @BeforeMethod beforeMethod -->
  <testcase name="@AfterMethod afterMethod" time="0.0" classname="com.test.automation.uiAutomation.testBase.TestBase">
    <skipped/>
  </testcase> <!-- @AfterMethod afterMethod -->
  <testcase name="@BeforeMethod beforeMethod" time="0.0" classname="com.test.automation.uiAutomation.testBase.TestBase">
    <skipped/>
  </testcase> <!-- @BeforeMethod beforeMethod -->
  <testcase name="@AfterMethod afterMethod" time="0.0" classname="com.test.automation.uiAutomation.testBase.TestBase">
    <skipped/>
  </testcase> <!-- @AfterMethod afterMethod -->
  <testcase name="@BeforeMethod beforeMethod" time="0.0" classname="com.test.automation.uiAutomation.testBase.TestBase">
    <skipped/>
  </testcase> <!-- @BeforeMethod beforeMethod -->
  <testcase name="@AfterMethod afterMethod" time="0.0" classname="com.test.automation.uiAutomation.testBase.TestBase">
    <skipped/>
  </testcase> <!-- @AfterMethod afterMethod -->
  <testcase name="@BeforeMethod beforeMethod" time="0.0" classname="com.test.automation.uiAutomation.testBase.TestBase">
    <skipped/>
  </testcase> <!-- @BeforeMethod beforeMethod -->
  <testcase name="@AfterMethod afterMethod" time="0.0" classname="com.test.automation.uiAutomation.testBase.TestBase">
    <skipped/>
  </testcase> <!-- @AfterMethod afterMethod -->
  <testcase name="@BeforeMethod beforeMethod" time="0.0" classname="com.test.automation.uiAutomation.testBase.TestBase">
    <skipped/>
  </testcase> <!-- @BeforeMethod beforeMethod -->
  <testcase name="@AfterMethod afterMethod" time="0.0" classname="com.test.automation.uiAutomation.testBase.TestBase">
    <skipped/>
  </testcase> <!-- @AfterMethod afterMethod -->
  <testcase name="@BeforeMethod beforeMethod" time="0.0" classname="com.test.automation.uiAutomation.testBase.TestBase">
    <skipped/>
  </testcase> <!-- @BeforeMethod beforeMethod -->
  <testcase name="@AfterMethod afterMethod" time="0.0" classname="com.test.automation.uiAutomation.testBase.TestBase">
    <skipped/>
  </testcase> <!-- @AfterMethod afterMethod -->
  <testcase name="@BeforeMethod beforeMethod" time="0.0" classname="com.test.automation.uiAutomation.testBase.TestBase">
    <skipped/>
  </testcase> <!-- @BeforeMethod beforeMethod -->
  <testcase name="@AfterMethod afterMethod" time="0.0" classname="com.test.automation.uiAutomation.testBase.TestBase">
    <skipped/>
  </testcase> <!-- @AfterMethod afterMethod -->
  <testcase name="@AfterClass tearDown" time="0.0" classname="com.test.automation.uiAutomation.Fee.TC_Masters.Tc_Masters_Fee_Group_MasterGroup">
    <skipped/>
  </testcase> <!-- @AfterClass tearDown -->
  <testcase name="loginToappWithrequiredCredentials" time="20.071" classname="com.test.automation.uiAutomation.Fee.TC_Masters.Tc_Masters_Fee_Group_MasterGroup"/>
  <testcase name="loginToappWithrequiredCredentials" time="0.001" classname="com.test.automation.uiAutomation.Fee.TC_Masters.Tc_Masters_Fee_Group_MasterGroup">
    <skipped/>
  </testcase> <!-- loginToappWithrequiredCredentials -->
  <testcase name="loginToappWithrequiredCredentials" time="0.0" classname="com.test.automation.uiAutomation.Fee.TC_Masters.Tc_Masters_Fee_Group_MasterGroup">
    <skipped/>
  </testcase> <!-- loginToappWithrequiredCredentials -->
  <testcase name="loginToappWithrequiredCredentials" time="0.0" classname="com.test.automation.uiAutomation.Fee.TC_Masters.Tc_Masters_Fee_Group_MasterGroup">
    <skipped/>
  </testcase> <!-- loginToappWithrequiredCredentials -->
  <testcase name="loginToappWithrequiredCredentials" time="0.001" classname="com.test.automation.uiAutomation.Fee.TC_Masters.Tc_Masters_Fee_Group_MasterGroup">
    <skipped/>
  </testcase> <!-- loginToappWithrequiredCredentials -->
  <testcase name="tcHomeButtonValidation" time="7.335" classname="com.test.automation.uiAutomation.Fee.TC_Masters.Tc_Masters_Fee_Group_MasterGroup"/>
  <testcase name="tcNavigateToMasters_FeeGroup" time="23.881" classname="com.test.automation.uiAutomation.Fee.TC_Masters.Tc_Masters_Fee_Group_MasterGroup"/>
  <testcase name="tcVerifyFeeGroupPage" time="2.339" classname="com.test.automation.uiAutomation.Fee.TC_Masters.Tc_Masters_Fee_Group_MasterGroup"/>
  <testcase name="tcClickOnSaveButton_MasterGroup_ToSublitBlankForm" time="0.368" classname="com.test.automation.uiAutomation.Fee.TC_Masters.Tc_Masters_Fee_Group_MasterGroup"/>
  <testcase name="tcFill_FeeGroup_MasterGroupForm" time="0.078" classname="com.test.automation.uiAutomation.Fee.TC_Masters.Tc_Masters_Fee_Group_MasterGroup">
    <failure type="org.testng.internal.reflect.MethodMatcherException" message="
Data provider mismatch
Method: tcFill_FeeGroup_MasterGroupForm([Parameter{index=0, type=java.lang.String, declaredAnnotations=[]}, Parameter{index=1, type=java.lang.String, declaredAnnotations=[]}, Parameter{index=2, type=java.lang.String, declaredAnnotations=[]}, Parameter{index=3, type=java.lang.String, declaredAnnotations=[]}])
Arguments: [(java.lang.String)prasad,(java.lang.String)Compulsory,(java.lang.String)something,(java.lang.String)Y,(java.lang.String)false]">
      <![CDATA[org.testng.internal.reflect.MethodMatcherException: 
Data provider mismatch
Method: tcFill_FeeGroup_MasterGroupForm([Parameter{index=0, type=java.lang.String, declaredAnnotations=[]}, Parameter{index=1, type=java.lang.String, declaredAnnotations=[]}, Parameter{index=2, type=java.lang.String, declaredAnnotations=[]}, Parameter{index=3, type=java.lang.String, declaredAnnotations=[]}])
Arguments: [(java.lang.String)prasad,(java.lang.String)Compulsory,(java.lang.String)something,(java.lang.String)Y,(java.lang.String)false]
... Removed 20 stack frames]]>
    </failure>
  </testcase> <!-- tcFill_FeeGroup_MasterGroupForm -->
  <testcase name="tcMinimize_MasterFeeGroup" time="0.344" classname="com.test.automation.uiAutomation.Fee.TC_Masters.Tc_Masters_Fee_Group_MasterGroup"/>
  <testcase name="tcSortByMasterFeeGroupName" time="0.612" classname="com.test.automation.uiAutomation.Fee.TC_Masters.Tc_Masters_Fee_Group_MasterGroup"/>
  <testcase name="tcMinimize_MasterGroupFeeGrGridView" time="0.35" classname="com.test.automation.uiAutomation.Fee.TC_Masters.Tc_Masters_Fee_Group_MasterGroup"/>
  <testcase name="tcMaximize_MasterGroupFeeGrGridView" time="0.324" classname="com.test.automation.uiAutomation.Fee.TC_Masters.Tc_Masters_Fee_Group_MasterGroup"/>
  <testcase name="tcMaximize_MasterFeeGroup" time="0.319" classname="com.test.automation.uiAutomation.Fee.TC_Masters.Tc_Masters_Fee_Group_MasterGroup"/>
  <testcase name="tcClickOnCancelButton_MasterGroup" time="0.352" classname="com.test.automation.uiAutomation.Fee.TC_Masters.Tc_Masters_Fee_Group_MasterGroup"/>
  <testcase name="tcFill_FeeGroup_MasterGroupForm_AfterCancel" time="0.064" classname="com.test.automation.uiAutomation.Fee.TC_Masters.Tc_Masters_Fee_Group_MasterGroup">
    <failure type="org.testng.internal.reflect.MethodMatcherException" message="
Data provider mismatch
Method: tcFill_FeeGroup_MasterGroupForm_AfterCancel([Parameter{index=0, type=java.lang.String, declaredAnnotations=[]}, Parameter{index=1, type=java.lang.String, declaredAnnotations=[]}, Parameter{index=2, type=java.lang.String, declaredAnnotations=[]}, Parameter{index=3, type=java.lang.String, declaredAnnotations=[]}])
Arguments: [(java.lang.String)prasad,(java.lang.String)Compulsory,(java.lang.String)something,(java.lang.String)Y,(java.lang.String)false]">
      <![CDATA[org.testng.internal.reflect.MethodMatcherException: 
Data provider mismatch
Method: tcFill_FeeGroup_MasterGroupForm_AfterCancel([Parameter{index=0, type=java.lang.String, declaredAnnotations=[]}, Parameter{index=1, type=java.lang.String, declaredAnnotations=[]}, Parameter{index=2, type=java.lang.String, declaredAnnotations=[]}, Parameter{index=3, type=java.lang.String, declaredAnnotations=[]}])
Arguments: [(java.lang.String)prasad,(java.lang.String)Compulsory,(java.lang.String)something,(java.lang.String)Y,(java.lang.String)false]
... Removed 20 stack frames]]>
    </failure>
  </testcase> <!-- tcFill_FeeGroup_MasterGroupForm_AfterCancel -->
  <testcase name="tcClickOnSaveButton_MasterGroup" time="0.331" classname="com.test.automation.uiAutomation.Fee.TC_Masters.Tc_Masters_Fee_Group_MasterGroup"/>
  <testcase name="tcClickOnSuccessOkBtn" time="20.319" classname="com.test.automation.uiAutomation.Fee.TC_Masters.Tc_Masters_Fee_Group_MasterGroup"/>
  <testcase name="tcSearchBy_FeeGroup_MasterFeeGrNameInGrid" time="1.599" classname="com.test.automation.uiAutomation.Fee.TC_Masters.Tc_Masters_Fee_Group_MasterGroup"/>
  <testcase name="tcSearchBy_FeeGroup_MasterFeeGrNameInGrid" time="0.001" classname="com.test.automation.uiAutomation.Fee.TC_Masters.Tc_Masters_Fee_Group_MasterGroup">
    <skipped/>
  </testcase> <!-- tcSearchBy_FeeGroup_MasterFeeGrNameInGrid -->
  <testcase name="tcSearchBy_FeeGroup_MasterFeeGrNameInGrid" time="0.001" classname="com.test.automation.uiAutomation.Fee.TC_Masters.Tc_Masters_Fee_Group_MasterGroup">
    <skipped/>
  </testcase> <!-- tcSearchBy_FeeGroup_MasterFeeGrNameInGrid -->
  <testcase name="tcSearchBy_FeeGroup_MasterFeeGrNameInGrid" time="0.0" classname="com.test.automation.uiAutomation.Fee.TC_Masters.Tc_Masters_Fee_Group_MasterGroup">
    <skipped/>
  </testcase> <!-- tcSearchBy_FeeGroup_MasterFeeGrNameInGrid -->
  <testcase name="tcSearchBy_FeeGroup_MasterFeeGrNameInGrid" time="0.0" classname="com.test.automation.uiAutomation.Fee.TC_Masters.Tc_Masters_Fee_Group_MasterGroup">
    <failure type="java.lang.NullPointerException">
      <![CDATA[java.lang.NullPointerException
	at com.test.automation.uiAutomation.Fee.TC_Masters.Tc_Masters_Fee_Group_MasterGroup.tcSearchBy_FeeGroup_MasterFeeGrNameInGrid(Tc_Masters_Fee_Group_MasterGroup.java:297)
... Removed 25 stack frames]]>
    </failure>
  </testcase> <!-- tcSearchBy_FeeGroup_MasterFeeGrNameInGrid -->
  <testcase name="tcVerifyMasterFeeGroup_UpdatedInGrid" time="22.389" classname="com.test.automation.uiAutomation.Fee.TC_Masters.Tc_Masters_Fee_Group_MasterGroup"/>
  <testcase name="tcVerifyMasterFeeGroup_UpdatedInGrid" time="0.001" classname="com.test.automation.uiAutomation.Fee.TC_Masters.Tc_Masters_Fee_Group_MasterGroup">
    <skipped/>
  </testcase> <!-- tcVerifyMasterFeeGroup_UpdatedInGrid -->
  <testcase name="tcVerifyMasterFeeGroup_UpdatedInGrid" time="0.001" classname="com.test.automation.uiAutomation.Fee.TC_Masters.Tc_Masters_Fee_Group_MasterGroup">
    <skipped/>
  </testcase> <!-- tcVerifyMasterFeeGroup_UpdatedInGrid -->
  <testcase name="tcVerifyMasterFeeGroup_UpdatedInGrid" time="0.001" classname="com.test.automation.uiAutomation.Fee.TC_Masters.Tc_Masters_Fee_Group_MasterGroup">
    <skipped/>
  </testcase> <!-- tcVerifyMasterFeeGroup_UpdatedInGrid -->
  <testcase name="tcVerifyMasterFeeGroup_UpdatedInGrid" time="0.0" classname="com.test.automation.uiAutomation.Fee.TC_Masters.Tc_Masters_Fee_Group_MasterGroup">
    <failure type="java.lang.NullPointerException">
      <![CDATA[java.lang.NullPointerException
	at com.test.automation.uiAutomation.Fee.TC_Masters.Tc_Masters_Fee_Group_MasterGroup.tcVerifyMasterFeeGroup_UpdatedInGrid(Tc_Masters_Fee_Group_MasterGroup.java:315)
... Removed 25 stack frames]]>
    </failure>
  </testcase> <!-- tcVerifyMasterFeeGroup_UpdatedInGrid -->
  <testcase name="tcEdit_MasterFeeGroup" time="11.246" classname="com.test.automation.uiAutomation.Fee.TC_Masters.Tc_Masters_Fee_Group_MasterGroup">
    <skipped/>
  </testcase> <!-- tcEdit_MasterFeeGroup -->
  <testcase name="tcEdit_MasterFeeGroup" time="0.026" classname="com.test.automation.uiAutomation.Fee.TC_Masters.Tc_Masters_Fee_Group_MasterGroup">
    <skipped/>
  </testcase> <!-- tcEdit_MasterFeeGroup -->
  <testcase name="tcEdit_MasterFeeGroup" time="0.031" classname="com.test.automation.uiAutomation.Fee.TC_Masters.Tc_Masters_Fee_Group_MasterGroup">
    <skipped/>
  </testcase> <!-- tcEdit_MasterFeeGroup -->
  <testcase name="tcEdit_MasterFeeGroup" time="0.031" classname="com.test.automation.uiAutomation.Fee.TC_Masters.Tc_Masters_Fee_Group_MasterGroup">
    <failure type="org.openqa.selenium.NoSuchWindowException" message="no such window: target window already closed
from unknown error: web view not found
  (Session info: chrome=65.0.3325.181)
  (Driver info: chromedriver=2.36.540470 (e522d04694c7ebea4ba8821272dbef4f9b818c91),platform=Windows NT 10.0.16299 x86_64) (WARNING: The server did not provide any stacktrace information)
Command duration or timeout: 16 milliseconds
Build info: version: &amp;apos;3.0.1&amp;apos;, revision: &amp;apos;1969d75&amp;apos;, time: &amp;apos;2016-10-18 09:49:13 -0700&amp;apos;
System info: host: &amp;apos;Arvind-Susdiny&amp;apos;, ip: &amp;apos;192.168.1.34&amp;apos;, os.name: &amp;apos;Windows 10&amp;apos;, os.arch: &amp;apos;amd64&amp;apos;, os.version: &amp;apos;10.0&amp;apos;, java.version: &amp;apos;1.8.0_161&amp;apos;
Driver info: org.openqa.selenium.chrome.ChromeDriver
Capabilities [{applicationCacheEnabled=false, rotatable=false, mobileEmulationEnabled=false, networkConnectionEnabled=false, chrome={chromedriverVersion=2.36.540470 (e522d04694c7ebea4ba8821272dbef4f9b818c91), userDataDir=C:\Users\vaps\AppData\Local\Temp\scoped_dir11128_15576}, takesHeapSnapshot=true, pageLoadStrategy=normal, databaseEnabled=false, handlesAlerts=true, hasTouchScreen=false, version=65.0.3325.181, platform=XP, browserConnectionEnabled=false, nativeEvents=true, acceptSslCerts=false, acceptInsecureCerts=false, locationContextEnabled=true, webStorageEnabled=true, browserName=chrome, takesScreenshot=true, javascriptEnabled=true, cssSelectorsEnabled=true, setWindowRect=true, unexpectedAlertBehaviour=}]
Session ID: 387fc2185e62e6c65b7799ed1c808535">
      <![CDATA[org.openqa.selenium.NoSuchWindowException: no such window: target window already closed
from unknown error: web view not found
  (Session info: chrome=65.0.3325.181)
  (Driver info: chromedriver=2.36.540470 (e522d04694c7ebea4ba8821272dbef4f9b818c91),platform=Windows NT 10.0.16299 x86_64) (WARNING: The server did not provide any stacktrace information)
Command duration or timeout: 16 milliseconds
Build info: version: '3.0.1', revision: '1969d75', time: '2016-10-18 09:49:13 -0700'
System info: host: 'Arvind-Susdiny', ip: '192.168.1.34', os.name: 'Windows 10', os.arch: 'amd64', os.version: '10.0', java.version: '1.8.0_161'
Driver info: org.openqa.selenium.chrome.ChromeDriver
Capabilities [{applicationCacheEnabled=false, rotatable=false, mobileEmulationEnabled=false, networkConnectionEnabled=false, chrome={chromedriverVersion=2.36.540470 (e522d04694c7ebea4ba8821272dbef4f9b818c91), userDataDir=C:\Users\vaps\AppData\Local\Temp\scoped_dir11128_15576}, takesHeapSnapshot=true, pageLoadStrategy=normal, databaseEnabled=false, handlesAlerts=true, hasTouchScreen=false, version=65.0.3325.181, platform=XP, browserConnectionEnabled=false, nativeEvents=true, acceptSslCerts=false, acceptInsecureCerts=false, locationContextEnabled=true, webStorageEnabled=true, browserName=chrome, takesScreenshot=true, javascriptEnabled=true, cssSelectorsEnabled=true, setWindowRect=true, unexpectedAlertBehaviour=}]
Session ID: 387fc2185e62e6c65b7799ed1c808535
	at org.openqa.selenium.remote.ErrorHandler.createThrowable(ErrorHandler.java:216)
	at org.openqa.selenium.remote.ErrorHandler.throwIfResponseFailed(ErrorHandler.java:168)
	at org.openqa.selenium.remote.RemoteWebDriver.execute(RemoteWebDriver.java:635)
	at org.openqa.selenium.remote.RemoteWebDriver.execute(RemoteWebDriver.java:658)
	at org.openqa.selenium.remote.RemoteWebDriver.getScreenshotAs(RemoteWebDriver.java:340)
	at com.test.automation.uiAutomation.testBase.TestBase.getScreenShot(TestBase.java:197)
	at com.test.automation.uiAutomation.Fee.TC_Masters.Tc_Masters_Fee_Group_MasterGroup.tcEdit_MasterFeeGroup(Tc_Masters_Fee_Group_MasterGroup.java:343)
... Removed 29 stack frames]]>
    </failure>
  </testcase> <!-- tcEdit_MasterFeeGroup -->
  <testcase name="tcEdit_MasterFeeGroup" time="0.0" classname="com.test.automation.uiAutomation.Fee.TC_Masters.Tc_Masters_Fee_Group_MasterGroup">
    <skipped/>
  </testcase> <!-- tcEdit_MasterFeeGroup -->
  <testcase name="tcEdit_MasterFeeGroup" time="0.0" classname="com.test.automation.uiAutomation.Fee.TC_Masters.Tc_Masters_Fee_Group_MasterGroup">
    <skipped/>
  </testcase> <!-- tcEdit_MasterFeeGroup -->
  <testcase name="tcClickOnSaveButton_MasterGroupForm_Edit" time="0.015" classname="com.test.automation.uiAutomation.Fee.TC_Masters.Tc_Masters_Fee_Group_MasterGroup">
    <skipped/>
  </testcase> <!-- tcClickOnSaveButton_MasterGroupForm_Edit -->
  <testcase name="tcClickOnOkSuccessButton_Edit" time="0.0" classname="com.test.automation.uiAutomation.Fee.TC_Masters.Tc_Masters_Fee_Group_MasterGroup">
    <skipped/>
  </testcase> <!-- tcClickOnOkSuccessButton_Edit -->
  <testcase name="tcSearchBy_FeeGroup_MasterFeeGrNameInGrid_ForDeactivate" time="0.0" classname="com.test.automation.uiAutomation.Fee.TC_Masters.Tc_Masters_Fee_Group_MasterGroup">
    <skipped/>
  </testcase> <!-- tcSearchBy_FeeGroup_MasterFeeGrNameInGrid_ForDeactivate -->
  <testcase name="tcSearchBy_FeeGroup_MasterFeeGrNameInGrid_ForDeactivate" time="0.0" classname="com.test.automation.uiAutomation.Fee.TC_Masters.Tc_Masters_Fee_Group_MasterGroup">
    <skipped/>
  </testcase> <!-- tcSearchBy_FeeGroup_MasterFeeGrNameInGrid_ForDeactivate -->
  <testcase name="tcDeactivationOfCreated_MasterFeeGroup" time="0.0" classname="com.test.automation.uiAutomation.Fee.TC_Masters.Tc_Masters_Fee_Group_MasterGroup">
    <skipped/>
  </testcase> <!-- tcDeactivationOfCreated_MasterFeeGroup -->
  <testcase name="tcDeactivationOfCreated_MasterFeeGroup" time="0.0" classname="com.test.automation.uiAutomation.Fee.TC_Masters.Tc_Masters_Fee_Group_MasterGroup">
    <skipped/>
  </testcase> <!-- tcDeactivationOfCreated_MasterFeeGroup -->
  <testcase name="tcClickOnCancelButton_deactivate" time="0.0" classname="com.test.automation.uiAutomation.Fee.TC_Masters.Tc_Masters_Fee_Group_MasterGroup">
    <skipped/>
  </testcase> <!-- tcClickOnCancelButton_deactivate -->
  <testcase name="tcClickOnOkSuccessButton_deactivateCancel" time="0.016" classname="com.test.automation.uiAutomation.Fee.TC_Masters.Tc_Masters_Fee_Group_MasterGroup">
    <skipped/>
  </testcase> <!-- tcClickOnOkSuccessButton_deactivateCancel -->
  <testcase name="tcSearchBy_FeeGroup_MasterFeeGrNameInGrid_ForDeactivate_AfterCancel" time="0.0" classname="com.test.automation.uiAutomation.Fee.TC_Masters.Tc_Masters_Fee_Group_MasterGroup">
    <skipped/>
  </testcase> <!-- tcSearchBy_FeeGroup_MasterFeeGrNameInGrid_ForDeactivate_AfterCancel -->
  <testcase name="tcSearchBy_FeeGroup_MasterFeeGrNameInGrid_ForDeactivate_AfterCancel" time="0.0" classname="com.test.automation.uiAutomation.Fee.TC_Masters.Tc_Masters_Fee_Group_MasterGroup">
    <skipped/>
  </testcase> <!-- tcSearchBy_FeeGroup_MasterFeeGrNameInGrid_ForDeactivate_AfterCancel -->
  <testcase name="tcDeactivationOfCreated_MasterFeeGroup_AfterCancel" time="0.016" classname="com.test.automation.uiAutomation.Fee.TC_Masters.Tc_Masters_Fee_Group_MasterGroup">
    <skipped/>
  </testcase> <!-- tcDeactivationOfCreated_MasterFeeGroup_AfterCancel -->
  <testcase name="tcDeactivationOfCreated_MasterFeeGroup_AfterCancel" time="0.0" classname="com.test.automation.uiAutomation.Fee.TC_Masters.Tc_Masters_Fee_Group_MasterGroup">
    <skipped/>
  </testcase> <!-- tcDeactivationOfCreated_MasterFeeGroup_AfterCancel -->
  <testcase name="tcYesDeleteOrDeactivateOrActivateIt_deactivate" time="0.0" classname="com.test.automation.uiAutomation.Fee.TC_Masters.Tc_Masters_Fee_Group_MasterGroup">
    <skipped/>
  </testcase> <!-- tcYesDeleteOrDeactivateOrActivateIt_deactivate -->
  <testcase name="tcClickOnOkSuccessButton_deactivate" time="0.0" classname="com.test.automation.uiAutomation.Fee.TC_Masters.Tc_Masters_Fee_Group_MasterGroup">
    <skipped/>
  </testcase> <!-- tcClickOnOkSuccessButton_deactivate -->
  <testcase name="tcSearchBy_FeeGroup_MasterFeeGrNameInGrid_ForActivate" time="0.0" classname="com.test.automation.uiAutomation.Fee.TC_Masters.Tc_Masters_Fee_Group_MasterGroup">
    <skipped/>
  </testcase> <!-- tcSearchBy_FeeGroup_MasterFeeGrNameInGrid_ForActivate -->
  <testcase name="tcSearchBy_FeeGroup_MasterFeeGrNameInGrid_ForActivate" time="0.0" classname="com.test.automation.uiAutomation.Fee.TC_Masters.Tc_Masters_Fee_Group_MasterGroup">
    <skipped/>
  </testcase> <!-- tcSearchBy_FeeGroup_MasterFeeGrNameInGrid_ForActivate -->
  <testcase name="tcActivationOfCreatedFeeGroup_MasterGroup" time="0.0" classname="com.test.automation.uiAutomation.Fee.TC_Masters.Tc_Masters_Fee_Group_MasterGroup">
    <skipped/>
  </testcase> <!-- tcActivationOfCreatedFeeGroup_MasterGroup -->
  <testcase name="tcActivationOfCreatedFeeGroup_MasterGroup" time="0.0" classname="com.test.automation.uiAutomation.Fee.TC_Masters.Tc_Masters_Fee_Group_MasterGroup">
    <skipped/>
  </testcase> <!-- tcActivationOfCreatedFeeGroup_MasterGroup -->
  <testcase name="tcClickOnCancelButton_activate" time="0.0" classname="com.test.automation.uiAutomation.Fee.TC_Masters.Tc_Masters_Fee_Group_MasterGroup">
    <skipped/>
  </testcase> <!-- tcClickOnCancelButton_activate -->
  <testcase name="tcClickOnOkSuccessButton_activateCancel" time="0.0" classname="com.test.automation.uiAutomation.Fee.TC_Masters.Tc_Masters_Fee_Group_MasterGroup">
    <skipped/>
  </testcase> <!-- tcClickOnOkSuccessButton_activateCancel -->
  <testcase name="tcSearchBy_FeeGroup_MasterFeeGrNameInGrid_AfterCancel" time="0.0" classname="com.test.automation.uiAutomation.Fee.TC_Masters.Tc_Masters_Fee_Group_MasterGroup">
    <skipped/>
  </testcase> <!-- tcSearchBy_FeeGroup_MasterFeeGrNameInGrid_AfterCancel -->
  <testcase name="tcSearchBy_FeeGroup_MasterFeeGrNameInGrid_AfterCancel" time="0.0" classname="com.test.automation.uiAutomation.Fee.TC_Masters.Tc_Masters_Fee_Group_MasterGroup">
    <skipped/>
  </testcase> <!-- tcSearchBy_FeeGroup_MasterFeeGrNameInGrid_AfterCancel -->
  <testcase name="tcActivationOfCreatedFeeGroup_MasterGroup_AfterCancel" time="0.0" classname="com.test.automation.uiAutomation.Fee.TC_Masters.Tc_Masters_Fee_Group_MasterGroup">
    <skipped/>
  </testcase> <!-- tcActivationOfCreatedFeeGroup_MasterGroup_AfterCancel -->
  <testcase name="tcActivationOfCreatedFeeGroup_MasterGroup_AfterCancel" time="0.0" classname="com.test.automation.uiAutomation.Fee.TC_Masters.Tc_Masters_Fee_Group_MasterGroup">
    <skipped/>
  </testcase> <!-- tcActivationOfCreatedFeeGroup_MasterGroup_AfterCancel -->
  <testcase name="tcYesDeleteOrDeactivateOrActivateIt_Activate" time="0.0" classname="com.test.automation.uiAutomation.Fee.TC_Masters.Tc_Masters_Fee_Group_MasterGroup">
    <skipped/>
  </testcase> <!-- tcYesDeleteOrDeactivateOrActivateIt_Activate -->
  <testcase name="tcClickOnOkSuccessButton_activate" time="0.0" classname="com.test.automation.uiAutomation.Fee.TC_Masters.Tc_Masters_Fee_Group_MasterGroup">
    <skipped/>
  </testcase> <!-- tcClickOnOkSuccessButton_activate -->
</testsuite> <!-- MasterFeeGroup -->
