<?xml version="1.0" encoding="UTF-8"?>
<!-- Generated by org.testng.reporters.JUnitXMLReporter -->
<testsuite hostname="DESKTOP-DISLHD4" ignored="0" name="HomePageTest" tests="31" failures="1" timestamp="20 Apr 2018 04:12:49 GMT" time="126.962" errors="0">
  <testcase name="@AfterMethod afterMethod" time="0.0" classname="com.test.automation.uiAutomation.testBase.TestBase">
    <failure type="org.openqa.selenium.NoSuchWindowException" message="no such window: target window already closed
from unknown error: web view not found
  (Session info: chrome=65.0.3325.181)
  (Driver info: chromedriver=2.36.540470 (e522d04694c7ebea4ba8821272dbef4f9b818c91),platform=Windows NT 10.0.16299 x86_64) (WARNING: The server did not provide any stacktrace information)
Command duration or timeout: 18 milliseconds
Build info: version: &amp;apos;3.0.1&amp;apos;, revision: &amp;apos;1969d75&amp;apos;, time: &amp;apos;2016-10-18 09:49:13 -0700&amp;apos;
System info: host: &amp;apos;DESKTOP-DISLHD4&amp;apos;, ip: &amp;apos;192.168.1.34&amp;apos;, os.name: &amp;apos;Windows 10&amp;apos;, os.arch: &amp;apos;amd64&amp;apos;, os.version: &amp;apos;10.0&amp;apos;, java.version: &amp;apos;1.8.0_161&amp;apos;
Driver info: org.openqa.selenium.chrome.ChromeDriver
Capabilities [{applicationCacheEnabled=false, rotatable=false, mobileEmulationEnabled=false, networkConnectionEnabled=false, chrome={chromedriverVersion=2.36.540470 (e522d04694c7ebea4ba8821272dbef4f9b818c91), userDataDir=C:\Users\vaps\AppData\Local\Temp\scoped_dir4012_30264}, takesHeapSnapshot=true, pageLoadStrategy=normal, databaseEnabled=false, handlesAlerts=true, hasTouchScreen=false, version=65.0.3325.181, platform=XP, browserConnectionEnabled=false, nativeEvents=true, acceptSslCerts=false, acceptInsecureCerts=false, locationContextEnabled=true, webStorageEnabled=true, browserName=chrome, takesScreenshot=true, javascriptEnabled=true, cssSelectorsEnabled=true, setWindowRect=true, unexpectedAlertBehaviour=}]
Session ID: 62768a67894ddd8190a0cc51152bf332">
      <![CDATA[org.openqa.selenium.NoSuchWindowException: no such window: target window already closed
from unknown error: web view not found
  (Session info: chrome=65.0.3325.181)
  (Driver info: chromedriver=2.36.540470 (e522d04694c7ebea4ba8821272dbef4f9b818c91),platform=Windows NT 10.0.16299 x86_64) (WARNING: The server did not provide any stacktrace information)
Command duration or timeout: 18 milliseconds
Build info: version: '3.0.1', revision: '1969d75', time: '2016-10-18 09:49:13 -0700'
System info: host: 'DESKTOP-DISLHD4', ip: '192.168.1.34', os.name: 'Windows 10', os.arch: 'amd64', os.version: '10.0', java.version: '1.8.0_161'
Driver info: org.openqa.selenium.chrome.ChromeDriver
Capabilities [{applicationCacheEnabled=false, rotatable=false, mobileEmulationEnabled=false, networkConnectionEnabled=false, chrome={chromedriverVersion=2.36.540470 (e522d04694c7ebea4ba8821272dbef4f9b818c91), userDataDir=C:\Users\vaps\AppData\Local\Temp\scoped_dir4012_30264}, takesHeapSnapshot=true, pageLoadStrategy=normal, databaseEnabled=false, handlesAlerts=true, hasTouchScreen=false, version=65.0.3325.181, platform=XP, browserConnectionEnabled=false, nativeEvents=true, acceptSslCerts=false, acceptInsecureCerts=false, locationContextEnabled=true, webStorageEnabled=true, browserName=chrome, takesScreenshot=true, javascriptEnabled=true, cssSelectorsEnabled=true, setWindowRect=true, unexpectedAlertBehaviour=}]
Session ID: 62768a67894ddd8190a0cc51152bf332
	at org.openqa.selenium.remote.ErrorHandler.createThrowable(ErrorHandler.java:216)
	at org.openqa.selenium.remote.ErrorHandler.throwIfResponseFailed(ErrorHandler.java:168)
	at org.openqa.selenium.remote.RemoteWebDriver.execute(RemoteWebDriver.java:635)
	at org.openqa.selenium.remote.RemoteWebDriver.execute(RemoteWebDriver.java:658)
	at org.openqa.selenium.remote.RemoteWebDriver.getScreenshotAs(RemoteWebDriver.java:340)
	at com.test.automation.uiAutomation.testBase.TestBase.captureScreen(TestBase.java:273)
	at com.test.automation.uiAutomation.testBase.TestBase.getresult(TestBase.java:302)
	at com.test.automation.uiAutomation.testBase.TestBase.afterMethod(TestBase.java:311)
... Removed 30 stack frames]]>
    </failure>
  </testcase> <!-- @AfterMethod afterMethod -->
  <testcase name="@BeforeMethod beforeMethod" time="0.0" classname="com.test.automation.uiAutomation.testBase.TestBase">
    <skipped/>
  </testcase> <!-- @BeforeMethod beforeMethod -->
  <testcase name="@AfterMethod afterMethod" time="0.0" classname="com.test.automation.uiAutomation.testBase.TestBase">
    <skipped/>
  </testcase> <!-- @AfterMethod afterMethod -->
  <testcase name="@BeforeMethod beforeMethod" time="0.0" classname="com.test.automation.uiAutomation.testBase.TestBase">
    <skipped/>
  </testcase> <!-- @BeforeMethod beforeMethod -->
  <testcase name="@AfterMethod afterMethod" time="0.0" classname="com.test.automation.uiAutomation.testBase.TestBase">
    <skipped/>
  </testcase> <!-- @AfterMethod afterMethod -->
  <testcase name="@BeforeMethod beforeMethod" time="0.0" classname="com.test.automation.uiAutomation.testBase.TestBase">
    <skipped/>
  </testcase> <!-- @BeforeMethod beforeMethod -->
  <testcase name="@AfterMethod afterMethod" time="0.0" classname="com.test.automation.uiAutomation.testBase.TestBase">
    <skipped/>
  </testcase> <!-- @AfterMethod afterMethod -->
  <testcase name="@BeforeMethod beforeMethod" time="0.0" classname="com.test.automation.uiAutomation.testBase.TestBase">
    <skipped/>
  </testcase> <!-- @BeforeMethod beforeMethod -->
  <testcase name="@AfterMethod afterMethod" time="0.0" classname="com.test.automation.uiAutomation.testBase.TestBase">
    <skipped/>
  </testcase> <!-- @AfterMethod afterMethod -->
  <testcase name="@BeforeMethod beforeMethod" time="0.0" classname="com.test.automation.uiAutomation.testBase.TestBase">
    <skipped/>
  </testcase> <!-- @BeforeMethod beforeMethod -->
  <testcase name="@AfterMethod afterMethod" time="0.0" classname="com.test.automation.uiAutomation.testBase.TestBase">
    <skipped/>
  </testcase> <!-- @AfterMethod afterMethod -->
  <testcase name="@BeforeMethod beforeMethod" time="0.0" classname="com.test.automation.uiAutomation.testBase.TestBase">
    <skipped/>
  </testcase> <!-- @BeforeMethod beforeMethod -->
  <testcase name="@AfterMethod afterMethod" time="0.0" classname="com.test.automation.uiAutomation.testBase.TestBase">
    <skipped/>
  </testcase> <!-- @AfterMethod afterMethod -->
  <testcase name="@BeforeMethod beforeMethod" time="0.0" classname="com.test.automation.uiAutomation.testBase.TestBase">
    <skipped/>
  </testcase> <!-- @BeforeMethod beforeMethod -->
  <testcase name="@AfterMethod afterMethod" time="0.0" classname="com.test.automation.uiAutomation.testBase.TestBase">
    <skipped/>
  </testcase> <!-- @AfterMethod afterMethod -->
  <testcase name="@BeforeMethod beforeMethod" time="0.0" classname="com.test.automation.uiAutomation.testBase.TestBase">
    <skipped/>
  </testcase> <!-- @BeforeMethod beforeMethod -->
  <testcase name="@AfterMethod afterMethod" time="0.0" classname="com.test.automation.uiAutomation.testBase.TestBase">
    <skipped/>
  </testcase> <!-- @AfterMethod afterMethod -->
  <testcase name="@BeforeMethod beforeMethod" time="0.0" classname="com.test.automation.uiAutomation.testBase.TestBase">
    <skipped/>
  </testcase> <!-- @BeforeMethod beforeMethod -->
  <testcase name="@AfterMethod afterMethod" time="0.0" classname="com.test.automation.uiAutomation.testBase.TestBase">
    <skipped/>
  </testcase> <!-- @AfterMethod afterMethod -->
  <testcase name="loginToappWithrequiredCredentials" time="20.014" classname="com.test.automation.uiAutomation.Fee.TC_Masters.Tc_Masters_Fee_Group_MasterGroup"/>
  <testcase name="loginToappWithrequiredCredentials" time="0.001" classname="com.test.automation.uiAutomation.Fee.TC_Masters.Tc_Masters_Fee_Group_MasterGroup">
    <skipped/>
  </testcase> <!-- loginToappWithrequiredCredentials -->
  <testcase name="loginToappWithrequiredCredentials" time="0.0" classname="com.test.automation.uiAutomation.Fee.TC_Masters.Tc_Masters_Fee_Group_MasterGroup">
    <skipped/>
  </testcase> <!-- loginToappWithrequiredCredentials -->
  <testcase name="loginToappWithrequiredCredentials" time="0.001" classname="com.test.automation.uiAutomation.Fee.TC_Masters.Tc_Masters_Fee_Group_MasterGroup">
    <skipped/>
  </testcase> <!-- loginToappWithrequiredCredentials -->
  <testcase name="loginToappWithrequiredCredentials" time="0.0" classname="com.test.automation.uiAutomation.Fee.TC_Masters.Tc_Masters_Fee_Group_MasterGroup">
    <skipped/>
  </testcase> <!-- loginToappWithrequiredCredentials -->
  <testcase name="loginToappWithrequiredCredentials" time="19.95" classname="com.test.automation.uiAutomation.Fee.TC_Masters.Tc_Masters_Fee_Group_YearlyGroup"/>
  <testcase name="loginToappWithrequiredCredentials" time="0.003" classname="com.test.automation.uiAutomation.Fee.TC_Masters.Tc_Masters_Fee_Group_YearlyGroup">
    <skipped/>
  </testcase> <!-- loginToappWithrequiredCredentials -->
  <testcase name="loginToappWithrequiredCredentials" time="0.0" classname="com.test.automation.uiAutomation.Fee.TC_Masters.Tc_Masters_Fee_Group_YearlyGroup">
    <skipped/>
  </testcase> <!-- loginToappWithrequiredCredentials -->
  <testcase name="loginToappWithrequiredCredentials" time="0.001" classname="com.test.automation.uiAutomation.Fee.TC_Masters.Tc_Masters_Fee_Group_YearlyGroup">
    <skipped/>
  </testcase> <!-- loginToappWithrequiredCredentials -->
  <testcase name="loginToappWithrequiredCredentials" time="0.002" classname="com.test.automation.uiAutomation.Fee.TC_Masters.Tc_Masters_Fee_Group_YearlyGroup">
    <skipped/>
  </testcase> <!-- loginToappWithrequiredCredentials -->
  <testcase name="tcHomeButtonValidation" time="0.387" classname="com.test.automation.uiAutomation.Fee.TC_Masters.Tc_Masters_Fee_Group_MasterGroup"/>
  <testcase name="tcHomeButtonValidation" time="0.281" classname="com.test.automation.uiAutomation.Fee.TC_Masters.Tc_Masters_Fee_Group_YearlyGroup"/>
  <testcase name="tcNevigateToMastersFeeGroup" time="4.843" classname="com.test.automation.uiAutomation.Fee.TC_Masters.Tc_Masters_Fee_Group_MasterGroup"/>
  <testcase name="tcNevigateToMasters_FeeGroup_YearlyGroup" time="4.788" classname="com.test.automation.uiAutomation.Fee.TC_Masters.Tc_Masters_Fee_Group_YearlyGroup"/>
  <testcase name="tcVerifyFeeGroupPage" time="0.305" classname="com.test.automation.uiAutomation.Fee.TC_Masters.Tc_Masters_Fee_Group_MasterGroup"/>
  <testcase name="tcVerifyFeeGroupPage_YearlyGroup" time="0.313" classname="com.test.automation.uiAutomation.Fee.TC_Masters.Tc_Masters_Fee_Group_YearlyGroup"/>
  <testcase name="tcMastersFeeGroupNameAndRemarks" time="0.002" classname="com.test.automation.uiAutomation.Fee.TC_Masters.Tc_Masters_Fee_Group_MasterGroup">
    <skipped/>
  </testcase> <!-- tcMastersFeeGroupNameAndRemarks -->
  <testcase name="tcMastersFeeGroupNameAndRemarks" time="20.379" classname="com.test.automation.uiAutomation.Fee.TC_Masters.Tc_Masters_Fee_Group_MasterGroup"/>
  <testcase name="tcClickOn_YearlyGroupTab" time="3.876" classname="com.test.automation.uiAutomation.Fee.TC_Masters.Tc_Masters_Fee_Group_YearlyGroup">
    <skipped/>
  </testcase> <!-- tcClickOn_YearlyGroupTab -->
  <testcase name="tcClickOn_YearlyGroupTab" time="0.009" classname="com.test.automation.uiAutomation.Fee.TC_Masters.Tc_Masters_Fee_Group_YearlyGroup">
    <skipped/>
  </testcase> <!-- tcClickOn_YearlyGroupTab -->
  <testcase name="tcClickOn_YearlyGroupTab" time="0.008" classname="com.test.automation.uiAutomation.Fee.TC_Masters.Tc_Masters_Fee_Group_YearlyGroup">
    <skipped/>
  </testcase> <!-- tcClickOn_YearlyGroupTab -->
  <testcase name="tcClickOn_YearlyGroupTab" time="0.015" classname="com.test.automation.uiAutomation.Fee.TC_Masters.Tc_Masters_Fee_Group_YearlyGroup">
    <failure type="org.openqa.selenium.NoSuchWindowException" message="no such window: target window already closed
from unknown error: web view not found
  (Session info: chrome=65.0.3325.181)
  (Driver info: chromedriver=2.36.540470 (e522d04694c7ebea4ba8821272dbef4f9b818c91),platform=Windows NT 10.0.16299 x86_64) (WARNING: The server did not provide any stacktrace information)
Command duration or timeout: 7 milliseconds
Build info: version: &amp;apos;3.0.1&amp;apos;, revision: &amp;apos;1969d75&amp;apos;, time: &amp;apos;2016-10-18 09:49:13 -0700&amp;apos;
System info: host: &amp;apos;DESKTOP-DISLHD4&amp;apos;, ip: &amp;apos;192.168.1.34&amp;apos;, os.name: &amp;apos;Windows 10&amp;apos;, os.arch: &amp;apos;amd64&amp;apos;, os.version: &amp;apos;10.0&amp;apos;, java.version: &amp;apos;1.8.0_161&amp;apos;
Driver info: org.openqa.selenium.chrome.ChromeDriver
Capabilities [{applicationCacheEnabled=false, rotatable=false, mobileEmulationEnabled=false, networkConnectionEnabled=false, chrome={chromedriverVersion=2.36.540470 (e522d04694c7ebea4ba8821272dbef4f9b818c91), userDataDir=C:\Users\vaps\AppData\Local\Temp\scoped_dir4012_30264}, takesHeapSnapshot=true, pageLoadStrategy=normal, databaseEnabled=false, handlesAlerts=true, hasTouchScreen=false, version=65.0.3325.181, platform=XP, browserConnectionEnabled=false, nativeEvents=true, acceptSslCerts=false, acceptInsecureCerts=false, locationContextEnabled=true, webStorageEnabled=true, browserName=chrome, takesScreenshot=true, javascriptEnabled=true, cssSelectorsEnabled=true, setWindowRect=true, unexpectedAlertBehaviour=}]
Session ID: 62768a67894ddd8190a0cc51152bf332">
      <![CDATA[org.openqa.selenium.NoSuchWindowException: no such window: target window already closed
from unknown error: web view not found
  (Session info: chrome=65.0.3325.181)
  (Driver info: chromedriver=2.36.540470 (e522d04694c7ebea4ba8821272dbef4f9b818c91),platform=Windows NT 10.0.16299 x86_64) (WARNING: The server did not provide any stacktrace information)
Command duration or timeout: 7 milliseconds
Build info: version: '3.0.1', revision: '1969d75', time: '2016-10-18 09:49:13 -0700'
System info: host: 'DESKTOP-DISLHD4', ip: '192.168.1.34', os.name: 'Windows 10', os.arch: 'amd64', os.version: '10.0', java.version: '1.8.0_161'
Driver info: org.openqa.selenium.chrome.ChromeDriver
Capabilities [{applicationCacheEnabled=false, rotatable=false, mobileEmulationEnabled=false, networkConnectionEnabled=false, chrome={chromedriverVersion=2.36.540470 (e522d04694c7ebea4ba8821272dbef4f9b818c91), userDataDir=C:\Users\vaps\AppData\Local\Temp\scoped_dir4012_30264}, takesHeapSnapshot=true, pageLoadStrategy=normal, databaseEnabled=false, handlesAlerts=true, hasTouchScreen=false, version=65.0.3325.181, platform=XP, browserConnectionEnabled=false, nativeEvents=true, acceptSslCerts=false, acceptInsecureCerts=false, locationContextEnabled=true, webStorageEnabled=true, browserName=chrome, takesScreenshot=true, javascriptEnabled=true, cssSelectorsEnabled=true, setWindowRect=true, unexpectedAlertBehaviour=}]
Session ID: 62768a67894ddd8190a0cc51152bf332
	at org.openqa.selenium.remote.ErrorHandler.createThrowable(ErrorHandler.java:216)
	at org.openqa.selenium.remote.ErrorHandler.throwIfResponseFailed(ErrorHandler.java:168)
	at org.openqa.selenium.remote.RemoteWebDriver.execute(RemoteWebDriver.java:635)
	at org.openqa.selenium.remote.RemoteWebDriver.execute(RemoteWebDriver.java:658)
	at org.openqa.selenium.remote.RemoteWebDriver.getScreenshotAs(RemoteWebDriver.java:340)
	at com.test.automation.uiAutomation.testBase.TestBase.getScreenShot(TestBase.java:197)
	at com.test.automation.uiAutomation.Fee.TC_Masters.Tc_Masters_Fee_Group_YearlyGroup.tcClickOn_YearlyGroupTab(Tc_Masters_Fee_Group_YearlyGroup.java:126)
... Removed 29 stack frames]]>
    </failure>
  </testcase> <!-- tcClickOn_YearlyGroupTab -->
  <testcase name="tcSelectCompulsorycheckbox" time="0.0" classname="com.test.automation.uiAutomation.Fee.TC_Masters.Tc_Masters_Fee_Group_MasterGroup">
    <skipped/>
  </testcase> <!-- tcSelectCompulsorycheckbox -->
  <testcase name="tcAcademicYearAndGroupsSelection_YearlyGroup" time="0.0" classname="com.test.automation.uiAutomation.Fee.TC_Masters.Tc_Masters_Fee_Group_YearlyGroup">
    <skipped/>
  </testcase> <!-- tcAcademicYearAndGroupsSelection_YearlyGroup -->
  <testcase name="tcAcademicYearAndGroupsSelection_YearlyGroup" time="0.0" classname="com.test.automation.uiAutomation.Fee.TC_Masters.Tc_Masters_Fee_Group_YearlyGroup">
    <skipped/>
  </testcase> <!-- tcAcademicYearAndGroupsSelection_YearlyGroup -->
  <testcase name="tcClickOnSaveButton" time="0.001" classname="com.test.automation.uiAutomation.Fee.TC_Masters.Tc_Masters_Fee_Group_MasterGroup">
    <skipped/>
  </testcase> <!-- tcClickOnSaveButton -->
  <testcase name="tcClickOnSaveButton_YearlyGroup" time="0.005" classname="com.test.automation.uiAutomation.Fee.TC_Masters.Tc_Masters_Fee_Group_YearlyGroup">
    <skipped/>
  </testcase> <!-- tcClickOnSaveButton_YearlyGroup -->
  <testcase name="tcVerifySuccessfulPopUp" time="0.0" classname="com.test.automation.uiAutomation.Fee.TC_Masters.Tc_Masters_Fee_Group_MasterGroup">
    <skipped/>
  </testcase> <!-- tcVerifySuccessfulPopUp -->
  <testcase name="tcVerifySuccessfulPopUp" time="0.001" classname="com.test.automation.uiAutomation.Fee.TC_Masters.Tc_Masters_Fee_Group_YearlyGroup">
    <skipped/>
  </testcase> <!-- tcVerifySuccessfulPopUp -->
  <testcase name="tcClickOnSuccessOkBtn" time="0.0" classname="com.test.automation.uiAutomation.Fee.TC_Masters.Tc_Masters_Fee_Group_MasterGroup">
    <skipped/>
  </testcase> <!-- tcClickOnSuccessOkBtn -->
  <testcase name="tcClickOnSuccessOkBtn_YearlyGroup" time="0.0" classname="com.test.automation.uiAutomation.Fee.TC_Masters.Tc_Masters_Fee_Group_YearlyGroup">
    <skipped/>
  </testcase> <!-- tcClickOnSuccessOkBtn_YearlyGroup -->
</testsuite> <!-- HomePageTest -->
