<!DOCTYPE html PUBLIC "-//W3C//DTD XHTML 1.1//EN" "http://www.w3.org/TR/xhtml11/DTD/xhtml11.dtd">
<html xmlns="http://www.w3.org/1999/xhtml"><head><title>TestNG Report</title><style type="text/css">table {margin-bottom:10px;border-collapse:collapse;empty-cells:show}th,td {border:1px solid #009;padding:.25em .5em}th {vertical-align:bottom}td {vertical-align:top}table a {font-weight:bold}.stripe td {background-color: #E6EBF9}.num {text-align:right}.passedodd td {background-color: #3F3}.passedeven td {background-color: #0A0}.skippedodd td {background-color: #DDD}.skippedeven td {background-color: #CCC}.failedodd td,.attn {background-color: #F33}.failedeven td,.stripe .attn {background-color: #D00}.stacktrace {white-space:pre;font-family:monospace}.totop {font-size:85%;text-align:center;border-bottom:2px solid #000}</style></head><body><table><tr><th>Test</th><th># Passed</th><th># Skipped</th><th># Failed</th><th>Time (ms)</th><th>Included Groups</th><th>Excluded Groups</th></tr><tr><th colspan="7">Default suite</th></tr><tr><td><a href="#t0">Default test</a></td><td class="num">8</td><td class="num attn">4</td><td class="num">0</td><td class="num">66,548</td><td></td><td></td></tr></table><table><thead><tr><th>Class</th><th>Method</th><th>Start</th><th>Time (ms)</th></tr></thead><tbody><tr><th colspan="4">Default suite</th></tr></tbody><tbody id="t0"><tr><th colspan="4">Default test &#8212; skipped</th></tr><tr class="skippedeven"><td rowspan="4">com.test.automation.uiAutomation.Fee.TC_Masters.TC_Configuration_Fee_Standard</td><td><a href="#m0">loginToappWithrequiredCredentials</a></td><td rowspan="4">1527248005406</td><td rowspan="4">1</td></tr><tr class="skippedeven"><td><a href="#m1">loginToappWithrequiredCredentials</a></td></tr><tr class="skippedeven"><td><a href="#m2">loginToappWithrequiredCredentials</a></td></tr><tr class="skippedeven"><td><a href="#m3">loginToappWithrequiredCredentials</a></td></tr><tr><th colspan="4">Default test &#8212; passed</th></tr><tr class="passedeven"><td rowspan="8">com.test.automation.uiAutomation.Fee.TC_Masters.TC_Configuration_Fee_Standard</td><td><a href="#m4">loginToappWithrequiredCredentials</a></td><td rowspan="1">1527247985377</td><td rowspan="1">20025</td></tr><tr class="passedeven"><td><a href="#m5">tcClickedOnSaveButton</a></td><td rowspan="1">1527248026266</td><td rowspan="1">7422</td></tr><tr class="passedeven"><td><a href="#m6">tcHomeButtonValidation</a></td><td rowspan="1">1527248005409</td><td rowspan="1">10339</td></tr><tr class="passedeven"><td><a href="#m7">tcNevigateTofeeStandard</a></td><td rowspan="1">1527248015750</td><td rowspan="1">4210</td></tr><tr class="passedeven"><td><a href="#m8">tcSelectCardTypeAndEnterCharges</a></td><td rowspan="1">1527248022621</td><td rowspan="1">3643</td></tr><tr class="passedeven"><td><a href="#m9">tcSelectConcessionProcess</a></td><td rowspan="1">1527248021251</td><td rowspan="1">1367</td></tr><tr class="passedeven"><td><a href="#m10">tcSelectFeeGroupRadioBtn</a></td><td rowspan="1">1527248019961</td><td rowspan="1">1289</td></tr><tr class="passedeven"><td><a href="#m11">tcSuccessMessagevalidationAndConfirmation</a></td><td rowspan="1">1527248033690</td><td rowspan="1">4422</td></tr></tbody></table><h2>Default test</h2><h3 id="m0">com.test.automation.uiAutomation.Fee.TC_Masters.TC_Configuration_Fee_Standard#loginToappWithrequiredCredentials</h3><table class="result"><tr class="param"><th>Parameter #1</th><th>Parameter #2</th><th>Parameter #3</th></tr><tr class="param stripe"><td>Rakesh</td><td>Rakesh@321</td><td>N</td></tr><tr><th colspan="3">Exception</th></tr><tr><td colspan="3"><div class="stacktrace">org.testng.SkipException: user marked this record as no run
	at com.test.automation.uiAutomation.Fee.TC_Masters.TC_Configuration_Fee_Standard.loginToappWithrequiredCredentials(TC_Configuration_Fee_Standard.java:49)
	at sun.reflect.NativeMethodAccessorImpl.invoke0(Native Method)
	at sun.reflect.NativeMethodAccessorImpl.invoke(Unknown Source)
	at sun.reflect.DelegatingMethodAccessorImpl.invoke(Unknown Source)
	at java.lang.reflect.Method.invoke(Unknown Source)
	at org.testng.internal.MethodInvocationHelper.invokeMethod(MethodInvocationHelper.java:104)
	at org.testng.internal.Invoker.invokeMethod(Invoker.java:645)
	at org.testng.internal.Invoker.invokeTestMethod(Invoker.java:851)
	at org.testng.internal.Invoker.invokeTestMethods(Invoker.java:1177)
	at org.testng.internal.TestMethodWorker.invokeTestMethods(TestMethodWorker.java:129)
	at org.testng.internal.TestMethodWorker.run(TestMethodWorker.java:112)
	at org.testng.TestRunner.privateRun(TestRunner.java:756)
	at org.testng.TestRunner.run(TestRunner.java:610)
	at org.testng.SuiteRunner.runTest(SuiteRunner.java:387)
	at org.testng.SuiteRunner.runSequentially(SuiteRunner.java:382)
	at org.testng.SuiteRunner.privateRun(SuiteRunner.java:340)
	at org.testng.SuiteRunner.run(SuiteRunner.java:289)
	at org.testng.SuiteRunnerWorker.runSuite(SuiteRunnerWorker.java:52)
	at org.testng.SuiteRunnerWorker.run(SuiteRunnerWorker.java:86)
	at org.testng.TestNG.runSuitesSequentially(TestNG.java:1293)
	at org.testng.TestNG.runSuitesLocally(TestNG.java:1218)
	at org.testng.TestNG.runSuites(TestNG.java:1133)
	at org.testng.TestNG.run(TestNG.java:1104)
	at org.testng.remote.AbstractRemoteTestNG.run(AbstractRemoteTestNG.java:132)
	at org.testng.remote.RemoteTestNG.initAndRun(RemoteTestNG.java:230)
	at org.testng.remote.RemoteTestNG.main(RemoteTestNG.java:76)
</div></td></tr></table><p class="totop"><a href="#summary">back to summary</a></p><h3 id="m1">com.test.automation.uiAutomation.Fee.TC_Masters.TC_Configuration_Fee_Standard#loginToappWithrequiredCredentials</h3><table class="result"><tr class="param"><th>Parameter #1</th><th>Parameter #2</th><th>Parameter #3</th></tr><tr class="param stripe"><td>arvind</td><td>VapsTech@121</td><td>N</td></tr><tr><th colspan="3">Exception</th></tr><tr><td colspan="3"><div class="stacktrace">org.testng.SkipException: user marked this record as no run
	at com.test.automation.uiAutomation.Fee.TC_Masters.TC_Configuration_Fee_Standard.loginToappWithrequiredCredentials(TC_Configuration_Fee_Standard.java:49)
	at sun.reflect.NativeMethodAccessorImpl.invoke0(Native Method)
	at sun.reflect.NativeMethodAccessorImpl.invoke(Unknown Source)
	at sun.reflect.DelegatingMethodAccessorImpl.invoke(Unknown Source)
	at java.lang.reflect.Method.invoke(Unknown Source)
	at org.testng.internal.MethodInvocationHelper.invokeMethod(MethodInvocationHelper.java:104)
	at org.testng.internal.Invoker.invokeMethod(Invoker.java:645)
	at org.testng.internal.Invoker.invokeTestMethod(Invoker.java:851)
	at org.testng.internal.Invoker.invokeTestMethods(Invoker.java:1177)
	at org.testng.internal.TestMethodWorker.invokeTestMethods(TestMethodWorker.java:129)
	at org.testng.internal.TestMethodWorker.run(TestMethodWorker.java:112)
	at org.testng.TestRunner.privateRun(TestRunner.java:756)
	at org.testng.TestRunner.run(TestRunner.java:610)
	at org.testng.SuiteRunner.runTest(SuiteRunner.java:387)
	at org.testng.SuiteRunner.runSequentially(SuiteRunner.java:382)
	at org.testng.SuiteRunner.privateRun(SuiteRunner.java:340)
	at org.testng.SuiteRunner.run(SuiteRunner.java:289)
	at org.testng.SuiteRunnerWorker.runSuite(SuiteRunnerWorker.java:52)
	at org.testng.SuiteRunnerWorker.run(SuiteRunnerWorker.java:86)
	at org.testng.TestNG.runSuitesSequentially(TestNG.java:1293)
	at org.testng.TestNG.runSuitesLocally(TestNG.java:1218)
	at org.testng.TestNG.runSuites(TestNG.java:1133)
	at org.testng.TestNG.run(TestNG.java:1104)
	at org.testng.remote.AbstractRemoteTestNG.run(AbstractRemoteTestNG.java:132)
	at org.testng.remote.RemoteTestNG.initAndRun(RemoteTestNG.java:230)
	at org.testng.remote.RemoteTestNG.main(RemoteTestNG.java:76)
</div></td></tr></table><p class="totop"><a href="#summary">back to summary</a></p><h3 id="m2">com.test.automation.uiAutomation.Fee.TC_Masters.TC_Configuration_Fee_Standard#loginToappWithrequiredCredentials</h3><table class="result"><tr class="param"><th>Parameter #1</th><th>Parameter #2</th><th>Parameter #3</th></tr><tr class="param stripe"><td>Radha</td><td>Radha@123</td><td>N</td></tr><tr><th colspan="3">Exception</th></tr><tr><td colspan="3"><div class="stacktrace">org.testng.SkipException: user marked this record as no run
	at com.test.automation.uiAutomation.Fee.TC_Masters.TC_Configuration_Fee_Standard.loginToappWithrequiredCredentials(TC_Configuration_Fee_Standard.java:49)
	at sun.reflect.NativeMethodAccessorImpl.invoke0(Native Method)
	at sun.reflect.NativeMethodAccessorImpl.invoke(Unknown Source)
	at sun.reflect.DelegatingMethodAccessorImpl.invoke(Unknown Source)
	at java.lang.reflect.Method.invoke(Unknown Source)
	at org.testng.internal.MethodInvocationHelper.invokeMethod(MethodInvocationHelper.java:104)
	at org.testng.internal.Invoker.invokeMethod(Invoker.java:645)
	at org.testng.internal.Invoker.invokeTestMethod(Invoker.java:851)
	at org.testng.internal.Invoker.invokeTestMethods(Invoker.java:1177)
	at org.testng.internal.TestMethodWorker.invokeTestMethods(TestMethodWorker.java:129)
	at org.testng.internal.TestMethodWorker.run(TestMethodWorker.java:112)
	at org.testng.TestRunner.privateRun(TestRunner.java:756)
	at org.testng.TestRunner.run(TestRunner.java:610)
	at org.testng.SuiteRunner.runTest(SuiteRunner.java:387)
	at org.testng.SuiteRunner.runSequentially(SuiteRunner.java:382)
	at org.testng.SuiteRunner.privateRun(SuiteRunner.java:340)
	at org.testng.SuiteRunner.run(SuiteRunner.java:289)
	at org.testng.SuiteRunnerWorker.runSuite(SuiteRunnerWorker.java:52)
	at org.testng.SuiteRunnerWorker.run(SuiteRunnerWorker.java:86)
	at org.testng.TestNG.runSuitesSequentially(TestNG.java:1293)
	at org.testng.TestNG.runSuitesLocally(TestNG.java:1218)
	at org.testng.TestNG.runSuites(TestNG.java:1133)
	at org.testng.TestNG.run(TestNG.java:1104)
	at org.testng.remote.AbstractRemoteTestNG.run(AbstractRemoteTestNG.java:132)
	at org.testng.remote.RemoteTestNG.initAndRun(RemoteTestNG.java:230)
	at org.testng.remote.RemoteTestNG.main(RemoteTestNG.java:76)
</div></td></tr></table><p class="totop"><a href="#summary">back to summary</a></p><h3 id="m3">com.test.automation.uiAutomation.Fee.TC_Masters.TC_Configuration_Fee_Standard#loginToappWithrequiredCredentials</h3><table class="result"><tr class="param"><th>Parameter #1</th><th>Parameter #2</th><th>Parameter #3</th></tr><tr class="param stripe"><td>RR</td><td>Password@123</td><td>N</td></tr><tr><th colspan="3">Exception</th></tr><tr><td colspan="3"><div class="stacktrace">org.testng.SkipException: user marked this record as no run
	at com.test.automation.uiAutomation.Fee.TC_Masters.TC_Configuration_Fee_Standard.loginToappWithrequiredCredentials(TC_Configuration_Fee_Standard.java:49)
	at sun.reflect.NativeMethodAccessorImpl.invoke0(Native Method)
	at sun.reflect.NativeMethodAccessorImpl.invoke(Unknown Source)
	at sun.reflect.DelegatingMethodAccessorImpl.invoke(Unknown Source)
	at java.lang.reflect.Method.invoke(Unknown Source)
	at org.testng.internal.MethodInvocationHelper.invokeMethod(MethodInvocationHelper.java:104)
	at org.testng.internal.Invoker.invokeMethod(Invoker.java:645)
	at org.testng.internal.Invoker.invokeTestMethod(Invoker.java:851)
	at org.testng.internal.Invoker.invokeTestMethods(Invoker.java:1177)
	at org.testng.internal.TestMethodWorker.invokeTestMethods(TestMethodWorker.java:129)
	at org.testng.internal.TestMethodWorker.run(TestMethodWorker.java:112)
	at org.testng.TestRunner.privateRun(TestRunner.java:756)
	at org.testng.TestRunner.run(TestRunner.java:610)
	at org.testng.SuiteRunner.runTest(SuiteRunner.java:387)
	at org.testng.SuiteRunner.runSequentially(SuiteRunner.java:382)
	at org.testng.SuiteRunner.privateRun(SuiteRunner.java:340)
	at org.testng.SuiteRunner.run(SuiteRunner.java:289)
	at org.testng.SuiteRunnerWorker.runSuite(SuiteRunnerWorker.java:52)
	at org.testng.SuiteRunnerWorker.run(SuiteRunnerWorker.java:86)
	at org.testng.TestNG.runSuitesSequentially(TestNG.java:1293)
	at org.testng.TestNG.runSuitesLocally(TestNG.java:1218)
	at org.testng.TestNG.runSuites(TestNG.java:1133)
	at org.testng.TestNG.run(TestNG.java:1104)
	at org.testng.remote.AbstractRemoteTestNG.run(AbstractRemoteTestNG.java:132)
	at org.testng.remote.RemoteTestNG.initAndRun(RemoteTestNG.java:230)
	at org.testng.remote.RemoteTestNG.main(RemoteTestNG.java:76)
</div></td></tr></table><p class="totop"><a href="#summary">back to summary</a></p><h3 id="m4">com.test.automation.uiAutomation.Fee.TC_Masters.TC_Configuration_Fee_Standard#loginToappWithrequiredCredentials</h3><table class="result"><tr class="param"><th>Parameter #1</th><th>Parameter #2</th><th>Parameter #3</th></tr><tr class="param stripe"><td>Rakesh</td><td>Password@123</td><td>Y</td></tr><tr><th colspan="3">Messages</th></tr><tr><td colspan="3"><div class="messages"><a href='C:\Users\vaps\Desktop\IVRMPORTAL\src\main\java\com\test\automation\uiAutomation\screenshot\Login Page_25_05_2018_05_03_05.png'> <img src='C:\Users\vaps\Desktop\IVRMPORTAL\src\main\java\com\test\automation\uiAutomation\screenshot\Login Page_25_05_2018_05_03_05.png' height='100' width='100'/> </a><br/>entered user name:-Rakesh and object is [[ChromeDriver: chrome on XP (1db9f176ccaa4ffeae4517d94ddc22ea)] -> xpath: //input[@id='login-username']]<br/>entered password:-Password@123 and object is [[ChromeDriver: chrome on XP (1db9f176ccaa4ffeae4517d94ddc22ea)] -> xpath: //input[@id='login-password']]<br/>cliked on login button and object is:-[[ChromeDriver: chrome on XP (1db9f176ccaa4ffeae4517d94ddc22ea)] -> xpath: //div[@class='col-xs-4']/button[2]]<br/>Home button is dispalyed and object is:-[[ChromeDriver: chrome on XP (1db9f176ccaa4ffeae4517d94ddc22ea)] -> xpath: //*[@id='style-4']/section/ul/li[1]/a/span]<br/><a href='C:\Users\vaps\Desktop\IVRMPORTAL\src\main\java\com\test\automation\uiAutomation\screenshot\loginToappWithrequiredCredentials_25_05_2018_05_03_25.png'> <img src='C:\Users\vaps\Desktop\IVRMPORTAL\src\main\java\com\test\automation\uiAutomation\screenshot\loginToappWithrequiredCredentials_25_05_2018_05_03_25.png' height='100' width='100'/> </a></div></td></tr></table><p class="totop"><a href="#summary">back to summary</a></p><h3 id="m5">com.test.automation.uiAutomation.Fee.TC_Masters.TC_Configuration_Fee_Standard#tcClickedOnSaveButton</h3><table class="result"><tr><th>Messages</th></tr><tr><td><div class="messages">clicked on save button and object is:-[[ChromeDriver: chrome on XP (1db9f176ccaa4ffeae4517d94ddc22ea)] -> xpath: //button[@id='save-btn']]<br/><a href='C:\Users\vaps\Desktop\IVRMPORTAL\src\main\java\com\test\automation\uiAutomation\screenshot\tcClickedOnSaveButton_25_05_2018_05_03_53.png'> <img src='C:\Users\vaps\Desktop\IVRMPORTAL\src\main\java\com\test\automation\uiAutomation\screenshot\tcClickedOnSaveButton_25_05_2018_05_03_53.png' height='100' width='100'/> </a></div></td></tr></table><p class="totop"><a href="#summary">back to summary</a></p><h3 id="m6">com.test.automation.uiAutomation.Fee.TC_Masters.TC_Configuration_Fee_Standard#tcHomeButtonValidation</h3><table class="result"><tr><th>Messages</th></tr><tr><td><div class="messages">Home button is dispalyed and object is:-[[ChromeDriver: chrome on XP (1db9f176ccaa4ffeae4517d94ddc22ea)] -> xpath: //aside[@id='style-4']/section/ul/li[1]]<br/><a href='C:\Users\vaps\Desktop\IVRMPORTAL\src\main\java\com\test\automation\uiAutomation\screenshot\tcHomeButtonValidation_25_05_2018_05_03_35.png'> <img src='C:\Users\vaps\Desktop\IVRMPORTAL\src\main\java\com\test\automation\uiAutomation\screenshot\tcHomeButtonValidation_25_05_2018_05_03_35.png' height='100' width='100'/> </a></div></td></tr></table><p class="totop"><a href="#summary">back to summary</a></p><h3 id="m7">com.test.automation.uiAutomation.Fee.TC_Masters.TC_Configuration_Fee_Standard#tcNevigateTofeeStandard</h3><table class="result"><tr><th>Messages</th></tr><tr><td><div class="messages">Clicked on Fee Button and object is:-[[ChromeDriver: chrome on XP (1db9f176ccaa4ffeae4517d94ddc22ea)] -> xpath: //span[contains(text(),'Fees')]/preceding-sibling::button]<br/>Clicked on Fee Configuration Button and object is:-[[ChromeDriver: chrome on XP (1db9f176ccaa4ffeae4517d94ddc22ea)] -> xpath: //span[contains(text(),'Fees')]/preceding-sibling::button/following::span[contains(text(),'Configuration')][1]]<br/>Clicked on Fee Standard Button and object is:-[[ChromeDriver: chrome on XP (1db9f176ccaa4ffeae4517d94ddc22ea)] -> xpath: //span[contains(text(),'Fees')]/preceding-sibling::button/following::span[contains(text(),'Configuration')][1]/following::li[1]]<br/><a href='C:\Users\vaps\Desktop\IVRMPORTAL\src\main\java\com\test\automation\uiAutomation\screenshot\tcNevigateTofeeStandard_25_05_2018_05_03_39.png'> <img src='C:\Users\vaps\Desktop\IVRMPORTAL\src\main\java\com\test\automation\uiAutomation\screenshot\tcNevigateTofeeStandard_25_05_2018_05_03_39.png' height='100' width='100'/> </a></div></td></tr></table><p class="totop"><a href="#summary">back to summary</a></p><h3 id="m8">com.test.automation.uiAutomation.Fee.TC_Masters.TC_Configuration_Fee_Standard#tcSelectCardTypeAndEnterCharges</h3><table class="result"><tr><th>Messages</th></tr><tr><td><div class="messages">Card type check box is selected and object is:-[[ChromeDriver: chrome on XP (1db9f176ccaa4ffeae4517d94ddc22ea)] -> xpath: //span[contains(text(),'Card Type')]]<br/>entered debit card transaction charge:-10 and object is [[ChromeDriver: chrome on XP (1db9f176ccaa4ffeae4517d94ddc22ea)] -> xpath: //label[contains(text(),'Debit Card Charges:')]/following-sibling::div/input]<br/>entered credit card transaction charge:-15 and object is [[ChromeDriver: chrome on XP (1db9f176ccaa4ffeae4517d94ddc22ea)] -> xpath: //label[contains(text(),'Credit Card Charges:')]/following-sibling::div/input]<br/><a href='C:\Users\vaps\Desktop\IVRMPORTAL\src\main\java\com\test\automation\uiAutomation\screenshot\tcSelectCardTypeAndEnterCharges_25_05_2018_05_03_45.png'> <img src='C:\Users\vaps\Desktop\IVRMPORTAL\src\main\java\com\test\automation\uiAutomation\screenshot\tcSelectCardTypeAndEnterCharges_25_05_2018_05_03_45.png' height='100' width='100'/> </a></div></td></tr></table><p class="totop"><a href="#summary">back to summary</a></p><h3 id="m9">com.test.automation.uiAutomation.Fee.TC_Masters.TC_Configuration_Fee_Standard#tcSelectConcessionProcess</h3><table class="result"><tr><th>Messages</th></tr><tr><td><div class="messages">Concession Process check box is selected and object is:-[[ChromeDriver: chrome on XP (1db9f176ccaa4ffeae4517d94ddc22ea)] -> xpath: //span[contains(text(),'Concession Process')]]<br/><a href='C:\Users\vaps\Desktop\IVRMPORTAL\src\main\java\com\test\automation\uiAutomation\screenshot\tcSelectConcessionProcess_25_05_2018_05_03_42.png'> <img src='C:\Users\vaps\Desktop\IVRMPORTAL\src\main\java\com\test\automation\uiAutomation\screenshot\tcSelectConcessionProcess_25_05_2018_05_03_42.png' height='100' width='100'/> </a></div></td></tr></table><p class="totop"><a href="#summary">back to summary</a></p><h3 id="m10">com.test.automation.uiAutomation.Fee.TC_Masters.TC_Configuration_Fee_Standard#tcSelectFeeGroupRadioBtn</h3><table class="result"><tr><th>Messages</th></tr><tr><td><div class="messages">Fee Group radio Button is already selected [[ChromeDriver: chrome on XP (1db9f176ccaa4ffeae4517d94ddc22ea)] -> xpath: //label[@class='radio-inline']/child::span[contains(text(),'Fee Group')]/preceding-sibling::input]<br/><a href='C:\Users\vaps\Desktop\IVRMPORTAL\src\main\java\com\test\automation\uiAutomation\screenshot\tcSelectFeeGroupRadioBtn_25_05_2018_05_03_40.png'> <img src='C:\Users\vaps\Desktop\IVRMPORTAL\src\main\java\com\test\automation\uiAutomation\screenshot\tcSelectFeeGroupRadioBtn_25_05_2018_05_03_40.png' height='100' width='100'/> </a></div></td></tr></table><p class="totop"><a href="#summary">back to summary</a></p><h3 id="m11">com.test.automation.uiAutomation.Fee.TC_Masters.TC_Configuration_Fee_Standard#tcSuccessMessagevalidationAndConfirmation</h3><table class="result"><tr><th>Messages</th></tr><tr><td><div class="messages">Record saved successfully is dispalyed and object is:-[[ChromeDriver: chrome on XP (1db9f176ccaa4ffeae4517d94ddc22ea)] -> xpath: //body[@id='style-4']/div[5]/h2]<br/>Clicked on Ok button of success confirmation and object is:-[[ChromeDriver: chrome on XP (1db9f176ccaa4ffeae4517d94ddc22ea)] -> xpath: //body[@id='style-4']/div[5]/div[7]/div/button]<br/><a href='C:\Users\vaps\Desktop\IVRMPORTAL\src\main\java\com\test\automation\uiAutomation\screenshot\tcSuccessMessagevalidationAndConfirmation_25_05_2018_05_03_57.png'> <img src='C:\Users\vaps\Desktop\IVRMPORTAL\src\main\java\com\test\automation\uiAutomation\screenshot\tcSuccessMessagevalidationAndConfirmation_25_05_2018_05_03_57.png' height='100' width='100'/> </a></div></td></tr></table><p class="totop"><a href="#summary">back to summary</a></p></body></html>