<!DOCTYPE html>

<html>
  <head>
  <meta charset='utf-8'>
  <title>TestNG reports</title>

    <link type="text/css" href="testng-reports.css" rel="stylesheet" />  
    <script type="text/javascript" src="jquery-1.7.1.min.js"></script>
    <script type="text/javascript" src="testng-reports.js"></script>
    <script type="text/javascript" src="https://www.google.com/jsapi"></script>
    <script type='text/javascript'>
      google.load('visualization', '1', {packages:['table']});
      google.setOnLoadCallback(drawTable);
      var suiteTableInitFunctions = new Array();
      var suiteTableData = new Array();
    </script>
    <!--
      <script type="text/javascript" src="jquery-ui/js/jquery-ui-1.8.16.custom.min.js"></script>
     -->
  </head>

  <body>
    <div class="top-banner-root">
      <span class="top-banner-title-font">Test results</span>
      <br/>
      <span class="top-banner-font-1">1 suite</span>
    </div> <!-- top-banner-root -->
    <div class="navigator-root">
      <div class="navigator-suite-header">
        <span>All suites</span>
        <a href="#" class="collapse-all-link" title="Collapse/expand all the suites">
          <img class="collapse-all-icon" src="collapseall.gif">
          </img> <!-- collapse-all-icon -->
        </a> <!-- collapse-all-link -->
      </div> <!-- navigator-suite-header -->
      <div class="suite">
        <div class="rounded-window">
          <div class="suite-header light-rounded-window-top">
            <a href="#" class="navigator-link" panel-name="suite-Default_suite">
              <span class="suite-name border-skipped">Default suite</span>
            </a> <!-- navigator-link -->
          </div> <!-- suite-header light-rounded-window-top -->
          <div class="navigator-suite-content">
            <div class="suite-section-title">
              <span>Info</span>
            </div> <!-- suite-section-title -->
            <div class="suite-section-content">
              <ul>
                <li>
                  <a href="#" class="navigator-link " panel-name="test-xml-Default_suite">
                    <span>C:\Users\vaps\AppData\Local\Temp\testng-eclipse--1224729921\testng-customsuite.xml</span>
                  </a> <!-- navigator-link  -->
                </li>
                <li>
                  <a href="#" class="navigator-link " panel-name="testlist-Default_suite">
                    <span class="test-stats">1 test</span>
                  </a> <!-- navigator-link  -->
                </li>
                <li>
                  <a href="#" class="navigator-link " panel-name="group-Default_suite">
                    <span>0 groups</span>
                  </a> <!-- navigator-link  -->
                </li>
                <li>
                  <a href="#" class="navigator-link " panel-name="times-Default_suite">
                    <span>Times</span>
                  </a> <!-- navigator-link  -->
                </li>
                <li>
                  <a href="#" class="navigator-link " panel-name="reporter-Default_suite">
                    <span>Reporter output</span>
                  </a> <!-- navigator-link  -->
                </li>
                <li>
                  <a href="#" class="navigator-link " panel-name="ignored-methods-Default_suite">
                    <span>Ignored methods</span>
                  </a> <!-- navigator-link  -->
                </li>
                <li>
                  <a href="#" class="navigator-link " panel-name="chronological-Default_suite">
                    <span>Chronological view</span>
                  </a> <!-- navigator-link  -->
                </li>
              </ul>
            </div> <!-- suite-section-content -->
            <div class="result-section">
              <div class="suite-section-title">
                <span>Results</span>
              </div> <!-- suite-section-title -->
              <div class="suite-section-content">
                <ul>
                  <li>
                    <span class="method-stats">12 methods,  4 skipped,  8 passed</span>
                  </li>
                  <li>
                    <span class="method-list-title skipped">Skipped methods</span>
                    <span class="show-or-hide-methods skipped">
                      <a href="#" panel-name="suite-Default_suite" class="hide-methods skipped suite-Default_suite"> (hide)</a> <!-- hide-methods skipped suite-Default_suite -->
                      <a href="#" panel-name="suite-Default_suite" class="show-methods skipped suite-Default_suite"> (show)</a> <!-- show-methods skipped suite-Default_suite -->
                    </span>
                    <div class="method-list-content skipped suite-Default_suite">
                      <span>
                        <img width="3%" src="skipped.png"/>
                        <a href="#" class="method navigator-link" panel-name="suite-Default_suite" title="com.test.automation.uiAutomation.Fee.TC_Masters.TC_Configuration_Fee_Standard" hash-for-method="loginToappWithrequiredCredentials(Rakesh, Rakesh@321, N)">loginToappWithrequiredCredentials(Rakesh, Rakesh@321, N)</a> <!-- method navigator-link -->
                      </span>
                      <br/>
                      <span>
                        <img width="3%" src="skipped.png"/>
                        <a href="#" class="method navigator-link" panel-name="suite-Default_suite" title="com.test.automation.uiAutomation.Fee.TC_Masters.TC_Configuration_Fee_Standard" hash-for-method="loginToappWithrequiredCredentials(arvind, VapsTech@121, N)">loginToappWithrequiredCredentials(arvind, VapsTech@121, N)</a> <!-- method navigator-link -->
                      </span>
                      <br/>
                      <span>
                        <img width="3%" src="skipped.png"/>
                        <a href="#" class="method navigator-link" panel-name="suite-Default_suite" title="com.test.automation.uiAutomation.Fee.TC_Masters.TC_Configuration_Fee_Standard" hash-for-method="loginToappWithrequiredCredentials(Radha, Radha@123, N)">loginToappWithrequiredCredentials(Radha, Radha@123, N)</a> <!-- method navigator-link -->
                      </span>
                      <br/>
                      <span>
                        <img width="3%" src="skipped.png"/>
                        <a href="#" class="method navigator-link" panel-name="suite-Default_suite" title="com.test.automation.uiAutomation.Fee.TC_Masters.TC_Configuration_Fee_Standard" hash-for-method="loginToappWithrequiredCredentials(RR, Password@123, N)">loginToappWithrequiredCredentials(RR, Password@123, N)</a> <!-- method navigator-link -->
                      </span>
                      <br/>
                    </div> <!-- method-list-content skipped suite-Default_suite -->
                  </li>
                  <li>
                    <span class="method-list-title passed">Passed methods</span>
                    <span class="show-or-hide-methods passed">
                      <a href="#" panel-name="suite-Default_suite" class="hide-methods passed suite-Default_suite"> (hide)</a> <!-- hide-methods passed suite-Default_suite -->
                      <a href="#" panel-name="suite-Default_suite" class="show-methods passed suite-Default_suite"> (show)</a> <!-- show-methods passed suite-Default_suite -->
                    </span>
                    <div class="method-list-content passed suite-Default_suite">
                      <span>
                        <img width="3%" src="passed.png"/>
                        <a href="#" class="method navigator-link" panel-name="suite-Default_suite" title="com.test.automation.uiAutomation.Fee.TC_Masters.TC_Configuration_Fee_Standard" hash-for-method="loginToappWithrequiredCredentials(Rakesh, Password@123, Y)">loginToappWithrequiredCredentials(Rakesh, Password@123, Y)</a> <!-- method navigator-link -->
                      </span>
                      <br/>
                      <span>
                        <img width="3%" src="passed.png"/>
                        <a href="#" class="method navigator-link" panel-name="suite-Default_suite" title="com.test.automation.uiAutomation.Fee.TC_Masters.TC_Configuration_Fee_Standard" hash-for-method="tcClickedOnSaveButton">tcClickedOnSaveButton</a> <!-- method navigator-link -->
                      </span>
                      <br/>
                      <span>
                        <img width="3%" src="passed.png"/>
                        <a href="#" class="method navigator-link" panel-name="suite-Default_suite" title="com.test.automation.uiAutomation.Fee.TC_Masters.TC_Configuration_Fee_Standard" hash-for-method="tcHomeButtonValidation">tcHomeButtonValidation</a> <!-- method navigator-link -->
                      </span>
                      <br/>
                      <span>
                        <img width="3%" src="passed.png"/>
                        <a href="#" class="method navigator-link" panel-name="suite-Default_suite" title="com.test.automation.uiAutomation.Fee.TC_Masters.TC_Configuration_Fee_Standard" hash-for-method="tcNevigateTofeeStandard">tcNevigateTofeeStandard</a> <!-- method navigator-link -->
                      </span>
                      <br/>
                      <span>
                        <img width="3%" src="passed.png"/>
                        <a href="#" class="method navigator-link" panel-name="suite-Default_suite" title="com.test.automation.uiAutomation.Fee.TC_Masters.TC_Configuration_Fee_Standard" hash-for-method="tcSelectCardTypeAndEnterCharges">tcSelectCardTypeAndEnterCharges</a> <!-- method navigator-link -->
                      </span>
                      <br/>
                      <span>
                        <img width="3%" src="passed.png"/>
                        <a href="#" class="method navigator-link" panel-name="suite-Default_suite" title="com.test.automation.uiAutomation.Fee.TC_Masters.TC_Configuration_Fee_Standard" hash-for-method="tcSelectConcessionProcess">tcSelectConcessionProcess</a> <!-- method navigator-link -->
                      </span>
                      <br/>
                      <span>
                        <img width="3%" src="passed.png"/>
                        <a href="#" class="method navigator-link" panel-name="suite-Default_suite" title="com.test.automation.uiAutomation.Fee.TC_Masters.TC_Configuration_Fee_Standard" hash-for-method="tcSelectFeeGroupRadioBtn">tcSelectFeeGroupRadioBtn</a> <!-- method navigator-link -->
                      </span>
                      <br/>
                      <span>
                        <img width="3%" src="passed.png"/>
                        <a href="#" class="method navigator-link" panel-name="suite-Default_suite" title="com.test.automation.uiAutomation.Fee.TC_Masters.TC_Configuration_Fee_Standard" hash-for-method="tcSuccessMessagevalidationAndConfirmation">tcSuccessMessagevalidationAndConfirmation</a> <!-- method navigator-link -->
                      </span>
                      <br/>
                    </div> <!-- method-list-content passed suite-Default_suite -->
                  </li>
                </ul>
              </div> <!-- suite-section-content -->
            </div> <!-- result-section -->
          </div> <!-- navigator-suite-content -->
        </div> <!-- rounded-window -->
      </div> <!-- suite -->
    </div> <!-- navigator-root -->
    <div class="wrapper">
      <div class="main-panel-root">
        <div panel-name="suite-Default_suite" class="panel Default_suite">
          <div class="suite-Default_suite-class-skipped">
            <div class="main-panel-header rounded-window-top">
              <img src="skipped.png"/>
              <span class="class-name">com.test.automation.uiAutomation.Fee.TC_Masters.TC_Configuration_Fee_Standard</span>
            </div> <!-- main-panel-header rounded-window-top -->
            <div class="main-panel-content rounded-window-bottom">
              <div class="method">
                <div class="method-content">
                  <a name="loginToappWithrequiredCredentials(Rakesh, Rakesh@321, N)">
                  </a> <!-- loginToappWithrequiredCredentials(Rakesh, Rakesh@321, N) -->
                  <span class="method-name">loginToappWithrequiredCredentials</span>
                  <span class="parameters">(Rakesh, Rakesh@321, N)</span>
                  <div class="stack-trace">org.testng.SkipException: user marked this record as no run
	at com.test.automation.uiAutomation.Fee.TC_Masters.TC_Configuration_Fee_Standard.loginToappWithrequiredCredentials(TC_Configuration_Fee_Standard.java:49)
	at sun.reflect.NativeMethodAccessorImpl.invoke0(Native Method)
	at sun.reflect.NativeMethodAccessorImpl.invoke(Unknown Source)
	at sun.reflect.DelegatingMethodAccessorImpl.invoke(Unknown Source)
	at java.lang.reflect.Method.invoke(Unknown Source)
	at org.testng.internal.MethodInvocationHelper.invokeMethod(MethodInvocationHelper.java:104)
	at org.testng.internal.Invoker.invokeMethod(Invoker.java:645)
	at org.testng.internal.Invoker.invokeTestMethod(Invoker.java:851)
	at org.testng.internal.Invoker.invokeTestMethods(Invoker.java:1177)
	at org.testng.internal.TestMethodWorker.invokeTestMethods(TestMethodWorker.java:129)
	at org.testng.internal.TestMethodWorker.run(TestMethodWorker.java:112)
	at org.testng.TestRunner.privateRun(TestRunner.java:756)
	at org.testng.TestRunner.run(TestRunner.java:610)
	at org.testng.SuiteRunner.runTest(SuiteRunner.java:387)
	at org.testng.SuiteRunner.runSequentially(SuiteRunner.java:382)
	at org.testng.SuiteRunner.privateRun(SuiteRunner.java:340)
	at org.testng.SuiteRunner.run(SuiteRunner.java:289)
	at org.testng.SuiteRunnerWorker.runSuite(SuiteRunnerWorker.java:52)
	at org.testng.SuiteRunnerWorker.run(SuiteRunnerWorker.java:86)
	at org.testng.TestNG.runSuitesSequentially(TestNG.java:1293)
	at org.testng.TestNG.runSuitesLocally(TestNG.java:1218)
	at org.testng.TestNG.runSuites(TestNG.java:1133)
	at org.testng.TestNG.run(TestNG.java:1104)
	at org.testng.remote.AbstractRemoteTestNG.run(AbstractRemoteTestNG.java:132)
	at org.testng.remote.RemoteTestNG.initAndRun(RemoteTestNG.java:230)
	at org.testng.remote.RemoteTestNG.main(RemoteTestNG.java:76)

</div> <!-- stack-trace -->
                </div> <!-- method-content -->
              </div> <!-- method -->
              <div class="method">
                <div class="method-content">
                  <a name="loginToappWithrequiredCredentials(arvind, VapsTech@121, N)">
                  </a> <!-- loginToappWithrequiredCredentials(arvind, VapsTech@121, N) -->
                  <span class="method-name">loginToappWithrequiredCredentials</span>
                  <span class="parameters">(arvind, VapsTech@121, N)</span>
                  <div class="stack-trace">org.testng.SkipException: user marked this record as no run
	at com.test.automation.uiAutomation.Fee.TC_Masters.TC_Configuration_Fee_Standard.loginToappWithrequiredCredentials(TC_Configuration_Fee_Standard.java:49)
	at sun.reflect.NativeMethodAccessorImpl.invoke0(Native Method)
	at sun.reflect.NativeMethodAccessorImpl.invoke(Unknown Source)
	at sun.reflect.DelegatingMethodAccessorImpl.invoke(Unknown Source)
	at java.lang.reflect.Method.invoke(Unknown Source)
	at org.testng.internal.MethodInvocationHelper.invokeMethod(MethodInvocationHelper.java:104)
	at org.testng.internal.Invoker.invokeMethod(Invoker.java:645)
	at org.testng.internal.Invoker.invokeTestMethod(Invoker.java:851)
	at org.testng.internal.Invoker.invokeTestMethods(Invoker.java:1177)
	at org.testng.internal.TestMethodWorker.invokeTestMethods(TestMethodWorker.java:129)
	at org.testng.internal.TestMethodWorker.run(TestMethodWorker.java:112)
	at org.testng.TestRunner.privateRun(TestRunner.java:756)
	at org.testng.TestRunner.run(TestRunner.java:610)
	at org.testng.SuiteRunner.runTest(SuiteRunner.java:387)
	at org.testng.SuiteRunner.runSequentially(SuiteRunner.java:382)
	at org.testng.SuiteRunner.privateRun(SuiteRunner.java:340)
	at org.testng.SuiteRunner.run(SuiteRunner.java:289)
	at org.testng.SuiteRunnerWorker.runSuite(SuiteRunnerWorker.java:52)
	at org.testng.SuiteRunnerWorker.run(SuiteRunnerWorker.java:86)
	at org.testng.TestNG.runSuitesSequentially(TestNG.java:1293)
	at org.testng.TestNG.runSuitesLocally(TestNG.java:1218)
	at org.testng.TestNG.runSuites(TestNG.java:1133)
	at org.testng.TestNG.run(TestNG.java:1104)
	at org.testng.remote.AbstractRemoteTestNG.run(AbstractRemoteTestNG.java:132)
	at org.testng.remote.RemoteTestNG.initAndRun(RemoteTestNG.java:230)
	at org.testng.remote.RemoteTestNG.main(RemoteTestNG.java:76)

</div> <!-- stack-trace -->
                </div> <!-- method-content -->
              </div> <!-- method -->
              <div class="method">
                <div class="method-content">
                  <a name="loginToappWithrequiredCredentials(Radha, Radha@123, N)">
                  </a> <!-- loginToappWithrequiredCredentials(Radha, Radha@123, N) -->
                  <span class="method-name">loginToappWithrequiredCredentials</span>
                  <span class="parameters">(Radha, Radha@123, N)</span>
                  <div class="stack-trace">org.testng.SkipException: user marked this record as no run
	at com.test.automation.uiAutomation.Fee.TC_Masters.TC_Configuration_Fee_Standard.loginToappWithrequiredCredentials(TC_Configuration_Fee_Standard.java:49)
	at sun.reflect.NativeMethodAccessorImpl.invoke0(Native Method)
	at sun.reflect.NativeMethodAccessorImpl.invoke(Unknown Source)
	at sun.reflect.DelegatingMethodAccessorImpl.invoke(Unknown Source)
	at java.lang.reflect.Method.invoke(Unknown Source)
	at org.testng.internal.MethodInvocationHelper.invokeMethod(MethodInvocationHelper.java:104)
	at org.testng.internal.Invoker.invokeMethod(Invoker.java:645)
	at org.testng.internal.Invoker.invokeTestMethod(Invoker.java:851)
	at org.testng.internal.Invoker.invokeTestMethods(Invoker.java:1177)
	at org.testng.internal.TestMethodWorker.invokeTestMethods(TestMethodWorker.java:129)
	at org.testng.internal.TestMethodWorker.run(TestMethodWorker.java:112)
	at org.testng.TestRunner.privateRun(TestRunner.java:756)
	at org.testng.TestRunner.run(TestRunner.java:610)
	at org.testng.SuiteRunner.runTest(SuiteRunner.java:387)
	at org.testng.SuiteRunner.runSequentially(SuiteRunner.java:382)
	at org.testng.SuiteRunner.privateRun(SuiteRunner.java:340)
	at org.testng.SuiteRunner.run(SuiteRunner.java:289)
	at org.testng.SuiteRunnerWorker.runSuite(SuiteRunnerWorker.java:52)
	at org.testng.SuiteRunnerWorker.run(SuiteRunnerWorker.java:86)
	at org.testng.TestNG.runSuitesSequentially(TestNG.java:1293)
	at org.testng.TestNG.runSuitesLocally(TestNG.java:1218)
	at org.testng.TestNG.runSuites(TestNG.java:1133)
	at org.testng.TestNG.run(TestNG.java:1104)
	at org.testng.remote.AbstractRemoteTestNG.run(AbstractRemoteTestNG.java:132)
	at org.testng.remote.RemoteTestNG.initAndRun(RemoteTestNG.java:230)
	at org.testng.remote.RemoteTestNG.main(RemoteTestNG.java:76)

</div> <!-- stack-trace -->
                </div> <!-- method-content -->
              </div> <!-- method -->
              <div class="method">
                <div class="method-content">
                  <a name="loginToappWithrequiredCredentials(RR, Password@123, N)">
                  </a> <!-- loginToappWithrequiredCredentials(RR, Password@123, N) -->
                  <span class="method-name">loginToappWithrequiredCredentials</span>
                  <span class="parameters">(RR, Password@123, N)</span>
                  <div class="stack-trace">org.testng.SkipException: user marked this record as no run
	at com.test.automation.uiAutomation.Fee.TC_Masters.TC_Configuration_Fee_Standard.loginToappWithrequiredCredentials(TC_Configuration_Fee_Standard.java:49)
	at sun.reflect.NativeMethodAccessorImpl.invoke0(Native Method)
	at sun.reflect.NativeMethodAccessorImpl.invoke(Unknown Source)
	at sun.reflect.DelegatingMethodAccessorImpl.invoke(Unknown Source)
	at java.lang.reflect.Method.invoke(Unknown Source)
	at org.testng.internal.MethodInvocationHelper.invokeMethod(MethodInvocationHelper.java:104)
	at org.testng.internal.Invoker.invokeMethod(Invoker.java:645)
	at org.testng.internal.Invoker.invokeTestMethod(Invoker.java:851)
	at org.testng.internal.Invoker.invokeTestMethods(Invoker.java:1177)
	at org.testng.internal.TestMethodWorker.invokeTestMethods(TestMethodWorker.java:129)
	at org.testng.internal.TestMethodWorker.run(TestMethodWorker.java:112)
	at org.testng.TestRunner.privateRun(TestRunner.java:756)
	at org.testng.TestRunner.run(TestRunner.java:610)
	at org.testng.SuiteRunner.runTest(SuiteRunner.java:387)
	at org.testng.SuiteRunner.runSequentially(SuiteRunner.java:382)
	at org.testng.SuiteRunner.privateRun(SuiteRunner.java:340)
	at org.testng.SuiteRunner.run(SuiteRunner.java:289)
	at org.testng.SuiteRunnerWorker.runSuite(SuiteRunnerWorker.java:52)
	at org.testng.SuiteRunnerWorker.run(SuiteRunnerWorker.java:86)
	at org.testng.TestNG.runSuitesSequentially(TestNG.java:1293)
	at org.testng.TestNG.runSuitesLocally(TestNG.java:1218)
	at org.testng.TestNG.runSuites(TestNG.java:1133)
	at org.testng.TestNG.run(TestNG.java:1104)
	at org.testng.remote.AbstractRemoteTestNG.run(AbstractRemoteTestNG.java:132)
	at org.testng.remote.RemoteTestNG.initAndRun(RemoteTestNG.java:230)
	at org.testng.remote.RemoteTestNG.main(RemoteTestNG.java:76)

</div> <!-- stack-trace -->
                </div> <!-- method-content -->
              </div> <!-- method -->
            </div> <!-- main-panel-content rounded-window-bottom -->
          </div> <!-- suite-Default_suite-class-skipped -->
          <div class="suite-Default_suite-class-passed">
            <div class="main-panel-header rounded-window-top">
              <img src="passed.png"/>
              <span class="class-name">com.test.automation.uiAutomation.Fee.TC_Masters.TC_Configuration_Fee_Standard</span>
            </div> <!-- main-panel-header rounded-window-top -->
            <div class="main-panel-content rounded-window-bottom">
              <div class="method">
                <div class="method-content">
                  <a name="loginToappWithrequiredCredentials(Rakesh, Password@123, Y)">
                  </a> <!-- loginToappWithrequiredCredentials(Rakesh, Password@123, Y) -->
                  <span class="method-name">loginToappWithrequiredCredentials</span>
                  <span class="parameters">(Rakesh, Password@123, Y)</span>
                </div> <!-- method-content -->
              </div> <!-- method -->
              <div class="method">
                <div class="method-content">
                  <a name="tcClickedOnSaveButton">
                  </a> <!-- tcClickedOnSaveButton -->
                  <span class="method-name">tcClickedOnSaveButton</span>
                </div> <!-- method-content -->
              </div> <!-- method -->
              <div class="method">
                <div class="method-content">
                  <a name="tcHomeButtonValidation">
                  </a> <!-- tcHomeButtonValidation -->
                  <span class="method-name">tcHomeButtonValidation</span>
                </div> <!-- method-content -->
              </div> <!-- method -->
              <div class="method">
                <div class="method-content">
                  <a name="tcNevigateTofeeStandard">
                  </a> <!-- tcNevigateTofeeStandard -->
                  <span class="method-name">tcNevigateTofeeStandard</span>
                </div> <!-- method-content -->
              </div> <!-- method -->
              <div class="method">
                <div class="method-content">
                  <a name="tcSelectCardTypeAndEnterCharges">
                  </a> <!-- tcSelectCardTypeAndEnterCharges -->
                  <span class="method-name">tcSelectCardTypeAndEnterCharges</span>
                </div> <!-- method-content -->
              </div> <!-- method -->
              <div class="method">
                <div class="method-content">
                  <a name="tcSelectConcessionProcess">
                  </a> <!-- tcSelectConcessionProcess -->
                  <span class="method-name">tcSelectConcessionProcess</span>
                </div> <!-- method-content -->
              </div> <!-- method -->
              <div class="method">
                <div class="method-content">
                  <a name="tcSelectFeeGroupRadioBtn">
                  </a> <!-- tcSelectFeeGroupRadioBtn -->
                  <span class="method-name">tcSelectFeeGroupRadioBtn</span>
                </div> <!-- method-content -->
              </div> <!-- method -->
              <div class="method">
                <div class="method-content">
                  <a name="tcSuccessMessagevalidationAndConfirmation">
                  </a> <!-- tcSuccessMessagevalidationAndConfirmation -->
                  <span class="method-name">tcSuccessMessagevalidationAndConfirmation</span>
                </div> <!-- method-content -->
              </div> <!-- method -->
            </div> <!-- main-panel-content rounded-window-bottom -->
          </div> <!-- suite-Default_suite-class-passed -->
        </div> <!-- panel Default_suite -->
        <div panel-name="test-xml-Default_suite" class="panel">
          <div class="main-panel-header rounded-window-top">
            <span class="header-content">C:\Users\vaps\AppData\Local\Temp\testng-eclipse--1224729921\testng-customsuite.xml</span>
          </div> <!-- main-panel-header rounded-window-top -->
          <div class="main-panel-content rounded-window-bottom">
            <pre>
&lt;?xml version=&quot;1.0&quot; encoding=&quot;UTF-8&quot;?&gt;
&lt;!DOCTYPE suite SYSTEM &quot;http://testng.org/testng-1.0.dtd&quot;&gt;
&lt;suite guice-stage=&quot;DEVELOPMENT&quot; name=&quot;Default suite&quot;&gt;
  &lt;test verbose=&quot;2&quot; name=&quot;Default test&quot;&gt;
    &lt;classes&gt;
      &lt;class name=&quot;com.test.automation.uiAutomation.Fee.TC_Masters.TC_Configuration_Fee_Standard&quot;/&gt;
    &lt;/classes&gt;
  &lt;/test&gt; &lt;!-- Default test --&gt;
&lt;/suite&gt; &lt;!-- Default suite --&gt;
            </pre>
          </div> <!-- main-panel-content rounded-window-bottom -->
        </div> <!-- panel -->
        <div panel-name="testlist-Default_suite" class="panel">
          <div class="main-panel-header rounded-window-top">
            <span class="header-content">Tests for Default suite</span>
          </div> <!-- main-panel-header rounded-window-top -->
          <div class="main-panel-content rounded-window-bottom">
            <ul>
              <li>
                <span class="test-name">Default test (1 class)</span>
              </li>
            </ul>
          </div> <!-- main-panel-content rounded-window-bottom -->
        </div> <!-- panel -->
        <div panel-name="group-Default_suite" class="panel">
          <div class="main-panel-header rounded-window-top">
            <span class="header-content">Groups for Default suite</span>
          </div> <!-- main-panel-header rounded-window-top -->
          <div class="main-panel-content rounded-window-bottom">
          </div> <!-- main-panel-content rounded-window-bottom -->
        </div> <!-- panel -->
        <div panel-name="times-Default_suite" class="panel">
          <div class="main-panel-header rounded-window-top">
            <span class="header-content">Times for Default suite</span>
          </div> <!-- main-panel-header rounded-window-top -->
          <div class="main-panel-content rounded-window-bottom">
            <div class="times-div">
              <script type="text/javascript">
suiteTableInitFunctions.push('tableData_Default_suite');
function tableData_Default_suite() {
var data = new google.visualization.DataTable();
data.addColumn('number', 'Number');
data.addColumn('string', 'Method');
data.addColumn('string', 'Class');
data.addColumn('number', 'Time (ms)');
data.addRows(12);
data.setCell(0, 0, 0)
data.setCell(0, 1, 'loginToappWithrequiredCredentials')
data.setCell(0, 2, 'com.test.automation.uiAutomation.Fee.TC_Masters.TC_Configuration_Fee_Standard')
data.setCell(0, 3, 20025);
data.setCell(1, 0, 1)
data.setCell(1, 1, 'tcHomeButtonValidation')
data.setCell(1, 2, 'com.test.automation.uiAutomation.Fee.TC_Masters.TC_Configuration_Fee_Standard')
data.setCell(1, 3, 10339);
data.setCell(2, 0, 2)
data.setCell(2, 1, 'tcClickedOnSaveButton')
data.setCell(2, 2, 'com.test.automation.uiAutomation.Fee.TC_Masters.TC_Configuration_Fee_Standard')
data.setCell(2, 3, 7422);
data.setCell(3, 0, 3)
data.setCell(3, 1, 'tcSuccessMessagevalidationAndConfirmation')
data.setCell(3, 2, 'com.test.automation.uiAutomation.Fee.TC_Masters.TC_Configuration_Fee_Standard')
data.setCell(3, 3, 4422);
data.setCell(4, 0, 4)
data.setCell(4, 1, 'tcNevigateTofeeStandard')
data.setCell(4, 2, 'com.test.automation.uiAutomation.Fee.TC_Masters.TC_Configuration_Fee_Standard')
data.setCell(4, 3, 4210);
data.setCell(5, 0, 5)
data.setCell(5, 1, 'tcSelectCardTypeAndEnterCharges')
data.setCell(5, 2, 'com.test.automation.uiAutomation.Fee.TC_Masters.TC_Configuration_Fee_Standard')
data.setCell(5, 3, 3643);
data.setCell(6, 0, 6)
data.setCell(6, 1, 'tcSelectConcessionProcess')
data.setCell(6, 2, 'com.test.automation.uiAutomation.Fee.TC_Masters.TC_Configuration_Fee_Standard')
data.setCell(6, 3, 1367);
data.setCell(7, 0, 7)
data.setCell(7, 1, 'tcSelectFeeGroupRadioBtn')
data.setCell(7, 2, 'com.test.automation.uiAutomation.Fee.TC_Masters.TC_Configuration_Fee_Standard')
data.setCell(7, 3, 1289);
data.setCell(8, 0, 8)
data.setCell(8, 1, 'loginToappWithrequiredCredentials')
data.setCell(8, 2, 'com.test.automation.uiAutomation.Fee.TC_Masters.TC_Configuration_Fee_Standard')
data.setCell(8, 3, 1);
data.setCell(9, 0, 9)
data.setCell(9, 1, 'loginToappWithrequiredCredentials')
data.setCell(9, 2, 'com.test.automation.uiAutomation.Fee.TC_Masters.TC_Configuration_Fee_Standard')
data.setCell(9, 3, 1);
data.setCell(10, 0, 10)
data.setCell(10, 1, 'loginToappWithrequiredCredentials')
data.setCell(10, 2, 'com.test.automation.uiAutomation.Fee.TC_Masters.TC_Configuration_Fee_Standard')
data.setCell(10, 3, 1);
data.setCell(11, 0, 11)
data.setCell(11, 1, 'loginToappWithrequiredCredentials')
data.setCell(11, 2, 'com.test.automation.uiAutomation.Fee.TC_Masters.TC_Configuration_Fee_Standard')
data.setCell(11, 3, 0);
window.suiteTableData['Default_suite']= { tableData: data, tableDiv: 'times-div-Default_suite'}
return data;
}
              </script>
              <span class="suite-total-time">Total running time: 52 seconds</span>
              <div id="times-div-Default_suite">
              </div> <!-- times-div-Default_suite -->
            </div> <!-- times-div -->
          </div> <!-- main-panel-content rounded-window-bottom -->
        </div> <!-- panel -->
        <div panel-name="reporter-Default_suite" class="panel">
          <div class="main-panel-header rounded-window-top">
            <span class="header-content">Reporter output for Default suite</span>
          </div> <!-- main-panel-header rounded-window-top -->
          <div class="main-panel-content rounded-window-bottom">
            <div class="reporter-method-div">
              <span class="reporter-method-name">tcSelectConcessionProcess</span>
              <div class="reporter-method-output-div">
                <span class="reporter-method-output">Concession Process check box is selected and object is:-[[ChromeDriver: chrome on XP (1db9f176ccaa4ffeae4517d94ddc22ea)] -> xpath: //span[contains(text(),'Concession Process')]]</span>
                <span class="reporter-method-output"><a href='C:\Users\vaps\Desktop\IVRMPORTAL\src\main\java\com\test\automation\uiAutomation\screenshot\tcSelectConcessionProcess_25_05_2018_05_03_42.png'> <img src='C:\Users\vaps\Desktop\IVRMPORTAL\src\main\java\com\test\automation\uiAutomation\screenshot\tcSelectConcessionProcess_25_05_2018_05_03_42.png' height='100' width='100'/> </a></span>
              </div> <!-- reporter-method-output-div -->
            </div> <!-- reporter-method-div -->
            <div class="reporter-method-div">
              <span class="reporter-method-name">tcHomeButtonValidation</span>
              <div class="reporter-method-output-div">
                <span class="reporter-method-output">Home button is dispalyed and object is:-[[ChromeDriver: chrome on XP (1db9f176ccaa4ffeae4517d94ddc22ea)] -> xpath: //aside[@id='style-4']/section/ul/li[1]]</span>
                <span class="reporter-method-output"><a href='C:\Users\vaps\Desktop\IVRMPORTAL\src\main\java\com\test\automation\uiAutomation\screenshot\tcHomeButtonValidation_25_05_2018_05_03_35.png'> <img src='C:\Users\vaps\Desktop\IVRMPORTAL\src\main\java\com\test\automation\uiAutomation\screenshot\tcHomeButtonValidation_25_05_2018_05_03_35.png' height='100' width='100'/> </a></span>
              </div> <!-- reporter-method-output-div -->
            </div> <!-- reporter-method-div -->
            <div class="reporter-method-div">
              <span class="reporter-method-name">tcSelectFeeGroupRadioBtn</span>
              <div class="reporter-method-output-div">
                <span class="reporter-method-output">Fee Group radio Button is already selected [[ChromeDriver: chrome on XP (1db9f176ccaa4ffeae4517d94ddc22ea)] -> xpath: //label[@class='radio-inline']/child::span[contains(text(),'Fee Group')]/preceding-sibling::input]</span>
                <span class="reporter-method-output"><a href='C:\Users\vaps\Desktop\IVRMPORTAL\src\main\java\com\test\automation\uiAutomation\screenshot\tcSelectFeeGroupRadioBtn_25_05_2018_05_03_40.png'> <img src='C:\Users\vaps\Desktop\IVRMPORTAL\src\main\java\com\test\automation\uiAutomation\screenshot\tcSelectFeeGroupRadioBtn_25_05_2018_05_03_40.png' height='100' width='100'/> </a></span>
              </div> <!-- reporter-method-output-div -->
            </div> <!-- reporter-method-div -->
            <div class="reporter-method-div">
              <span class="reporter-method-name">loginToappWithrequiredCredentials(Rakesh, Password@123, Y)</span>
              <div class="reporter-method-output-div">
                <span class="reporter-method-output"><a href='C:\Users\vaps\Desktop\IVRMPORTAL\src\main\java\com\test\automation\uiAutomation\screenshot\Login Page_25_05_2018_05_03_05.png'> <img src='C:\Users\vaps\Desktop\IVRMPORTAL\src\main\java\com\test\automation\uiAutomation\screenshot\Login Page_25_05_2018_05_03_05.png' height='100' width='100'/> </a></span>
                <span class="reporter-method-output">entered user name:-Rakesh and object is [[ChromeDriver: chrome on XP (1db9f176ccaa4ffeae4517d94ddc22ea)] -> xpath: //input[@id='login-username']]</span>
                <span class="reporter-method-output">entered password:-Password@123 and object is [[ChromeDriver: chrome on XP (1db9f176ccaa4ffeae4517d94ddc22ea)] -> xpath: //input[@id='login-password']]</span>
                <span class="reporter-method-output">cliked on login button and object is:-[[ChromeDriver: chrome on XP (1db9f176ccaa4ffeae4517d94ddc22ea)] -> xpath: //div[@class='col-xs-4']/button[2]]</span>
                <span class="reporter-method-output">Home button is dispalyed and object is:-[[ChromeDriver: chrome on XP (1db9f176ccaa4ffeae4517d94ddc22ea)] -> xpath: //*[@id='style-4']/section/ul/li[1]/a/span]</span>
                <span class="reporter-method-output"><a href='C:\Users\vaps\Desktop\IVRMPORTAL\src\main\java\com\test\automation\uiAutomation\screenshot\loginToappWithrequiredCredentials_25_05_2018_05_03_25.png'> <img src='C:\Users\vaps\Desktop\IVRMPORTAL\src\main\java\com\test\automation\uiAutomation\screenshot\loginToappWithrequiredCredentials_25_05_2018_05_03_25.png' height='100' width='100'/> </a></span>
              </div> <!-- reporter-method-output-div -->
            </div> <!-- reporter-method-div -->
            <div class="reporter-method-div">
              <span class="reporter-method-name">tcClickedOnSaveButton</span>
              <div class="reporter-method-output-div">
                <span class="reporter-method-output">clicked on save button and object is:-[[ChromeDriver: chrome on XP (1db9f176ccaa4ffeae4517d94ddc22ea)] -> xpath: //button[@id='save-btn']]</span>
                <span class="reporter-method-output"><a href='C:\Users\vaps\Desktop\IVRMPORTAL\src\main\java\com\test\automation\uiAutomation\screenshot\tcClickedOnSaveButton_25_05_2018_05_03_53.png'> <img src='C:\Users\vaps\Desktop\IVRMPORTAL\src\main\java\com\test\automation\uiAutomation\screenshot\tcClickedOnSaveButton_25_05_2018_05_03_53.png' height='100' width='100'/> </a></span>
              </div> <!-- reporter-method-output-div -->
            </div> <!-- reporter-method-div -->
            <div class="reporter-method-div">
              <span class="reporter-method-name">tcNevigateTofeeStandard</span>
              <div class="reporter-method-output-div">
                <span class="reporter-method-output">Clicked on Fee Button and object is:-[[ChromeDriver: chrome on XP (1db9f176ccaa4ffeae4517d94ddc22ea)] -> xpath: //span[contains(text(),'Fees')]/preceding-sibling::button]</span>
                <span class="reporter-method-output">Clicked on Fee Configuration Button and object is:-[[ChromeDriver: chrome on XP (1db9f176ccaa4ffeae4517d94ddc22ea)] -> xpath: //span[contains(text(),'Fees')]/preceding-sibling::button/following::span[contains(text(),'Configuration')][1]]</span>
                <span class="reporter-method-output">Clicked on Fee Standard Button and object is:-[[ChromeDriver: chrome on XP (1db9f176ccaa4ffeae4517d94ddc22ea)] -> xpath: //span[contains(text(),'Fees')]/preceding-sibling::button/following::span[contains(text(),'Configuration')][1]/following::li[1]]</span>
                <span class="reporter-method-output"><a href='C:\Users\vaps\Desktop\IVRMPORTAL\src\main\java\com\test\automation\uiAutomation\screenshot\tcNevigateTofeeStandard_25_05_2018_05_03_39.png'> <img src='C:\Users\vaps\Desktop\IVRMPORTAL\src\main\java\com\test\automation\uiAutomation\screenshot\tcNevigateTofeeStandard_25_05_2018_05_03_39.png' height='100' width='100'/> </a></span>
              </div> <!-- reporter-method-output-div -->
            </div> <!-- reporter-method-div -->
            <div class="reporter-method-div">
              <span class="reporter-method-name">tcSelectCardTypeAndEnterCharges</span>
              <div class="reporter-method-output-div">
                <span class="reporter-method-output">Card type check box is selected and object is:-[[ChromeDriver: chrome on XP (1db9f176ccaa4ffeae4517d94ddc22ea)] -> xpath: //span[contains(text(),'Card Type')]]</span>
                <span class="reporter-method-output">entered debit card transaction charge:-10 and object is [[ChromeDriver: chrome on XP (1db9f176ccaa4ffeae4517d94ddc22ea)] -> xpath: //label[contains(text(),'Debit Card Charges:')]/following-sibling::div/input]</span>
                <span class="reporter-method-output">entered credit card transaction charge:-15 and object is [[ChromeDriver: chrome on XP (1db9f176ccaa4ffeae4517d94ddc22ea)] -> xpath: //label[contains(text(),'Credit Card Charges:')]/following-sibling::div/input]</span>
                <span class="reporter-method-output"><a href='C:\Users\vaps\Desktop\IVRMPORTAL\src\main\java\com\test\automation\uiAutomation\screenshot\tcSelectCardTypeAndEnterCharges_25_05_2018_05_03_45.png'> <img src='C:\Users\vaps\Desktop\IVRMPORTAL\src\main\java\com\test\automation\uiAutomation\screenshot\tcSelectCardTypeAndEnterCharges_25_05_2018_05_03_45.png' height='100' width='100'/> </a></span>
              </div> <!-- reporter-method-output-div -->
            </div> <!-- reporter-method-div -->
            <div class="reporter-method-div">
              <span class="reporter-method-name">tcSuccessMessagevalidationAndConfirmation</span>
              <div class="reporter-method-output-div">
                <span class="reporter-method-output">Record saved successfully is dispalyed and object is:-[[ChromeDriver: chrome on XP (1db9f176ccaa4ffeae4517d94ddc22ea)] -> xpath: //body[@id='style-4']/div[5]/h2]</span>
                <span class="reporter-method-output">Clicked on Ok button of success confirmation and object is:-[[ChromeDriver: chrome on XP (1db9f176ccaa4ffeae4517d94ddc22ea)] -> xpath: //body[@id='style-4']/div[5]/div[7]/div/button]</span>
                <span class="reporter-method-output"><a href='C:\Users\vaps\Desktop\IVRMPORTAL\src\main\java\com\test\automation\uiAutomation\screenshot\tcSuccessMessagevalidationAndConfirmation_25_05_2018_05_03_57.png'> <img src='C:\Users\vaps\Desktop\IVRMPORTAL\src\main\java\com\test\automation\uiAutomation\screenshot\tcSuccessMessagevalidationAndConfirmation_25_05_2018_05_03_57.png' height='100' width='100'/> </a></span>
              </div> <!-- reporter-method-output-div -->
            </div> <!-- reporter-method-div -->
          </div> <!-- main-panel-content rounded-window-bottom -->
        </div> <!-- panel -->
        <div panel-name="ignored-methods-Default_suite" class="panel">
          <div class="main-panel-header rounded-window-top">
            <span class="header-content">0 ignored methods</span>
          </div> <!-- main-panel-header rounded-window-top -->
          <div class="main-panel-content rounded-window-bottom">
          </div> <!-- main-panel-content rounded-window-bottom -->
        </div> <!-- panel -->
        <div panel-name="chronological-Default_suite" class="panel">
          <div class="main-panel-header rounded-window-top">
            <span class="header-content">Methods in chronological order</span>
          </div> <!-- main-panel-header rounded-window-top -->
          <div class="main-panel-content rounded-window-bottom">
            <div class="chronological-class">
              <div class="chronological-class-name">com.test.automation.uiAutomation.Fee.TC_Masters.TC_Configuration_Fee_Standard</div> <!-- chronological-class-name -->
              <div class="configuration-class before">
                <span class="method-name">setUp</span>
                <span class="method-start">0 ms</span>
              </div> <!-- configuration-class before -->
              <div class="configuration-method before">
                <span class="method-name">beforeMethod(public void com.test.automation.uiAutomation.Fee.TC_Masters.TC_Configuration_Fee_Standard.loginToapp...)</span>
                <span class="method-start">10455 ms</span>
              </div> <!-- configuration-method before -->
              <div class="test-method">
                <span class="method-name">loginToappWithrequiredCredentials(Rakesh, Password@123, Y)</span>
                <span class="method-start">10457 ms</span>
              </div> <!-- test-method -->
              <div class="configuration-method after">
                <span class="method-name">afterMethod([TestResult name=loginToappWithrequiredCredentials status=SUCCESS method=TC_Configuration_Fee_Standa...)</span>
                <span class="method-start">30483 ms</span>
              </div> <!-- configuration-method after -->
              <div class="configuration-method before">
                <span class="method-name">beforeMethod(public void com.test.automation.uiAutomation.Fee.TC_Masters.TC_Configuration_Fee_Standard.loginToapp...)</span>
                <span class="method-start">30483 ms</span>
              </div> <!-- configuration-method before -->
              <div class="test-method">
                <span class="method-name">loginToappWithrequiredCredentials(Radha, Radha@123, N)</span>
                <span class="method-start">30483 ms</span>
              </div> <!-- test-method -->
              <div class="configuration-method after">
                <span class="method-name">afterMethod([TestResult name=loginToappWithrequiredCredentials status=SKIP method=TC_Configuration_Fee_Standard....)</span>
                <span class="method-start">30484 ms</span>
              </div> <!-- configuration-method after -->
              <div class="configuration-method before">
                <span class="method-name">beforeMethod(public void com.test.automation.uiAutomation.Fee.TC_Masters.TC_Configuration_Fee_Standard.loginToapp...)</span>
                <span class="method-start">30485 ms</span>
              </div> <!-- configuration-method before -->
              <div class="test-method">
                <span class="method-name">loginToappWithrequiredCredentials(arvind, VapsTech@121, N)</span>
                <span class="method-start">30485 ms</span>
              </div> <!-- test-method -->
              <div class="configuration-method after">
                <span class="method-name">afterMethod([TestResult name=loginToappWithrequiredCredentials status=SKIP method=TC_Configuration_Fee_Standard....)</span>
                <span class="method-start">30486 ms</span>
              </div> <!-- configuration-method after -->
              <div class="configuration-method before">
                <span class="method-name">beforeMethod(public void com.test.automation.uiAutomation.Fee.TC_Masters.TC_Configuration_Fee_Standard.loginToapp...)</span>
                <span class="method-start">30486 ms</span>
              </div> <!-- configuration-method before -->
              <div class="test-method">
                <span class="method-name">loginToappWithrequiredCredentials(Rakesh, Rakesh@321, N)</span>
                <span class="method-start">30486 ms</span>
              </div> <!-- test-method -->
              <div class="configuration-method after">
                <span class="method-name">afterMethod([TestResult name=loginToappWithrequiredCredentials status=SKIP method=TC_Configuration_Fee_Standard....)</span>
                <span class="method-start">30487 ms</span>
              </div> <!-- configuration-method after -->
              <div class="configuration-method before">
                <span class="method-name">beforeMethod(public void com.test.automation.uiAutomation.Fee.TC_Masters.TC_Configuration_Fee_Standard.loginToapp...)</span>
                <span class="method-start">30487 ms</span>
              </div> <!-- configuration-method before -->
              <div class="test-method">
                <span class="method-name">loginToappWithrequiredCredentials(RR, Password@123, N)</span>
                <span class="method-start">30487 ms</span>
              </div> <!-- test-method -->
              <div class="configuration-method after">
                <span class="method-name">afterMethod([TestResult name=loginToappWithrequiredCredentials status=SKIP method=TC_Configuration_Fee_Standard....)</span>
                <span class="method-start">30488 ms</span>
              </div> <!-- configuration-method after -->
              <div class="configuration-method before">
                <span class="method-name">beforeMethod(public void com.test.automation.uiAutomation.Fee.TC_Masters.TC_Configuration_Fee_Standard.tcHomeButt...)</span>
                <span class="method-start">30489 ms</span>
              </div> <!-- configuration-method before -->
              <div class="test-method">
                <span class="method-name">tcHomeButtonValidation</span>
                <span class="method-start">30489 ms</span>
              </div> <!-- test-method -->
              <div class="configuration-method after">
                <span class="method-name">afterMethod([TestResult name=tcHomeButtonValidation status=SUCCESS method=TC_Configuration_Fee_Standard.tcHomeBu...)</span>
                <span class="method-start">40829 ms</span>
              </div> <!-- configuration-method after -->
              <div class="configuration-method before">
                <span class="method-name">beforeMethod(public void com.test.automation.uiAutomation.Fee.TC_Masters.TC_Configuration_Fee_Standard.tcNevigate...)</span>
                <span class="method-start">40830 ms</span>
              </div> <!-- configuration-method before -->
              <div class="test-method">
                <span class="method-name">tcNevigateTofeeStandard</span>
                <span class="method-start">40830 ms</span>
              </div> <!-- test-method -->
              <div class="configuration-method after">
                <span class="method-name">afterMethod([TestResult name=tcNevigateTofeeStandard status=SUCCESS method=TC_Configuration_Fee_Standard.tcNevig...)</span>
                <span class="method-start">45041 ms</span>
              </div> <!-- configuration-method after -->
              <div class="configuration-method before">
                <span class="method-name">beforeMethod(public void com.test.automation.uiAutomation.Fee.TC_Masters.TC_Configuration_Fee_Standard.tcSelectFe...)</span>
                <span class="method-start">45041 ms</span>
              </div> <!-- configuration-method before -->
              <div class="test-method">
                <span class="method-name">tcSelectFeeGroupRadioBtn</span>
                <span class="method-start">45041 ms</span>
              </div> <!-- test-method -->
              <div class="configuration-method after">
                <span class="method-name">afterMethod([TestResult name=tcSelectFeeGroupRadioBtn status=SUCCESS method=TC_Configuration_Fee_Standard.tcSele...)</span>
                <span class="method-start">46330 ms</span>
              </div> <!-- configuration-method after -->
              <div class="configuration-method before">
                <span class="method-name">beforeMethod(public void com.test.automation.uiAutomation.Fee.TC_Masters.TC_Configuration_Fee_Standard.tcSelectCo...)</span>
                <span class="method-start">46331 ms</span>
              </div> <!-- configuration-method before -->
              <div class="test-method">
                <span class="method-name">tcSelectConcessionProcess</span>
                <span class="method-start">46331 ms</span>
              </div> <!-- test-method -->
              <div class="configuration-method after">
                <span class="method-name">afterMethod([TestResult name=tcSelectConcessionProcess status=SUCCESS method=TC_Configuration_Fee_Standard.tcSel...)</span>
                <span class="method-start">47701 ms</span>
              </div> <!-- configuration-method after -->
              <div class="configuration-method before">
                <span class="method-name">beforeMethod(public void com.test.automation.uiAutomation.Fee.TC_Masters.TC_Configuration_Fee_Standard.tcSelectCa...)</span>
                <span class="method-start">47701 ms</span>
              </div> <!-- configuration-method before -->
              <div class="test-method">
                <span class="method-name">tcSelectCardTypeAndEnterCharges</span>
                <span class="method-start">47701 ms</span>
              </div> <!-- test-method -->
              <div class="configuration-method after">
                <span class="method-name">afterMethod([TestResult name=tcSelectCardTypeAndEnterCharges status=SUCCESS method=TC_Configuration_Fee_Standard...)</span>
                <span class="method-start">51345 ms</span>
              </div> <!-- configuration-method after -->
              <div class="configuration-method before">
                <span class="method-name">beforeMethod(public void com.test.automation.uiAutomation.Fee.TC_Masters.TC_Configuration_Fee_Standard.tcClickedO...)</span>
                <span class="method-start">51345 ms</span>
              </div> <!-- configuration-method before -->
              <div class="test-method">
                <span class="method-name">tcClickedOnSaveButton</span>
                <span class="method-start">51346 ms</span>
              </div> <!-- test-method -->
              <div class="configuration-method after">
                <span class="method-name">afterMethod([TestResult name=tcClickedOnSaveButton status=SUCCESS method=TC_Configuration_Fee_Standard.tcClicked...)</span>
                <span class="method-start">58769 ms</span>
              </div> <!-- configuration-method after -->
              <div class="configuration-method before">
                <span class="method-name">beforeMethod(public void com.test.automation.uiAutomation.Fee.TC_Masters.TC_Configuration_Fee_Standard.tcSuccessM...)</span>
                <span class="method-start">58769 ms</span>
              </div> <!-- configuration-method before -->
              <div class="test-method">
                <span class="method-name">tcSuccessMessagevalidationAndConfirmation</span>
                <span class="method-start">58770 ms</span>
              </div> <!-- test-method -->
              <div class="configuration-method after">
                <span class="method-name">afterMethod([TestResult name=tcSuccessMessagevalidationAndConfirmation status=SUCCESS method=TC_Configuration_Fe...)</span>
                <span class="method-start">63192 ms</span>
              </div> <!-- configuration-method after -->
              <div class="configuration-class after">
                <span class="method-name">tearDown</span>
                <span class="method-start">63193 ms</span>
              </div> <!-- configuration-class after -->
              <div class="configuration-class after">
                <span class="method-name">endTest</span>
                <span class="method-start">66281 ms</span>
              </div> <!-- configuration-class after -->
          </div> <!-- main-panel-content rounded-window-bottom -->
        </div> <!-- panel -->
      </div> <!-- main-panel-root -->
    </div> <!-- wrapper -->
  </body>
</html>
