<?xml version="1.0" encoding="UTF-8"?>
<!-- Generated by org.testng.reporters.JUnitReportReporter -->
<testsuite name="com.test.automation.uiAutomation.Fee.TC_Masters.Tc_Masters_Fee_Group_YearlyGroup" tests="44" time="0.000" ignored="0" failures="0" timestamp="26 Apr 2018 10:04:53 GMT" skipped="43" hostname="Arvind-Susdiny" errors="1">
  <testcase name="loginToappWithrequiredCredentials" time="0.000" classname="com.test.automation.uiAutomation.Fee.TC_Masters.Tc_Masters_Fee_Group_YearlyGroup">
    <skipped/>
  </testcase> <!-- loginToappWithrequiredCredentials -->
  <testcase name="tcNavigateToMasters_FeeGroup_YearlyFeeGroup" time="0.000" classname="com.test.automation.uiAutomation.Fee.TC_Masters.Tc_Masters_Fee_Group_YearlyGroup">
    <skipped/>
  </testcase> <!-- tcNavigateToMasters_FeeGroup_YearlyFeeGroup -->
  <testcase name="tcClickOnSaveButton_YearlyGroupForm_Edit" time="0.000" classname="com.test.automation.uiAutomation.Fee.TC_Masters.Tc_Masters_Fee_Group_YearlyGroup">
    <skipped/>
  </testcase> <!-- tcClickOnSaveButton_YearlyGroupForm_Edit -->
  <testcase name="tcClickOnSaveButton_YearlyGroup" time="0.000" classname="com.test.automation.uiAutomation.Fee.TC_Masters.Tc_Masters_Fee_Group_YearlyGroup">
    <skipped/>
  </testcase> <!-- tcClickOnSaveButton_YearlyGroup -->
  <testcase name="tcClickOnSuccessOkBtn_YearlyGroup" time="0.000" classname="com.test.automation.uiAutomation.Fee.TC_Masters.Tc_Masters_Fee_Group_YearlyGroup">
    <skipped/>
  </testcase> <!-- tcClickOnSuccessOkBtn_YearlyGroup -->
  <testcase name="tcYesDeleteOrDeactivateOrActivateIt_deactivate" time="0.000" classname="com.test.automation.uiAutomation.Fee.TC_Masters.Tc_Masters_Fee_Group_YearlyGroup">
    <skipped/>
  </testcase> <!-- tcYesDeleteOrDeactivateOrActivateIt_deactivate -->
  <testcase name="loginToappWithrequiredCredentials" time="0.000" classname="com.test.automation.uiAutomation.Fee.TC_Masters.Tc_Masters_Fee_Group_YearlyGroup">
    <skipped/>
  </testcase> <!-- loginToappWithrequiredCredentials -->
  <testcase name="tcSearchBy_FeeGroup_YearlyFeeGrNameInGrid_ForDeactivate_AfterCancel" time="0.000" classname="com.test.automation.uiAutomation.Fee.TC_Masters.Tc_Masters_Fee_Group_YearlyGroup">
    <skipped/>
  </testcase> <!-- tcSearchBy_FeeGroup_YearlyFeeGrNameInGrid_ForDeactivate_AfterCancel -->
  <testcase name="tcClickOnSuccessOkBtn_YearlyGroup_activate" time="0.000" classname="com.test.automation.uiAutomation.Fee.TC_Masters.Tc_Masters_Fee_Group_YearlyGroup">
    <skipped/>
  </testcase> <!-- tcClickOnSuccessOkBtn_YearlyGroup_activate -->
  <testcase name="loginToappWithrequiredCredentials" time="0.000" classname="com.test.automation.uiAutomation.Fee.TC_Masters.Tc_Masters_Fee_Group_YearlyGroup">
    <skipped/>
  </testcase> <!-- loginToappWithrequiredCredentials -->
  <testcase name="tcClickOnCancelButton_activate" time="0.000" classname="com.test.automation.uiAutomation.Fee.TC_Masters.Tc_Masters_Fee_Group_YearlyGroup">
    <skipped/>
  </testcase> <!-- tcClickOnCancelButton_activate -->
  <testcase name="tcSearchBy_FeeGroup_YearlyFeeGrNameInGrid_AfterCancel" time="0.000" classname="com.test.automation.uiAutomation.Fee.TC_Masters.Tc_Masters_Fee_Group_YearlyGroup">
    <skipped/>
  </testcase> <!-- tcSearchBy_FeeGroup_YearlyFeeGrNameInGrid_AfterCancel -->
  <testcase name="tcClickOnSuccessOkBtn_YearlyGroup_activateCancel" time="0.000" classname="com.test.automation.uiAutomation.Fee.TC_Masters.Tc_Masters_Fee_Group_YearlyGroup">
    <skipped/>
  </testcase> <!-- tcClickOnSuccessOkBtn_YearlyGroup_activateCancel -->
  <testcase name="loginToappWithrequiredCredentials" time="0.000" classname="com.test.automation.uiAutomation.Fee.TC_Masters.Tc_Masters_Fee_Group_YearlyGroup">
    <skipped/>
  </testcase> <!-- loginToappWithrequiredCredentials -->
  <testcase name="tcFill_FeeGroup_YearlyGroupForm_AfterClearingFilledData" time="0.000" classname="com.test.automation.uiAutomation.Fee.TC_Masters.Tc_Masters_Fee_Group_YearlyGroup">
    <skipped/>
  </testcase> <!-- tcFill_FeeGroup_YearlyGroupForm_AfterClearingFilledData -->
  <testcase name="tcSearchBy_FeeGroup_YearlyFeeGrNameInGrid" time="0.000" classname="com.test.automation.uiAutomation.Fee.TC_Masters.Tc_Masters_Fee_Group_YearlyGroup">
    <skipped/>
  </testcase> <!-- tcSearchBy_FeeGroup_YearlyFeeGrNameInGrid -->
  <testcase name="tcActivationOfCreatedFeeGroup_YearlyGroup_AfterCancel" time="0.000" classname="com.test.automation.uiAutomation.Fee.TC_Masters.Tc_Masters_Fee_Group_YearlyGroup">
    <skipped/>
  </testcase> <!-- tcActivationOfCreatedFeeGroup_YearlyGroup_AfterCancel -->
  <testcase name="tcEdit_YearlyFeeGroup" time="0.000" classname="com.test.automation.uiAutomation.Fee.TC_Masters.Tc_Masters_Fee_Group_YearlyGroup">
    <skipped/>
  </testcase> <!-- tcEdit_YearlyFeeGroup -->
  <testcase name="tcFill_FeeGroup_YearlyGroupForm_AfterClearingFilledData" time="0.000" classname="com.test.automation.uiAutomation.Fee.TC_Masters.Tc_Masters_Fee_Group_YearlyGroup">
    <skipped/>
  </testcase> <!-- tcFill_FeeGroup_YearlyGroupForm_AfterClearingFilledData -->
  <testcase name="tcFill_FeeGroup_YearlyGroupForm" time="0.000" classname="com.test.automation.uiAutomation.Fee.TC_Masters.Tc_Masters_Fee_Group_YearlyGroup">
    <skipped/>
  </testcase> <!-- tcFill_FeeGroup_YearlyGroupForm -->
  <testcase name="tcSearchBy_FeeGroup_YearlyFeeGrNameInGrid_ForActivate" time="0.000" classname="com.test.automation.uiAutomation.Fee.TC_Masters.Tc_Masters_Fee_Group_YearlyGroup">
    <skipped/>
  </testcase> <!-- tcSearchBy_FeeGroup_YearlyFeeGrNameInGrid_ForActivate -->
  <testcase name="tcClickOnSaveButton_YearlyGroup_ToSubmitBlankForm" time="0.000" classname="com.test.automation.uiAutomation.Fee.TC_Masters.Tc_Masters_Fee_Group_YearlyGroup">
    <skipped/>
  </testcase> <!-- tcClickOnSaveButton_YearlyGroup_ToSubmitBlankForm -->
  <testcase name="tcDeactivationOfCreated_YearlyFeeGroup" time="0.000" classname="com.test.automation.uiAutomation.Fee.TC_Masters.Tc_Masters_Fee_Group_YearlyGroup">
    <skipped/>
  </testcase> <!-- tcDeactivationOfCreated_YearlyFeeGroup -->
  <testcase name="tcClickOnCancelButton_deactivate" time="0.000" classname="com.test.automation.uiAutomation.Fee.TC_Masters.Tc_Masters_Fee_Group_YearlyGroup">
    <skipped/>
  </testcase> <!-- tcClickOnCancelButton_deactivate -->
  <testcase name="tcYesDeleteOrDeactivateOrActivateIt_Activate" time="0.000" classname="com.test.automation.uiAutomation.Fee.TC_Masters.Tc_Masters_Fee_Group_YearlyGroup">
    <skipped/>
  </testcase> <!-- tcYesDeleteOrDeactivateOrActivateIt_Activate -->
  <testcase name="tcHomeButtonValidation" time="0.000" classname="com.test.automation.uiAutomation.Fee.TC_Masters.Tc_Masters_Fee_Group_YearlyGroup">
    <skipped/>
  </testcase> <!-- tcHomeButtonValidation -->
  <testcase name="tcDeactivationOfCreated_YearlyFeeGroup_AfterCancel" time="0.000" classname="com.test.automation.uiAutomation.Fee.TC_Masters.Tc_Masters_Fee_Group_YearlyGroup">
    <skipped/>
  </testcase> <!-- tcDeactivationOfCreated_YearlyFeeGroup_AfterCancel -->
  <testcase name="tcMinimize_YearlyFeeGroup" time="0.000" classname="com.test.automation.uiAutomation.Fee.TC_Masters.Tc_Masters_Fee_Group_YearlyGroup">
    <skipped/>
  </testcase> <!-- tcMinimize_YearlyFeeGroup -->
  <testcase name="tcClickOnSuccessOkBtn_YearlyGroup_Edit" time="0.000" classname="com.test.automation.uiAutomation.Fee.TC_Masters.Tc_Masters_Fee_Group_YearlyGroup">
    <skipped/>
  </testcase> <!-- tcClickOnSuccessOkBtn_YearlyGroup_Edit -->
  <testcase name="tcMaximize_YearlyGroupFeeGrGridView" time="0.000" classname="com.test.automation.uiAutomation.Fee.TC_Masters.Tc_Masters_Fee_Group_YearlyGroup">
    <skipped/>
  </testcase> <!-- tcMaximize_YearlyGroupFeeGrGridView -->
  <testcase name="tcClickOnSuccessOkBtn_YearlyGroup_deactivateCancel" time="0.000" classname="com.test.automation.uiAutomation.Fee.TC_Masters.Tc_Masters_Fee_Group_YearlyGroup">
    <skipped/>
  </testcase> <!-- tcClickOnSuccessOkBtn_YearlyGroup_deactivateCancel -->
  <testcase name="tcFill_FeeGroup_YearlyGroupForm" time="0.000" classname="com.test.automation.uiAutomation.Fee.TC_Masters.Tc_Masters_Fee_Group_YearlyGroup">
    <skipped/>
  </testcase> <!-- tcFill_FeeGroup_YearlyGroupForm -->
  <testcase name="tcVerifyYearlyFeeGroup_UpdatedInGrid" time="0.000" classname="com.test.automation.uiAutomation.Fee.TC_Masters.Tc_Masters_Fee_Group_YearlyGroup">
    <skipped/>
  </testcase> <!-- tcVerifyYearlyFeeGroup_UpdatedInGrid -->
  <testcase name="tcClickOnSuccessOkBtn_YearlyGroup_deactivate" time="0.000" classname="com.test.automation.uiAutomation.Fee.TC_Masters.Tc_Masters_Fee_Group_YearlyGroup">
    <skipped/>
  </testcase> <!-- tcClickOnSuccessOkBtn_YearlyGroup_deactivate -->
  <testcase name="tcMinimize_YearlyGroupFeeGrGridView" time="0.000" classname="com.test.automation.uiAutomation.Fee.TC_Masters.Tc_Masters_Fee_Group_YearlyGroup">
    <skipped/>
  </testcase> <!-- tcMinimize_YearlyGroupFeeGrGridView -->
  <testcase name="tcClickOnCancelButton_YearlyFeeGroup" time="0.000" classname="com.test.automation.uiAutomation.Fee.TC_Masters.Tc_Masters_Fee_Group_YearlyGroup">
    <skipped/>
  </testcase> <!-- tcClickOnCancelButton_YearlyFeeGroup -->
  <testcase name="tcVerifyFeeGroupPage_YearlyGroup" time="0.000" classname="com.test.automation.uiAutomation.Fee.TC_Masters.Tc_Masters_Fee_Group_YearlyGroup">
    <skipped/>
  </testcase> <!-- tcVerifyFeeGroupPage_YearlyGroup -->
  <testcase name="tcNavigateTo_YearlyGroupTab" time="0.000" classname="com.test.automation.uiAutomation.Fee.TC_Masters.Tc_Masters_Fee_Group_YearlyGroup">
    <skipped/>
  </testcase> <!-- tcNavigateTo_YearlyGroupTab -->
  <testcase name="loginToappWithrequiredCredentials" time="0.000" classname="com.test.automation.uiAutomation.Fee.TC_Masters.Tc_Masters_Fee_Group_YearlyGroup">
    <skipped/>
  </testcase> <!-- loginToappWithrequiredCredentials -->
  <testcase name="tcSearchBy_FeeGroup_YearlyFeeGrNameInGrid_ForDeactivate" time="0.000" classname="com.test.automation.uiAutomation.Fee.TC_Masters.Tc_Masters_Fee_Group_YearlyGroup">
    <skipped/>
  </testcase> <!-- tcSearchBy_FeeGroup_YearlyFeeGrNameInGrid_ForDeactivate -->
  <testcase name="tcSortBy_YearlyFeeGroupName" time="0.000" classname="com.test.automation.uiAutomation.Fee.TC_Masters.Tc_Masters_Fee_Group_YearlyGroup">
    <skipped/>
  </testcase> <!-- tcSortBy_YearlyFeeGroupName -->
  <testcase name="tcActivationOfCreatedFeeGroup_YearlyGroup" time="0.000" classname="com.test.automation.uiAutomation.Fee.TC_Masters.Tc_Masters_Fee_Group_YearlyGroup">
    <skipped/>
  </testcase> <!-- tcActivationOfCreatedFeeGroup_YearlyGroup -->
  <testcase name="tcMaximize_YearlyFeeGroup" time="0.000" classname="com.test.automation.uiAutomation.Fee.TC_Masters.Tc_Masters_Fee_Group_YearlyGroup">
    <skipped/>
  </testcase> <!-- tcMaximize_YearlyFeeGroup -->
  <testcase name="setUp" time="0.000" classname="com.test.automation.uiAutomation.Fee.TC_Masters.Tc_Masters_Fee_Group_YearlyGroup">
    <error type="org.openqa.selenium.WebDriverException" message="unknown error: cannot determine loading status
from unknown error: cannot determine loading status
from disconnected: received Inspector.detached event
  (Session info: chrome=65.0.3325.181)
  (Driver info: chromedriver=2.36.540470 (e522d04694c7ebea4ba8821272dbef4f9b818c91),platform=Windows NT 10.0.16299 x86_64) (WARNING: The server did not provide any stacktrace information)
Command duration or timeout: 355 milliseconds
Build info: version: &#039;3.0.1&#039;, revision: &#039;1969d75&#039;, time: &#039;2016-10-18 09:49:13 -0700&#039;
System info: host: &#039;Arvind-Susdiny&#039;, ip: &#039;192.168.1.34&#039;, os.name: &#039;Windows 10&#039;, os.arch: &#039;amd64&#039;, os.version: &#039;10.0&#039;, java.version: &#039;1.8.0_161&#039;
Driver info: org.openqa.selenium.chrome.ChromeDriver
Capabilities [{applicationCacheEnabled=false, rotatable=false, mobileEmulationEnabled=false, networkConnectionEnabled=false, chrome={chromedriverVersion=2.36.540470 (e522d04694c7ebea4ba8821272dbef4f9b818c91), userDataDir=C:\Users\vaps\AppData\Local\Temp\scoped_dir10456_18154}, takesHeapSnapshot=true, pageLoadStrategy=normal, databaseEnabled=false, handlesAlerts=true, hasTouchScreen=false, version=65.0.3325.181, platform=XP, browserConnectionEnabled=false, nativeEvents=true, acceptSslCerts=false, acceptInsecureCerts=false, locationContextEnabled=true, webStorageEnabled=true, browserName=chrome, takesScreenshot=true, javascriptEnabled=true, cssSelectorsEnabled=true, setWindowRect=true, unexpectedAlertBehaviour=}]
Session ID: 12b3159bd7152d40d6106ba7b1849787">
      <![CDATA[org.openqa.selenium.WebDriverException: unknown error: cannot determine loading status
from unknown error: cannot determine loading status
from disconnected: received Inspector.detached event
  (Session info: chrome=65.0.3325.181)
  (Driver info: chromedriver=2.36.540470 (e522d04694c7ebea4ba8821272dbef4f9b818c91),platform=Windows NT 10.0.16299 x86_64) (WARNING: The server did not provide any stacktrace information)
Command duration or timeout: 355 milliseconds
Build info: version: '3.0.1', revision: '1969d75', time: '2016-10-18 09:49:13 -0700'
System info: host: 'Arvind-Susdiny', ip: '192.168.1.34', os.name: 'Windows 10', os.arch: 'amd64', os.version: '10.0', java.version: '1.8.0_161'
Driver info: org.openqa.selenium.chrome.ChromeDriver
Capabilities [{applicationCacheEnabled=false, rotatable=false, mobileEmulationEnabled=false, networkConnectionEnabled=false, chrome={chromedriverVersion=2.36.540470 (e522d04694c7ebea4ba8821272dbef4f9b818c91), userDataDir=C:\Users\vaps\AppData\Local\Temp\scoped_dir10456_18154}, takesHeapSnapshot=true, pageLoadStrategy=normal, databaseEnabled=false, handlesAlerts=true, hasTouchScreen=false, version=65.0.3325.181, platform=XP, browserConnectionEnabled=false, nativeEvents=true, acceptSslCerts=false, acceptInsecureCerts=false, locationContextEnabled=true, webStorageEnabled=true, browserName=chrome, takesScreenshot=true, javascriptEnabled=true, cssSelectorsEnabled=true, setWindowRect=true, unexpectedAlertBehaviour=}]
Session ID: 12b3159bd7152d40d6106ba7b1849787
	at sun.reflect.NativeConstructorAccessorImpl.newInstance0(Native Method)
	at sun.reflect.NativeConstructorAccessorImpl.newInstance(Unknown Source)
	at sun.reflect.DelegatingConstructorAccessorImpl.newInstance(Unknown Source)
	at java.lang.reflect.Constructor.newInstance(Unknown Source)
	at org.openqa.selenium.remote.ErrorHandler.createThrowable(ErrorHandler.java:216)
	at org.openqa.selenium.remote.ErrorHandler.throwIfResponseFailed(ErrorHandler.java:168)
	at org.openqa.selenium.remote.RemoteWebDriver.execute(RemoteWebDriver.java:635)
	at org.openqa.selenium.remote.RemoteWebDriver.get(RemoteWebDriver.java:322)
	at com.test.automation.uiAutomation.testBase.TestBase.getUrl(TestBase.java:169)
	at com.test.automation.uiAutomation.testBase.TestBase.init(TestBase.java:98)
	at com.test.automation.uiAutomation.Fee.TC_Masters.Tc_Masters_Fee_Group_YearlyGroup.setUp(Tc_Masters_Fee_Group_YearlyGroup.java:51)
	at sun.reflect.NativeMethodAccessorImpl.invoke0(Native Method)
	at sun.reflect.NativeMethodAccessorImpl.invoke(Unknown Source)
	at sun.reflect.DelegatingMethodAccessorImpl.invoke(Unknown Source)
	at java.lang.reflect.Method.invoke(Unknown Source)
	at org.testng.internal.MethodInvocationHelper.invokeMethod(MethodInvocationHelper.java:104)
	at org.testng.internal.Invoker.invokeConfigurationMethod(Invoker.java:515)
	at org.testng.internal.Invoker.invokeConfigurations(Invoker.java:217)
	at org.testng.internal.Invoker.invokeConfigurations(Invoker.java:144)
	at org.testng.internal.TestMethodWorker.invokeBeforeClassMethods(TestMethodWorker.java:169)
	at org.testng.internal.TestMethodWorker.run(TestMethodWorker.java:108)
	at org.testng.TestRunner.privateRun(TestRunner.java:756)
	at org.testng.TestRunner.run(TestRunner.java:610)
	at org.testng.SuiteRunner.runTest(SuiteRunner.java:387)
	at org.testng.SuiteRunner.runSequentially(SuiteRunner.java:382)
	at org.testng.SuiteRunner.privateRun(SuiteRunner.java:340)
	at org.testng.SuiteRunner.run(SuiteRunner.java:289)
	at org.testng.SuiteRunnerWorker.runSuite(SuiteRunnerWorker.java:52)
	at org.testng.SuiteRunnerWorker.run(SuiteRunnerWorker.java:86)
	at org.testng.TestNG.runSuitesSequentially(TestNG.java:1293)
	at org.testng.TestNG.runSuitesLocally(TestNG.java:1218)
	at org.testng.TestNG.runSuites(TestNG.java:1133)
	at org.testng.TestNG.run(TestNG.java:1104)
	at org.testng.remote.AbstractRemoteTestNG.run(AbstractRemoteTestNG.java:132)
	at org.testng.remote.RemoteTestNG.initAndRun(RemoteTestNG.java:230)
	at org.testng.remote.RemoteTestNG.main(RemoteTestNG.java:76)
]]>
    </error>
  </testcase> <!-- setUp -->
</testsuite> <!-- com.test.automation.uiAutomation.Fee.TC_Masters.Tc_Masters_Fee_Group_YearlyGroup -->
