<?xml version="1.0" encoding="UTF-8"?>
<!-- Generated by org.testng.reporters.JUnitReportReporter -->
<testsuite name="com.test.automation.uiAutomation.Fee.TC_Masters.Tc_Masters_Fee_Head" tests="47" time="115.044" ignored="0" failures="0" timestamp="02 May 2018 09:56:24 GMT" skipped="25" hostname="Arvind-Susdiny" errors="2">
  <testcase name="tcSearchBy_FeeHead_NameInGrid_ForDeactivate" time="0.002" classname="com.test.automation.uiAutomation.Fee.TC_Masters.Tc_Masters_Fee_Head">
    <skipped/>
  </testcase> <!-- tcSearchBy_FeeHead_NameInGrid_ForDeactivate -->
  <testcase name="tcMinimizeAndMaximize_FeeHead" time="1.378" classname="com.test.automation.uiAutomation.Fee.TC_Masters.Tc_Masters_Fee_Head"/>
  <testcase name="afterMethod" time="0.000" classname="com.test.automation.uiAutomation.Fee.TC_Masters.Tc_Masters_Fee_Head">
    <error type="org.openqa.selenium.NoSuchWindowException" message="no such window: target window already closed
from unknown error: web view not found
  (Session info: chrome=65.0.3325.181)
  (Driver info: chromedriver=2.36.540470 (e522d04694c7ebea4ba8821272dbef4f9b818c91),platform=Windows NT 10.0.16299 x86_64) (WARNING: The server did not provide any stacktrace information)
Command duration or timeout: 4 milliseconds
Build info: version: &#039;3.0.1&#039;, revision: &#039;1969d75&#039;, time: &#039;2016-10-18 09:49:13 -0700&#039;
System info: host: &#039;Arvind-Susdiny&#039;, ip: &#039;192.168.1.34&#039;, os.name: &#039;Windows 10&#039;, os.arch: &#039;amd64&#039;, os.version: &#039;10.0&#039;, java.version: &#039;1.8.0_161&#039;
Driver info: org.openqa.selenium.chrome.ChromeDriver
Capabilities [{applicationCacheEnabled=false, rotatable=false, mobileEmulationEnabled=false, networkConnectionEnabled=false, chrome={chromedriverVersion=2.36.540470 (e522d04694c7ebea4ba8821272dbef4f9b818c91), userDataDir=C:\Users\vaps\AppData\Local\Temp\scoped_dir10696_3738}, takesHeapSnapshot=true, pageLoadStrategy=normal, databaseEnabled=false, handlesAlerts=true, hasTouchScreen=false, version=65.0.3325.181, platform=XP, browserConnectionEnabled=false, nativeEvents=true, acceptSslCerts=false, acceptInsecureCerts=false, locationContextEnabled=true, webStorageEnabled=true, browserName=chrome, takesScreenshot=true, javascriptEnabled=true, cssSelectorsEnabled=true, setWindowRect=true, unexpectedAlertBehaviour=}]
Session ID: f259b87efc8a16ab6756b166685bae3e">
      <![CDATA[org.openqa.selenium.NoSuchWindowException: no such window: target window already closed
from unknown error: web view not found
  (Session info: chrome=65.0.3325.181)
  (Driver info: chromedriver=2.36.540470 (e522d04694c7ebea4ba8821272dbef4f9b818c91),platform=Windows NT 10.0.16299 x86_64) (WARNING: The server did not provide any stacktrace information)
Command duration or timeout: 4 milliseconds
Build info: version: '3.0.1', revision: '1969d75', time: '2016-10-18 09:49:13 -0700'
System info: host: 'Arvind-Susdiny', ip: '192.168.1.34', os.name: 'Windows 10', os.arch: 'amd64', os.version: '10.0', java.version: '1.8.0_161'
Driver info: org.openqa.selenium.chrome.ChromeDriver
Capabilities [{applicationCacheEnabled=false, rotatable=false, mobileEmulationEnabled=false, networkConnectionEnabled=false, chrome={chromedriverVersion=2.36.540470 (e522d04694c7ebea4ba8821272dbef4f9b818c91), userDataDir=C:\Users\vaps\AppData\Local\Temp\scoped_dir10696_3738}, takesHeapSnapshot=true, pageLoadStrategy=normal, databaseEnabled=false, handlesAlerts=true, hasTouchScreen=false, version=65.0.3325.181, platform=XP, browserConnectionEnabled=false, nativeEvents=true, acceptSslCerts=false, acceptInsecureCerts=false, locationContextEnabled=true, webStorageEnabled=true, browserName=chrome, takesScreenshot=true, javascriptEnabled=true, cssSelectorsEnabled=true, setWindowRect=true, unexpectedAlertBehaviour=}]
Session ID: f259b87efc8a16ab6756b166685bae3e
	at sun.reflect.NativeConstructorAccessorImpl.newInstance0(Native Method)
	at sun.reflect.NativeConstructorAccessorImpl.newInstance(Unknown Source)
	at sun.reflect.DelegatingConstructorAccessorImpl.newInstance(Unknown Source)
	at java.lang.reflect.Constructor.newInstance(Unknown Source)
	at org.openqa.selenium.remote.ErrorHandler.createThrowable(ErrorHandler.java:216)
	at org.openqa.selenium.remote.ErrorHandler.throwIfResponseFailed(ErrorHandler.java:168)
	at org.openqa.selenium.remote.RemoteWebDriver.execute(RemoteWebDriver.java:635)
	at org.openqa.selenium.remote.RemoteWebDriver.execute(RemoteWebDriver.java:658)
	at org.openqa.selenium.remote.RemoteWebDriver.getScreenshotAs(RemoteWebDriver.java:340)
	at com.test.automation.uiAutomation.testBase.TestBase.captureScreen(TestBase.java:291)
	at com.test.automation.uiAutomation.testBase.TestBase.getresult(TestBase.java:320)
	at com.test.automation.uiAutomation.testBase.TestBase.afterMethod(TestBase.java:329)
	at sun.reflect.GeneratedMethodAccessor9.invoke(Unknown Source)
	at sun.reflect.DelegatingMethodAccessorImpl.invoke(Unknown Source)
	at java.lang.reflect.Method.invoke(Unknown Source)
	at org.testng.internal.MethodInvocationHelper.invokeMethod(MethodInvocationHelper.java:104)
	at org.testng.internal.Invoker.invokeConfigurationMethod(Invoker.java:515)
	at org.testng.internal.Invoker.invokeConfigurations(Invoker.java:217)
	at org.testng.internal.Invoker.invokeMethod(Invoker.java:712)
	at org.testng.internal.Invoker.invokeTestMethod(Invoker.java:851)
	at org.testng.internal.Invoker.invokeTestMethods(Invoker.java:1177)
	at org.testng.internal.TestMethodWorker.invokeTestMethods(TestMethodWorker.java:129)
	at org.testng.internal.TestMethodWorker.run(TestMethodWorker.java:112)
	at org.testng.TestRunner.privateRun(TestRunner.java:756)
	at org.testng.TestRunner.run(TestRunner.java:610)
	at org.testng.SuiteRunner.runTest(SuiteRunner.java:387)
	at org.testng.SuiteRunner.runSequentially(SuiteRunner.java:382)
	at org.testng.SuiteRunner.privateRun(SuiteRunner.java:340)
	at org.testng.SuiteRunner.run(SuiteRunner.java:289)
	at org.testng.SuiteRunnerWorker.runSuite(SuiteRunnerWorker.java:52)
	at org.testng.SuiteRunnerWorker.run(SuiteRunnerWorker.java:86)
	at org.testng.TestNG.runSuitesSequentially(TestNG.java:1293)
	at org.testng.TestNG.runSuitesLocally(TestNG.java:1218)
	at org.testng.TestNG.runSuites(TestNG.java:1133)
	at org.testng.TestNG.run(TestNG.java:1104)
	at org.testng.remote.AbstractRemoteTestNG.run(AbstractRemoteTestNG.java:132)
	at org.testng.remote.RemoteTestNG.initAndRun(RemoteTestNG.java:230)
	at org.testng.remote.RemoteTestNG.main(RemoteTestNG.java:76)
]]>
    </error>
  </testcase> <!-- afterMethod -->
  <testcase name="tcFill_FeeHead_Form_AfterCancel" time="4.119" classname="com.test.automation.uiAutomation.Fee.TC_Masters.Tc_Masters_Fee_Head"/>
  <testcase name="tcEdit_FeeHead_updatedInGrid" time="0.002" classname="com.test.automation.uiAutomation.Fee.TC_Masters.Tc_Masters_Fee_Head">
    <skipped/>
  </testcase> <!-- tcEdit_FeeHead_updatedInGrid -->
  <testcase name="loginToappWithrequiredCredentials" time="0.001" classname="com.test.automation.uiAutomation.Fee.TC_Masters.Tc_Masters_Fee_Head">
    <skipped/>
  </testcase> <!-- loginToappWithrequiredCredentials -->
  <testcase name="tcClickOnCancelButton_PopUp_activate" time="0.002" classname="com.test.automation.uiAutomation.Fee.TC_Masters.Tc_Masters_Fee_Head">
    <skipped/>
  </testcase> <!-- tcClickOnCancelButton_PopUp_activate -->
  <testcase name="tcSearchBy_FeeHead_NameInGrid_AfterCancel" time="0.001" classname="com.test.automation.uiAutomation.Fee.TC_Masters.Tc_Masters_Fee_Head">
    <skipped/>
  </testcase> <!-- tcSearchBy_FeeHead_NameInGrid_AfterCancel -->
  <testcase name="tcSearchBy_FeeHead_NameInGrid_ForActivate" time="0.000" classname="com.test.automation.uiAutomation.Fee.TC_Masters.Tc_Masters_Fee_Head">
    <skipped/>
  </testcase> <!-- tcSearchBy_FeeHead_NameInGrid_ForActivate -->
  <testcase name="tcNevigateToMasters_FeeHead" time="3.885" classname="com.test.automation.uiAutomation.Fee.TC_Masters.Tc_Masters_Fee_Head"/>
  <testcase name="tcSortByFeeHeadName" time="2.653" classname="com.test.automation.uiAutomation.Fee.TC_Masters.Tc_Masters_Fee_Head"/>
  <testcase name="tcActivationOfCreated_FeeHead_AfterCancel" time="0.001" classname="com.test.automation.uiAutomation.Fee.TC_Masters.Tc_Masters_Fee_Head">
    <skipped/>
  </testcase> <!-- tcActivationOfCreated_FeeHead_AfterCancel -->
  <testcase name="tcVerifyFeeHeadPage" time="1.350" classname="com.test.automation.uiAutomation.Fee.TC_Masters.Tc_Masters_Fee_Head"/>
  <testcase name="tcSelect_Refundable_CheckBox_AfterCancel" time="1.367" classname="com.test.automation.uiAutomation.Fee.TC_Masters.Tc_Masters_Fee_Head"/>
  <testcase name="tcMaximize_FeeMasterHeadGridView" time="1.332" classname="com.test.automation.uiAutomation.Fee.TC_Masters.Tc_Masters_Fee_Head"/>
  <testcase name="loginToappWithrequiredCredentials" time="0.001" classname="com.test.automation.uiAutomation.Fee.TC_Masters.Tc_Masters_Fee_Head">
    <skipped/>
  </testcase> <!-- loginToappWithrequiredCredentials -->
  <testcase name="tcSearchBy_FeeHead_NameInGrid_ForDeactivate_AfterCancel" time="0.002" classname="com.test.automation.uiAutomation.Fee.TC_Masters.Tc_Masters_Fee_Head">
    <skipped/>
  </testcase> <!-- tcSearchBy_FeeHead_NameInGrid_ForDeactivate_AfterCancel -->
  <testcase name="tcClickOnOkSuccessButton_activateCancel" time="0.001" classname="com.test.automation.uiAutomation.Fee.TC_Masters.Tc_Masters_Fee_Head">
    <skipped/>
  </testcase> <!-- tcClickOnOkSuccessButton_activateCancel -->
  <testcase name="tcVerifyFeeHead_UpdatedInGrid" time="0.001" classname="com.test.automation.uiAutomation.Fee.TC_Masters.Tc_Masters_Fee_Head">
    <skipped/>
  </testcase> <!-- tcVerifyFeeHead_UpdatedInGrid -->
  <testcase name="tcYesDeleteOrDeactivateOrActivateIt_Activate" time="0.001" classname="com.test.automation.uiAutomation.Fee.TC_Masters.Tc_Masters_Fee_Head">
    <skipped/>
  </testcase> <!-- tcYesDeleteOrDeactivateOrActivateIt_Activate -->
  <testcase name="tcClickOnOkSuccessButton_deactivateCancel" time="0.001" classname="com.test.automation.uiAutomation.Fee.TC_Masters.Tc_Masters_Fee_Head">
    <skipped/>
  </testcase> <!-- tcClickOnOkSuccessButton_deactivateCancel -->
  <testcase name="tcActivationOfCreated_FeeHead" time="0.002" classname="com.test.automation.uiAutomation.Fee.TC_Masters.Tc_Masters_Fee_Head">
    <skipped/>
  </testcase> <!-- tcActivationOfCreated_FeeHead -->
  <testcase name="loginToappWithrequiredCredentials" time="0.000" classname="com.test.automation.uiAutomation.Fee.TC_Masters.Tc_Masters_Fee_Head">
    <skipped/>
  </testcase> <!-- loginToappWithrequiredCredentials -->
  <testcase name="tcHomeButtonValidation" time="7.326" classname="com.test.automation.uiAutomation.Fee.TC_Masters.Tc_Masters_Fee_Head"/>
  <testcase name="tcSelect_SpecialFeeHead_CheckBox" time="1.439" classname="com.test.automation.uiAutomation.Fee.TC_Masters.Tc_Masters_Fee_Head"/>
  <testcase name="tcClickOnOkSuccessButton_Edit" time="0.000" classname="com.test.automation.uiAutomation.Fee.TC_Masters.Tc_Masters_Fee_Head">
    <skipped/>
  </testcase> <!-- tcClickOnOkSuccessButton_Edit -->
  <testcase name="tcSelect_PDAExpense_CheckBox_AfterCancel" time="1.377" classname="com.test.automation.uiAutomation.Fee.TC_Masters.Tc_Masters_Fee_Head"/>
  <testcase name="tcClickOnSaveButton_FeeHead_Edit" time="0.002" classname="com.test.automation.uiAutomation.Fee.TC_Masters.Tc_Masters_Fee_Head">
    <skipped/>
  </testcase> <!-- tcClickOnSaveButton_FeeHead_Edit -->
  <testcase name="tcMinimize_FeeMasterHeadGridView" time="1.363" classname="com.test.automation.uiAutomation.Fee.TC_Masters.Tc_Masters_Fee_Head"/>
  <testcase name="tcYesDeleteOrDeactivateOrActivateIt_deactivate" time="0.004" classname="com.test.automation.uiAutomation.Fee.TC_Masters.Tc_Masters_Fee_Head">
    <skipped/>
  </testcase> <!-- tcYesDeleteOrDeactivateOrActivateIt_deactivate -->
  <testcase name="tcMaximize_FeeHead" time="1.338" classname="com.test.automation.uiAutomation.Fee.TC_Masters.Tc_Masters_Fee_Head"/>
  <testcase name="tcDeactivationOfCreated_FeeHead_AfterCancel" time="0.001" classname="com.test.automation.uiAutomation.Fee.TC_Masters.Tc_Masters_Fee_Head">
    <skipped/>
  </testcase> <!-- tcDeactivationOfCreated_FeeHead_AfterCancel -->
  <testcase name="loginToappWithrequiredCredentials" time="0.000" classname="com.test.automation.uiAutomation.Fee.TC_Masters.Tc_Masters_Fee_Head">
    <skipped/>
  </testcase> <!-- loginToappWithrequiredCredentials -->
  <testcase name="loginToappWithrequiredCredentials" time="20.140" classname="com.test.automation.uiAutomation.Fee.TC_Masters.Tc_Masters_Fee_Head"/>
  <testcase name="tcSelect_Refundable_CheckBox" time="1.394" classname="com.test.automation.uiAutomation.Fee.TC_Masters.Tc_Masters_Fee_Head"/>
  <testcase name="tcClickOnSaveButton_FeeHead" time="10.437" classname="com.test.automation.uiAutomation.Fee.TC_Masters.Tc_Masters_Fee_Head"/>
  <testcase name="tcClickOnSaveButton_ToSubmitBlankForm" time="10.416" classname="com.test.automation.uiAutomation.Fee.TC_Masters.Tc_Masters_Fee_Head"/>
  <testcase name="tcSelect_SpecialFeeHead_CheckBox_AfterCancel" time="1.378" classname="com.test.automation.uiAutomation.Fee.TC_Masters.Tc_Masters_Fee_Head"/>
  <testcase name="tcDeactivationOfCreated_FeeHead" time="0.001" classname="com.test.automation.uiAutomation.Fee.TC_Masters.Tc_Masters_Fee_Head">
    <skipped/>
  </testcase> <!-- tcDeactivationOfCreated_FeeHead -->
  <testcase name="tcSelect_PDAExpense_CheckBox" time="1.411" classname="com.test.automation.uiAutomation.Fee.TC_Masters.Tc_Masters_Fee_Head"/>
  <testcase name="tcClickOnCancelButton_PopUp_deactivate" time="0.001" classname="com.test.automation.uiAutomation.Fee.TC_Masters.Tc_Masters_Fee_Head">
    <skipped/>
  </testcase> <!-- tcClickOnCancelButton_PopUp_deactivate -->
  <testcase name="tcClickOnOkSuccessButton_activate" time="0.001" classname="com.test.automation.uiAutomation.Fee.TC_Masters.Tc_Masters_Fee_Head">
    <skipped/>
  </testcase> <!-- tcClickOnOkSuccessButton_activate -->
  <testcase name="tcClickOnSuccessOkBtn" time="29.370" classname="com.test.automation.uiAutomation.Fee.TC_Masters.Tc_Masters_Fee_Head">
    <error type="org.openqa.selenium.NoSuchWindowException" message="no such window: target window already closed
from unknown error: web view not found
  (Session info: chrome=65.0.3325.181)
  (Driver info: chromedriver=2.36.540470 (e522d04694c7ebea4ba8821272dbef4f9b818c91),platform=Windows NT 10.0.16299 x86_64) (WARNING: The server did not provide any stacktrace information)
Command duration or timeout: 119 milliseconds
Build info: version: &#039;3.0.1&#039;, revision: &#039;1969d75&#039;, time: &#039;2016-10-18 09:49:13 -0700&#039;
System info: host: &#039;Arvind-Susdiny&#039;, ip: &#039;192.168.1.34&#039;, os.name: &#039;Windows 10&#039;, os.arch: &#039;amd64&#039;, os.version: &#039;10.0&#039;, java.version: &#039;1.8.0_161&#039;
Driver info: org.openqa.selenium.chrome.ChromeDriver
Capabilities [{applicationCacheEnabled=false, rotatable=false, mobileEmulationEnabled=false, networkConnectionEnabled=false, chrome={chromedriverVersion=2.36.540470 (e522d04694c7ebea4ba8821272dbef4f9b818c91), userDataDir=C:\Users\vaps\AppData\Local\Temp\scoped_dir10696_3738}, takesHeapSnapshot=true, pageLoadStrategy=normal, databaseEnabled=false, handlesAlerts=true, hasTouchScreen=false, version=65.0.3325.181, platform=XP, browserConnectionEnabled=false, nativeEvents=true, acceptSslCerts=false, acceptInsecureCerts=false, locationContextEnabled=true, webStorageEnabled=true, browserName=chrome, takesScreenshot=true, javascriptEnabled=true, cssSelectorsEnabled=true, setWindowRect=true, unexpectedAlertBehaviour=}]
Session ID: f259b87efc8a16ab6756b166685bae3e">
      <![CDATA[org.openqa.selenium.NoSuchWindowException: no such window: target window already closed
from unknown error: web view not found
  (Session info: chrome=65.0.3325.181)
  (Driver info: chromedriver=2.36.540470 (e522d04694c7ebea4ba8821272dbef4f9b818c91),platform=Windows NT 10.0.16299 x86_64) (WARNING: The server did not provide any stacktrace information)
Command duration or timeout: 119 milliseconds
Build info: version: '3.0.1', revision: '1969d75', time: '2016-10-18 09:49:13 -0700'
System info: host: 'Arvind-Susdiny', ip: '192.168.1.34', os.name: 'Windows 10', os.arch: 'amd64', os.version: '10.0', java.version: '1.8.0_161'
Driver info: org.openqa.selenium.chrome.ChromeDriver
Capabilities [{applicationCacheEnabled=false, rotatable=false, mobileEmulationEnabled=false, networkConnectionEnabled=false, chrome={chromedriverVersion=2.36.540470 (e522d04694c7ebea4ba8821272dbef4f9b818c91), userDataDir=C:\Users\vaps\AppData\Local\Temp\scoped_dir10696_3738}, takesHeapSnapshot=true, pageLoadStrategy=normal, databaseEnabled=false, handlesAlerts=true, hasTouchScreen=false, version=65.0.3325.181, platform=XP, browserConnectionEnabled=false, nativeEvents=true, acceptSslCerts=false, acceptInsecureCerts=false, locationContextEnabled=true, webStorageEnabled=true, browserName=chrome, takesScreenshot=true, javascriptEnabled=true, cssSelectorsEnabled=true, setWindowRect=true, unexpectedAlertBehaviour=}]
Session ID: f259b87efc8a16ab6756b166685bae3e
	at sun.reflect.NativeConstructorAccessorImpl.newInstance0(Native Method)
	at sun.reflect.NativeConstructorAccessorImpl.newInstance(Unknown Source)
	at sun.reflect.DelegatingConstructorAccessorImpl.newInstance(Unknown Source)
	at java.lang.reflect.Constructor.newInstance(Unknown Source)
	at org.openqa.selenium.remote.ErrorHandler.createThrowable(ErrorHandler.java:216)
	at org.openqa.selenium.remote.ErrorHandler.throwIfResponseFailed(ErrorHandler.java:168)
	at org.openqa.selenium.remote.RemoteWebDriver.execute(RemoteWebDriver.java:635)
	at org.openqa.selenium.remote.RemoteWebDriver.execute(RemoteWebDriver.java:658)
	at org.openqa.selenium.remote.RemoteWebDriver.getScreenshotAs(RemoteWebDriver.java:340)
	at com.test.automation.uiAutomation.testBase.TestBase.getScreenShot(TestBase.java:215)
	at com.test.automation.uiAutomation.Fee.TC_Masters.Tc_Masters_Fee_Head.tcClickOnSuccessOkBtn(Tc_Masters_Fee_Head.java:381)
	at sun.reflect.NativeMethodAccessorImpl.invoke0(Native Method)
	at sun.reflect.NativeMethodAccessorImpl.invoke(Unknown Source)
	at sun.reflect.DelegatingMethodAccessorImpl.invoke(Unknown Source)
	at java.lang.reflect.Method.invoke(Unknown Source)
	at org.testng.internal.MethodInvocationHelper.invokeMethod(MethodInvocationHelper.java:104)
	at org.testng.internal.Invoker.invokeMethod(Invoker.java:645)
	at org.testng.internal.Invoker.invokeTestMethod(Invoker.java:851)
	at org.testng.internal.Invoker.invokeTestMethods(Invoker.java:1177)
	at org.testng.internal.TestMethodWorker.invokeTestMethods(TestMethodWorker.java:129)
	at org.testng.internal.TestMethodWorker.run(TestMethodWorker.java:112)
	at org.testng.TestRunner.privateRun(TestRunner.java:756)
	at org.testng.TestRunner.run(TestRunner.java:610)
	at org.testng.SuiteRunner.runTest(SuiteRunner.java:387)
	at org.testng.SuiteRunner.runSequentially(SuiteRunner.java:382)
	at org.testng.SuiteRunner.privateRun(SuiteRunner.java:340)
	at org.testng.SuiteRunner.run(SuiteRunner.java:289)
	at org.testng.SuiteRunnerWorker.runSuite(SuiteRunnerWorker.java:52)
	at org.testng.SuiteRunnerWorker.run(SuiteRunnerWorker.java:86)
	at org.testng.TestNG.runSuitesSequentially(TestNG.java:1293)
	at org.testng.TestNG.runSuitesLocally(TestNG.java:1218)
	at org.testng.TestNG.runSuites(TestNG.java:1133)
	at org.testng.TestNG.run(TestNG.java:1104)
	at org.testng.remote.AbstractRemoteTestNG.run(AbstractRemoteTestNG.java:132)
	at org.testng.remote.RemoteTestNG.initAndRun(RemoteTestNG.java:230)
	at org.testng.remote.RemoteTestNG.main(RemoteTestNG.java:76)
]]>
    </error>
  </testcase> <!-- tcClickOnSuccessOkBtn -->
  <testcase name="tcClickOnOkSuccessButton_deactivate" time="0.000" classname="com.test.automation.uiAutomation.Fee.TC_Masters.Tc_Masters_Fee_Head">
    <skipped/>
  </testcase> <!-- tcClickOnOkSuccessButton_deactivate -->
  <testcase name="tcFill_FeeHead_Form" time="4.128" classname="com.test.automation.uiAutomation.Fee.TC_Masters.Tc_Masters_Fee_Head"/>
  <testcase name="tcSearchBy_FeeHead_NameInGrid" time="0.000" classname="com.test.automation.uiAutomation.Fee.TC_Masters.Tc_Masters_Fee_Head">
    <skipped/>
  </testcase> <!-- tcSearchBy_FeeHead_NameInGrid -->
  <testcase name="tcClickOnCancelButton_FeeHead" time="7.415" classname="com.test.automation.uiAutomation.Fee.TC_Masters.Tc_Masters_Fee_Head"/>
</testsuite> <!-- com.test.automation.uiAutomation.Fee.TC_Masters.Tc_Masters_Fee_Head -->
