<?xml version="1.0" encoding="UTF-8"?>
<!-- Generated by org.testng.reporters.JUnitReportReporter -->
<testsuite name="com.test.automation.uiAutomation.admission.admissionForm.TC_StudentAdmissionForm" tests="31" time="81.292" ignored="0" failures="0" timestamp="13 Feb 2018 05:58:21 GMT" skipped="21" hostname="DESKTOP-DISLHD4" errors="3">
  <testcase name="tcGuardianDetails" time="0.002" classname="com.test.automation.uiAutomation.admission.admissionForm.TC_StudentAdmissionForm">
    <skipped/>
  </testcase> <!-- tcGuardianDetails -->
  <testcase name="loginToappWithrequiredCredentials" time="0.003" classname="com.test.automation.uiAutomation.admission.admissionForm.TC_StudentAdmissionForm">
    <skipped/>
  </testcase> <!-- loginToappWithrequiredCredentials -->
  <testcase name="tcStudentAdmissionFormOthers" time="0.001" classname="com.test.automation.uiAutomation.admission.admissionForm.TC_StudentAdmissionForm">
    <skipped/>
  </testcase> <!-- tcStudentAdmissionFormOthers -->
  <testcase name="tcnavigateToStudentAdmForm" time="25.368" classname="com.test.automation.uiAutomation.admission.admissionForm.TC_StudentAdmissionForm"/>
  <testcase name="tcClickOnParentPageNextButton" time="0.001" classname="com.test.automation.uiAutomation.admission.admissionForm.TC_StudentAdmissionForm">
    <skipped/>
  </testcase> <!-- tcClickOnParentPageNextButton -->
  <testcase name="tcClickOnSubmitButton" time="0.001" classname="com.test.automation.uiAutomation.admission.admissionForm.TC_StudentAdmissionForm">
    <skipped/>
  </testcase> <!-- tcClickOnSubmitButton -->
  <testcase name="tcRequiredDetails" time="0.002" classname="com.test.automation.uiAutomation.admission.admissionForm.TC_StudentAdmissionForm">
    <skipped/>
  </testcase> <!-- tcRequiredDetails -->
  <testcase name="loginToappWithrequiredCredentials" time="0.001" classname="com.test.automation.uiAutomation.admission.admissionForm.TC_StudentAdmissionForm">
    <skipped/>
  </testcase> <!-- loginToappWithrequiredCredentials -->
  <testcase name="loginToappWithrequiredCredentials" time="0.000" classname="com.test.automation.uiAutomation.admission.admissionForm.TC_StudentAdmissionForm">
    <skipped/>
  </testcase> <!-- loginToappWithrequiredCredentials -->
  <testcase name="afterMethod" time="0.000" classname="com.test.automation.uiAutomation.admission.admissionForm.TC_StudentAdmissionForm">
    <error type="org.openqa.selenium.NoSuchWindowException" message="no such window: target window already closed
from unknown error: web view not found
  (Session info: chrome=64.0.3282.140)
  (Driver info: chromedriver=2.33.506120 (e3e53437346286c0bc2d2dc9aa4915ba81d9023f),platform=Windows NT 10.0.16299 x86_64) (WARNING: The server did not provide any stacktrace information)
Command duration or timeout: 3 milliseconds
Build info: version: &#039;3.0.1&#039;, revision: &#039;1969d75&#039;, time: &#039;2016-10-18 09:49:13 -0700&#039;
System info: host: &#039;DESKTOP-DISLHD4&#039;, ip: &#039;192.168.1.24&#039;, os.name: &#039;Windows 10&#039;, os.arch: &#039;amd64&#039;, os.version: &#039;10.0&#039;, java.version: &#039;1.8.0_161&#039;
Driver info: org.openqa.selenium.chrome.ChromeDriver
Capabilities [{applicationCacheEnabled=false, rotatable=false, mobileEmulationEnabled=false, networkConnectionEnabled=false, chrome={chromedriverVersion=2.33.506120 (e3e53437346286c0bc2d2dc9aa4915ba81d9023f), userDataDir=C:\Users\vaps\AppData\Local\Temp\scoped_dir4732_10560}, takesHeapSnapshot=true, pageLoadStrategy=normal, databaseEnabled=false, handlesAlerts=true, hasTouchScreen=false, version=64.0.3282.140, platform=XP, browserConnectionEnabled=false, nativeEvents=true, acceptSslCerts=true, locationContextEnabled=true, webStorageEnabled=true, browserName=chrome, takesScreenshot=true, javascriptEnabled=true, cssSelectorsEnabled=true, setWindowRect=true, unexpectedAlertBehaviour=}]
Session ID: 1c0c9d6093e75fd557975b0e0ab0f2a2">
      <![CDATA[org.openqa.selenium.NoSuchWindowException: no such window: target window already closed
from unknown error: web view not found
  (Session info: chrome=64.0.3282.140)
  (Driver info: chromedriver=2.33.506120 (e3e53437346286c0bc2d2dc9aa4915ba81d9023f),platform=Windows NT 10.0.16299 x86_64) (WARNING: The server did not provide any stacktrace information)
Command duration or timeout: 3 milliseconds
Build info: version: '3.0.1', revision: '1969d75', time: '2016-10-18 09:49:13 -0700'
System info: host: 'DESKTOP-DISLHD4', ip: '192.168.1.24', os.name: 'Windows 10', os.arch: 'amd64', os.version: '10.0', java.version: '1.8.0_161'
Driver info: org.openqa.selenium.chrome.ChromeDriver
Capabilities [{applicationCacheEnabled=false, rotatable=false, mobileEmulationEnabled=false, networkConnectionEnabled=false, chrome={chromedriverVersion=2.33.506120 (e3e53437346286c0bc2d2dc9aa4915ba81d9023f), userDataDir=C:\Users\vaps\AppData\Local\Temp\scoped_dir4732_10560}, takesHeapSnapshot=true, pageLoadStrategy=normal, databaseEnabled=false, handlesAlerts=true, hasTouchScreen=false, version=64.0.3282.140, platform=XP, browserConnectionEnabled=false, nativeEvents=true, acceptSslCerts=true, locationContextEnabled=true, webStorageEnabled=true, browserName=chrome, takesScreenshot=true, javascriptEnabled=true, cssSelectorsEnabled=true, setWindowRect=true, unexpectedAlertBehaviour=}]
Session ID: 1c0c9d6093e75fd557975b0e0ab0f2a2
	at sun.reflect.NativeConstructorAccessorImpl.newInstance0(Native Method)
	at sun.reflect.NativeConstructorAccessorImpl.newInstance(Unknown Source)
	at sun.reflect.DelegatingConstructorAccessorImpl.newInstance(Unknown Source)
	at java.lang.reflect.Constructor.newInstance(Unknown Source)
	at org.openqa.selenium.remote.ErrorHandler.createThrowable(ErrorHandler.java:216)
	at org.openqa.selenium.remote.ErrorHandler.throwIfResponseFailed(ErrorHandler.java:168)
	at org.openqa.selenium.remote.RemoteWebDriver.execute(RemoteWebDriver.java:635)
	at org.openqa.selenium.remote.RemoteWebDriver.execute(RemoteWebDriver.java:658)
	at org.openqa.selenium.remote.RemoteWebDriver.getScreenshotAs(RemoteWebDriver.java:340)
	at com.test.automation.uiAutomation.testBase.TestBase.captureScreen(TestBase.java:274)
	at com.test.automation.uiAutomation.testBase.TestBase.getresult(TestBase.java:303)
	at com.test.automation.uiAutomation.testBase.TestBase.afterMethod(TestBase.java:312)
	at sun.reflect.NativeMethodAccessorImpl.invoke0(Native Method)
	at sun.reflect.NativeMethodAccessorImpl.invoke(Unknown Source)
	at sun.reflect.DelegatingMethodAccessorImpl.invoke(Unknown Source)
	at java.lang.reflect.Method.invoke(Unknown Source)
	at org.testng.internal.MethodInvocationHelper.invokeMethod(MethodInvocationHelper.java:104)
	at org.testng.internal.Invoker.invokeConfigurationMethod(Invoker.java:515)
	at org.testng.internal.Invoker.invokeConfigurations(Invoker.java:217)
	at org.testng.internal.Invoker.invokeMethod(Invoker.java:712)
	at org.testng.internal.Invoker.invokeTestMethod(Invoker.java:851)
	at org.testng.internal.Invoker.invokeTestMethods(Invoker.java:1177)
	at org.testng.internal.TestMethodWorker.invokeTestMethods(TestMethodWorker.java:129)
	at org.testng.internal.TestMethodWorker.run(TestMethodWorker.java:112)
	at org.testng.TestRunner.privateRun(TestRunner.java:756)
	at org.testng.TestRunner.run(TestRunner.java:610)
	at org.testng.SuiteRunner.runTest(SuiteRunner.java:387)
	at org.testng.SuiteRunner.runSequentially(SuiteRunner.java:382)
	at org.testng.SuiteRunner.privateRun(SuiteRunner.java:340)
	at org.testng.SuiteRunner.run(SuiteRunner.java:289)
	at org.testng.SuiteRunnerWorker.runSuite(SuiteRunnerWorker.java:52)
	at org.testng.SuiteRunnerWorker.run(SuiteRunnerWorker.java:86)
	at org.testng.TestNG.runSuitesSequentially(TestNG.java:1293)
	at org.testng.TestNG.runSuitesLocally(TestNG.java:1218)
	at org.testng.TestNG.runSuites(TestNG.java:1133)
	at org.testng.TestNG.run(TestNG.java:1104)
	at org.testng.remote.AbstractRemoteTestNG.run(AbstractRemoteTestNG.java:132)
	at org.testng.remote.RemoteTestNG.initAndRun(RemoteTestNG.java:230)
	at org.testng.remote.RemoteTestNG.main(RemoteTestNG.java:76)
]]>
    </error>
  </testcase> <!-- afterMethod -->
  <testcase name="tcClickOnMotherAlive" time="0.004" classname="com.test.automation.uiAutomation.admission.admissionForm.TC_StudentAdmissionForm">
    <skipped/>
  </testcase> <!-- tcClickOnMotherAlive -->
  <testcase name="tcClickOnAddressPageNextButton" time="0.320" classname="com.test.automation.uiAutomation.admission.admissionForm.TC_StudentAdmissionForm"/>
  <testcase name="studentAdmissionFormInternalProcess" time="0.019" classname="com.test.automation.uiAutomation.admission.admissionForm.TC_StudentAdmissionForm">
    <error type="org.testng.internal.reflect.MethodMatcherException" message="
Data provider mismatch
Method: studentAdmissionFormInternalProcess([Parameter{index=0, type=java.lang.String, declaredAnnotations=[]}, Parameter{index=1, type=java.lang.String, declaredAnnotations=[]}, Parameter{index=2, type=java.lang.String, declaredAnnotations=[]}, Parameter{index=3, type=java.lang.String, declaredAnnotations=[]}, Parameter{index=4, type=java.lang.String, declaredAnnotations=[]}, Parameter{index=5, type=java.lang.String, declaredAnnotations=[]}, Parameter{index=6, type=java.lang.String, declaredAnnotations=[]}, Parameter{index=7, type=java.lang.String, declaredAnnotations=[]}, Parameter{index=8, type=java.lang.String, declaredAnnotations=[]}, Parameter{index=9, type=java.lang.String, declaredAnnotations=[]}, Parameter{index=10, type=java.lang.String, declaredAnnotations=[]}, Parameter{index=11, type=java.lang.String, declaredAnnotations=[]}, Parameter{index=12, type=java.lang.String, declaredAnnotations=[]}, Parameter{index=13, type=java.lang.String, declaredAnnotations=[]}, Parameter{index=14, type=java.lang.String, declaredAnnotations=[]}, Parameter{index=15, type=java.lang.String, declaredAnnotations=[]}, Parameter{index=16, type=java.lang.String, declaredAnnotations=[]}, Parameter{index=17, type=java.lang.String, declaredAnnotations=[]}, Parameter{index=18, type=java.lang.String, declaredAnnotations=[]}, Parameter{index=19, type=java.lang.String, declaredAnnotations=[]}, Parameter{index=20, type=java.lang.String, declaredAnnotations=[]}, Parameter{index=21, type=java.lang.String, declaredAnnotations=[]}, Parameter{index=22, type=java.lang.String, declaredAnnotations=[]}, Parameter{index=23, type=java.lang.String, declaredAnnotations=[]}])
Arguments: [(java.lang.String)Kumud,(java.lang.String)Ranjan,(java.lang.String)Jha,(java.lang.String)2000002,(java.lang.String)Test,(java.lang.String)General,(java.lang.String)BRAHMIN,(java.lang.String)HDFC0001012,(java.lang.String)Bangalore,(java.lang.String)KAB0012345,(java.lang.String)KAC0054321,(java.lang.String)Female,(java.lang.String)Kannada,(java.lang.String)Hinduism,(java.lang.String)India,(java.lang.String)8123212751,(java.lang.String)arvindbose1986@gmail.com,(java.lang.String)712726278999,(java.lang.String)O+,(java.lang.String)50100012121212,(java.lang.String)BPL12312312312312312,(java.lang.String)General,(java.lang.String)N]">
      <![CDATA[org.testng.internal.reflect.MethodMatcherException: 
Data provider mismatch
Method: studentAdmissionFormInternalProcess([Parameter{index=0, type=java.lang.String, declaredAnnotations=[]}, Parameter{index=1, type=java.lang.String, declaredAnnotations=[]}, Parameter{index=2, type=java.lang.String, declaredAnnotations=[]}, Parameter{index=3, type=java.lang.String, declaredAnnotations=[]}, Parameter{index=4, type=java.lang.String, declaredAnnotations=[]}, Parameter{index=5, type=java.lang.String, declaredAnnotations=[]}, Parameter{index=6, type=java.lang.String, declaredAnnotations=[]}, Parameter{index=7, type=java.lang.String, declaredAnnotations=[]}, Parameter{index=8, type=java.lang.String, declaredAnnotations=[]}, Parameter{index=9, type=java.lang.String, declaredAnnotations=[]}, Parameter{index=10, type=java.lang.String, declaredAnnotations=[]}, Parameter{index=11, type=java.lang.String, declaredAnnotations=[]}, Parameter{index=12, type=java.lang.String, declaredAnnotations=[]}, Parameter{index=13, type=java.lang.String, declaredAnnotations=[]}, Parameter{index=14, type=java.lang.String, declaredAnnotations=[]}, Parameter{index=15, type=java.lang.String, declaredAnnotations=[]}, Parameter{index=16, type=java.lang.String, declaredAnnotations=[]}, Parameter{index=17, type=java.lang.String, declaredAnnotations=[]}, Parameter{index=18, type=java.lang.String, declaredAnnotations=[]}, Parameter{index=19, type=java.lang.String, declaredAnnotations=[]}, Parameter{index=20, type=java.lang.String, declaredAnnotations=[]}, Parameter{index=21, type=java.lang.String, declaredAnnotations=[]}, Parameter{index=22, type=java.lang.String, declaredAnnotations=[]}, Parameter{index=23, type=java.lang.String, declaredAnnotations=[]}])
Arguments: [(java.lang.String)Kumud,(java.lang.String)Ranjan,(java.lang.String)Jha,(java.lang.String)2000002,(java.lang.String)Test,(java.lang.String)General,(java.lang.String)BRAHMIN,(java.lang.String)HDFC0001012,(java.lang.String)Bangalore,(java.lang.String)KAB0012345,(java.lang.String)KAC0054321,(java.lang.String)Female,(java.lang.String)Kannada,(java.lang.String)Hinduism,(java.lang.String)India,(java.lang.String)8123212751,(java.lang.String)arvindbose1986@gmail.com,(java.lang.String)712726278999,(java.lang.String)O+,(java.lang.String)50100012121212,(java.lang.String)BPL12312312312312312,(java.lang.String)General,(java.lang.String)N]
	at org.testng.internal.reflect.DataProviderMethodMatcher.getConformingArguments(DataProviderMethodMatcher.java:52)
	at org.testng.internal.Invoker.injectParameters(Invoker.java:1278)
	at org.testng.internal.Invoker.invokeTestMethods(Invoker.java:1171)
	at org.testng.internal.TestMethodWorker.invokeTestMethods(TestMethodWorker.java:129)
	at org.testng.internal.TestMethodWorker.run(TestMethodWorker.java:112)
	at org.testng.TestRunner.privateRun(TestRunner.java:756)
	at org.testng.TestRunner.run(TestRunner.java:610)
	at org.testng.SuiteRunner.runTest(SuiteRunner.java:387)
	at org.testng.SuiteRunner.runSequentially(SuiteRunner.java:382)
	at org.testng.SuiteRunner.privateRun(SuiteRunner.java:340)
	at org.testng.SuiteRunner.run(SuiteRunner.java:289)
	at org.testng.SuiteRunnerWorker.runSuite(SuiteRunnerWorker.java:52)
	at org.testng.SuiteRunnerWorker.run(SuiteRunnerWorker.java:86)
	at org.testng.TestNG.runSuitesSequentially(TestNG.java:1293)
	at org.testng.TestNG.runSuitesLocally(TestNG.java:1218)
	at org.testng.TestNG.runSuites(TestNG.java:1133)
	at org.testng.TestNG.run(TestNG.java:1104)
	at org.testng.remote.AbstractRemoteTestNG.run(AbstractRemoteTestNG.java:132)
	at org.testng.remote.RemoteTestNG.initAndRun(RemoteTestNG.java:230)
	at org.testng.remote.RemoteTestNG.main(RemoteTestNG.java:76)
]]>
    </error>
  </testcase> <!-- studentAdmissionFormInternalProcess -->
  <testcase name="bondDetails" time="0.001" classname="com.test.automation.uiAutomation.admission.admissionForm.TC_StudentAdmissionForm">
    <skipped/>
  </testcase> <!-- bondDetails -->
  <testcase name="tcHomeButtonValidation" time="0.621" classname="com.test.automation.uiAutomation.admission.admissionForm.TC_StudentAdmissionForm"/>
  <testcase name="tcClickOnFatherAlive" time="0.320" classname="com.test.automation.uiAutomation.admission.admissionForm.TC_StudentAdmissionForm"/>
  <testcase name="tcPreviousSchoolDetails" time="0.001" classname="com.test.automation.uiAutomation.admission.admissionForm.TC_StudentAdmissionForm">
    <skipped/>
  </testcase> <!-- tcPreviousSchoolDetails -->
  <testcase name="tcSuccessMessagevalidation" time="0.000" classname="com.test.automation.uiAutomation.admission.admissionForm.TC_StudentAdmissionForm">
    <skipped/>
  </testcase> <!-- tcSuccessMessagevalidation -->
  <testcase name="tcSiblingDetails" time="0.001" classname="com.test.automation.uiAutomation.admission.admissionForm.TC_StudentAdmissionForm">
    <skipped/>
  </testcase> <!-- tcSiblingDetails -->
  <testcase name="tcStudentAdmissionFormParentMother" time="0.000" classname="com.test.automation.uiAutomation.admission.admissionForm.TC_StudentAdmissionForm">
    <skipped/>
  </testcase> <!-- tcStudentAdmissionFormParentMother -->
  <testcase name="tcUploadMotherPhotoSignAndFinPrint" time="0.001" classname="com.test.automation.uiAutomation.admission.admissionForm.TC_StudentAdmissionForm">
    <skipped/>
  </testcase> <!-- tcUploadMotherPhotoSignAndFinPrint -->
  <testcase name="tcStudentAdmissionFormParentFather" time="0.001" classname="com.test.automation.uiAutomation.admission.admissionForm.TC_StudentAdmissionForm">
    <skipped/>
  </testcase> <!-- tcStudentAdmissionFormParentFather -->
  <testcase name="tcStudentAdmissionFormParentFather" time="6.477" classname="com.test.automation.uiAutomation.admission.admissionForm.TC_StudentAdmissionForm">
    <error type="org.openqa.selenium.NoSuchWindowException" message="no such window: target window already closed
from unknown error: web view not found
  (Session info: chrome=64.0.3282.140)
  (Driver info: chromedriver=2.33.506120 (e3e53437346286c0bc2d2dc9aa4915ba81d9023f),platform=Windows NT 10.0.16299 x86_64) (WARNING: The server did not provide any stacktrace information)
Command duration or timeout: 2 milliseconds
Build info: version: &#039;3.0.1&#039;, revision: &#039;1969d75&#039;, time: &#039;2016-10-18 09:49:13 -0700&#039;
System info: host: &#039;DESKTOP-DISLHD4&#039;, ip: &#039;192.168.1.24&#039;, os.name: &#039;Windows 10&#039;, os.arch: &#039;amd64&#039;, os.version: &#039;10.0&#039;, java.version: &#039;1.8.0_161&#039;
Driver info: org.openqa.selenium.chrome.ChromeDriver
Capabilities [{applicationCacheEnabled=false, rotatable=false, mobileEmulationEnabled=false, networkConnectionEnabled=false, chrome={chromedriverVersion=2.33.506120 (e3e53437346286c0bc2d2dc9aa4915ba81d9023f), userDataDir=C:\Users\vaps\AppData\Local\Temp\scoped_dir4732_10560}, takesHeapSnapshot=true, pageLoadStrategy=normal, databaseEnabled=false, handlesAlerts=true, hasTouchScreen=false, version=64.0.3282.140, platform=XP, browserConnectionEnabled=false, nativeEvents=true, acceptSslCerts=true, locationContextEnabled=true, webStorageEnabled=true, browserName=chrome, takesScreenshot=true, javascriptEnabled=true, cssSelectorsEnabled=true, setWindowRect=true, unexpectedAlertBehaviour=}]
Session ID: 1c0c9d6093e75fd557975b0e0ab0f2a2">
      <![CDATA[org.openqa.selenium.NoSuchWindowException: no such window: target window already closed
from unknown error: web view not found
  (Session info: chrome=64.0.3282.140)
  (Driver info: chromedriver=2.33.506120 (e3e53437346286c0bc2d2dc9aa4915ba81d9023f),platform=Windows NT 10.0.16299 x86_64) (WARNING: The server did not provide any stacktrace information)
Command duration or timeout: 2 milliseconds
Build info: version: '3.0.1', revision: '1969d75', time: '2016-10-18 09:49:13 -0700'
System info: host: 'DESKTOP-DISLHD4', ip: '192.168.1.24', os.name: 'Windows 10', os.arch: 'amd64', os.version: '10.0', java.version: '1.8.0_161'
Driver info: org.openqa.selenium.chrome.ChromeDriver
Capabilities [{applicationCacheEnabled=false, rotatable=false, mobileEmulationEnabled=false, networkConnectionEnabled=false, chrome={chromedriverVersion=2.33.506120 (e3e53437346286c0bc2d2dc9aa4915ba81d9023f), userDataDir=C:\Users\vaps\AppData\Local\Temp\scoped_dir4732_10560}, takesHeapSnapshot=true, pageLoadStrategy=normal, databaseEnabled=false, handlesAlerts=true, hasTouchScreen=false, version=64.0.3282.140, platform=XP, browserConnectionEnabled=false, nativeEvents=true, acceptSslCerts=true, locationContextEnabled=true, webStorageEnabled=true, browserName=chrome, takesScreenshot=true, javascriptEnabled=true, cssSelectorsEnabled=true, setWindowRect=true, unexpectedAlertBehaviour=}]
Session ID: 1c0c9d6093e75fd557975b0e0ab0f2a2
	at sun.reflect.NativeConstructorAccessorImpl.newInstance0(Native Method)
	at sun.reflect.NativeConstructorAccessorImpl.newInstance(Unknown Source)
	at sun.reflect.DelegatingConstructorAccessorImpl.newInstance(Unknown Source)
	at java.lang.reflect.Constructor.newInstance(Unknown Source)
	at org.openqa.selenium.remote.ErrorHandler.createThrowable(ErrorHandler.java:216)
	at org.openqa.selenium.remote.ErrorHandler.throwIfResponseFailed(ErrorHandler.java:168)
	at org.openqa.selenium.remote.RemoteWebDriver.execute(RemoteWebDriver.java:635)
	at org.openqa.selenium.remote.RemoteWebDriver.execute(RemoteWebDriver.java:658)
	at org.openqa.selenium.remote.RemoteWebDriver.getScreenshotAs(RemoteWebDriver.java:340)
	at com.test.automation.uiAutomation.testBase.TestBase.getScreenShot(TestBase.java:198)
	at com.test.automation.uiAutomation.admission.admissionForm.TC_StudentAdmissionForm.tcStudentAdmissionFormParentFather(TC_StudentAdmissionForm.java:247)
	at sun.reflect.NativeMethodAccessorImpl.invoke0(Native Method)
	at sun.reflect.NativeMethodAccessorImpl.invoke(Unknown Source)
	at sun.reflect.DelegatingMethodAccessorImpl.invoke(Unknown Source)
	at java.lang.reflect.Method.invoke(Unknown Source)
	at org.testng.internal.MethodInvocationHelper.invokeMethod(MethodInvocationHelper.java:104)
	at org.testng.internal.Invoker.invokeMethod(Invoker.java:645)
	at org.testng.internal.Invoker.invokeTestMethod(Invoker.java:851)
	at org.testng.internal.Invoker.invokeTestMethods(Invoker.java:1177)
	at org.testng.internal.TestMethodWorker.invokeTestMethods(TestMethodWorker.java:129)
	at org.testng.internal.TestMethodWorker.run(TestMethodWorker.java:112)
	at org.testng.TestRunner.privateRun(TestRunner.java:756)
	at org.testng.TestRunner.run(TestRunner.java:610)
	at org.testng.SuiteRunner.runTest(SuiteRunner.java:387)
	at org.testng.SuiteRunner.runSequentially(SuiteRunner.java:382)
	at org.testng.SuiteRunner.privateRun(SuiteRunner.java:340)
	at org.testng.SuiteRunner.run(SuiteRunner.java:289)
	at org.testng.SuiteRunnerWorker.runSuite(SuiteRunnerWorker.java:52)
	at org.testng.SuiteRunnerWorker.run(SuiteRunnerWorker.java:86)
	at org.testng.TestNG.runSuitesSequentially(TestNG.java:1293)
	at org.testng.TestNG.runSuitesLocally(TestNG.java:1218)
	at org.testng.TestNG.runSuites(TestNG.java:1133)
	at org.testng.TestNG.run(TestNG.java:1104)
	at org.testng.remote.AbstractRemoteTestNG.run(AbstractRemoteTestNG.java:132)
	at org.testng.remote.RemoteTestNG.initAndRun(RemoteTestNG.java:230)
	at org.testng.remote.RemoteTestNG.main(RemoteTestNG.java:76)
]]>
    </error>
  </testcase> <!-- tcStudentAdmissionFormParentFather -->
  <testcase name="tcStudentAdmissionFormAddressSection" time="20.405" classname="com.test.automation.uiAutomation.admission.admissionForm.TC_StudentAdmissionForm"/>
  <testcase name="tcStudentAdmissionFormParentMother" time="0.001" classname="com.test.automation.uiAutomation.admission.admissionForm.TC_StudentAdmissionForm">
    <skipped/>
  </testcase> <!-- tcStudentAdmissionFormParentMother -->
  <testcase name="tcClickOnStudentPageNextButton" time="3.486" classname="com.test.automation.uiAutomation.admission.admissionForm.TC_StudentAdmissionForm"/>
  <testcase name="tcRequiredDocumentsUploladforAdmission" time="0.000" classname="com.test.automation.uiAutomation.admission.admissionForm.TC_StudentAdmissionForm">
    <skipped/>
  </testcase> <!-- tcRequiredDocumentsUploladforAdmission -->
  <testcase name="tcUploadFatherPhotoSignAndFinPrint" time="0.001" classname="com.test.automation.uiAutomation.admission.admissionForm.TC_StudentAdmissionForm">
    <skipped/>
  </testcase> <!-- tcUploadFatherPhotoSignAndFinPrint -->
  <testcase name="loginToappWithrequiredCredentials" time="0.001" classname="com.test.automation.uiAutomation.admission.admissionForm.TC_StudentAdmissionForm">
    <skipped/>
  </testcase> <!-- loginToappWithrequiredCredentials -->
  <testcase name="loginToappWithrequiredCredentials" time="24.252" classname="com.test.automation.uiAutomation.admission.admissionForm.TC_StudentAdmissionForm"/>
  <testcase name="tcClickOnOthersPageNextButton" time="0.001" classname="com.test.automation.uiAutomation.admission.admissionForm.TC_StudentAdmissionForm">
    <skipped/>
  </testcase> <!-- tcClickOnOthersPageNextButton -->
</testsuite> <!-- com.test.automation.uiAutomation.admission.admissionForm.TC_StudentAdmissionForm -->
