<?xml version="1.0" encoding="UTF-8"?>
<!-- Generated by org.testng.reporters.JUnitReportReporter -->
<testsuite name="com.test.automation.uiAutomation.admission.masters.TC_Masters_Class_Teacher_Mapping" tests="46" time="0.041" ignored="0" failures="0" timestamp="02 Apr 2018 10:38:08 GMT" skipped="44" hostname="DESKTOP-DISLHD4" errors="2">
  <testcase name="tcClickOnCancelButton_deactivate" time="0.000" classname="com.test.automation.uiAutomation.admission.masters.TC_Masters_Class_Teacher_Mapping">
    <skipped/>
  </testcase> <!-- tcClickOnCancelButton_deactivate -->
  <testcase name="tcYesDeleteOrDeactivateOrActivateIt_deactivate" time="0.000" classname="com.test.automation.uiAutomation.admission.masters.TC_Masters_Class_Teacher_Mapping">
    <skipped/>
  </testcase> <!-- tcYesDeleteOrDeactivateOrActivateIt_deactivate -->
  <testcase name="loginToappWithrequiredCredentials" time="0.000" classname="com.test.automation.uiAutomation.admission.masters.TC_Masters_Class_Teacher_Mapping">
    <skipped/>
  </testcase> <!-- loginToappWithrequiredCredentials -->
  <testcase name="tcVerifyMasters_ClassTeacherMapp_BGHSPage" time="0.000" classname="com.test.automation.uiAutomation.admission.masters.TC_Masters_Class_Teacher_Mapping">
    <skipped/>
  </testcase> <!-- tcVerifyMasters_ClassTeacherMapp_BGHSPage -->
  <testcase name="tcSubmitBlankClassTeacherMappForm" time="0.000" classname="com.test.automation.uiAutomation.admission.masters.TC_Masters_Class_Teacher_Mapping">
    <skipped/>
  </testcase> <!-- tcSubmitBlankClassTeacherMappForm -->
  <testcase name="afterMethod" time="0.000" classname="com.test.automation.uiAutomation.admission.masters.TC_Masters_Class_Teacher_Mapping">
    <error type="org.openqa.selenium.NoSuchWindowException" message="no such window: target window already closed
from unknown error: web view not found
  (Session info: chrome=65.0.3325.181)
  (Driver info: chromedriver=2.36.540470 (e522d04694c7ebea4ba8821272dbef4f9b818c91),platform=Windows NT 10.0.16299 x86_64) (WARNING: The server did not provide any stacktrace information)
Command duration or timeout: 16 milliseconds
Build info: version: &#039;3.0.1&#039;, revision: &#039;1969d75&#039;, time: &#039;2016-10-18 09:49:13 -0700&#039;
System info: host: &#039;DESKTOP-DISLHD4&#039;, ip: &#039;192.168.1.34&#039;, os.name: &#039;Windows 10&#039;, os.arch: &#039;amd64&#039;, os.version: &#039;10.0&#039;, java.version: &#039;1.8.0_161&#039;
Driver info: org.openqa.selenium.chrome.ChromeDriver
Capabilities [{applicationCacheEnabled=false, rotatable=false, mobileEmulationEnabled=false, networkConnectionEnabled=false, chrome={chromedriverVersion=2.36.540470 (e522d04694c7ebea4ba8821272dbef4f9b818c91), userDataDir=C:\Users\vaps\AppData\Local\Temp\scoped_dir5852_12689}, takesHeapSnapshot=true, pageLoadStrategy=normal, databaseEnabled=false, handlesAlerts=true, hasTouchScreen=false, version=65.0.3325.181, platform=XP, browserConnectionEnabled=false, nativeEvents=true, acceptSslCerts=false, acceptInsecureCerts=false, locationContextEnabled=true, webStorageEnabled=true, browserName=chrome, takesScreenshot=true, javascriptEnabled=true, cssSelectorsEnabled=true, setWindowRect=true, unexpectedAlertBehaviour=}]
Session ID: 660eefda75f2e737da120c833d73da99">
      <![CDATA[org.openqa.selenium.NoSuchWindowException: no such window: target window already closed
from unknown error: web view not found
  (Session info: chrome=65.0.3325.181)
  (Driver info: chromedriver=2.36.540470 (e522d04694c7ebea4ba8821272dbef4f9b818c91),platform=Windows NT 10.0.16299 x86_64) (WARNING: The server did not provide any stacktrace information)
Command duration or timeout: 16 milliseconds
Build info: version: '3.0.1', revision: '1969d75', time: '2016-10-18 09:49:13 -0700'
System info: host: 'DESKTOP-DISLHD4', ip: '192.168.1.34', os.name: 'Windows 10', os.arch: 'amd64', os.version: '10.0', java.version: '1.8.0_161'
Driver info: org.openqa.selenium.chrome.ChromeDriver
Capabilities [{applicationCacheEnabled=false, rotatable=false, mobileEmulationEnabled=false, networkConnectionEnabled=false, chrome={chromedriverVersion=2.36.540470 (e522d04694c7ebea4ba8821272dbef4f9b818c91), userDataDir=C:\Users\vaps\AppData\Local\Temp\scoped_dir5852_12689}, takesHeapSnapshot=true, pageLoadStrategy=normal, databaseEnabled=false, handlesAlerts=true, hasTouchScreen=false, version=65.0.3325.181, platform=XP, browserConnectionEnabled=false, nativeEvents=true, acceptSslCerts=false, acceptInsecureCerts=false, locationContextEnabled=true, webStorageEnabled=true, browserName=chrome, takesScreenshot=true, javascriptEnabled=true, cssSelectorsEnabled=true, setWindowRect=true, unexpectedAlertBehaviour=}]
Session ID: 660eefda75f2e737da120c833d73da99
	at sun.reflect.NativeConstructorAccessorImpl.newInstance0(Native Method)
	at sun.reflect.NativeConstructorAccessorImpl.newInstance(Unknown Source)
	at sun.reflect.DelegatingConstructorAccessorImpl.newInstance(Unknown Source)
	at java.lang.reflect.Constructor.newInstance(Unknown Source)
	at org.openqa.selenium.remote.ErrorHandler.createThrowable(ErrorHandler.java:216)
	at org.openqa.selenium.remote.ErrorHandler.throwIfResponseFailed(ErrorHandler.java:168)
	at org.openqa.selenium.remote.RemoteWebDriver.execute(RemoteWebDriver.java:635)
	at org.openqa.selenium.remote.RemoteWebDriver.execute(RemoteWebDriver.java:658)
	at org.openqa.selenium.remote.RemoteWebDriver.getScreenshotAs(RemoteWebDriver.java:340)
	at com.test.automation.uiAutomation.testBase.TestBase.captureScreen(TestBase.java:273)
	at com.test.automation.uiAutomation.testBase.TestBase.getresult(TestBase.java:302)
	at com.test.automation.uiAutomation.testBase.TestBase.afterMethod(TestBase.java:311)
	at sun.reflect.NativeMethodAccessorImpl.invoke0(Native Method)
	at sun.reflect.NativeMethodAccessorImpl.invoke(Unknown Source)
	at sun.reflect.DelegatingMethodAccessorImpl.invoke(Unknown Source)
	at java.lang.reflect.Method.invoke(Unknown Source)
	at org.testng.internal.MethodInvocationHelper.invokeMethod(MethodInvocationHelper.java:104)
	at org.testng.internal.Invoker.invokeConfigurationMethod(Invoker.java:515)
	at org.testng.internal.Invoker.invokeConfigurations(Invoker.java:217)
	at org.testng.internal.Invoker.invokeMethod(Invoker.java:712)
	at org.testng.internal.Invoker.invokeTestMethod(Invoker.java:851)
	at org.testng.internal.Invoker.invokeTestMethods(Invoker.java:1177)
	at org.testng.internal.TestMethodWorker.invokeTestMethods(TestMethodWorker.java:129)
	at org.testng.internal.TestMethodWorker.run(TestMethodWorker.java:112)
	at org.testng.TestRunner.privateRun(TestRunner.java:756)
	at org.testng.TestRunner.run(TestRunner.java:610)
	at org.testng.SuiteRunner.runTest(SuiteRunner.java:387)
	at org.testng.SuiteRunner.runSequentially(SuiteRunner.java:382)
	at org.testng.SuiteRunner.privateRun(SuiteRunner.java:340)
	at org.testng.SuiteRunner.run(SuiteRunner.java:289)
	at org.testng.SuiteRunnerWorker.runSuite(SuiteRunnerWorker.java:52)
	at org.testng.SuiteRunnerWorker.run(SuiteRunnerWorker.java:86)
	at org.testng.TestNG.runSuitesSequentially(TestNG.java:1293)
	at org.testng.TestNG.runSuitesLocally(TestNG.java:1218)
	at org.testng.TestNG.runSuites(TestNG.java:1133)
	at org.testng.TestNG.run(TestNG.java:1104)
	at org.testng.remote.AbstractRemoteTestNG.run(AbstractRemoteTestNG.java:132)
	at org.testng.remote.RemoteTestNG.initAndRun(RemoteTestNG.java:230)
	at org.testng.remote.RemoteTestNG.main(RemoteTestNG.java:76)
]]>
    </error>
  </testcase> <!-- afterMethod -->
  <testcase name="tcSearchWithStaffNameInTheGrid" time="0.000" classname="com.test.automation.uiAutomation.admission.masters.TC_Masters_Class_Teacher_Mapping">
    <skipped/>
  </testcase> <!-- tcSearchWithStaffNameInTheGrid -->
  <testcase name="tcSaveClassTeacherMappInfoData_2ndStaff" time="0.000" classname="com.test.automation.uiAutomation.admission.masters.TC_Masters_Class_Teacher_Mapping">
    <skipped/>
  </testcase> <!-- tcSaveClassTeacherMappInfoData_2ndStaff -->
  <testcase name="tcVerifyStaffNameUpdatedInTheGrid" time="0.000" classname="com.test.automation.uiAutomation.admission.masters.TC_Masters_Class_Teacher_Mapping">
    <skipped/>
  </testcase> <!-- tcVerifyStaffNameUpdatedInTheGrid -->
  <testcase name="tcDeactivateClassTeacherMapped_AfterCancel" time="0.000" classname="com.test.automation.uiAutomation.admission.masters.TC_Masters_Class_Teacher_Mapping">
    <skipped/>
  </testcase> <!-- tcDeactivateClassTeacherMapped_AfterCancel -->
  <testcase name="tcSelectClassTeacherMappingData" time="0.000" classname="com.test.automation.uiAutomation.admission.masters.TC_Masters_Class_Teacher_Mapping">
    <skipped/>
  </testcase> <!-- tcSelectClassTeacherMappingData -->
  <testcase name="tcDeactivateClassTeacherMapped" time="0.000" classname="com.test.automation.uiAutomation.admission.masters.TC_Masters_Class_Teacher_Mapping">
    <skipped/>
  </testcase> <!-- tcDeactivateClassTeacherMapped -->
  <testcase name="tcHomeButtonValidation" time="0.000" classname="com.test.automation.uiAutomation.admission.masters.TC_Masters_Class_Teacher_Mapping">
    <skipped/>
  </testcase> <!-- tcHomeButtonValidation -->
  <testcase name="tcMinimizeClassTeacherMappingTable" time="0.000" classname="com.test.automation.uiAutomation.admission.masters.TC_Masters_Class_Teacher_Mapping">
    <skipped/>
  </testcase> <!-- tcMinimizeClassTeacherMappingTable -->
  <testcase name="tcClickOnOkSuccessButton_2ndStaff" time="0.000" classname="com.test.automation.uiAutomation.admission.masters.TC_Masters_Class_Teacher_Mapping">
    <skipped/>
  </testcase> <!-- tcClickOnOkSuccessButton_2ndStaff -->
  <testcase name="tcSelectTeacherClassXchangeData" time="0.000" classname="com.test.automation.uiAutomation.admission.masters.TC_Masters_Class_Teacher_Mapping">
    <skipped/>
  </testcase> <!-- tcSelectTeacherClassXchangeData -->
  <testcase name="loginToappWithrequiredCredentials" time="0.000" classname="com.test.automation.uiAutomation.admission.masters.TC_Masters_Class_Teacher_Mapping">
    <skipped/>
  </testcase> <!-- loginToappWithrequiredCredentials -->
  <testcase name="tcClickOnclassTeacherXchange" time="0.000" classname="com.test.automation.uiAutomation.admission.masters.TC_Masters_Class_Teacher_Mapping">
    <skipped/>
  </testcase> <!-- tcClickOnclassTeacherXchange -->
  <testcase name="tcClickOnOkSuccessButton_Xchange" time="0.000" classname="com.test.automation.uiAutomation.admission.masters.TC_Masters_Class_Teacher_Mapping">
    <skipped/>
  </testcase> <!-- tcClickOnOkSuccessButton_Xchange -->
  <testcase name="tcCloseXchangePopUpWindow" time="0.000" classname="com.test.automation.uiAutomation.admission.masters.TC_Masters_Class_Teacher_Mapping">
    <skipped/>
  </testcase> <!-- tcCloseXchangePopUpWindow -->
  <testcase name="tcActivateClassTeacherMapped_AfterCancel" time="0.000" classname="com.test.automation.uiAutomation.admission.masters.TC_Masters_Class_Teacher_Mapping">
    <skipped/>
  </testcase> <!-- tcActivateClassTeacherMapped_AfterCancel -->
  <testcase name="tcSearchWithStaffNameInTheGrid_AfterCancel" time="0.000" classname="com.test.automation.uiAutomation.admission.masters.TC_Masters_Class_Teacher_Mapping">
    <skipped/>
  </testcase> <!-- tcSearchWithStaffNameInTheGrid_AfterCancel -->
  <testcase name="tcClickOnOkSuccessButton_activate" time="0.000" classname="com.test.automation.uiAutomation.admission.masters.TC_Masters_Class_Teacher_Mapping">
    <skipped/>
  </testcase> <!-- tcClickOnOkSuccessButton_activate -->
  <testcase name="loginToappWithrequiredCredentials" time="0.000" classname="com.test.automation.uiAutomation.admission.masters.TC_Masters_Class_Teacher_Mapping">
    <skipped/>
  </testcase> <!-- loginToappWithrequiredCredentials -->
  <testcase name="tcSaveClassTeacherMappInfoData" time="0.000" classname="com.test.automation.uiAutomation.admission.masters.TC_Masters_Class_Teacher_Mapping">
    <skipped/>
  </testcase> <!-- tcSaveClassTeacherMappInfoData -->
  <testcase name="tcMaximizeClassTeacher" time="0.000" classname="com.test.automation.uiAutomation.admission.masters.TC_Masters_Class_Teacher_Mapping">
    <skipped/>
  </testcase> <!-- tcMaximizeClassTeacher -->
  <testcase name="tcSearchWithStaffNameInTheGrid_ForActivate" time="0.000" classname="com.test.automation.uiAutomation.admission.masters.TC_Masters_Class_Teacher_Mapping">
    <skipped/>
  </testcase> <!-- tcSearchWithStaffNameInTheGrid_ForActivate -->
  <testcase name="tcSelectClassTeacherMappingData_AfterClear" time="0.000" classname="com.test.automation.uiAutomation.admission.masters.TC_Masters_Class_Teacher_Mapping">
    <skipped/>
  </testcase> <!-- tcSelectClassTeacherMappingData_AfterClear -->
  <testcase name="tcClickOnOkSuccessButton" time="0.015" classname="com.test.automation.uiAutomation.admission.masters.TC_Masters_Class_Teacher_Mapping">
    <skipped/>
  </testcase> <!-- tcClickOnOkSuccessButton -->
  <testcase name="tcClickOnOkSuccessButton_deactivateCancel" time="0.000" classname="com.test.automation.uiAutomation.admission.masters.TC_Masters_Class_Teacher_Mapping">
    <skipped/>
  </testcase> <!-- tcClickOnOkSuccessButton_deactivateCancel -->
  <testcase name="tcClickOnCancelButton_activate" time="0.000" classname="com.test.automation.uiAutomation.admission.masters.TC_Masters_Class_Teacher_Mapping">
    <skipped/>
  </testcase> <!-- tcClickOnCancelButton_activate -->
  <testcase name="tcSearchWithStaffNameInTheGrid_ForActivateAfterCancel" time="0.000" classname="com.test.automation.uiAutomation.admission.masters.TC_Masters_Class_Teacher_Mapping">
    <skipped/>
  </testcase> <!-- tcSearchWithStaffNameInTheGrid_ForActivateAfterCancel -->
  <testcase name="loginToappWithrequiredCredentials" time="0.026" classname="com.test.automation.uiAutomation.admission.masters.TC_Masters_Class_Teacher_Mapping">
    <error type="org.openqa.selenium.NoSuchWindowException" message="no such window: target window already closed
from unknown error: web view not found
  (Session info: chrome=65.0.3325.181)
  (Driver info: chromedriver=2.36.540470 (e522d04694c7ebea4ba8821272dbef4f9b818c91),platform=Windows NT 10.0.16299 x86_64) (WARNING: The server did not provide any stacktrace information)
Command duration or timeout: 15 milliseconds
Build info: version: &#039;3.0.1&#039;, revision: &#039;1969d75&#039;, time: &#039;2016-10-18 09:49:13 -0700&#039;
System info: host: &#039;DESKTOP-DISLHD4&#039;, ip: &#039;192.168.1.34&#039;, os.name: &#039;Windows 10&#039;, os.arch: &#039;amd64&#039;, os.version: &#039;10.0&#039;, java.version: &#039;1.8.0_161&#039;
Driver info: org.openqa.selenium.chrome.ChromeDriver
Capabilities [{applicationCacheEnabled=false, rotatable=false, mobileEmulationEnabled=false, networkConnectionEnabled=false, chrome={chromedriverVersion=2.36.540470 (e522d04694c7ebea4ba8821272dbef4f9b818c91), userDataDir=C:\Users\vaps\AppData\Local\Temp\scoped_dir5852_12689}, takesHeapSnapshot=true, pageLoadStrategy=normal, databaseEnabled=false, handlesAlerts=true, hasTouchScreen=false, version=65.0.3325.181, platform=XP, browserConnectionEnabled=false, nativeEvents=true, acceptSslCerts=false, acceptInsecureCerts=false, locationContextEnabled=true, webStorageEnabled=true, browserName=chrome, takesScreenshot=true, javascriptEnabled=true, cssSelectorsEnabled=true, setWindowRect=true, unexpectedAlertBehaviour=}]
Session ID: 660eefda75f2e737da120c833d73da99">
      <![CDATA[org.openqa.selenium.NoSuchWindowException: no such window: target window already closed
from unknown error: web view not found
  (Session info: chrome=65.0.3325.181)
  (Driver info: chromedriver=2.36.540470 (e522d04694c7ebea4ba8821272dbef4f9b818c91),platform=Windows NT 10.0.16299 x86_64) (WARNING: The server did not provide any stacktrace information)
Command duration or timeout: 15 milliseconds
Build info: version: '3.0.1', revision: '1969d75', time: '2016-10-18 09:49:13 -0700'
System info: host: 'DESKTOP-DISLHD4', ip: '192.168.1.34', os.name: 'Windows 10', os.arch: 'amd64', os.version: '10.0', java.version: '1.8.0_161'
Driver info: org.openqa.selenium.chrome.ChromeDriver
Capabilities [{applicationCacheEnabled=false, rotatable=false, mobileEmulationEnabled=false, networkConnectionEnabled=false, chrome={chromedriverVersion=2.36.540470 (e522d04694c7ebea4ba8821272dbef4f9b818c91), userDataDir=C:\Users\vaps\AppData\Local\Temp\scoped_dir5852_12689}, takesHeapSnapshot=true, pageLoadStrategy=normal, databaseEnabled=false, handlesAlerts=true, hasTouchScreen=false, version=65.0.3325.181, platform=XP, browserConnectionEnabled=false, nativeEvents=true, acceptSslCerts=false, acceptInsecureCerts=false, locationContextEnabled=true, webStorageEnabled=true, browserName=chrome, takesScreenshot=true, javascriptEnabled=true, cssSelectorsEnabled=true, setWindowRect=true, unexpectedAlertBehaviour=}]
Session ID: 660eefda75f2e737da120c833d73da99
	at sun.reflect.NativeConstructorAccessorImpl.newInstance0(Native Method)
	at sun.reflect.NativeConstructorAccessorImpl.newInstance(Unknown Source)
	at sun.reflect.DelegatingConstructorAccessorImpl.newInstance(Unknown Source)
	at java.lang.reflect.Constructor.newInstance(Unknown Source)
	at org.openqa.selenium.remote.ErrorHandler.createThrowable(ErrorHandler.java:216)
	at org.openqa.selenium.remote.ErrorHandler.throwIfResponseFailed(ErrorHandler.java:168)
	at org.openqa.selenium.remote.RemoteWebDriver.execute(RemoteWebDriver.java:635)
	at org.openqa.selenium.remote.RemoteWebDriver.execute(RemoteWebDriver.java:658)
	at org.openqa.selenium.remote.RemoteWebDriver.getScreenshotAs(RemoteWebDriver.java:340)
	at com.test.automation.uiAutomation.testBase.TestBase.getScreenShot(TestBase.java:197)
	at com.test.automation.uiAutomation.admission.masters.TC_Masters_Class_Teacher_Mapping.loginToappWithrequiredCredentials(TC_Masters_Class_Teacher_Mapping.java:88)
	at sun.reflect.NativeMethodAccessorImpl.invoke0(Native Method)
	at sun.reflect.NativeMethodAccessorImpl.invoke(Unknown Source)
	at sun.reflect.DelegatingMethodAccessorImpl.invoke(Unknown Source)
	at java.lang.reflect.Method.invoke(Unknown Source)
	at org.testng.internal.MethodInvocationHelper.invokeMethod(MethodInvocationHelper.java:104)
	at org.testng.internal.Invoker.invokeMethod(Invoker.java:645)
	at org.testng.internal.Invoker.invokeTestMethod(Invoker.java:851)
	at org.testng.internal.Invoker.invokeTestMethods(Invoker.java:1177)
	at org.testng.internal.TestMethodWorker.invokeTestMethods(TestMethodWorker.java:129)
	at org.testng.internal.TestMethodWorker.run(TestMethodWorker.java:112)
	at org.testng.TestRunner.privateRun(TestRunner.java:756)
	at org.testng.TestRunner.run(TestRunner.java:610)
	at org.testng.SuiteRunner.runTest(SuiteRunner.java:387)
	at org.testng.SuiteRunner.runSequentially(SuiteRunner.java:382)
	at org.testng.SuiteRunner.privateRun(SuiteRunner.java:340)
	at org.testng.SuiteRunner.run(SuiteRunner.java:289)
	at org.testng.SuiteRunnerWorker.runSuite(SuiteRunnerWorker.java:52)
	at org.testng.SuiteRunnerWorker.run(SuiteRunnerWorker.java:86)
	at org.testng.TestNG.runSuitesSequentially(TestNG.java:1293)
	at org.testng.TestNG.runSuitesLocally(TestNG.java:1218)
	at org.testng.TestNG.runSuites(TestNG.java:1133)
	at org.testng.TestNG.run(TestNG.java:1104)
	at org.testng.remote.AbstractRemoteTestNG.run(AbstractRemoteTestNG.java:132)
	at org.testng.remote.RemoteTestNG.initAndRun(RemoteTestNG.java:230)
	at org.testng.remote.RemoteTestNG.main(RemoteTestNG.java:76)
]]>
    </error>
  </testcase> <!-- loginToappWithrequiredCredentials -->
  <testcase name="tcMinimizeClassTeacher" time="0.000" classname="com.test.automation.uiAutomation.admission.masters.TC_Masters_Class_Teacher_Mapping">
    <skipped/>
  </testcase> <!-- tcMinimizeClassTeacher -->
  <testcase name="tcActivateClassTeacherMapped" time="0.000" classname="com.test.automation.uiAutomation.admission.masters.TC_Masters_Class_Teacher_Mapping">
    <skipped/>
  </testcase> <!-- tcActivateClassTeacherMapped -->
  <testcase name="tcSaveTeacherClassXchangeData" time="0.000" classname="com.test.automation.uiAutomation.admission.masters.TC_Masters_Class_Teacher_Mapping">
    <skipped/>
  </testcase> <!-- tcSaveTeacherClassXchangeData -->
  <testcase name="tcClickOnclassTeacherXchange_AfterClose" time="0.000" classname="com.test.automation.uiAutomation.admission.masters.TC_Masters_Class_Teacher_Mapping">
    <skipped/>
  </testcase> <!-- tcClickOnclassTeacherXchange_AfterClose -->
  <testcase name="tcMaximizeClassTeacherMappingTable" time="0.000" classname="com.test.automation.uiAutomation.admission.masters.TC_Masters_Class_Teacher_Mapping">
    <skipped/>
  </testcase> <!-- tcMaximizeClassTeacherMappingTable -->
  <testcase name="tcClickOnOkSuccessButton_deactivate" time="0.000" classname="com.test.automation.uiAutomation.admission.masters.TC_Masters_Class_Teacher_Mapping">
    <skipped/>
  </testcase> <!-- tcClickOnOkSuccessButton_deactivate -->
  <testcase name="tcNavigateToAdmission_Masters_ClassTeacherMapping_BGHS" time="0.000" classname="com.test.automation.uiAutomation.admission.masters.TC_Masters_Class_Teacher_Mapping">
    <skipped/>
  </testcase> <!-- tcNavigateToAdmission_Masters_ClassTeacherMapping_BGHS -->
  <testcase name="tcYesDeleteOrDeactivateOrActivateIt_Activate" time="0.000" classname="com.test.automation.uiAutomation.admission.masters.TC_Masters_Class_Teacher_Mapping">
    <skipped/>
  </testcase> <!-- tcYesDeleteOrDeactivateOrActivateIt_Activate -->
  <testcase name="loginToappWithrequiredCredentials" time="0.000" classname="com.test.automation.uiAutomation.admission.masters.TC_Masters_Class_Teacher_Mapping">
    <skipped/>
  </testcase> <!-- loginToappWithrequiredCredentials -->
  <testcase name="tcClearClassTeacherMappInfoData" time="0.000" classname="com.test.automation.uiAutomation.admission.masters.TC_Masters_Class_Teacher_Mapping">
    <skipped/>
  </testcase> <!-- tcClearClassTeacherMappInfoData -->
  <testcase name="tcSortByStaffName" time="0.000" classname="com.test.automation.uiAutomation.admission.masters.TC_Masters_Class_Teacher_Mapping">
    <skipped/>
  </testcase> <!-- tcSortByStaffName -->
  <testcase name="tcClickOnOkSuccessButton_activateCancel" time="0.000" classname="com.test.automation.uiAutomation.admission.masters.TC_Masters_Class_Teacher_Mapping">
    <skipped/>
  </testcase> <!-- tcClickOnOkSuccessButton_activateCancel -->
  <testcase name="tcSelectClassTeacherMappingData_2ndStaff" time="0.000" classname="com.test.automation.uiAutomation.admission.masters.TC_Masters_Class_Teacher_Mapping">
    <skipped/>
  </testcase> <!-- tcSelectClassTeacherMappingData_2ndStaff -->
</testsuite> <!-- com.test.automation.uiAutomation.admission.masters.TC_Masters_Class_Teacher_Mapping -->
