<?xml version="1.0" encoding="UTF-8"?>
<!-- Generated by org.testng.reporters.JUnitReportReporter -->
<testsuite name="com.test.automation.uiAutomation.admission.TC_StudentAdmissionForm" tests="32" time="195.590" ignored="0" failures="0" timestamp="12 Feb 2018 11:44:23 GMT" skipped="16" hostname="DESKTOP-DISLHD4" errors="2">
  <testcase name="tcUploadFatherPhotoSignAndFinPrint" time="0.001" classname="com.test.automation.uiAutomation.admission.TC_StudentAdmissionForm">
    <skipped/>
  </testcase> <!-- tcUploadFatherPhotoSignAndFinPrint -->
  <testcase name="loginToappWithrequiredCredentials" time="0.002" classname="com.test.automation.uiAutomation.admission.TC_StudentAdmissionForm">
    <skipped/>
  </testcase> <!-- loginToappWithrequiredCredentials -->
  <testcase name="tcnavigateToStudentAdmForm" time="25.912" classname="com.test.automation.uiAutomation.admission.TC_StudentAdmissionForm"/>
  <testcase name="tcRequiredDocumentsUploladforAdmission" time="0.005" classname="com.test.automation.uiAutomation.admission.TC_StudentAdmissionForm">
    <skipped/>
  </testcase> <!-- tcRequiredDocumentsUploladforAdmission -->
  <testcase name="tcClickOnStudentPageNextButton" time="3.474" classname="com.test.automation.uiAutomation.admission.TC_StudentAdmissionForm"/>
  <testcase name="loginToappWithrequiredCredentials" time="0.001" classname="com.test.automation.uiAutomation.admission.TC_StudentAdmissionForm">
    <skipped/>
  </testcase> <!-- loginToappWithrequiredCredentials -->
  <testcase name="loginToappWithrequiredCredentials" time="0.002" classname="com.test.automation.uiAutomation.admission.TC_StudentAdmissionForm">
    <skipped/>
  </testcase> <!-- loginToappWithrequiredCredentials -->
  <testcase name="tcRequiredDetails" time="0.001" classname="com.test.automation.uiAutomation.admission.TC_StudentAdmissionForm">
    <skipped/>
  </testcase> <!-- tcRequiredDetails -->
  <testcase name="tcClickOnMotherAlive" time="0.297" classname="com.test.automation.uiAutomation.admission.TC_StudentAdmissionForm"/>
  <testcase name="tcSuccessMessagevalidation" time="0.001" classname="com.test.automation.uiAutomation.admission.TC_StudentAdmissionForm">
    <skipped/>
  </testcase> <!-- tcSuccessMessagevalidation -->
  <testcase name="tcUploadMotherPhotoSignAndFinPrint" time="0.001" classname="com.test.automation.uiAutomation.admission.TC_StudentAdmissionForm">
    <skipped/>
  </testcase> <!-- tcUploadMotherPhotoSignAndFinPrint -->
  <testcase name="tcSiblingDetails" time="0.001" classname="com.test.automation.uiAutomation.admission.TC_StudentAdmissionForm">
    <skipped/>
  </testcase> <!-- tcSiblingDetails -->
  <testcase name="tcHomeButtonValidation" time="2.846" classname="com.test.automation.uiAutomation.admission.TC_StudentAdmissionForm"/>
  <testcase name="tcClickOnSubmitButton" time="0.001" classname="com.test.automation.uiAutomation.admission.TC_StudentAdmissionForm">
    <skipped/>
  </testcase> <!-- tcClickOnSubmitButton -->
  <testcase name="afterMethod" time="0.000" classname="com.test.automation.uiAutomation.admission.TC_StudentAdmissionForm">
    <error type="org.openqa.selenium.NoSuchWindowException" message="no such window: target window already closed
from unknown error: web view not found
  (Session info: chrome=64.0.3282.140)
  (Driver info: chromedriver=2.33.506120 (e3e53437346286c0bc2d2dc9aa4915ba81d9023f),platform=Windows NT 10.0.16299 x86_64) (WARNING: The server did not provide any stacktrace information)
Command duration or timeout: 4 milliseconds
Build info: version: &#039;3.0.1&#039;, revision: &#039;1969d75&#039;, time: &#039;2016-10-18 09:49:13 -0700&#039;
System info: host: &#039;DESKTOP-DISLHD4&#039;, ip: &#039;192.168.1.24&#039;, os.name: &#039;Windows 10&#039;, os.arch: &#039;amd64&#039;, os.version: &#039;10.0&#039;, java.version: &#039;1.8.0_161&#039;
Driver info: org.openqa.selenium.chrome.ChromeDriver
Capabilities [{applicationCacheEnabled=false, rotatable=false, mobileEmulationEnabled=false, networkConnectionEnabled=false, chrome={chromedriverVersion=2.33.506120 (e3e53437346286c0bc2d2dc9aa4915ba81d9023f), userDataDir=C:\Users\vaps\AppData\Local\Temp\scoped_dir7096_4770}, takesHeapSnapshot=true, pageLoadStrategy=normal, databaseEnabled=false, handlesAlerts=true, hasTouchScreen=false, version=64.0.3282.140, platform=XP, browserConnectionEnabled=false, nativeEvents=true, acceptSslCerts=true, locationContextEnabled=true, webStorageEnabled=true, browserName=chrome, takesScreenshot=true, javascriptEnabled=true, cssSelectorsEnabled=true, setWindowRect=true, unexpectedAlertBehaviour=}]
Session ID: b82660ccdd77095162e4358c4174f6a7">
      <![CDATA[org.openqa.selenium.NoSuchWindowException: no such window: target window already closed
from unknown error: web view not found
  (Session info: chrome=64.0.3282.140)
  (Driver info: chromedriver=2.33.506120 (e3e53437346286c0bc2d2dc9aa4915ba81d9023f),platform=Windows NT 10.0.16299 x86_64) (WARNING: The server did not provide any stacktrace information)
Command duration or timeout: 4 milliseconds
Build info: version: '3.0.1', revision: '1969d75', time: '2016-10-18 09:49:13 -0700'
System info: host: 'DESKTOP-DISLHD4', ip: '192.168.1.24', os.name: 'Windows 10', os.arch: 'amd64', os.version: '10.0', java.version: '1.8.0_161'
Driver info: org.openqa.selenium.chrome.ChromeDriver
Capabilities [{applicationCacheEnabled=false, rotatable=false, mobileEmulationEnabled=false, networkConnectionEnabled=false, chrome={chromedriverVersion=2.33.506120 (e3e53437346286c0bc2d2dc9aa4915ba81d9023f), userDataDir=C:\Users\vaps\AppData\Local\Temp\scoped_dir7096_4770}, takesHeapSnapshot=true, pageLoadStrategy=normal, databaseEnabled=false, handlesAlerts=true, hasTouchScreen=false, version=64.0.3282.140, platform=XP, browserConnectionEnabled=false, nativeEvents=true, acceptSslCerts=true, locationContextEnabled=true, webStorageEnabled=true, browserName=chrome, takesScreenshot=true, javascriptEnabled=true, cssSelectorsEnabled=true, setWindowRect=true, unexpectedAlertBehaviour=}]
Session ID: b82660ccdd77095162e4358c4174f6a7
	at sun.reflect.NativeConstructorAccessorImpl.newInstance0(Native Method)
	at sun.reflect.NativeConstructorAccessorImpl.newInstance(Unknown Source)
	at sun.reflect.DelegatingConstructorAccessorImpl.newInstance(Unknown Source)
	at java.lang.reflect.Constructor.newInstance(Unknown Source)
	at org.openqa.selenium.remote.ErrorHandler.createThrowable(ErrorHandler.java:216)
	at org.openqa.selenium.remote.ErrorHandler.throwIfResponseFailed(ErrorHandler.java:168)
	at org.openqa.selenium.remote.RemoteWebDriver.execute(RemoteWebDriver.java:635)
	at org.openqa.selenium.remote.RemoteWebDriver.execute(RemoteWebDriver.java:658)
	at org.openqa.selenium.remote.RemoteWebDriver.getScreenshotAs(RemoteWebDriver.java:340)
	at com.test.automation.uiAutomation.testBase.TestBase.captureScreen(TestBase.java:274)
	at com.test.automation.uiAutomation.testBase.TestBase.getresult(TestBase.java:303)
	at com.test.automation.uiAutomation.testBase.TestBase.afterMethod(TestBase.java:312)
	at sun.reflect.GeneratedMethodAccessor8.invoke(Unknown Source)
	at sun.reflect.DelegatingMethodAccessorImpl.invoke(Unknown Source)
	at java.lang.reflect.Method.invoke(Unknown Source)
	at org.testng.internal.MethodInvocationHelper.invokeMethod(MethodInvocationHelper.java:104)
	at org.testng.internal.Invoker.invokeConfigurationMethod(Invoker.java:515)
	at org.testng.internal.Invoker.invokeConfigurations(Invoker.java:217)
	at org.testng.internal.Invoker.invokeMethod(Invoker.java:712)
	at org.testng.internal.Invoker.invokeTestMethod(Invoker.java:851)
	at org.testng.internal.Invoker.invokeTestMethods(Invoker.java:1177)
	at org.testng.internal.TestMethodWorker.invokeTestMethods(TestMethodWorker.java:129)
	at org.testng.internal.TestMethodWorker.run(TestMethodWorker.java:112)
	at org.testng.TestRunner.privateRun(TestRunner.java:756)
	at org.testng.TestRunner.run(TestRunner.java:610)
	at org.testng.SuiteRunner.runTest(SuiteRunner.java:387)
	at org.testng.SuiteRunner.runSequentially(SuiteRunner.java:382)
	at org.testng.SuiteRunner.privateRun(SuiteRunner.java:340)
	at org.testng.SuiteRunner.run(SuiteRunner.java:289)
	at org.testng.SuiteRunnerWorker.runSuite(SuiteRunnerWorker.java:52)
	at org.testng.SuiteRunnerWorker.run(SuiteRunnerWorker.java:86)
	at org.testng.TestNG.runSuitesSequentially(TestNG.java:1293)
	at org.testng.TestNG.runSuitesLocally(TestNG.java:1218)
	at org.testng.TestNG.runSuites(TestNG.java:1133)
	at org.testng.TestNG.run(TestNG.java:1104)
	at org.testng.remote.AbstractRemoteTestNG.run(AbstractRemoteTestNG.java:132)
	at org.testng.remote.RemoteTestNG.initAndRun(RemoteTestNG.java:230)
	at org.testng.remote.RemoteTestNG.main(RemoteTestNG.java:76)
]]>
    </error>
  </testcase> <!-- afterMethod -->
  <testcase name="tcGuardianDetails" time="0.000" classname="com.test.automation.uiAutomation.admission.TC_StudentAdmissionForm">
    <skipped/>
  </testcase> <!-- tcGuardianDetails -->
  <testcase name="tcClickOnFatherAlive" time="0.305" classname="com.test.automation.uiAutomation.admission.TC_StudentAdmissionForm"/>
  <testcase name="tcStudentAdmissionFormParentMother" time="5.071" classname="com.test.automation.uiAutomation.admission.TC_StudentAdmissionForm"/>
  <testcase name="tcPreviousSchoolDetails" time="19.265" classname="com.test.automation.uiAutomation.admission.TC_StudentAdmissionForm">
    <error type="org.openqa.selenium.NoSuchWindowException" message="no such window: target window already closed
from unknown error: web view not found
  (Session info: chrome=64.0.3282.140)
  (Driver info: chromedriver=2.33.506120 (e3e53437346286c0bc2d2dc9aa4915ba81d9023f),platform=Windows NT 10.0.16299 x86_64) (WARNING: The server did not provide any stacktrace information)
Command duration or timeout: 4 milliseconds
Build info: version: &#039;3.0.1&#039;, revision: &#039;1969d75&#039;, time: &#039;2016-10-18 09:49:13 -0700&#039;
System info: host: &#039;DESKTOP-DISLHD4&#039;, ip: &#039;192.168.1.24&#039;, os.name: &#039;Windows 10&#039;, os.arch: &#039;amd64&#039;, os.version: &#039;10.0&#039;, java.version: &#039;1.8.0_161&#039;
Driver info: org.openqa.selenium.chrome.ChromeDriver
Capabilities [{applicationCacheEnabled=false, rotatable=false, mobileEmulationEnabled=false, networkConnectionEnabled=false, chrome={chromedriverVersion=2.33.506120 (e3e53437346286c0bc2d2dc9aa4915ba81d9023f), userDataDir=C:\Users\vaps\AppData\Local\Temp\scoped_dir7096_4770}, takesHeapSnapshot=true, pageLoadStrategy=normal, databaseEnabled=false, handlesAlerts=true, hasTouchScreen=false, version=64.0.3282.140, platform=XP, browserConnectionEnabled=false, nativeEvents=true, acceptSslCerts=true, locationContextEnabled=true, webStorageEnabled=true, browserName=chrome, takesScreenshot=true, javascriptEnabled=true, cssSelectorsEnabled=true, setWindowRect=true, unexpectedAlertBehaviour=}]
Session ID: b82660ccdd77095162e4358c4174f6a7">
      <![CDATA[org.openqa.selenium.NoSuchWindowException: no such window: target window already closed
from unknown error: web view not found
  (Session info: chrome=64.0.3282.140)
  (Driver info: chromedriver=2.33.506120 (e3e53437346286c0bc2d2dc9aa4915ba81d9023f),platform=Windows NT 10.0.16299 x86_64) (WARNING: The server did not provide any stacktrace information)
Command duration or timeout: 4 milliseconds
Build info: version: '3.0.1', revision: '1969d75', time: '2016-10-18 09:49:13 -0700'
System info: host: 'DESKTOP-DISLHD4', ip: '192.168.1.24', os.name: 'Windows 10', os.arch: 'amd64', os.version: '10.0', java.version: '1.8.0_161'
Driver info: org.openqa.selenium.chrome.ChromeDriver
Capabilities [{applicationCacheEnabled=false, rotatable=false, mobileEmulationEnabled=false, networkConnectionEnabled=false, chrome={chromedriverVersion=2.33.506120 (e3e53437346286c0bc2d2dc9aa4915ba81d9023f), userDataDir=C:\Users\vaps\AppData\Local\Temp\scoped_dir7096_4770}, takesHeapSnapshot=true, pageLoadStrategy=normal, databaseEnabled=false, handlesAlerts=true, hasTouchScreen=false, version=64.0.3282.140, platform=XP, browserConnectionEnabled=false, nativeEvents=true, acceptSslCerts=true, locationContextEnabled=true, webStorageEnabled=true, browserName=chrome, takesScreenshot=true, javascriptEnabled=true, cssSelectorsEnabled=true, setWindowRect=true, unexpectedAlertBehaviour=}]
Session ID: b82660ccdd77095162e4358c4174f6a7
	at sun.reflect.NativeConstructorAccessorImpl.newInstance0(Native Method)
	at sun.reflect.NativeConstructorAccessorImpl.newInstance(Unknown Source)
	at sun.reflect.DelegatingConstructorAccessorImpl.newInstance(Unknown Source)
	at java.lang.reflect.Constructor.newInstance(Unknown Source)
	at org.openqa.selenium.remote.ErrorHandler.createThrowable(ErrorHandler.java:216)
	at org.openqa.selenium.remote.ErrorHandler.throwIfResponseFailed(ErrorHandler.java:168)
	at org.openqa.selenium.remote.RemoteWebDriver.execute(RemoteWebDriver.java:635)
	at org.openqa.selenium.remote.RemoteWebDriver.execute(RemoteWebDriver.java:658)
	at org.openqa.selenium.remote.RemoteWebDriver.getScreenshotAs(RemoteWebDriver.java:340)
	at com.test.automation.uiAutomation.testBase.TestBase.getScreenShot(TestBase.java:198)
	at com.test.automation.uiAutomation.admission.TC_StudentAdmissionForm.tcPreviousSchoolDetails(TC_StudentAdmissionForm.java:356)
	at sun.reflect.NativeMethodAccessorImpl.invoke0(Native Method)
	at sun.reflect.NativeMethodAccessorImpl.invoke(Unknown Source)
	at sun.reflect.DelegatingMethodAccessorImpl.invoke(Unknown Source)
	at java.lang.reflect.Method.invoke(Unknown Source)
	at org.testng.internal.MethodInvocationHelper.invokeMethod(MethodInvocationHelper.java:104)
	at org.testng.internal.Invoker.invokeMethod(Invoker.java:645)
	at org.testng.internal.Invoker.invokeTestMethod(Invoker.java:851)
	at org.testng.internal.Invoker.invokeTestMethods(Invoker.java:1177)
	at org.testng.internal.TestMethodWorker.invokeTestMethods(TestMethodWorker.java:129)
	at org.testng.internal.TestMethodWorker.run(TestMethodWorker.java:112)
	at org.testng.TestRunner.privateRun(TestRunner.java:756)
	at org.testng.TestRunner.run(TestRunner.java:610)
	at org.testng.SuiteRunner.runTest(SuiteRunner.java:387)
	at org.testng.SuiteRunner.runSequentially(SuiteRunner.java:382)
	at org.testng.SuiteRunner.privateRun(SuiteRunner.java:340)
	at org.testng.SuiteRunner.run(SuiteRunner.java:289)
	at org.testng.SuiteRunnerWorker.runSuite(SuiteRunnerWorker.java:52)
	at org.testng.SuiteRunnerWorker.run(SuiteRunnerWorker.java:86)
	at org.testng.TestNG.runSuitesSequentially(TestNG.java:1293)
	at org.testng.TestNG.runSuitesLocally(TestNG.java:1218)
	at org.testng.TestNG.runSuites(TestNG.java:1133)
	at org.testng.TestNG.run(TestNG.java:1104)
	at org.testng.remote.AbstractRemoteTestNG.run(AbstractRemoteTestNG.java:132)
	at org.testng.remote.RemoteTestNG.initAndRun(RemoteTestNG.java:230)
	at org.testng.remote.RemoteTestNG.main(RemoteTestNG.java:76)
]]>
    </error>
  </testcase> <!-- tcPreviousSchoolDetails -->
  <testcase name="tcStudentAdmissionFormAddressSection" time="20.321" classname="com.test.automation.uiAutomation.admission.TC_StudentAdmissionForm"/>
  <testcase name="tcStudentAdmissionFormParentFather" time="0.002" classname="com.test.automation.uiAutomation.admission.TC_StudentAdmissionForm">
    <skipped/>
  </testcase> <!-- tcStudentAdmissionFormParentFather -->
  <testcase name="tcStudentAdmissionFormParentFather" time="20.345" classname="com.test.automation.uiAutomation.admission.TC_StudentAdmissionForm"/>
  <testcase name="tcClickOnParentPageNextButton" time="20.260" classname="com.test.automation.uiAutomation.admission.TC_StudentAdmissionForm"/>
  <testcase name="tcStudentAdmissionFormParentMother" time="0.002" classname="com.test.automation.uiAutomation.admission.TC_StudentAdmissionForm">
    <skipped/>
  </testcase> <!-- tcStudentAdmissionFormParentMother -->
  <testcase name="tcClickOnAddressPageNextButton" time="0.297" classname="com.test.automation.uiAutomation.admission.TC_StudentAdmissionForm"/>
  <testcase name="bondDetails" time="20.349" classname="com.test.automation.uiAutomation.admission.TC_StudentAdmissionForm"/>
  <testcase name="studentAdmissionFormInternalProcess" time="10.019" classname="com.test.automation.uiAutomation.admission.TC_StudentAdmissionForm"/>
  <testcase name="tcStudentAdmissionFormOthers" time="24.218" classname="com.test.automation.uiAutomation.admission.TC_StudentAdmissionForm"/>
  <testcase name="studentAdmissionFormInternalProcess" time="0.005" classname="com.test.automation.uiAutomation.admission.TC_StudentAdmissionForm">
    <skipped/>
  </testcase> <!-- studentAdmissionFormInternalProcess -->
  <testcase name="loginToappWithrequiredCredentials" time="0.000" classname="com.test.automation.uiAutomation.admission.TC_StudentAdmissionForm">
    <skipped/>
  </testcase> <!-- loginToappWithrequiredCredentials -->
  <testcase name="loginToappWithrequiredCredentials" time="22.586" classname="com.test.automation.uiAutomation.admission.TC_StudentAdmissionForm"/>
  <testcase name="tcClickOnOthersPageNextButton" time="0.000" classname="com.test.automation.uiAutomation.admission.TC_StudentAdmissionForm">
    <skipped/>
  </testcase> <!-- tcClickOnOthersPageNextButton -->
</testsuite> <!-- com.test.automation.uiAutomation.admission.TC_StudentAdmissionForm -->
