<?xml version="1.0" encoding="UTF-8"?>
<!-- Generated by org.testng.reporters.JUnitReportReporter -->
<testsuite name="com.test.automation.uiAutomation.admission.TC_Reports.TC_HundredPercent_Attendance_Report" tests="33" time="23.847" ignored="0" failures="1" timestamp="11 Apr 2018 05:28:55 GMT" skipped="31" hostname="DESKTOP-DISLHD4" errors="1">
  <testcase name="loginToappWithrequiredCredentials" time="23.831" classname="com.test.automation.uiAutomation.admission.TC_Reports.TC_HundredPercent_Attendance_Report">
    <failure type="java.lang.AssertionError" message="expected [true] but found [false]">
      <![CDATA[java.lang.AssertionError: expected [true] but found [false]
	at org.testng.Assert.fail(Assert.java:94)
	at org.testng.Assert.failNotEquals(Assert.java:513)
	at org.testng.Assert.assertEqualsImpl(Assert.java:135)
	at org.testng.Assert.assertEquals(Assert.java:116)
	at org.testng.Assert.assertEquals(Assert.java:305)
	at org.testng.Assert.assertEquals(Assert.java:315)
	at com.test.automation.uiAutomation.admission.TC_Reports.TC_HundredPercent_Attendance_Report.loginToappWithrequiredCredentials(TC_HundredPercent_Attendance_Report.java:70)
	at sun.reflect.NativeMethodAccessorImpl.invoke0(Native Method)
	at sun.reflect.NativeMethodAccessorImpl.invoke(Unknown Source)
	at sun.reflect.DelegatingMethodAccessorImpl.invoke(Unknown Source)
	at java.lang.reflect.Method.invoke(Unknown Source)
	at org.testng.internal.MethodInvocationHelper.invokeMethod(MethodInvocationHelper.java:104)
	at org.testng.internal.Invoker.invokeMethod(Invoker.java:645)
	at org.testng.internal.Invoker.invokeTestMethod(Invoker.java:851)
	at org.testng.internal.Invoker.invokeTestMethods(Invoker.java:1177)
	at org.testng.internal.TestMethodWorker.invokeTestMethods(TestMethodWorker.java:129)
	at org.testng.internal.TestMethodWorker.run(TestMethodWorker.java:112)
	at org.testng.TestRunner.privateRun(TestRunner.java:756)
	at org.testng.TestRunner.run(TestRunner.java:610)
	at org.testng.SuiteRunner.runTest(SuiteRunner.java:387)
	at org.testng.SuiteRunner.runSequentially(SuiteRunner.java:382)
	at org.testng.SuiteRunner.privateRun(SuiteRunner.java:340)
	at org.testng.SuiteRunner.run(SuiteRunner.java:289)
	at org.testng.SuiteRunnerWorker.runSuite(SuiteRunnerWorker.java:52)
	at org.testng.SuiteRunnerWorker.run(SuiteRunnerWorker.java:86)
	at org.testng.TestNG.runSuitesSequentially(TestNG.java:1293)
	at org.testng.TestNG.runSuitesLocally(TestNG.java:1218)
	at org.testng.TestNG.runSuites(TestNG.java:1133)
	at org.testng.TestNG.run(TestNG.java:1104)
	at org.testng.remote.AbstractRemoteTestNG.run(AbstractRemoteTestNG.java:132)
	at org.testng.remote.RemoteTestNG.initAndRun(RemoteTestNG.java:230)
	at org.testng.remote.RemoteTestNG.main(RemoteTestNG.java:76)
]]>
    </failure>
  </testcase> <!-- loginToappWithrequiredCredentials -->
  <testcase name="tcSearchStudentToGenerateReport_From100_PercentAttendanceReportGrid__Individual" time="0.000" classname="com.test.automation.uiAutomation.admission.TC_Reports.TC_HundredPercent_Attendance_Report">
    <skipped/>
  </testcase> <!-- tcSearchStudentToGenerateReport_From100_PercentAttendanceReportGrid__Individual -->
  <testcase name="tcVerifyStudent_For100_PercentAttendanceReportInGrid_Individual" time="0.000" classname="com.test.automation.uiAutomation.admission.TC_Reports.TC_HundredPercent_Attendance_Report">
    <skipped/>
  </testcase> <!-- tcVerifyStudent_For100_PercentAttendanceReportInGrid_Individual -->
  <testcase name="tcFill100Percent_AttendanceReportForm_All_AfterCancel" time="0.000" classname="com.test.automation.uiAutomation.admission.TC_Reports.TC_HundredPercent_Attendance_Report">
    <skipped/>
  </testcase> <!-- tcFill100Percent_AttendanceReportForm_All_AfterCancel -->
  <testcase name="tcVerifyAdmission_Reports_100Percent_AttendanceReport_BGHSPage" time="0.001" classname="com.test.automation.uiAutomation.admission.TC_Reports.TC_HundredPercent_Attendance_Report">
    <skipped/>
  </testcase> <!-- tcVerifyAdmission_Reports_100Percent_AttendanceReport_BGHSPage -->
  <testcase name="tcClickOnOkSuccessButton_ToDownloadExcelReportPopUp_WithoutSelectingRecords" time="0.000" classname="com.test.automation.uiAutomation.admission.TC_Reports.TC_HundredPercent_Attendance_Report">
    <skipped/>
  </testcase> <!-- tcClickOnOkSuccessButton_ToDownloadExcelReportPopUp_WithoutSelectingRecords -->
  <testcase name="tcHomeButtonValidation" time="0.002" classname="com.test.automation.uiAutomation.admission.TC_Reports.TC_HundredPercent_Attendance_Report">
    <skipped/>
  </testcase> <!-- tcHomeButtonValidation -->
  <testcase name="tcExportReport_ToDownloadExcelReport_All" time="0.002" classname="com.test.automation.uiAutomation.admission.TC_Reports.TC_HundredPercent_Attendance_Report">
    <skipped/>
  </testcase> <!-- tcExportReport_ToDownloadExcelReport_All -->
  <testcase name="tcFill100Percent_AttendanceReportForm_Individual" time="0.001" classname="com.test.automation.uiAutomation.admission.TC_Reports.TC_HundredPercent_Attendance_Report">
    <skipped/>
  </testcase> <!-- tcFill100Percent_AttendanceReportForm_Individual -->
  <testcase name="tcMaximize_100_PercentAttendanceReportStudentList" time="0.001" classname="com.test.automation.uiAutomation.admission.TC_Reports.TC_HundredPercent_Attendance_Report">
    <skipped/>
  </testcase> <!-- tcMaximize_100_PercentAttendanceReportStudentList -->
  <testcase name="tcClickOnReport_TogetRecords_All_AfterCancel" time="0.000" classname="com.test.automation.uiAutomation.admission.TC_Reports.TC_HundredPercent_Attendance_Report">
    <skipped/>
  </testcase> <!-- tcClickOnReport_TogetRecords_All_AfterCancel -->
  <testcase name="tcExportReport_ToDownloadExcelReport__Individual" time="0.004" classname="com.test.automation.uiAutomation.admission.TC_Reports.TC_HundredPercent_Attendance_Report">
    <skipped/>
  </testcase> <!-- tcExportReport_ToDownloadExcelReport__Individual -->
  <testcase name="tcClickOnReport_TogetRecords_All" time="0.000" classname="com.test.automation.uiAutomation.admission.TC_Reports.TC_HundredPercent_Attendance_Report">
    <skipped/>
  </testcase> <!-- tcClickOnReport_TogetRecords_All -->
  <testcase name="tcClickOnPrint_ToPrintPreviewReport_WithoutSelectingRecords" time="0.001" classname="com.test.automation.uiAutomation.admission.TC_Reports.TC_HundredPercent_Attendance_Report">
    <skipped/>
  </testcase> <!-- tcClickOnPrint_ToPrintPreviewReport_WithoutSelectingRecords -->
  <testcase name="tcClickOn_CancelButton_ToClearFilledData_All" time="0.000" classname="com.test.automation.uiAutomation.admission.TC_Reports.TC_HundredPercent_Attendance_Report">
    <skipped/>
  </testcase> <!-- tcClickOn_CancelButton_ToClearFilledData_All -->
  <testcase name="tcSelectStudentFor_100PercentAttendanceReport" time="0.000" classname="com.test.automation.uiAutomation.admission.TC_Reports.TC_HundredPercent_Attendance_Report">
    <skipped/>
  </testcase> <!-- tcSelectStudentFor_100PercentAttendanceReport -->
  <testcase name="tcSelectStudentFor_100PercentAttendanceReport_Individual" time="0.000" classname="com.test.automation.uiAutomation.admission.TC_Reports.TC_HundredPercent_Attendance_Report">
    <skipped/>
  </testcase> <!-- tcSelectStudentFor_100PercentAttendanceReport_Individual -->
  <testcase name="tcSelectStudentFor_100PercentAttendanceReport_AfterCancel" time="0.000" classname="com.test.automation.uiAutomation.admission.TC_Reports.TC_HundredPercent_Attendance_Report">
    <skipped/>
  </testcase> <!-- tcSelectStudentFor_100PercentAttendanceReport_AfterCancel -->
  <testcase name="tcClickOnPrint_All" time="0.000" classname="com.test.automation.uiAutomation.admission.TC_Reports.TC_HundredPercent_Attendance_Report">
    <skipped/>
  </testcase> <!-- tcClickOnPrint_All -->
  <testcase name="tcMinimize_100_PercentAttendanceReport" time="0.000" classname="com.test.automation.uiAutomation.admission.TC_Reports.TC_HundredPercent_Attendance_Report">
    <skipped/>
  </testcase> <!-- tcMinimize_100_PercentAttendanceReport -->
  <testcase name="tcVerifyStudent_For100_PercentAttendanceReportInGrid" time="0.000" classname="com.test.automation.uiAutomation.admission.TC_Reports.TC_HundredPercent_Attendance_Report">
    <skipped/>
  </testcase> <!-- tcVerifyStudent_For100_PercentAttendanceReportInGrid -->
  <testcase name="tcExportReport_ToDownloadExcelReport_All_WithoutSelectingRecords" time="0.001" classname="com.test.automation.uiAutomation.admission.TC_Reports.TC_HundredPercent_Attendance_Report">
    <skipped/>
  </testcase> <!-- tcExportReport_ToDownloadExcelReport_All_WithoutSelectingRecords -->
  <testcase name="tcSearchStudentToGenerateReport_From100_PercentAttendanceReportGrid_AfterCancel" time="0.000" classname="com.test.automation.uiAutomation.admission.TC_Reports.TC_HundredPercent_Attendance_Report">
    <skipped/>
  </testcase> <!-- tcSearchStudentToGenerateReport_From100_PercentAttendanceReportGrid_AfterCancel -->
  <testcase name="tcMaximize_100_PercentAttendanceReport" time="0.000" classname="com.test.automation.uiAutomation.admission.TC_Reports.TC_HundredPercent_Attendance_Report">
    <skipped/>
  </testcase> <!-- tcMaximize_100_PercentAttendanceReport -->
  <testcase name="tcClickOnReport_TogetRecords_Individual" time="0.000" classname="com.test.automation.uiAutomation.admission.TC_Reports.TC_HundredPercent_Attendance_Report">
    <skipped/>
  </testcase> <!-- tcClickOnReport_TogetRecords_Individual -->
  <testcase name="tcNavigateToAdmission_Reports_100Present_AttendanceReport_BGHS" time="0.001" classname="com.test.automation.uiAutomation.admission.TC_Reports.TC_HundredPercent_Attendance_Report">
    <skipped/>
  </testcase> <!-- tcNavigateToAdmission_Reports_100Present_AttendanceReport_BGHS -->
  <testcase name="tcFill100Percent_AttendanceReportForm_All" time="0.001" classname="com.test.automation.uiAutomation.admission.TC_Reports.TC_HundredPercent_Attendance_Report">
    <skipped/>
  </testcase> <!-- tcFill100Percent_AttendanceReportForm_All -->
  <testcase name="tcClickOnOkSuccessButton_ToPrintPreviewReportErrorPopUp" time="0.000" classname="com.test.automation.uiAutomation.admission.TC_Reports.TC_HundredPercent_Attendance_Report">
    <skipped/>
  </testcase> <!-- tcClickOnOkSuccessButton_ToPrintPreviewReportErrorPopUp -->
  <testcase name="tcClickOnPrint_Individual" time="0.001" classname="com.test.automation.uiAutomation.admission.TC_Reports.TC_HundredPercent_Attendance_Report">
    <skipped/>
  </testcase> <!-- tcClickOnPrint_Individual -->
  <testcase name="tcVerifyStudent_For100_PercentAttendanceReportInGrid_AfterCancel" time="0.000" classname="com.test.automation.uiAutomation.admission.TC_Reports.TC_HundredPercent_Attendance_Report">
    <skipped/>
  </testcase> <!-- tcVerifyStudent_For100_PercentAttendanceReportInGrid_AfterCancel -->
  <testcase name="tcSearchStudentToGenerateReport_From100_PercentAttendanceReportGrid" time="0.000" classname="com.test.automation.uiAutomation.admission.TC_Reports.TC_HundredPercent_Attendance_Report">
    <skipped/>
  </testcase> <!-- tcSearchStudentToGenerateReport_From100_PercentAttendanceReportGrid -->
  <testcase name="tcMinimize_100_PercentAttendanceReportStudentList" time="0.000" classname="com.test.automation.uiAutomation.admission.TC_Reports.TC_HundredPercent_Attendance_Report">
    <skipped/>
  </testcase> <!-- tcMinimize_100_PercentAttendanceReportStudentList -->
  <testcase name="afterMethod" time="0.000" classname="com.test.automation.uiAutomation.admission.TC_Reports.TC_HundredPercent_Attendance_Report">
    <error type="org.openqa.selenium.WebDriverException" message="chrome not reachable
  (Session info: chrome=65.0.3325.181)
  (Driver info: chromedriver=2.36.540470 (e522d04694c7ebea4ba8821272dbef4f9b818c91),platform=Windows NT 10.0.16299 x86_64) (WARNING: The server did not provide any stacktrace information)
Command duration or timeout: 4.05 seconds
Build info: version: &#039;3.0.1&#039;, revision: &#039;1969d75&#039;, time: &#039;2016-10-18 09:49:13 -0700&#039;
System info: host: &#039;DESKTOP-DISLHD4&#039;, ip: &#039;192.168.1.34&#039;, os.name: &#039;Windows 10&#039;, os.arch: &#039;amd64&#039;, os.version: &#039;10.0&#039;, java.version: &#039;1.8.0_161&#039;
Driver info: org.openqa.selenium.chrome.ChromeDriver
Capabilities [{applicationCacheEnabled=false, rotatable=false, mobileEmulationEnabled=false, networkConnectionEnabled=false, chrome={chromedriverVersion=2.36.540470 (e522d04694c7ebea4ba8821272dbef4f9b818c91), userDataDir=C:\Users\vaps\AppData\Local\Temp\scoped_dir8952_1782}, takesHeapSnapshot=true, pageLoadStrategy=normal, databaseEnabled=false, handlesAlerts=true, hasTouchScreen=false, version=65.0.3325.181, platform=XP, browserConnectionEnabled=false, nativeEvents=true, acceptSslCerts=false, acceptInsecureCerts=false, locationContextEnabled=true, webStorageEnabled=true, browserName=chrome, takesScreenshot=true, javascriptEnabled=true, cssSelectorsEnabled=true, setWindowRect=true, unexpectedAlertBehaviour=}]
Session ID: 8613bb9c6372424886f7951337a1928f">
      <![CDATA[org.openqa.selenium.WebDriverException: chrome not reachable
  (Session info: chrome=65.0.3325.181)
  (Driver info: chromedriver=2.36.540470 (e522d04694c7ebea4ba8821272dbef4f9b818c91),platform=Windows NT 10.0.16299 x86_64) (WARNING: The server did not provide any stacktrace information)
Command duration or timeout: 4.05 seconds
Build info: version: '3.0.1', revision: '1969d75', time: '2016-10-18 09:49:13 -0700'
System info: host: 'DESKTOP-DISLHD4', ip: '192.168.1.34', os.name: 'Windows 10', os.arch: 'amd64', os.version: '10.0', java.version: '1.8.0_161'
Driver info: org.openqa.selenium.chrome.ChromeDriver
Capabilities [{applicationCacheEnabled=false, rotatable=false, mobileEmulationEnabled=false, networkConnectionEnabled=false, chrome={chromedriverVersion=2.36.540470 (e522d04694c7ebea4ba8821272dbef4f9b818c91), userDataDir=C:\Users\vaps\AppData\Local\Temp\scoped_dir8952_1782}, takesHeapSnapshot=true, pageLoadStrategy=normal, databaseEnabled=false, handlesAlerts=true, hasTouchScreen=false, version=65.0.3325.181, platform=XP, browserConnectionEnabled=false, nativeEvents=true, acceptSslCerts=false, acceptInsecureCerts=false, locationContextEnabled=true, webStorageEnabled=true, browserName=chrome, takesScreenshot=true, javascriptEnabled=true, cssSelectorsEnabled=true, setWindowRect=true, unexpectedAlertBehaviour=}]
Session ID: 8613bb9c6372424886f7951337a1928f
	at sun.reflect.NativeConstructorAccessorImpl.newInstance0(Native Method)
	at sun.reflect.NativeConstructorAccessorImpl.newInstance(Unknown Source)
	at sun.reflect.DelegatingConstructorAccessorImpl.newInstance(Unknown Source)
	at java.lang.reflect.Constructor.newInstance(Unknown Source)
	at org.openqa.selenium.remote.ErrorHandler.createThrowable(ErrorHandler.java:216)
	at org.openqa.selenium.remote.ErrorHandler.throwIfResponseFailed(ErrorHandler.java:168)
	at org.openqa.selenium.remote.RemoteWebDriver.execute(RemoteWebDriver.java:635)
	at org.openqa.selenium.remote.RemoteWebDriver.execute(RemoteWebDriver.java:658)
	at org.openqa.selenium.remote.RemoteWebDriver.getScreenshotAs(RemoteWebDriver.java:340)
	at com.test.automation.uiAutomation.testBase.TestBase.captureScreen(TestBase.java:273)
	at com.test.automation.uiAutomation.testBase.TestBase.getresult(TestBase.java:302)
	at com.test.automation.uiAutomation.testBase.TestBase.afterMethod(TestBase.java:311)
	at sun.reflect.NativeMethodAccessorImpl.invoke0(Native Method)
	at sun.reflect.NativeMethodAccessorImpl.invoke(Unknown Source)
	at sun.reflect.DelegatingMethodAccessorImpl.invoke(Unknown Source)
	at java.lang.reflect.Method.invoke(Unknown Source)
	at org.testng.internal.MethodInvocationHelper.invokeMethod(MethodInvocationHelper.java:104)
	at org.testng.internal.Invoker.invokeConfigurationMethod(Invoker.java:515)
	at org.testng.internal.Invoker.invokeConfigurations(Invoker.java:217)
	at org.testng.internal.Invoker.invokeMethod(Invoker.java:712)
	at org.testng.internal.Invoker.invokeTestMethod(Invoker.java:851)
	at org.testng.internal.Invoker.invokeTestMethods(Invoker.java:1177)
	at org.testng.internal.TestMethodWorker.invokeTestMethods(TestMethodWorker.java:129)
	at org.testng.internal.TestMethodWorker.run(TestMethodWorker.java:112)
	at org.testng.TestRunner.privateRun(TestRunner.java:756)
	at org.testng.TestRunner.run(TestRunner.java:610)
	at org.testng.SuiteRunner.runTest(SuiteRunner.java:387)
	at org.testng.SuiteRunner.runSequentially(SuiteRunner.java:382)
	at org.testng.SuiteRunner.privateRun(SuiteRunner.java:340)
	at org.testng.SuiteRunner.run(SuiteRunner.java:289)
	at org.testng.SuiteRunnerWorker.runSuite(SuiteRunnerWorker.java:52)
	at org.testng.SuiteRunnerWorker.run(SuiteRunnerWorker.java:86)
	at org.testng.TestNG.runSuitesSequentially(TestNG.java:1293)
	at org.testng.TestNG.runSuitesLocally(TestNG.java:1218)
	at org.testng.TestNG.runSuites(TestNG.java:1133)
	at org.testng.TestNG.run(TestNG.java:1104)
	at org.testng.remote.AbstractRemoteTestNG.run(AbstractRemoteTestNG.java:132)
	at org.testng.remote.RemoteTestNG.initAndRun(RemoteTestNG.java:230)
	at org.testng.remote.RemoteTestNG.main(RemoteTestNG.java:76)
]]>
    </error>
  </testcase> <!-- afterMethod -->
</testsuite> <!-- com.test.automation.uiAutomation.admission.TC_Reports.TC_HundredPercent_Attendance_Report -->
