<?xml version="1.0" encoding="UTF-8"?>
<!-- Generated by org.testng.reporters.JUnitReportReporter -->
<testsuite name="com.test.automation.uiAutomation.admission.TC_Masters_Master_Board" tests="36" time="71.667" ignored="0" failures="0" timestamp="31 Jan 2018 10:51:33 GMT" skipped="24" hostname="DESKTOP-DISLHD4" errors="2">
  <testcase name="tcDeleteMasterBoard" time="0.003" classname="com.test.automation.uiAutomation.admission.TC_Masters_Master_Board">
    <skipped/>
  </testcase> <!-- tcDeleteMasterBoard -->
  <testcase name="tcClickOnCancelButton" time="0.000" classname="com.test.automation.uiAutomation.admission.TC_Masters_Master_Board">
    <skipped/>
  </testcase> <!-- tcClickOnCancelButton -->
  <testcase name="tcNavigateToAdmission_Masters_MasterBoard_BGHS" time="1.659" classname="com.test.automation.uiAutomation.admission.TC_Masters_Master_Board"/>
  <testcase name="tcMinimizeMasterBoardList" time="10.157" classname="com.test.automation.uiAutomation.admission.TC_Masters_Master_Board">
    <error type="org.openqa.selenium.WebDriverException" message="chrome not reachable
  (Session info: chrome=63.0.3239.132)
  (Driver info: chromedriver=2.33.506120 (e3e53437346286c0bc2d2dc9aa4915ba81d9023f),platform=Windows NT 10.0.16299 x86_64) (WARNING: The server did not provide any stacktrace information)
Command duration or timeout: 4.03 seconds
Build info: version: &#039;3.0.1&#039;, revision: &#039;1969d75&#039;, time: &#039;2016-10-18 09:49:13 -0700&#039;
System info: host: &#039;DESKTOP-DISLHD4&#039;, ip: &#039;192.168.1.24&#039;, os.name: &#039;Windows 10&#039;, os.arch: &#039;amd64&#039;, os.version: &#039;10.0&#039;, java.version: &#039;1.8.0_161&#039;
Driver info: org.openqa.selenium.chrome.ChromeDriver
Capabilities [{applicationCacheEnabled=false, rotatable=false, mobileEmulationEnabled=false, networkConnectionEnabled=false, chrome={chromedriverVersion=2.33.506120 (e3e53437346286c0bc2d2dc9aa4915ba81d9023f), userDataDir=C:\Users\vaps\AppData\Local\Temp\scoped_dir3660_22525}, takesHeapSnapshot=true, pageLoadStrategy=normal, databaseEnabled=false, handlesAlerts=true, hasTouchScreen=false, version=63.0.3239.132, platform=XP, browserConnectionEnabled=false, nativeEvents=true, acceptSslCerts=true, locationContextEnabled=true, webStorageEnabled=true, browserName=chrome, takesScreenshot=true, javascriptEnabled=true, cssSelectorsEnabled=true, setWindowRect=true, unexpectedAlertBehaviour=}]
Session ID: 15a412f1f43c024d3cfb83fd9c5b5c0a">
      <![CDATA[org.openqa.selenium.WebDriverException: chrome not reachable
  (Session info: chrome=63.0.3239.132)
  (Driver info: chromedriver=2.33.506120 (e3e53437346286c0bc2d2dc9aa4915ba81d9023f),platform=Windows NT 10.0.16299 x86_64) (WARNING: The server did not provide any stacktrace information)
Command duration or timeout: 4.03 seconds
Build info: version: '3.0.1', revision: '1969d75', time: '2016-10-18 09:49:13 -0700'
System info: host: 'DESKTOP-DISLHD4', ip: '192.168.1.24', os.name: 'Windows 10', os.arch: 'amd64', os.version: '10.0', java.version: '1.8.0_161'
Driver info: org.openqa.selenium.chrome.ChromeDriver
Capabilities [{applicationCacheEnabled=false, rotatable=false, mobileEmulationEnabled=false, networkConnectionEnabled=false, chrome={chromedriverVersion=2.33.506120 (e3e53437346286c0bc2d2dc9aa4915ba81d9023f), userDataDir=C:\Users\vaps\AppData\Local\Temp\scoped_dir3660_22525}, takesHeapSnapshot=true, pageLoadStrategy=normal, databaseEnabled=false, handlesAlerts=true, hasTouchScreen=false, version=63.0.3239.132, platform=XP, browserConnectionEnabled=false, nativeEvents=true, acceptSslCerts=true, locationContextEnabled=true, webStorageEnabled=true, browserName=chrome, takesScreenshot=true, javascriptEnabled=true, cssSelectorsEnabled=true, setWindowRect=true, unexpectedAlertBehaviour=}]
Session ID: 15a412f1f43c024d3cfb83fd9c5b5c0a
	at sun.reflect.NativeConstructorAccessorImpl.newInstance0(Native Method)
	at sun.reflect.NativeConstructorAccessorImpl.newInstance(Unknown Source)
	at sun.reflect.DelegatingConstructorAccessorImpl.newInstance(Unknown Source)
	at java.lang.reflect.Constructor.newInstance(Unknown Source)
	at org.openqa.selenium.remote.ErrorHandler.createThrowable(ErrorHandler.java:216)
	at org.openqa.selenium.remote.ErrorHandler.throwIfResponseFailed(ErrorHandler.java:168)
	at org.openqa.selenium.remote.RemoteWebDriver.execute(RemoteWebDriver.java:635)
	at org.openqa.selenium.remote.RemoteWebDriver.execute(RemoteWebDriver.java:658)
	at org.openqa.selenium.remote.RemoteWebDriver.getScreenshotAs(RemoteWebDriver.java:340)
	at com.test.automation.uiAutomation.testBase.TestBase.getScreenShot(TestBase.java:198)
	at com.test.automation.uiAutomation.admission.TC_Masters_Master_Board.tcMinimizeMasterBoardList(TC_Masters_Master_Board.java:229)
	at sun.reflect.NativeMethodAccessorImpl.invoke0(Native Method)
	at sun.reflect.NativeMethodAccessorImpl.invoke(Unknown Source)
	at sun.reflect.DelegatingMethodAccessorImpl.invoke(Unknown Source)
	at java.lang.reflect.Method.invoke(Unknown Source)
	at org.testng.internal.MethodInvocationHelper.invokeMethod(MethodInvocationHelper.java:104)
	at org.testng.internal.Invoker.invokeMethod(Invoker.java:645)
	at org.testng.internal.Invoker.invokeTestMethod(Invoker.java:851)
	at org.testng.internal.Invoker.invokeTestMethods(Invoker.java:1177)
	at org.testng.internal.TestMethodWorker.invokeTestMethods(TestMethodWorker.java:129)
	at org.testng.internal.TestMethodWorker.run(TestMethodWorker.java:112)
	at org.testng.TestRunner.privateRun(TestRunner.java:756)
	at org.testng.TestRunner.run(TestRunner.java:610)
	at org.testng.SuiteRunner.runTest(SuiteRunner.java:387)
	at org.testng.SuiteRunner.runSequentially(SuiteRunner.java:382)
	at org.testng.SuiteRunner.privateRun(SuiteRunner.java:340)
	at org.testng.SuiteRunner.run(SuiteRunner.java:289)
	at org.testng.SuiteRunnerWorker.runSuite(SuiteRunnerWorker.java:52)
	at org.testng.SuiteRunnerWorker.run(SuiteRunnerWorker.java:86)
	at org.testng.TestNG.runSuitesSequentially(TestNG.java:1293)
	at org.testng.TestNG.runSuitesLocally(TestNG.java:1218)
	at org.testng.TestNG.runSuites(TestNG.java:1133)
	at org.testng.TestNG.run(TestNG.java:1104)
	at org.testng.remote.AbstractRemoteTestNG.run(AbstractRemoteTestNG.java:132)
	at org.testng.remote.RemoteTestNG.initAndRun(RemoteTestNG.java:230)
	at org.testng.remote.RemoteTestNG.main(RemoteTestNG.java:76)
]]>
    </error>
  </testcase> <!-- tcMinimizeMasterBoardList -->
  <testcase name="tcMaximizeMasterBoardList" time="0.001" classname="com.test.automation.uiAutomation.admission.TC_Masters_Master_Board">
    <skipped/>
  </testcase> <!-- tcMaximizeMasterBoardList -->
  <testcase name="tcHomeButtonValidation" time="5.424" classname="com.test.automation.uiAutomation.admission.TC_Masters_Master_Board"/>
  <testcase name="tcVerifyMasters_MasterBoard_BGHSPage" time="1.327" classname="com.test.automation.uiAutomation.admission.TC_Masters_Master_Board"/>
  <testcase name="loginToappWithrequiredCredentials" time="0.002" classname="com.test.automation.uiAutomation.admission.TC_Masters_Master_Board">
    <skipped/>
  </testcase> <!-- loginToappWithrequiredCredentials -->
  <testcase name="loginToappWithrequiredCredentials" time="0.002" classname="com.test.automation.uiAutomation.admission.TC_Masters_Master_Board">
    <skipped/>
  </testcase> <!-- loginToappWithrequiredCredentials -->
  <testcase name="tcDeleteMasterBoard_AfterCancel" time="0.000" classname="com.test.automation.uiAutomation.admission.TC_Masters_Master_Board">
    <skipped/>
  </testcase> <!-- tcDeleteMasterBoard_AfterCancel -->
  <testcase name="loginToappWithrequiredCredentials" time="0.001" classname="com.test.automation.uiAutomation.admission.TC_Masters_Master_Board">
    <skipped/>
  </testcase> <!-- loginToappWithrequiredCredentials -->
  <testcase name="tcSaveBoardInfoData_Edit" time="0.001" classname="com.test.automation.uiAutomation.admission.TC_Masters_Master_Board">
    <skipped/>
  </testcase> <!-- tcSaveBoardInfoData_Edit -->
  <testcase name="tcClearBoardInfoData" time="15.476" classname="com.test.automation.uiAutomation.admission.TC_Masters_Master_Board"/>
  <testcase name="tcSearchWithBoardNameInTheGrid" time="0.000" classname="com.test.automation.uiAutomation.admission.TC_Masters_Master_Board">
    <skipped/>
  </testcase> <!-- tcSearchWithBoardNameInTheGrid -->
  <testcase name="tcSearchWithBoardNameInTheGrid_delete" time="0.002" classname="com.test.automation.uiAutomation.admission.TC_Masters_Master_Board">
    <skipped/>
  </testcase> <!-- tcSearchWithBoardNameInTheGrid_delete -->
  <testcase name="loginToappWithrequiredCredentials" time="0.001" classname="com.test.automation.uiAutomation.admission.TC_Masters_Master_Board">
    <skipped/>
  </testcase> <!-- loginToappWithrequiredCredentials -->
  <testcase name="tcClickOnOkSuccessButton_AfterDelete" time="0.001" classname="com.test.automation.uiAutomation.admission.TC_Masters_Master_Board">
    <skipped/>
  </testcase> <!-- tcClickOnOkSuccessButton_AfterDelete -->
  <testcase name="tcMinimizeMasterBoard" time="2.350" classname="com.test.automation.uiAutomation.admission.TC_Masters_Master_Board"/>
  <testcase name="tcVerifyBoardNameInTheGrid" time="0.001" classname="com.test.automation.uiAutomation.admission.TC_Masters_Master_Board">
    <skipped/>
  </testcase> <!-- tcVerifyBoardNameInTheGrid -->
  <testcase name="afterMethod" time="0.000" classname="com.test.automation.uiAutomation.admission.TC_Masters_Master_Board">
    <error type="org.openqa.selenium.WebDriverException" message="chrome not reachable
  (Session info: chrome=63.0.3239.132)
  (Driver info: chromedriver=2.33.506120 (e3e53437346286c0bc2d2dc9aa4915ba81d9023f),platform=Windows NT 10.0.16299 x86_64) (WARNING: The server did not provide any stacktrace information)
Command duration or timeout: 4.01 seconds
Build info: version: &#039;3.0.1&#039;, revision: &#039;1969d75&#039;, time: &#039;2016-10-18 09:49:13 -0700&#039;
System info: host: &#039;DESKTOP-DISLHD4&#039;, ip: &#039;192.168.1.24&#039;, os.name: &#039;Windows 10&#039;, os.arch: &#039;amd64&#039;, os.version: &#039;10.0&#039;, java.version: &#039;1.8.0_161&#039;
Driver info: org.openqa.selenium.chrome.ChromeDriver
Capabilities [{applicationCacheEnabled=false, rotatable=false, mobileEmulationEnabled=false, networkConnectionEnabled=false, chrome={chromedriverVersion=2.33.506120 (e3e53437346286c0bc2d2dc9aa4915ba81d9023f), userDataDir=C:\Users\vaps\AppData\Local\Temp\scoped_dir3660_22525}, takesHeapSnapshot=true, pageLoadStrategy=normal, databaseEnabled=false, handlesAlerts=true, hasTouchScreen=false, version=63.0.3239.132, platform=XP, browserConnectionEnabled=false, nativeEvents=true, acceptSslCerts=true, locationContextEnabled=true, webStorageEnabled=true, browserName=chrome, takesScreenshot=true, javascriptEnabled=true, cssSelectorsEnabled=true, setWindowRect=true, unexpectedAlertBehaviour=}]
Session ID: 15a412f1f43c024d3cfb83fd9c5b5c0a">
      <![CDATA[org.openqa.selenium.WebDriverException: chrome not reachable
  (Session info: chrome=63.0.3239.132)
  (Driver info: chromedriver=2.33.506120 (e3e53437346286c0bc2d2dc9aa4915ba81d9023f),platform=Windows NT 10.0.16299 x86_64) (WARNING: The server did not provide any stacktrace information)
Command duration or timeout: 4.01 seconds
Build info: version: '3.0.1', revision: '1969d75', time: '2016-10-18 09:49:13 -0700'
System info: host: 'DESKTOP-DISLHD4', ip: '192.168.1.24', os.name: 'Windows 10', os.arch: 'amd64', os.version: '10.0', java.version: '1.8.0_161'
Driver info: org.openqa.selenium.chrome.ChromeDriver
Capabilities [{applicationCacheEnabled=false, rotatable=false, mobileEmulationEnabled=false, networkConnectionEnabled=false, chrome={chromedriverVersion=2.33.506120 (e3e53437346286c0bc2d2dc9aa4915ba81d9023f), userDataDir=C:\Users\vaps\AppData\Local\Temp\scoped_dir3660_22525}, takesHeapSnapshot=true, pageLoadStrategy=normal, databaseEnabled=false, handlesAlerts=true, hasTouchScreen=false, version=63.0.3239.132, platform=XP, browserConnectionEnabled=false, nativeEvents=true, acceptSslCerts=true, locationContextEnabled=true, webStorageEnabled=true, browserName=chrome, takesScreenshot=true, javascriptEnabled=true, cssSelectorsEnabled=true, setWindowRect=true, unexpectedAlertBehaviour=}]
Session ID: 15a412f1f43c024d3cfb83fd9c5b5c0a
	at sun.reflect.NativeConstructorAccessorImpl.newInstance0(Native Method)
	at sun.reflect.NativeConstructorAccessorImpl.newInstance(Unknown Source)
	at sun.reflect.DelegatingConstructorAccessorImpl.newInstance(Unknown Source)
	at java.lang.reflect.Constructor.newInstance(Unknown Source)
	at org.openqa.selenium.remote.ErrorHandler.createThrowable(ErrorHandler.java:216)
	at org.openqa.selenium.remote.ErrorHandler.throwIfResponseFailed(ErrorHandler.java:168)
	at org.openqa.selenium.remote.RemoteWebDriver.execute(RemoteWebDriver.java:635)
	at org.openqa.selenium.remote.RemoteWebDriver.execute(RemoteWebDriver.java:658)
	at org.openqa.selenium.remote.RemoteWebDriver.getScreenshotAs(RemoteWebDriver.java:340)
	at com.test.automation.uiAutomation.testBase.TestBase.captureScreen(TestBase.java:274)
	at com.test.automation.uiAutomation.testBase.TestBase.getresult(TestBase.java:303)
	at com.test.automation.uiAutomation.testBase.TestBase.afterMethod(TestBase.java:312)
	at sun.reflect.NativeMethodAccessorImpl.invoke0(Native Method)
	at sun.reflect.NativeMethodAccessorImpl.invoke(Unknown Source)
	at sun.reflect.DelegatingMethodAccessorImpl.invoke(Unknown Source)
	at java.lang.reflect.Method.invoke(Unknown Source)
	at org.testng.internal.MethodInvocationHelper.invokeMethod(MethodInvocationHelper.java:104)
	at org.testng.internal.Invoker.invokeConfigurationMethod(Invoker.java:515)
	at org.testng.internal.Invoker.invokeConfigurations(Invoker.java:217)
	at org.testng.internal.Invoker.invokeMethod(Invoker.java:712)
	at org.testng.internal.Invoker.invokeTestMethod(Invoker.java:851)
	at org.testng.internal.Invoker.invokeTestMethods(Invoker.java:1177)
	at org.testng.internal.TestMethodWorker.invokeTestMethods(TestMethodWorker.java:129)
	at org.testng.internal.TestMethodWorker.run(TestMethodWorker.java:112)
	at org.testng.TestRunner.privateRun(TestRunner.java:756)
	at org.testng.TestRunner.run(TestRunner.java:610)
	at org.testng.SuiteRunner.runTest(SuiteRunner.java:387)
	at org.testng.SuiteRunner.runSequentially(SuiteRunner.java:382)
	at org.testng.SuiteRunner.privateRun(SuiteRunner.java:340)
	at org.testng.SuiteRunner.run(SuiteRunner.java:289)
	at org.testng.SuiteRunnerWorker.runSuite(SuiteRunnerWorker.java:52)
	at org.testng.SuiteRunnerWorker.run(SuiteRunnerWorker.java:86)
	at org.testng.TestNG.runSuitesSequentially(TestNG.java:1293)
	at org.testng.TestNG.runSuitesLocally(TestNG.java:1218)
	at org.testng.TestNG.runSuites(TestNG.java:1133)
	at org.testng.TestNG.run(TestNG.java:1104)
	at org.testng.remote.AbstractRemoteTestNG.run(AbstractRemoteTestNG.java:132)
	at org.testng.remote.RemoteTestNG.initAndRun(RemoteTestNG.java:230)
	at org.testng.remote.RemoteTestNG.main(RemoteTestNG.java:76)
]]>
    </error>
  </testcase> <!-- afterMethod -->
  <testcase name="tcEnterMasterBoardData" time="2.042" classname="com.test.automation.uiAutomation.admission.TC_Masters_Master_Board"/>
  <testcase name="tcSortByBoardName" time="3.681" classname="com.test.automation.uiAutomation.admission.TC_Masters_Master_Board"/>
  <testcase name="tcEnterMasterBoardDData_AfterClear" time="0.001" classname="com.test.automation.uiAutomation.admission.TC_Masters_Master_Board">
    <skipped/>
  </testcase> <!-- tcEnterMasterBoardDData_AfterClear -->
  <testcase name="tcSearchWithBoardNameInTheGrid_AfterDeleteCancel" time="0.001" classname="com.test.automation.uiAutomation.admission.TC_Masters_Master_Board">
    <skipped/>
  </testcase> <!-- tcSearchWithBoardNameInTheGrid_AfterDeleteCancel -->
  <testcase name="tcEnterMasterBoardData_AfterDelete" time="0.000" classname="com.test.automation.uiAutomation.admission.TC_Masters_Master_Board">
    <skipped/>
  </testcase> <!-- tcEnterMasterBoardData_AfterDelete -->
  <testcase name="tcClickOnOkSuccessButton_delete" time="0.001" classname="com.test.automation.uiAutomation.admission.TC_Masters_Master_Board">
    <skipped/>
  </testcase> <!-- tcClickOnOkSuccessButton_delete -->
  <testcase name="tcEditMasterBoard" time="0.001" classname="com.test.automation.uiAutomation.admission.TC_Masters_Master_Board">
    <skipped/>
  </testcase> <!-- tcEditMasterBoard -->
  <testcase name="tcYesDeleteOrDeactivateOrActivateIt" time="0.000" classname="com.test.automation.uiAutomation.admission.TC_Masters_Master_Board">
    <skipped/>
  </testcase> <!-- tcYesDeleteOrDeactivateOrActivateIt -->
  <testcase name="tcSaveBoardInfoData_AfterDelete" time="0.001" classname="com.test.automation.uiAutomation.admission.TC_Masters_Master_Board">
    <skipped/>
  </testcase> <!-- tcSaveBoardInfoData_AfterDelete -->
  <testcase name="tcSubmitBlankMasterBoardForm" time="2.403" classname="com.test.automation.uiAutomation.admission.TC_Masters_Master_Board"/>
  <testcase name="tcSaveBoardInfoData" time="0.000" classname="com.test.automation.uiAutomation.admission.TC_Masters_Master_Board">
    <skipped/>
  </testcase> <!-- tcSaveBoardInfoData -->
  <testcase name="tcClickOnOkSuccessButton" time="0.000" classname="com.test.automation.uiAutomation.admission.TC_Masters_Master_Board">
    <skipped/>
  </testcase> <!-- tcClickOnOkSuccessButton -->
  <testcase name="tcMaximizeMasterBoard" time="2.339" classname="com.test.automation.uiAutomation.admission.TC_Masters_Master_Board"/>
  <testcase name="tcClickOnOkSuccessButton_Edit" time="0.000" classname="com.test.automation.uiAutomation.admission.TC_Masters_Master_Board">
    <skipped/>
  </testcase> <!-- tcClickOnOkSuccessButton_Edit -->
  <testcase name="tcClickOnOkSuccessButton_cancel" time="0.002" classname="com.test.automation.uiAutomation.admission.TC_Masters_Master_Board">
    <skipped/>
  </testcase> <!-- tcClickOnOkSuccessButton_cancel -->
  <testcase name="loginToappWithrequiredCredentials" time="24.787" classname="com.test.automation.uiAutomation.admission.TC_Masters_Master_Board"/>
</testsuite> <!-- com.test.automation.uiAutomation.admission.TC_Masters_Master_Board -->
