<?xml version="1.0" encoding="UTF-8"?>
<!-- Generated by org.testng.reporters.JUnitReportReporter -->
<testsuite name="com.test.automation.uiAutomation.admission.masters.TC_Masters_Master_Category" tests="40" time="165.409" ignored="0" failures="2" timestamp="01 Mar 2018 09:24:12 GMT" skipped="4" hostname="DESKTOP-DISLHD4" errors="0">
  <testcase name="tcMaximizeMasterCategory" time="2.316" classname="com.test.automation.uiAutomation.admission.masters.TC_Masters_Master_Category"/>
  <testcase name="tcYesDeleteOrDeactivateOrActivateIt_Activate" time="0.292" classname="com.test.automation.uiAutomation.admission.masters.TC_Masters_Master_Category"/>
  <testcase name="tcYesDeleteOrDeactivateOrActivateIt_deactivate" time="15.335" classname="com.test.automation.uiAutomation.admission.masters.TC_Masters_Master_Category"/>
  <testcase name="tcHomeButtonValidation" time="7.366" classname="com.test.automation.uiAutomation.admission.masters.TC_Masters_Master_Category"/>
  <testcase name="tcClickOnOkSuccessButton_Edit" time="2.353" classname="com.test.automation.uiAutomation.admission.masters.TC_Masters_Master_Category"/>
  <testcase name="tcSearchWithCategoryNameInTheGrid" time="0.634" classname="com.test.automation.uiAutomation.admission.masters.TC_Masters_Master_Category"/>
  <testcase name="tcSubmitBlankMasterCategoryForm" time="2.380" classname="com.test.automation.uiAutomation.admission.masters.TC_Masters_Master_Category"/>
  <testcase name="loginToappWithrequiredCredentials" time="21.654" classname="com.test.automation.uiAutomation.admission.masters.TC_Masters_Master_Category"/>
  <testcase name="tcActivateMasterCategory_AfterCancel" time="0.039" classname="com.test.automation.uiAutomation.admission.masters.TC_Masters_Master_Category">
    <failure type="java.lang.AssertionError" message="expected [Activate] but found [Deactivate]">
      <![CDATA[java.lang.AssertionError: expected [Activate] but found [Deactivate]
	at org.testng.Assert.fail(Assert.java:94)
	at org.testng.Assert.failNotEquals(Assert.java:513)
	at org.testng.Assert.assertEqualsImpl(Assert.java:135)
	at org.testng.Assert.assertEquals(Assert.java:116)
	at org.testng.Assert.assertEquals(Assert.java:190)
	at org.testng.Assert.assertEquals(Assert.java:200)
	at com.test.automation.uiAutomation.Admission.Masters.Masters_Master_Category.activateMasterCategory(Masters_Master_Category.java:363)
	at com.test.automation.uiAutomation.admission.masters.TC_Masters_Master_Category.tcActivateMasterCategory_AfterCancel(TC_Masters_Master_Category.java:612)
	at sun.reflect.NativeMethodAccessorImpl.invoke0(Native Method)
	at sun.reflect.NativeMethodAccessorImpl.invoke(Unknown Source)
	at sun.reflect.DelegatingMethodAccessorImpl.invoke(Unknown Source)
	at java.lang.reflect.Method.invoke(Unknown Source)
	at org.testng.internal.MethodInvocationHelper.invokeMethod(MethodInvocationHelper.java:104)
	at org.testng.internal.Invoker.invokeMethod(Invoker.java:645)
	at org.testng.internal.Invoker.invokeTestMethod(Invoker.java:851)
	at org.testng.internal.Invoker.invokeTestMethods(Invoker.java:1177)
	at org.testng.internal.TestMethodWorker.invokeTestMethods(TestMethodWorker.java:129)
	at org.testng.internal.TestMethodWorker.run(TestMethodWorker.java:112)
	at org.testng.TestRunner.privateRun(TestRunner.java:756)
	at org.testng.TestRunner.run(TestRunner.java:610)
	at org.testng.SuiteRunner.runTest(SuiteRunner.java:387)
	at org.testng.SuiteRunner.runSequentially(SuiteRunner.java:382)
	at org.testng.SuiteRunner.privateRun(SuiteRunner.java:340)
	at org.testng.SuiteRunner.run(SuiteRunner.java:289)
	at org.testng.SuiteRunnerWorker.runSuite(SuiteRunnerWorker.java:52)
	at org.testng.SuiteRunnerWorker.run(SuiteRunnerWorker.java:86)
	at org.testng.TestNG.runSuitesSequentially(TestNG.java:1293)
	at org.testng.TestNG.runSuitesLocally(TestNG.java:1218)
	at org.testng.TestNG.runSuites(TestNG.java:1133)
	at org.testng.TestNG.run(TestNG.java:1104)
	at org.testng.remote.AbstractRemoteTestNG.run(AbstractRemoteTestNG.java:132)
	at org.testng.remote.RemoteTestNG.initAndRun(RemoteTestNG.java:230)
	at org.testng.remote.RemoteTestNG.main(RemoteTestNG.java:76)
]]>
    </failure>
  </testcase> <!-- tcActivateMasterCategory_AfterCancel -->
  <testcase name="tcEnterMasterCategoryFormData_AfterClear" time="5.057" classname="com.test.automation.uiAutomation.admission.masters.TC_Masters_Master_Category"/>
  <testcase name="tcSearchWithCategoryNameInTheGrid_ForDeactivate" time="0.606" classname="com.test.automation.uiAutomation.admission.masters.TC_Masters_Master_Category"/>
  <testcase name="tcClickOnCancelButton_activate" time="0.307" classname="com.test.automation.uiAutomation.admission.masters.TC_Masters_Master_Category"/>
  <testcase name="tcNavigateToAdmission_Masters_MasterCategory_BGHS" time="1.596" classname="com.test.automation.uiAutomation.admission.masters.TC_Masters_Master_Category"/>
  <testcase name="tcEditMasterCategory" time="5.378" classname="com.test.automation.uiAutomation.admission.masters.TC_Masters_Master_Category"/>
  <testcase name="loginToappWithrequiredCredentials" time="0.000" classname="com.test.automation.uiAutomation.admission.masters.TC_Masters_Master_Category">
    <skipped/>
  </testcase> <!-- loginToappWithrequiredCredentials -->
  <testcase name="tcMinimizeMasterCategoryList" time="2.340" classname="com.test.automation.uiAutomation.admission.masters.TC_Masters_Master_Category"/>
  <testcase name="tcClickOnOkSuccessButton" time="2.338" classname="com.test.automation.uiAutomation.admission.masters.TC_Masters_Master_Category"/>
  <testcase name="tcVerifyCategoryNameInTheGrid" time="0.286" classname="com.test.automation.uiAutomation.admission.masters.TC_Masters_Master_Category"/>
  <testcase name="tcDeactivateMasterCategory_AfterCancel" time="5.431" classname="com.test.automation.uiAutomation.admission.masters.TC_Masters_Master_Category"/>
  <testcase name="tcSubmitFilledMasterCategoryForm_Edit" time="15.357" classname="com.test.automation.uiAutomation.admission.masters.TC_Masters_Master_Category"/>
  <testcase name="tcSearchWithCategoryNameInTheGrid_ForActivate" time="0.595" classname="com.test.automation.uiAutomation.admission.masters.TC_Masters_Master_Category"/>
  <testcase name="loginToappWithrequiredCredentials" time="0.002" classname="com.test.automation.uiAutomation.admission.masters.TC_Masters_Master_Category">
    <skipped/>
  </testcase> <!-- loginToappWithrequiredCredentials -->
  <testcase name="tcClickOnOkSuccessButton_deactivate" time="2.333" classname="com.test.automation.uiAutomation.admission.masters.TC_Masters_Master_Category"/>
  <testcase name="tcMinimizeMasterCategory" time="2.357" classname="com.test.automation.uiAutomation.admission.masters.TC_Masters_Master_Category"/>
  <testcase name="tcDeactivateMasterCategory" time="5.409" classname="com.test.automation.uiAutomation.admission.masters.TC_Masters_Master_Category"/>
  <testcase name="tcClickOnOkSuccessButton_activateCancel" time="0.270" classname="com.test.automation.uiAutomation.admission.masters.TC_Masters_Master_Category"/>
  <testcase name="tcMaximizeMasterCategoryList" time="2.601" classname="com.test.automation.uiAutomation.admission.masters.TC_Masters_Master_Category"/>
  <testcase name="tcEnterMasterCategoryFormData" time="5.329" classname="com.test.automation.uiAutomation.admission.masters.TC_Masters_Master_Category"/>
  <testcase name="tcActivateMasterCategory" time="0.319" classname="com.test.automation.uiAutomation.admission.masters.TC_Masters_Master_Category">
    <failure type="java.lang.AssertionError" message="expected [Activate] but found [Deactivate]">
      <![CDATA[java.lang.AssertionError: expected [Activate] but found [Deactivate]
	at org.testng.Assert.fail(Assert.java:94)
	at org.testng.Assert.failNotEquals(Assert.java:513)
	at org.testng.Assert.assertEqualsImpl(Assert.java:135)
	at org.testng.Assert.assertEquals(Assert.java:116)
	at org.testng.Assert.assertEquals(Assert.java:190)
	at org.testng.Assert.assertEquals(Assert.java:200)
	at com.test.automation.uiAutomation.Admission.Masters.Masters_Master_Category.activateMasterCategory(Masters_Master_Category.java:363)
	at com.test.automation.uiAutomation.admission.masters.TC_Masters_Master_Category.tcActivateMasterCategory(TC_Masters_Master_Category.java:546)
	at sun.reflect.NativeMethodAccessorImpl.invoke0(Native Method)
	at sun.reflect.NativeMethodAccessorImpl.invoke(Unknown Source)
	at sun.reflect.DelegatingMethodAccessorImpl.invoke(Unknown Source)
	at java.lang.reflect.Method.invoke(Unknown Source)
	at org.testng.internal.MethodInvocationHelper.invokeMethod(MethodInvocationHelper.java:104)
	at org.testng.internal.Invoker.invokeMethod(Invoker.java:645)
	at org.testng.internal.Invoker.invokeTestMethod(Invoker.java:851)
	at org.testng.internal.Invoker.invokeTestMethods(Invoker.java:1177)
	at org.testng.internal.TestMethodWorker.invokeTestMethods(TestMethodWorker.java:129)
	at org.testng.internal.TestMethodWorker.run(TestMethodWorker.java:112)
	at org.testng.TestRunner.privateRun(TestRunner.java:756)
	at org.testng.TestRunner.run(TestRunner.java:610)
	at org.testng.SuiteRunner.runTest(SuiteRunner.java:387)
	at org.testng.SuiteRunner.runSequentially(SuiteRunner.java:382)
	at org.testng.SuiteRunner.privateRun(SuiteRunner.java:340)
	at org.testng.SuiteRunner.run(SuiteRunner.java:289)
	at org.testng.SuiteRunnerWorker.runSuite(SuiteRunnerWorker.java:52)
	at org.testng.SuiteRunnerWorker.run(SuiteRunnerWorker.java:86)
	at org.testng.TestNG.runSuitesSequentially(TestNG.java:1293)
	at org.testng.TestNG.runSuitesLocally(TestNG.java:1218)
	at org.testng.TestNG.runSuites(TestNG.java:1133)
	at org.testng.TestNG.run(TestNG.java:1104)
	at org.testng.remote.AbstractRemoteTestNG.run(AbstractRemoteTestNG.java:132)
	at org.testng.remote.RemoteTestNG.initAndRun(RemoteTestNG.java:230)
	at org.testng.remote.RemoteTestNG.main(RemoteTestNG.java:76)
]]>
    </failure>
  </testcase> <!-- tcActivateMasterCategory -->
  <testcase name="loginToappWithrequiredCredentials" time="0.001" classname="com.test.automation.uiAutomation.admission.masters.TC_Masters_Master_Category">
    <skipped/>
  </testcase> <!-- loginToappWithrequiredCredentials -->
  <testcase name="loginToappWithrequiredCredentials" time="0.001" classname="com.test.automation.uiAutomation.admission.masters.TC_Masters_Master_Category">
    <skipped/>
  </testcase> <!-- loginToappWithrequiredCredentials -->
  <testcase name="tcClearCategoryInfoData" time="15.433" classname="com.test.automation.uiAutomation.admission.masters.TC_Masters_Master_Category"/>
  <testcase name="tcSearchWithCategoryNameInTheGrid_ForActivate_AfterCancel" time="0.614" classname="com.test.automation.uiAutomation.admission.masters.TC_Masters_Master_Category"/>
  <testcase name="tcSortByCategoryName" time="3.653" classname="com.test.automation.uiAutomation.admission.masters.TC_Masters_Master_Category"/>
  <testcase name="tcSubmitFilledMasterCategoryForm" time="15.388" classname="com.test.automation.uiAutomation.admission.masters.TC_Masters_Master_Category"/>
  <testcase name="tcClickOnOkSuccessButton_deactivateCancel" time="2.356" classname="com.test.automation.uiAutomation.admission.masters.TC_Masters_Master_Category"/>
  <testcase name="tcVerifyMasters_MasterCategory_BGHSPage" time="1.373" classname="com.test.automation.uiAutomation.admission.masters.TC_Masters_Master_Category"/>
  <testcase name="tcClickOnCancelButton_deactivate" time="15.379" classname="com.test.automation.uiAutomation.admission.masters.TC_Masters_Master_Category"/>
  <testcase name="tcClickOnOkSuccessButton_activate" time="0.266" classname="com.test.automation.uiAutomation.admission.masters.TC_Masters_Master_Category"/>
  <testcase name="tcSearchWithCategoryNameInTheGrid_ForDeactivate_AfterCancel" time="0.665" classname="com.test.automation.uiAutomation.admission.masters.TC_Masters_Master_Category"/>
</testsuite> <!-- com.test.automation.uiAutomation.admission.masters.TC_Masters_Master_Category -->
