<?xml version="1.0" encoding="UTF-8"?>
<!-- Generated by org.testng.reporters.JUnitReportReporter -->
<testsuite name="com.test.automation.uiAutomation.admission.TC_Reports.TC_Student_Attendance_Report" tests="79" time="612.080" ignored="0" failures="0" timestamp="03 May 2018 10:42:31 GMT" skipped="8" hostname="Arvind-Susdiny" errors="2">
  <testcase name="tcClickOnExportToExcel_AllDaily" time="10.338" classname="com.test.automation.uiAutomation.admission.TC_Reports.TC_Student_Attendance_Report"/>
  <testcase name="tcClickOnReport_ForAllBetweenDate" time="5.346" classname="com.test.automation.uiAutomation.admission.TC_Reports.TC_Student_Attendance_Report"/>
  <testcase name="tcClickOnReport_ForIndividual_Daily" time="0.000" classname="com.test.automation.uiAutomation.admission.TC_Reports.TC_Student_Attendance_Report">
    <skipped/>
  </testcase> <!-- tcClickOnReport_ForIndividual_Daily -->
  <testcase name="tcClickOnExportToExcel_Individual_Daily" time="0.001" classname="com.test.automation.uiAutomation.admission.TC_Reports.TC_Student_Attendance_Report">
    <skipped/>
  </testcase> <!-- tcClickOnExportToExcel_Individual_Daily -->
  <testcase name="tcNavigateToAdmission_Reports_StudentAttendanceReport_BGHS" time="3.709" classname="com.test.automation.uiAutomation.admission.TC_Reports.TC_Student_Attendance_Report"/>
  <testcase name="tcSelectStudentForStudentAttendanceReport_AfterCancel" time="1.354" classname="com.test.automation.uiAutomation.admission.TC_Reports.TC_Student_Attendance_Report"/>
  <testcase name="tcMinimizeStudentAttendanceReport" time="1.363" classname="com.test.automation.uiAutomation.admission.TC_Reports.TC_Student_Attendance_Report"/>
  <testcase name="tcSelectStudentForStudentAttendanceReport_Individual_Daily" time="0.000" classname="com.test.automation.uiAutomation.admission.TC_Reports.TC_Student_Attendance_Report">
    <skipped/>
  </testcase> <!-- tcSelectStudentForStudentAttendanceReport_Individual_Daily -->
  <testcase name="tcFillWithStudentAttendanceReportDetailsFor_All_Monthly" time="6.227" classname="com.test.automation.uiAutomation.admission.TC_Reports.TC_Student_Attendance_Report"/>
  <testcase name="tcFillWithStudentAttendanceReportDetailsFor_Individual_Monthly_MonthDayWise" time="15.381" classname="com.test.automation.uiAutomation.admission.TC_Reports.TC_Student_Attendance_Report"/>
  <testcase name="tcClickOnCancelButton_ForIndividual_Monthly" time="7.472" classname="com.test.automation.uiAutomation.admission.TC_Reports.TC_Student_Attendance_Report"/>
  <testcase name="tcVerifyStudent_ForStudentAttendanceReportInGrid__Individual_BetweenDate" time="60.268" classname="com.test.automation.uiAutomation.admission.TC_Reports.TC_Student_Attendance_Report"/>
  <testcase name="tcClickOnPrint_AllBetweenDate" time="10.123" classname="com.test.automation.uiAutomation.admission.TC_Reports.TC_Student_Attendance_Report"/>
  <testcase name="tcFillWithStudentAttendanceReportDetailsFor_All_BetweenDate" time="10.971" classname="com.test.automation.uiAutomation.admission.TC_Reports.TC_Student_Attendance_Report"/>
  <testcase name="tcClickOnPrint_Individual_Daily" time="0.000" classname="com.test.automation.uiAutomation.admission.TC_Reports.TC_Student_Attendance_Report">
    <skipped/>
  </testcase> <!-- tcClickOnPrint_Individual_Daily -->
  <testcase name="tcFillWithStudentAttendanceReportDetailsFor_Individual_Monthly" time="12.805" classname="com.test.automation.uiAutomation.admission.TC_Reports.TC_Student_Attendance_Report"/>
  <testcase name="tcClickOnPrint_Individual_BetweenDate" time="7.793" classname="com.test.automation.uiAutomation.admission.TC_Reports.TC_Student_Attendance_Report">
    <error type="org.openqa.selenium.NoSuchSessionException" message="no such session
  (Driver info: chromedriver=2.36.540470 (e522d04694c7ebea4ba8821272dbef4f9b818c91),platform=Windows NT 10.0.16299 x86_64) (WARNING: The server did not provide any stacktrace information)
Command duration or timeout: 16 milliseconds
Build info: version: &#039;3.0.1&#039;, revision: &#039;1969d75&#039;, time: &#039;2016-10-18 09:49:13 -0700&#039;
System info: host: &#039;Arvind-Susdiny&#039;, ip: &#039;192.168.1.34&#039;, os.name: &#039;Windows 10&#039;, os.arch: &#039;amd64&#039;, os.version: &#039;10.0&#039;, java.version: &#039;1.8.0_161&#039;
Driver info: org.openqa.selenium.chrome.ChromeDriver
Capabilities [{applicationCacheEnabled=false, rotatable=false, mobileEmulationEnabled=false, networkConnectionEnabled=false, chrome={chromedriverVersion=2.36.540470 (e522d04694c7ebea4ba8821272dbef4f9b818c91), userDataDir=C:\Users\vaps\AppData\Local\Temp\scoped_dir8156_23370}, takesHeapSnapshot=true, pageLoadStrategy=normal, databaseEnabled=false, handlesAlerts=true, hasTouchScreen=false, version=66.0.3359.139, platform=XP, browserConnectionEnabled=false, nativeEvents=true, acceptSslCerts=false, acceptInsecureCerts=false, locationContextEnabled=true, webStorageEnabled=true, browserName=chrome, takesScreenshot=true, javascriptEnabled=true, cssSelectorsEnabled=true, setWindowRect=true, unexpectedAlertBehaviour=}]
Session ID: 7bd138c227cb7977d30a30d11bd55c91">
      <![CDATA[org.openqa.selenium.NoSuchSessionException: no such session
  (Driver info: chromedriver=2.36.540470 (e522d04694c7ebea4ba8821272dbef4f9b818c91),platform=Windows NT 10.0.16299 x86_64) (WARNING: The server did not provide any stacktrace information)
Command duration or timeout: 16 milliseconds
Build info: version: '3.0.1', revision: '1969d75', time: '2016-10-18 09:49:13 -0700'
System info: host: 'Arvind-Susdiny', ip: '192.168.1.34', os.name: 'Windows 10', os.arch: 'amd64', os.version: '10.0', java.version: '1.8.0_161'
Driver info: org.openqa.selenium.chrome.ChromeDriver
Capabilities [{applicationCacheEnabled=false, rotatable=false, mobileEmulationEnabled=false, networkConnectionEnabled=false, chrome={chromedriverVersion=2.36.540470 (e522d04694c7ebea4ba8821272dbef4f9b818c91), userDataDir=C:\Users\vaps\AppData\Local\Temp\scoped_dir8156_23370}, takesHeapSnapshot=true, pageLoadStrategy=normal, databaseEnabled=false, handlesAlerts=true, hasTouchScreen=false, version=66.0.3359.139, platform=XP, browserConnectionEnabled=false, nativeEvents=true, acceptSslCerts=false, acceptInsecureCerts=false, locationContextEnabled=true, webStorageEnabled=true, browserName=chrome, takesScreenshot=true, javascriptEnabled=true, cssSelectorsEnabled=true, setWindowRect=true, unexpectedAlertBehaviour=}]
Session ID: 7bd138c227cb7977d30a30d11bd55c91
	at sun.reflect.NativeConstructorAccessorImpl.newInstance0(Native Method)
	at sun.reflect.NativeConstructorAccessorImpl.newInstance(Unknown Source)
	at sun.reflect.DelegatingConstructorAccessorImpl.newInstance(Unknown Source)
	at java.lang.reflect.Constructor.newInstance(Unknown Source)
	at org.openqa.selenium.remote.ErrorHandler.createThrowable(ErrorHandler.java:216)
	at org.openqa.selenium.remote.ErrorHandler.throwIfResponseFailed(ErrorHandler.java:168)
	at org.openqa.selenium.remote.RemoteWebDriver.execute(RemoteWebDriver.java:635)
	at org.openqa.selenium.remote.RemoteWebDriver.execute(RemoteWebDriver.java:658)
	at org.openqa.selenium.remote.RemoteWebDriver.getScreenshotAs(RemoteWebDriver.java:340)
	at com.test.automation.uiAutomation.testBase.TestBase.getScreenShot(TestBase.java:215)
	at com.test.automation.uiAutomation.admission.TC_Reports.TC_Student_Attendance_Report.tcClickOnPrint_Individual_BetweenDate(TC_Student_Attendance_Report.java:1266)
	at sun.reflect.NativeMethodAccessorImpl.invoke0(Native Method)
	at sun.reflect.NativeMethodAccessorImpl.invoke(Unknown Source)
	at sun.reflect.DelegatingMethodAccessorImpl.invoke(Unknown Source)
	at java.lang.reflect.Method.invoke(Unknown Source)
	at org.testng.internal.MethodInvocationHelper.invokeMethod(MethodInvocationHelper.java:104)
	at org.testng.internal.Invoker.invokeMethod(Invoker.java:645)
	at org.testng.internal.Invoker.invokeTestMethod(Invoker.java:851)
	at org.testng.internal.Invoker.invokeTestMethods(Invoker.java:1177)
	at org.testng.internal.TestMethodWorker.invokeTestMethods(TestMethodWorker.java:129)
	at org.testng.internal.TestMethodWorker.run(TestMethodWorker.java:112)
	at org.testng.TestRunner.privateRun(TestRunner.java:756)
	at org.testng.TestRunner.run(TestRunner.java:610)
	at org.testng.SuiteRunner.runTest(SuiteRunner.java:387)
	at org.testng.SuiteRunner.runSequentially(SuiteRunner.java:382)
	at org.testng.SuiteRunner.privateRun(SuiteRunner.java:340)
	at org.testng.SuiteRunner.run(SuiteRunner.java:289)
	at org.testng.SuiteRunnerWorker.runSuite(SuiteRunnerWorker.java:52)
	at org.testng.SuiteRunnerWorker.run(SuiteRunnerWorker.java:86)
	at org.testng.TestNG.runSuitesSequentially(TestNG.java:1293)
	at org.testng.TestNG.runSuitesLocally(TestNG.java:1218)
	at org.testng.TestNG.runSuites(TestNG.java:1133)
	at org.testng.TestNG.run(TestNG.java:1104)
	at org.testng.remote.AbstractRemoteTestNG.run(AbstractRemoteTestNG.java:132)
	at org.testng.remote.RemoteTestNG.initAndRun(RemoteTestNG.java:230)
	at org.testng.remote.RemoteTestNG.main(RemoteTestNG.java:76)
]]>
    </error>
  </testcase> <!-- tcClickOnPrint_Individual_BetweenDate -->
  <testcase name="tcVerifyStudent_ForStudentAttendanceReportInGrid__AllBetweenDate" time="0.289" classname="com.test.automation.uiAutomation.admission.TC_Reports.TC_Student_Attendance_Report"/>
  <testcase name="tcClickOnReport_ForIndividual_BetweenDate" time="0.321" classname="com.test.automation.uiAutomation.admission.TC_Reports.TC_Student_Attendance_Report"/>
  <testcase name="tcHomeButtonValidation" time="7.307" classname="com.test.automation.uiAutomation.admission.TC_Reports.TC_Student_Attendance_Report"/>
  <testcase name="tcClickOnExportToExcel_AllMonthly" time="10.370" classname="com.test.automation.uiAutomation.admission.TC_Reports.TC_Student_Attendance_Report"/>
  <testcase name="tcMaximizeStudentAttendanceReport" time="1.324" classname="com.test.automation.uiAutomation.admission.TC_Reports.TC_Student_Attendance_Report"/>
  <testcase name="tcSearchStudentToGenerateReport_Individual_Monthly_MonthDayWise" time="0.779" classname="com.test.automation.uiAutomation.admission.TC_Reports.TC_Student_Attendance_Report"/>
  <testcase name="tcVerifyStudent_ForStudentAttendanceReportInGrid__Individual_Monthly" time="0.310" classname="com.test.automation.uiAutomation.admission.TC_Reports.TC_Student_Attendance_Report"/>
  <testcase name="tcClickOnCancelButton_AfterIndividual_BetweenDate" time="0.000" classname="com.test.automation.uiAutomation.admission.TC_Reports.TC_Student_Attendance_Report">
    <skipped/>
  </testcase> <!-- tcClickOnCancelButton_AfterIndividual_BetweenDate -->
  <testcase name="loginToappWithrequiredCredentials" time="20.015" classname="com.test.automation.uiAutomation.admission.TC_Reports.TC_Student_Attendance_Report"/>
  <testcase name="tcSearchStudentToGenerateReport_AllBetweenDate" time="5.404" classname="com.test.automation.uiAutomation.admission.TC_Reports.TC_Student_Attendance_Report"/>
  <testcase name="tcFillWithStudentAttendanceReportDetailsFor_Individual_BetweenDate" time="2.601" classname="com.test.automation.uiAutomation.admission.TC_Reports.TC_Student_Attendance_Report"/>
  <testcase name="tcVerifyStudent_ForStudentAttendanceReportInGrid__AllDaily" time="0.277" classname="com.test.automation.uiAutomation.admission.TC_Reports.TC_Student_Attendance_Report"/>
  <testcase name="tcClickOnCancelButton_AfterAll_Monthly" time="7.503" classname="com.test.automation.uiAutomation.admission.TC_Reports.TC_Student_Attendance_Report"/>
  <testcase name="tcClickOnCancelButton_AfterIndividual_Monthly_MonthDayWise" time="7.452" classname="com.test.automation.uiAutomation.admission.TC_Reports.TC_Student_Attendance_Report"/>
  <testcase name="tcSelectStudentForStudentAttendanceReport_MonthDayWise" time="1.355" classname="com.test.automation.uiAutomation.admission.TC_Reports.TC_Student_Attendance_Report"/>
  <testcase name="tcClickOnReport_ForAllDaily" time="5.371" classname="com.test.automation.uiAutomation.admission.TC_Reports.TC_Student_Attendance_Report"/>
  <testcase name="tcSearchStudentToGenerateReport_MonthDayWise" time="5.405" classname="com.test.automation.uiAutomation.admission.TC_Reports.TC_Student_Attendance_Report"/>
  <testcase name="tcSelectStudentForStudentAttendanceReport_Individual_Monthly_MonthDayWise" time="60.297" classname="com.test.automation.uiAutomation.admission.TC_Reports.TC_Student_Attendance_Report"/>
  <testcase name="afterMethod" time="0.000" classname="com.test.automation.uiAutomation.admission.TC_Reports.TC_Student_Attendance_Report">
    <error type="org.openqa.selenium.NoSuchSessionException" message="no such session
  (Driver info: chromedriver=2.36.540470 (e522d04694c7ebea4ba8821272dbef4f9b818c91),platform=Windows NT 10.0.16299 x86_64) (WARNING: The server did not provide any stacktrace information)
Command duration or timeout: 16 milliseconds
Build info: version: &#039;3.0.1&#039;, revision: &#039;1969d75&#039;, time: &#039;2016-10-18 09:49:13 -0700&#039;
System info: host: &#039;Arvind-Susdiny&#039;, ip: &#039;192.168.1.34&#039;, os.name: &#039;Windows 10&#039;, os.arch: &#039;amd64&#039;, os.version: &#039;10.0&#039;, java.version: &#039;1.8.0_161&#039;
Driver info: org.openqa.selenium.chrome.ChromeDriver
Capabilities [{applicationCacheEnabled=false, rotatable=false, mobileEmulationEnabled=false, networkConnectionEnabled=false, chrome={chromedriverVersion=2.36.540470 (e522d04694c7ebea4ba8821272dbef4f9b818c91), userDataDir=C:\Users\vaps\AppData\Local\Temp\scoped_dir8156_23370}, takesHeapSnapshot=true, pageLoadStrategy=normal, databaseEnabled=false, handlesAlerts=true, hasTouchScreen=false, version=66.0.3359.139, platform=XP, browserConnectionEnabled=false, nativeEvents=true, acceptSslCerts=false, acceptInsecureCerts=false, locationContextEnabled=true, webStorageEnabled=true, browserName=chrome, takesScreenshot=true, javascriptEnabled=true, cssSelectorsEnabled=true, setWindowRect=true, unexpectedAlertBehaviour=}]
Session ID: 7bd138c227cb7977d30a30d11bd55c91">
      <![CDATA[org.openqa.selenium.NoSuchSessionException: no such session
  (Driver info: chromedriver=2.36.540470 (e522d04694c7ebea4ba8821272dbef4f9b818c91),platform=Windows NT 10.0.16299 x86_64) (WARNING: The server did not provide any stacktrace information)
Command duration or timeout: 16 milliseconds
Build info: version: '3.0.1', revision: '1969d75', time: '2016-10-18 09:49:13 -0700'
System info: host: 'Arvind-Susdiny', ip: '192.168.1.34', os.name: 'Windows 10', os.arch: 'amd64', os.version: '10.0', java.version: '1.8.0_161'
Driver info: org.openqa.selenium.chrome.ChromeDriver
Capabilities [{applicationCacheEnabled=false, rotatable=false, mobileEmulationEnabled=false, networkConnectionEnabled=false, chrome={chromedriverVersion=2.36.540470 (e522d04694c7ebea4ba8821272dbef4f9b818c91), userDataDir=C:\Users\vaps\AppData\Local\Temp\scoped_dir8156_23370}, takesHeapSnapshot=true, pageLoadStrategy=normal, databaseEnabled=false, handlesAlerts=true, hasTouchScreen=false, version=66.0.3359.139, platform=XP, browserConnectionEnabled=false, nativeEvents=true, acceptSslCerts=false, acceptInsecureCerts=false, locationContextEnabled=true, webStorageEnabled=true, browserName=chrome, takesScreenshot=true, javascriptEnabled=true, cssSelectorsEnabled=true, setWindowRect=true, unexpectedAlertBehaviour=}]
Session ID: 7bd138c227cb7977d30a30d11bd55c91
	at sun.reflect.NativeConstructorAccessorImpl.newInstance0(Native Method)
	at sun.reflect.NativeConstructorAccessorImpl.newInstance(Unknown Source)
	at sun.reflect.DelegatingConstructorAccessorImpl.newInstance(Unknown Source)
	at java.lang.reflect.Constructor.newInstance(Unknown Source)
	at org.openqa.selenium.remote.ErrorHandler.createThrowable(ErrorHandler.java:216)
	at org.openqa.selenium.remote.ErrorHandler.throwIfResponseFailed(ErrorHandler.java:168)
	at org.openqa.selenium.remote.RemoteWebDriver.execute(RemoteWebDriver.java:635)
	at org.openqa.selenium.remote.RemoteWebDriver.execute(RemoteWebDriver.java:658)
	at org.openqa.selenium.remote.RemoteWebDriver.getScreenshotAs(RemoteWebDriver.java:340)
	at com.test.automation.uiAutomation.testBase.TestBase.captureScreen(TestBase.java:291)
	at com.test.automation.uiAutomation.testBase.TestBase.getresult(TestBase.java:320)
	at com.test.automation.uiAutomation.testBase.TestBase.afterMethod(TestBase.java:329)
	at sun.reflect.GeneratedMethodAccessor11.invoke(Unknown Source)
	at sun.reflect.DelegatingMethodAccessorImpl.invoke(Unknown Source)
	at java.lang.reflect.Method.invoke(Unknown Source)
	at org.testng.internal.MethodInvocationHelper.invokeMethod(MethodInvocationHelper.java:104)
	at org.testng.internal.Invoker.invokeConfigurationMethod(Invoker.java:515)
	at org.testng.internal.Invoker.invokeConfigurations(Invoker.java:217)
	at org.testng.internal.Invoker.invokeMethod(Invoker.java:712)
	at org.testng.internal.Invoker.invokeTestMethod(Invoker.java:851)
	at org.testng.internal.Invoker.invokeTestMethods(Invoker.java:1177)
	at org.testng.internal.TestMethodWorker.invokeTestMethods(TestMethodWorker.java:129)
	at org.testng.internal.TestMethodWorker.run(TestMethodWorker.java:112)
	at org.testng.TestRunner.privateRun(TestRunner.java:756)
	at org.testng.TestRunner.run(TestRunner.java:610)
	at org.testng.SuiteRunner.runTest(SuiteRunner.java:387)
	at org.testng.SuiteRunner.runSequentially(SuiteRunner.java:382)
	at org.testng.SuiteRunner.privateRun(SuiteRunner.java:340)
	at org.testng.SuiteRunner.run(SuiteRunner.java:289)
	at org.testng.SuiteRunnerWorker.runSuite(SuiteRunnerWorker.java:52)
	at org.testng.SuiteRunnerWorker.run(SuiteRunnerWorker.java:86)
	at org.testng.TestNG.runSuitesSequentially(TestNG.java:1293)
	at org.testng.TestNG.runSuitesLocally(TestNG.java:1218)
	at org.testng.TestNG.runSuites(TestNG.java:1133)
	at org.testng.TestNG.run(TestNG.java:1104)
	at org.testng.remote.AbstractRemoteTestNG.run(AbstractRemoteTestNG.java:132)
	at org.testng.remote.RemoteTestNG.initAndRun(RemoteTestNG.java:230)
	at org.testng.remote.RemoteTestNG.main(RemoteTestNG.java:76)
]]>
    </error>
  </testcase> <!-- afterMethod -->
  <testcase name="tcSubmitBlank_StudentAttendanceReportForm" time="5.367" classname="com.test.automation.uiAutomation.admission.TC_Reports.TC_Student_Attendance_Report"/>
  <testcase name="tcVerifyStudent_ForStudentAttendanceReportInGrid_AfterCancel" time="0.297" classname="com.test.automation.uiAutomation.admission.TC_Reports.TC_Student_Attendance_Report"/>
  <testcase name="tcClickOnCancelButton" time="7.508" classname="com.test.automation.uiAutomation.admission.TC_Reports.TC_Student_Attendance_Report"/>
  <testcase name="tcClickOnCancelButton_ForIndividual_MonthDayWise" time="7.512" classname="com.test.automation.uiAutomation.admission.TC_Reports.TC_Student_Attendance_Report"/>
  <testcase name="tcSearchStudentToGenerateReport_Individual_Monthly" time="5.388" classname="com.test.automation.uiAutomation.admission.TC_Reports.TC_Student_Attendance_Report"/>
  <testcase name="tcClickOnPrint_AllMonthly" time="10.079" classname="com.test.automation.uiAutomation.admission.TC_Reports.TC_Student_Attendance_Report"/>
  <testcase name="tcClickOnPrint_AllDaily" time="10.126" classname="com.test.automation.uiAutomation.admission.TC_Reports.TC_Student_Attendance_Report"/>
  <testcase name="tcClickOnCancelButton_AfterAll_BetweenDate" time="7.502" classname="com.test.automation.uiAutomation.admission.TC_Reports.TC_Student_Attendance_Report"/>
  <testcase name="tcSearchStudentToGenerateReport_AfterCancel" time="5.399" classname="com.test.automation.uiAutomation.admission.TC_Reports.TC_Student_Attendance_Report"/>
  <testcase name="tcFillWithStudentAttendanceReportDetailsFor_All_Monthly_MonthDayWise" time="5.983" classname="com.test.automation.uiAutomation.admission.TC_Reports.TC_Student_Attendance_Report"/>
  <testcase name="tcClickOnExportToExcel_AllMonthly_MonthDayWise" time="10.356" classname="com.test.automation.uiAutomation.admission.TC_Reports.TC_Student_Attendance_Report"/>
  <testcase name="tcVerifyStudent_ForStudentAttendanceReportInGrid__Individual_Daily" time="0.000" classname="com.test.automation.uiAutomation.admission.TC_Reports.TC_Student_Attendance_Report">
    <skipped/>
  </testcase> <!-- tcVerifyStudent_ForStudentAttendanceReportInGrid__Individual_Daily -->
  <testcase name="tcClickOnExportToExcel_AllBetweenDate" time="10.348" classname="com.test.automation.uiAutomation.admission.TC_Reports.TC_Student_Attendance_Report"/>
  <testcase name="tcSelectStudentForStudentAttendanceReport_Individual_BetweenDate" time="60.338" classname="com.test.automation.uiAutomation.admission.TC_Reports.TC_Student_Attendance_Report"/>
  <testcase name="tcSelectStudentForStudentAttendanceReport_AllBetweenDate" time="1.351" classname="com.test.automation.uiAutomation.admission.TC_Reports.TC_Student_Attendance_Report"/>
  <testcase name="tcClickOnExportToExcel_Individual_Monthly" time="10.352" classname="com.test.automation.uiAutomation.admission.TC_Reports.TC_Student_Attendance_Report"/>
  <testcase name="tcSearchStudentToGenerateReport_Individual_BetweenDate" time="0.761" classname="com.test.automation.uiAutomation.admission.TC_Reports.TC_Student_Attendance_Report"/>
  <testcase name="tcVerifyStudent_ForStudentAttendanceReportInGrid" time="0.311" classname="com.test.automation.uiAutomation.admission.TC_Reports.TC_Student_Attendance_Report"/>
  <testcase name="tcClickOnReport_AfterCancel" time="5.363" classname="com.test.automation.uiAutomation.admission.TC_Reports.TC_Student_Attendance_Report"/>
  <testcase name="tcClickOnExportToExcel_Individual_Monthly_MonthDayWise" time="10.301" classname="com.test.automation.uiAutomation.admission.TC_Reports.TC_Student_Attendance_Report"/>
  <testcase name="tcFillWithStudentAttendanceReportDetailsFor_Individual_Daily" time="0.001" classname="com.test.automation.uiAutomation.admission.TC_Reports.TC_Student_Attendance_Report">
    <skipped/>
  </testcase> <!-- tcFillWithStudentAttendanceReportDetailsFor_Individual_Daily -->
  <testcase name="tcClickOnReport_Individual_Monthly_MonthDayWise" time="5.370" classname="com.test.automation.uiAutomation.admission.TC_Reports.TC_Student_Attendance_Report"/>
  <testcase name="tcMinimizeStudentAttendanceReportStudentList" time="1.351" classname="com.test.automation.uiAutomation.admission.TC_Reports.TC_Student_Attendance_Report"/>
  <testcase name="tcClickOnPrint_AllMonthly_MonthDayWise" time="10.174" classname="com.test.automation.uiAutomation.admission.TC_Reports.TC_Student_Attendance_Report"/>
  <testcase name="tcClickOnReport_ForMonthDayWise" time="5.363" classname="com.test.automation.uiAutomation.admission.TC_Reports.TC_Student_Attendance_Report"/>
  <testcase name="tcFillWithStudentAttendanceReportDetailsFor_All_Daily" time="7.349" classname="com.test.automation.uiAutomation.admission.TC_Reports.TC_Student_Attendance_Report"/>
  <testcase name="tcSearchStudentToGenerateReport_Individual_Daily" time="0.000" classname="com.test.automation.uiAutomation.admission.TC_Reports.TC_Student_Attendance_Report">
    <skipped/>
  </testcase> <!-- tcSearchStudentToGenerateReport_Individual_Daily -->
  <testcase name="tcSelect_MonthDateWise_CheckBox" time="1.364" classname="com.test.automation.uiAutomation.admission.TC_Reports.TC_Student_Attendance_Report"/>
  <testcase name="tcSelectStudentForStudentAttendanceReport_Individual_Monthly" time="1.350" classname="com.test.automation.uiAutomation.admission.TC_Reports.TC_Student_Attendance_Report"/>
  <testcase name="tcFillWithStudentAttendanceReportDetailsFor_All_Monthly_AfterCancel" time="6.235" classname="com.test.automation.uiAutomation.admission.TC_Reports.TC_Student_Attendance_Report"/>
  <testcase name="tcSearchStudentToGenerateReport_AllDaily" time="5.366" classname="com.test.automation.uiAutomation.admission.TC_Reports.TC_Student_Attendance_Report"/>
  <testcase name="tcMaximizeStudentAttendanceReportStudentList" time="1.335" classname="com.test.automation.uiAutomation.admission.TC_Reports.TC_Student_Attendance_Report"/>
  <testcase name="tcSelectStudentForStudentAttendanceReport_AllDaily" time="1.319" classname="com.test.automation.uiAutomation.admission.TC_Reports.TC_Student_Attendance_Report"/>
  <testcase name="tcClickOnExportToExcel_Individual_BetweenDate" time="10.357" classname="com.test.automation.uiAutomation.admission.TC_Reports.TC_Student_Attendance_Report"/>
  <testcase name="tcVerifyAdmission_Reports_StudentAttendanceReport_BGHSPage" time="1.316" classname="com.test.automation.uiAutomation.admission.TC_Reports.TC_Student_Attendance_Report"/>
  <testcase name="tcClickOnReport_ForIndividual_Monthly" time="5.380" classname="com.test.automation.uiAutomation.admission.TC_Reports.TC_Student_Attendance_Report"/>
  <testcase name="tcSelectStudentForStudentAttendanceReport" time="1.367" classname="com.test.automation.uiAutomation.admission.TC_Reports.TC_Student_Attendance_Report"/>
  <testcase name="tcSearchStudentToGenerateReport" time="5.402" classname="com.test.automation.uiAutomation.admission.TC_Reports.TC_Student_Attendance_Report"/>
  <testcase name="tcSelect_Individual_Monthly_MonthDayWise_CheckBox" time="1.367" classname="com.test.automation.uiAutomation.admission.TC_Reports.TC_Student_Attendance_Report"/>
  <testcase name="tcVerifyStudent_ForStudentAttendanceReportInGrid_MonthDayWise" time="0.288" classname="com.test.automation.uiAutomation.admission.TC_Reports.TC_Student_Attendance_Report"/>
  <testcase name="tcClickOnPrint_Individual_Monthly" time="10.136" classname="com.test.automation.uiAutomation.admission.TC_Reports.TC_Student_Attendance_Report"/>
  <testcase name="tcClickOnReport" time="5.339" classname="com.test.automation.uiAutomation.admission.TC_Reports.TC_Student_Attendance_Report"/>
  <testcase name="tcVerifyStudent_ForStudentAttendanceReportInGrid_Individual_Monthly_MonthDayWise" time="60.378" classname="com.test.automation.uiAutomation.admission.TC_Reports.TC_Student_Attendance_Report"/>
</testsuite> <!-- com.test.automation.uiAutomation.admission.TC_Reports.TC_Student_Attendance_Report -->
