<?xml version="1.0" encoding="UTF-8"?>
<!-- Generated by org.testng.reporters.JUnitReportReporter -->
<testsuite name="com.test.automation.uiAutomation.tcFee.Tc_Transaction_Fee_Transaction" tests="27" time="327.100" ignored="0" failures="1" timestamp="02 Apr 2018 11:25:51 GMT" skipped="5" hostname="DESKTOP-DISLHD4" errors="0">
  <testcase name="tcClickOnSaveButtonAfterConfirmCancel" time="0.254" classname="com.test.automation.uiAutomation.tcFee.Tc_Transaction_Fee_Transaction"/>
  <testcase name="tcNevigateTo_FeeTransaction" time="7.264" classname="com.test.automation.uiAutomation.tcFee.Tc_Transaction_Fee_Transaction"/>
  <testcase name="tcBankDetailsAndNarration" time="20.377" classname="com.test.automation.uiAutomation.tcFee.Tc_Transaction_Fee_Transaction"/>
  <testcase name="tcVerifySuccessfulPopUp" time="5.329" classname="com.test.automation.uiAutomation.tcFee.Tc_Transaction_Fee_Transaction"/>
  <testcase name="loginToappWithrequiredCredentials" time="0.002" classname="com.test.automation.uiAutomation.tcFee.Tc_Transaction_Fee_Transaction">
    <skipped/>
  </testcase> <!-- loginToappWithrequiredCredentials -->
  <testcase name="tcEnterStudentNameAndSeelctFeeGrCheck" time="148.470" classname="com.test.automation.uiAutomation.tcFee.Tc_Transaction_Fee_Transaction"/>
  <testcase name="tcAfterSavePupUpHandlingYesSaveit" time="0.305" classname="com.test.automation.uiAutomation.tcFee.Tc_Transaction_Fee_Transaction"/>
  <testcase name="loginToappWithrequiredCredentials" time="0.002" classname="com.test.automation.uiAutomation.tcFee.Tc_Transaction_Fee_Transaction">
    <skipped/>
  </testcase> <!-- loginToappWithrequiredCredentials -->
  <testcase name="tcValidationOfDataInOutputTableGrid" time="26.978" classname="com.test.automation.uiAutomation.tcFee.Tc_Transaction_Fee_Transaction"/>
  <testcase name="tcVerifyFeeTransactionPage" time="3.309" classname="com.test.automation.uiAutomation.tcFee.Tc_Transaction_Fee_Transaction"/>
  <testcase name="tcClickOnFeeReceiptCloseButton" time="20.303" classname="com.test.automation.uiAutomation.tcFee.Tc_Transaction_Fee_Transaction"/>
  <testcase name="tcClickOnPrintReceiptButton" time="2.796" classname="com.test.automation.uiAutomation.tcFee.Tc_Transaction_Fee_Transaction"/>
  <testcase name="tcValidateStudentInformationData" time="0.032" classname="com.test.automation.uiAutomation.tcFee.Tc_Transaction_Fee_Transaction">
    <failure type="java.lang.AssertionError" message="expected [: SURESH lkg lkg lkg] but found [:]">
      <![CDATA[java.lang.AssertionError: expected [: SURESH lkg lkg lkg] but found [:]
	at org.testng.Assert.fail(Assert.java:94)
	at org.testng.Assert.failNotEquals(Assert.java:513)
	at org.testng.Assert.assertEqualsImpl(Assert.java:135)
	at org.testng.Assert.assertEquals(Assert.java:116)
	at org.testng.Assert.assertEquals(Assert.java:190)
	at org.testng.Assert.assertEquals(Assert.java:200)
	at com.test.automation.uiAutomation.Fee.Transaction_Fee_Transaction.validateStudentInformationData(Transaction_Fee_Transaction.java:249)
	at com.test.automation.uiAutomation.tcFee.Tc_Transaction_Fee_Transaction.tcValidateStudentInformationData(Tc_Transaction_Fee_Transaction.java:205)
	at sun.reflect.NativeMethodAccessorImpl.invoke0(Native Method)
	at sun.reflect.NativeMethodAccessorImpl.invoke(Unknown Source)
	at sun.reflect.DelegatingMethodAccessorImpl.invoke(Unknown Source)
	at java.lang.reflect.Method.invoke(Unknown Source)
	at org.testng.internal.MethodInvocationHelper.invokeMethod(MethodInvocationHelper.java:104)
	at org.testng.internal.Invoker.invokeMethod(Invoker.java:645)
	at org.testng.internal.Invoker.invokeTestMethod(Invoker.java:851)
	at org.testng.internal.Invoker.invokeTestMethods(Invoker.java:1177)
	at org.testng.internal.TestMethodWorker.invokeTestMethods(TestMethodWorker.java:129)
	at org.testng.internal.TestMethodWorker.run(TestMethodWorker.java:112)
	at org.testng.TestRunner.privateRun(TestRunner.java:756)
	at org.testng.TestRunner.run(TestRunner.java:610)
	at org.testng.SuiteRunner.runTest(SuiteRunner.java:387)
	at org.testng.SuiteRunner.runSequentially(SuiteRunner.java:382)
	at org.testng.SuiteRunner.privateRun(SuiteRunner.java:340)
	at org.testng.SuiteRunner.run(SuiteRunner.java:289)
	at org.testng.SuiteRunnerWorker.runSuite(SuiteRunnerWorker.java:52)
	at org.testng.SuiteRunnerWorker.run(SuiteRunnerWorker.java:86)
	at org.testng.TestNG.runSuitesSequentially(TestNG.java:1293)
	at org.testng.TestNG.runSuitesLocally(TestNG.java:1218)
	at org.testng.TestNG.runSuites(TestNG.java:1133)
	at org.testng.TestNG.run(TestNG.java:1104)
	at org.testng.remote.AbstractRemoteTestNG.run(AbstractRemoteTestNG.java:132)
	at org.testng.remote.RemoteTestNG.initAndRun(RemoteTestNG.java:230)
	at org.testng.remote.RemoteTestNG.main(RemoteTestNG.java:76)
]]>
    </failure>
  </testcase> <!-- tcValidateStudentInformationData -->
  <testcase name="tcVerifyAcademicYear" time="1.336" classname="com.test.automation.uiAutomation.tcFee.Tc_Transaction_Fee_Transaction"/>
  <testcase name="loginToappWithrequiredCredentials" time="0.001" classname="com.test.automation.uiAutomation.tcFee.Tc_Transaction_Fee_Transaction">
    <skipped/>
  </testcase> <!-- loginToappWithrequiredCredentials -->
  <testcase name="tcValidateStudentInformationData" time="0.001" classname="com.test.automation.uiAutomation.tcFee.Tc_Transaction_Fee_Transaction">
    <skipped/>
  </testcase> <!-- tcValidateStudentInformationData -->
  <testcase name="loginToappWithrequiredCredentials" time="0.002" classname="com.test.automation.uiAutomation.tcFee.Tc_Transaction_Fee_Transaction">
    <skipped/>
  </testcase> <!-- loginToappWithrequiredCredentials -->
  <testcase name="tcClickOnFailedOkBtn" time="0.295" classname="com.test.automation.uiAutomation.tcFee.Tc_Transaction_Fee_Transaction"/>
  <testcase name="tcClickOnSuccessOkBtn" time="0.281" classname="com.test.automation.uiAutomation.tcFee.Tc_Transaction_Fee_Transaction"/>
  <testcase name="tcPrintOfFeereceipt" time="20.323" classname="com.test.automation.uiAutomation.tcFee.Tc_Transaction_Fee_Transaction"/>
  <testcase name="tcClickOnSaveButton" time="0.279" classname="com.test.automation.uiAutomation.tcFee.Tc_Transaction_Fee_Transaction"/>
  <testcase name="tcTableEnterPayableAmount" time="22.289" classname="com.test.automation.uiAutomation.tcFee.Tc_Transaction_Fee_Transaction"/>
  <testcase name="tcHomeButtonValidation" time="1.336" classname="com.test.automation.uiAutomation.tcFee.Tc_Transaction_Fee_Transaction"/>
  <testcase name="tcAfterSavePupUpHandlingCancel" time="0.299" classname="com.test.automation.uiAutomation.tcFee.Tc_Transaction_Fee_Transaction"/>
  <testcase name="loginToappWithrequiredCredentials" time="20.478" classname="com.test.automation.uiAutomation.tcFee.Tc_Transaction_Fee_Transaction"/>
  <testcase name="tcPrintReceiptValidation" time="22.370" classname="com.test.automation.uiAutomation.tcFee.Tc_Transaction_Fee_Transaction"/>
  <testcase name="tcSelectRegularButton" time="2.389" classname="com.test.automation.uiAutomation.tcFee.Tc_Transaction_Fee_Transaction"/>
</testsuite> <!-- com.test.automation.uiAutomation.tcFee.Tc_Transaction_Fee_Transaction -->
