<?xml version="1.0" encoding="UTF-8"?>
<!-- Generated by org.testng.reporters.JUnitReportReporter -->
<testsuite name="com.test.automation.uiAutomation.admission.masters.TC_Masters_Master_ClassCategoryMapping" tests="40" time="154.051" ignored="0" failures="2" timestamp="12 Mar 2018 10:47:25 GMT" skipped="4" hostname="DESKTOP-DISLHD4" errors="0">
  <testcase name="tcVerifyClassCategoryNameInTheGrid" time="0.296" classname="com.test.automation.uiAutomation.admission.masters.TC_Masters_Master_ClassCategoryMapping"/>
  <testcase name="tcNavigateToAdmission_Masters_MasterClassCategoryMapping_BGHS" time="2.163" classname="com.test.automation.uiAutomation.admission.masters.TC_Masters_Master_ClassCategoryMapping"/>
  <testcase name="tcDeactivateMasterClassCategory_AfterCancel" time="0.564" classname="com.test.automation.uiAutomation.admission.masters.TC_Masters_Master_ClassCategoryMapping"/>
  <testcase name="tcSearchWithClassCategoryNameInTheGrid_ForActivate_AfterCancel" time="2.629" classname="com.test.automation.uiAutomation.admission.masters.TC_Masters_Master_ClassCategoryMapping"/>
  <testcase name="tcSortByClassCategoryName" time="3.646" classname="com.test.automation.uiAutomation.admission.masters.TC_Masters_Master_ClassCategoryMapping"/>
  <testcase name="tcSearchWithClassCategoryNameInTheGrid_ForDeactivate" time="2.731" classname="com.test.automation.uiAutomation.admission.masters.TC_Masters_Master_ClassCategoryMapping"/>
  <testcase name="tcClickOnOkSuccessButton_activateCancel" time="0.301" classname="com.test.automation.uiAutomation.admission.masters.TC_Masters_Master_ClassCategoryMapping"/>
  <testcase name="tcActivateMasterClassCategory_AfterCancel" time="0.043" classname="com.test.automation.uiAutomation.admission.masters.TC_Masters_Master_ClassCategoryMapping">
    <failure type="java.lang.AssertionError" message="expected [Activate] but found [Deactivate]">
      <![CDATA[java.lang.AssertionError: expected [Activate] but found [Deactivate]
	at org.testng.Assert.fail(Assert.java:94)
	at org.testng.Assert.failNotEquals(Assert.java:513)
	at org.testng.Assert.assertEqualsImpl(Assert.java:135)
	at org.testng.Assert.assertEquals(Assert.java:116)
	at org.testng.Assert.assertEquals(Assert.java:190)
	at org.testng.Assert.assertEquals(Assert.java:200)
	at com.test.automation.uiAutomation.Admission.Masters.Masters_Master_ClassCategoryMapping.activateMasterClassCategory(Masters_Master_ClassCategoryMapping.java:381)
	at com.test.automation.uiAutomation.admission.masters.TC_Masters_Master_ClassCategoryMapping.tcActivateMasterClassCategory_AfterCancel(TC_Masters_Master_ClassCategoryMapping.java:605)
	at sun.reflect.NativeMethodAccessorImpl.invoke0(Native Method)
	at sun.reflect.NativeMethodAccessorImpl.invoke(Unknown Source)
	at sun.reflect.DelegatingMethodAccessorImpl.invoke(Unknown Source)
	at java.lang.reflect.Method.invoke(Unknown Source)
	at org.testng.internal.MethodInvocationHelper.invokeMethod(MethodInvocationHelper.java:104)
	at org.testng.internal.Invoker.invokeMethod(Invoker.java:645)
	at org.testng.internal.Invoker.invokeTestMethod(Invoker.java:851)
	at org.testng.internal.Invoker.invokeTestMethods(Invoker.java:1177)
	at org.testng.internal.TestMethodWorker.invokeTestMethods(TestMethodWorker.java:129)
	at org.testng.internal.TestMethodWorker.run(TestMethodWorker.java:112)
	at org.testng.TestRunner.privateRun(TestRunner.java:756)
	at org.testng.TestRunner.run(TestRunner.java:610)
	at org.testng.SuiteRunner.runTest(SuiteRunner.java:387)
	at org.testng.SuiteRunner.runSequentially(SuiteRunner.java:382)
	at org.testng.SuiteRunner.privateRun(SuiteRunner.java:340)
	at org.testng.SuiteRunner.run(SuiteRunner.java:289)
	at org.testng.SuiteRunnerWorker.runSuite(SuiteRunnerWorker.java:52)
	at org.testng.SuiteRunnerWorker.run(SuiteRunnerWorker.java:86)
	at org.testng.TestNG.runSuitesSequentially(TestNG.java:1293)
	at org.testng.TestNG.runSuitesLocally(TestNG.java:1218)
	at org.testng.TestNG.runSuites(TestNG.java:1133)
	at org.testng.TestNG.run(TestNG.java:1104)
	at org.testng.remote.AbstractRemoteTestNG.run(AbstractRemoteTestNG.java:132)
	at org.testng.remote.RemoteTestNG.initAndRun(RemoteTestNG.java:230)
	at org.testng.remote.RemoteTestNG.main(RemoteTestNG.java:76)
]]>
    </failure>
  </testcase> <!-- tcActivateMasterClassCategory_AfterCancel -->
  <testcase name="loginToappWithrequiredCredentials" time="20.771" classname="com.test.automation.uiAutomation.admission.masters.TC_Masters_Master_ClassCategoryMapping"/>
  <testcase name="tcClickOnOkSuccessButton_activate" time="0.304" classname="com.test.automation.uiAutomation.admission.masters.TC_Masters_Master_ClassCategoryMapping"/>
  <testcase name="tcSearchWithClassCategoryNameInTheGrid_ForActivate" time="2.634" classname="com.test.automation.uiAutomation.admission.masters.TC_Masters_Master_ClassCategoryMapping"/>
  <testcase name="tcYesDeleteOrDeactivateOrActivateIt_Activate" time="0.290" classname="com.test.automation.uiAutomation.admission.masters.TC_Masters_Master_ClassCategoryMapping"/>
  <testcase name="tcEditMasterClassCategory" time="5.380" classname="com.test.automation.uiAutomation.admission.masters.TC_Masters_Master_ClassCategoryMapping"/>
  <testcase name="tcMaximizeMasterClassCategoryList" time="2.342" classname="com.test.automation.uiAutomation.admission.masters.TC_Masters_Master_ClassCategoryMapping"/>
  <testcase name="tcDeactivateMasterClassCategory" time="1.318" classname="com.test.automation.uiAutomation.admission.masters.TC_Masters_Master_ClassCategoryMapping"/>
  <testcase name="tcEnterMasterClassCategoryMappingFormData" time="7.477" classname="com.test.automation.uiAutomation.admission.masters.TC_Masters_Master_ClassCategoryMapping"/>
  <testcase name="tcSubmitFilledMasterClassCategoryMapForm_Edit" time="15.390" classname="com.test.automation.uiAutomation.admission.masters.TC_Masters_Master_ClassCategoryMapping"/>
  <testcase name="tcMinimizeMasterClassCategoryList" time="2.344" classname="com.test.automation.uiAutomation.admission.masters.TC_Masters_Master_ClassCategoryMapping"/>
  <testcase name="tcClickOnCancelButton_deactivate" time="0.302" classname="com.test.automation.uiAutomation.admission.masters.TC_Masters_Master_ClassCategoryMapping"/>
  <testcase name="tcClickOnOkSuccessButton_deactivate" time="0.285" classname="com.test.automation.uiAutomation.admission.masters.TC_Masters_Master_ClassCategoryMapping"/>
  <testcase name="tcClearMasterClassCategoryMappingInfoData" time="15.517" classname="com.test.automation.uiAutomation.admission.masters.TC_Masters_Master_ClassCategoryMapping"/>
  <testcase name="tcSearchWithClassCategoryNameInTheGrid" time="4.078" classname="com.test.automation.uiAutomation.admission.masters.TC_Masters_Master_ClassCategoryMapping"/>
  <testcase name="tcSubmitBlankMasterClassCategoryMapForm" time="2.379" classname="com.test.automation.uiAutomation.admission.masters.TC_Masters_Master_ClassCategoryMapping"/>
  <testcase name="tcEnterMasterClassCategoryMappingFormData_AfterClear" time="7.591" classname="com.test.automation.uiAutomation.admission.masters.TC_Masters_Master_ClassCategoryMapping"/>
  <testcase name="tcClickOnOkSuccessButton_deactivateCancel" time="0.288" classname="com.test.automation.uiAutomation.admission.masters.TC_Masters_Master_ClassCategoryMapping"/>
  <testcase name="loginToappWithrequiredCredentials" time="0.000" classname="com.test.automation.uiAutomation.admission.masters.TC_Masters_Master_ClassCategoryMapping">
    <skipped/>
  </testcase> <!-- loginToappWithrequiredCredentials -->
  <testcase name="tcSearchWithClassCategoryNameInTheGrid_ForDeactivate_AfterCancel" time="2.610" classname="com.test.automation.uiAutomation.admission.masters.TC_Masters_Master_ClassCategoryMapping"/>
  <testcase name="loginToappWithrequiredCredentials" time="0.003" classname="com.test.automation.uiAutomation.admission.masters.TC_Masters_Master_ClassCategoryMapping">
    <skipped/>
  </testcase> <!-- loginToappWithrequiredCredentials -->
  <testcase name="tcVerifyMasters_MasterClassCategoryMap_BGHSPage" time="1.333" classname="com.test.automation.uiAutomation.admission.masters.TC_Masters_Master_ClassCategoryMapping"/>
  <testcase name="tcYesDeleteOrDeactivateOrActivateIt_deactivate" time="0.285" classname="com.test.automation.uiAutomation.admission.masters.TC_Masters_Master_ClassCategoryMapping"/>
  <testcase name="tcSubmitFilledMasterClassCategoryMapForm" time="15.412" classname="com.test.automation.uiAutomation.admission.masters.TC_Masters_Master_ClassCategoryMapping"/>
  <testcase name="loginToappWithrequiredCredentials" time="0.002" classname="com.test.automation.uiAutomation.admission.masters.TC_Masters_Master_ClassCategoryMapping">
    <skipped/>
  </testcase> <!-- loginToappWithrequiredCredentials -->
  <testcase name="loginToappWithrequiredCredentials" time="0.001" classname="com.test.automation.uiAutomation.admission.masters.TC_Masters_Master_ClassCategoryMapping">
    <skipped/>
  </testcase> <!-- loginToappWithrequiredCredentials -->
  <testcase name="tcMaximizeMasterClassCategory" time="2.336" classname="com.test.automation.uiAutomation.admission.masters.TC_Masters_Master_ClassCategoryMapping"/>
  <testcase name="tcClickOnOkSuccessButton_Edit" time="0.306" classname="com.test.automation.uiAutomation.admission.masters.TC_Masters_Master_ClassCategoryMapping"/>
  <testcase name="tcClickOnCancelButton_activate" time="0.287" classname="com.test.automation.uiAutomation.admission.masters.TC_Masters_Master_ClassCategoryMapping"/>
  <testcase name="tcMinimizeMasterClassCategory" time="2.354" classname="com.test.automation.uiAutomation.admission.masters.TC_Masters_Master_ClassCategoryMapping"/>
  <testcase name="tcClickOnOkSuccessButton" time="20.372" classname="com.test.automation.uiAutomation.admission.masters.TC_Masters_Master_ClassCategoryMapping"/>
  <testcase name="tcActivateMasterClassCategory" time="0.091" classname="com.test.automation.uiAutomation.admission.masters.TC_Masters_Master_ClassCategoryMapping">
    <failure type="java.lang.AssertionError" message="expected [Activate] but found [Deactivate]">
      <![CDATA[java.lang.AssertionError: expected [Activate] but found [Deactivate]
	at org.testng.Assert.fail(Assert.java:94)
	at org.testng.Assert.failNotEquals(Assert.java:513)
	at org.testng.Assert.assertEqualsImpl(Assert.java:135)
	at org.testng.Assert.assertEquals(Assert.java:116)
	at org.testng.Assert.assertEquals(Assert.java:190)
	at org.testng.Assert.assertEquals(Assert.java:200)
	at com.test.automation.uiAutomation.Admission.Masters.Masters_Master_ClassCategoryMapping.activateMasterClassCategory(Masters_Master_ClassCategoryMapping.java:381)
	at com.test.automation.uiAutomation.admission.masters.TC_Masters_Master_ClassCategoryMapping.tcActivateMasterClassCategory(TC_Masters_Master_ClassCategoryMapping.java:539)
	at sun.reflect.NativeMethodAccessorImpl.invoke0(Native Method)
	at sun.reflect.NativeMethodAccessorImpl.invoke(Unknown Source)
	at sun.reflect.DelegatingMethodAccessorImpl.invoke(Unknown Source)
	at java.lang.reflect.Method.invoke(Unknown Source)
	at org.testng.internal.MethodInvocationHelper.invokeMethod(MethodInvocationHelper.java:104)
	at org.testng.internal.Invoker.invokeMethod(Invoker.java:645)
	at org.testng.internal.Invoker.invokeTestMethod(Invoker.java:851)
	at org.testng.internal.Invoker.invokeTestMethods(Invoker.java:1177)
	at org.testng.internal.TestMethodWorker.invokeTestMethods(TestMethodWorker.java:129)
	at org.testng.internal.TestMethodWorker.run(TestMethodWorker.java:112)
	at org.testng.TestRunner.privateRun(TestRunner.java:756)
	at org.testng.TestRunner.run(TestRunner.java:610)
	at org.testng.SuiteRunner.runTest(SuiteRunner.java:387)
	at org.testng.SuiteRunner.runSequentially(SuiteRunner.java:382)
	at org.testng.SuiteRunner.privateRun(SuiteRunner.java:340)
	at org.testng.SuiteRunner.run(SuiteRunner.java:289)
	at org.testng.SuiteRunnerWorker.runSuite(SuiteRunnerWorker.java:52)
	at org.testng.SuiteRunnerWorker.run(SuiteRunnerWorker.java:86)
	at org.testng.TestNG.runSuitesSequentially(TestNG.java:1293)
	at org.testng.TestNG.runSuitesLocally(TestNG.java:1218)
	at org.testng.TestNG.runSuites(TestNG.java:1133)
	at org.testng.TestNG.run(TestNG.java:1104)
	at org.testng.remote.AbstractRemoteTestNG.run(AbstractRemoteTestNG.java:132)
	at org.testng.remote.RemoteTestNG.initAndRun(RemoteTestNG.java:230)
	at org.testng.remote.RemoteTestNG.main(RemoteTestNG.java:76)
]]>
    </failure>
  </testcase> <!-- tcActivateMasterClassCategory -->
  <testcase name="tcHomeButtonValidation" time="7.596" classname="com.test.automation.uiAutomation.admission.masters.TC_Masters_Master_ClassCategoryMapping"/>
</testsuite> <!-- com.test.automation.uiAutomation.admission.masters.TC_Masters_Master_ClassCategoryMapping -->
