<?xml version="1.0" encoding="UTF-8"?>
<!-- Generated by org.testng.reporters.JUnitReportReporter -->
<testsuite name="com.test.automation.uiAutomation.admission.TC_Reports.TC_ClassWise_StudentDetails_Report" tests="55" time="63.246" ignored="0" failures="1" timestamp="13 Jun 2018 07:42:21 GMT" skipped="45" hostname="Arvind-Susdiny" errors="2">
  <testcase name="tcClickReport_ToGenerate_ClassWiseStudentDetailsReport" time="5.184" classname="com.test.automation.uiAutomation.admission.TC_Reports.TC_ClassWise_StudentDetails_Report"/>
  <testcase name="tcMaximizeClassWiseStudentDetailsReportForm" time="0.001" classname="com.test.automation.uiAutomation.admission.TC_Reports.TC_ClassWise_StudentDetails_Report">
    <skipped/>
  </testcase> <!-- tcMaximizeClassWiseStudentDetailsReportForm -->
  <testcase name="tcClickOnExportToExcel_ToDownLoadExcelReport_Deactivated" time="0.000" classname="com.test.automation.uiAutomation.admission.TC_Reports.TC_ClassWise_StudentDetails_Report">
    <skipped/>
  </testcase> <!-- tcClickOnExportToExcel_ToDownLoadExcelReport_Deactivated -->
  <testcase name="tcNavigateToAdmission_Reports_ClassWiseDetailsReport" time="4.567" classname="com.test.automation.uiAutomation.admission.TC_Reports.TC_ClassWise_StudentDetails_Report"/>
  <testcase name="tcClickReport_ToGenerate_ClassWiseStudentDetailsReport_TotalStudents" time="0.001" classname="com.test.automation.uiAutomation.admission.TC_Reports.TC_ClassWise_StudentDetails_Report">
    <skipped/>
  </testcase> <!-- tcClickReport_ToGenerate_ClassWiseStudentDetailsReport_TotalStudents -->
  <testcase name="tcSelectStudentForClassWiseStudentDetailsReport" time="0.063" classname="com.test.automation.uiAutomation.admission.TC_Reports.TC_ClassWise_StudentDetails_Report">
    <skipped/>
  </testcase> <!-- tcSelectStudentForClassWiseStudentDetailsReport -->
  <testcase name="tcMinimizeClassWiseStudentDetailsReportForm" time="0.001" classname="com.test.automation.uiAutomation.admission.TC_Reports.TC_ClassWise_StudentDetails_Report">
    <skipped/>
  </testcase> <!-- tcMinimizeClassWiseStudentDetailsReportForm -->
  <testcase name="tcSelectStudentForClassWiseStudentDetailsReport_NewAdmission" time="0.001" classname="com.test.automation.uiAutomation.admission.TC_Reports.TC_ClassWise_StudentDetails_Report">
    <skipped/>
  </testcase> <!-- tcSelectStudentForClassWiseStudentDetailsReport_NewAdmission -->
  <testcase name="tcSubmitBlank_ClassWiseDetailsReportForm" time="7.196" classname="com.test.automation.uiAutomation.admission.TC_Reports.TC_ClassWise_StudentDetails_Report"/>
  <testcase name="tcClickReport_ToGenerate_ClassWiseStudentDetailsReport_AfterCancel" time="0.003" classname="com.test.automation.uiAutomation.admission.TC_Reports.TC_ClassWise_StudentDetails_Report">
    <skipped/>
  </testcase> <!-- tcClickReport_ToGenerate_ClassWiseStudentDetailsReport_AfterCancel -->
  <testcase name="tcClickOnOkButton_ToHandleExportToExcelPopUp" time="13.534" classname="com.test.automation.uiAutomation.admission.TC_Reports.TC_ClassWise_StudentDetails_Report">
    <error type="org.openqa.selenium.WebDriverException" message="Tried to run command without establishing a connection
Build info: version: &#039;3.0.1&#039;, revision: &#039;1969d75&#039;, time: &#039;2016-10-18 09:49:13 -0700&#039;
System info: host: &#039;Arvind-Susdiny&#039;, ip: &#039;192.168.1.34&#039;, os.name: &#039;Windows 10&#039;, os.arch: &#039;amd64&#039;, os.version: &#039;10.0&#039;, java.version: &#039;1.8.0_161&#039;
Driver info: org.openqa.selenium.firefox.FirefoxDriver
Capabilities [{rotatable=false, raisesAccessibilityExceptions=false, marionette=true, firefoxOptions={args=[], prefs={}}, appBuildId=20160623154057, version=, platform=XP, proxy={}, command_id=1, specificationLevel=0, acceptSslCerts=false, browserVersion=47.0.1, platformVersion=10.0, XULappId={ec8030f7-c20a-464f-9b0e-13a3a9e97384}, browserName=Firefox, takesScreenshot=true, takesElementScreenshot=true, platformName=Windows_NT, device=desktop}]
Session ID: 4b6ea800-7322-4a62-bcff-bfe2afe8ce16">
      <![CDATA[org.openqa.selenium.WebDriverException: Tried to run command without establishing a connection
Build info: version: '3.0.1', revision: '1969d75', time: '2016-10-18 09:49:13 -0700'
System info: host: 'Arvind-Susdiny', ip: '192.168.1.34', os.name: 'Windows 10', os.arch: 'amd64', os.version: '10.0', java.version: '1.8.0_161'
Driver info: org.openqa.selenium.firefox.FirefoxDriver
Capabilities [{rotatable=false, raisesAccessibilityExceptions=false, marionette=true, firefoxOptions={args=[], prefs={}}, appBuildId=20160623154057, version=, platform=XP, proxy={}, command_id=1, specificationLevel=0, acceptSslCerts=false, browserVersion=47.0.1, platformVersion=10.0, XULappId={ec8030f7-c20a-464f-9b0e-13a3a9e97384}, browserName=Firefox, takesScreenshot=true, takesElementScreenshot=true, platformName=Windows_NT, device=desktop}]
Session ID: 4b6ea800-7322-4a62-bcff-bfe2afe8ce16
	at sun.reflect.NativeConstructorAccessorImpl.newInstance0(Native Method)
	at sun.reflect.NativeConstructorAccessorImpl.newInstance(Unknown Source)
	at sun.reflect.DelegatingConstructorAccessorImpl.newInstance(Unknown Source)
	at java.lang.reflect.Constructor.newInstance(Unknown Source)
	at org.openqa.selenium.remote.http.W3CHttpResponseCodec.createException(W3CHttpResponseCodec.java:127)
	at org.openqa.selenium.remote.http.W3CHttpResponseCodec.decode(W3CHttpResponseCodec.java:93)
	at org.openqa.selenium.remote.http.W3CHttpResponseCodec.decode(W3CHttpResponseCodec.java:42)
	at org.openqa.selenium.remote.HttpCommandExecutor.execute(HttpCommandExecutor.java:163)
	at org.openqa.selenium.remote.service.DriverCommandExecutor.execute(DriverCommandExecutor.java:82)
	at org.openqa.selenium.remote.RemoteWebDriver.execute(RemoteWebDriver.java:601)
	at org.openqa.selenium.remote.RemoteWebDriver.execute(RemoteWebDriver.java:658)
	at org.openqa.selenium.firefox.FirefoxDriver.getScreenshotAs(FirefoxDriver.java:428)
	at com.test.automation.uiAutomation.testBase.TestBase.getScreenShot(TestBase.java:215)
	at com.test.automation.uiAutomation.admission.TC_Reports.TC_ClassWise_StudentDetails_Report.tcClickOnOkButton_ToHandleExportToExcelPopUp(TC_ClassWise_StudentDetails_Report.java:234)
	at sun.reflect.NativeMethodAccessorImpl.invoke0(Native Method)
	at sun.reflect.NativeMethodAccessorImpl.invoke(Unknown Source)
	at sun.reflect.DelegatingMethodAccessorImpl.invoke(Unknown Source)
	at java.lang.reflect.Method.invoke(Unknown Source)
	at org.testng.internal.MethodInvocationHelper.invokeMethod(MethodInvocationHelper.java:104)
	at org.testng.internal.Invoker.invokeMethod(Invoker.java:645)
	at org.testng.internal.Invoker.invokeTestMethod(Invoker.java:851)
	at org.testng.internal.Invoker.invokeTestMethods(Invoker.java:1177)
	at org.testng.internal.TestMethodWorker.invokeTestMethods(TestMethodWorker.java:129)
	at org.testng.internal.TestMethodWorker.run(TestMethodWorker.java:112)
	at org.testng.TestRunner.privateRun(TestRunner.java:756)
	at org.testng.TestRunner.run(TestRunner.java:610)
	at org.testng.SuiteRunner.runTest(SuiteRunner.java:387)
	at org.testng.SuiteRunner.runSequentially(SuiteRunner.java:382)
	at org.testng.SuiteRunner.privateRun(SuiteRunner.java:340)
	at org.testng.SuiteRunner.run(SuiteRunner.java:289)
	at org.testng.SuiteRunnerWorker.runSuite(SuiteRunnerWorker.java:52)
	at org.testng.SuiteRunnerWorker.run(SuiteRunnerWorker.java:86)
	at org.testng.TestNG.runSuitesSequentially(TestNG.java:1293)
	at org.testng.TestNG.runSuitesLocally(TestNG.java:1218)
	at org.testng.TestNG.runSuites(TestNG.java:1133)
	at org.testng.TestNG.run(TestNG.java:1104)
	at org.testng.remote.AbstractRemoteTestNG.run(AbstractRemoteTestNG.java:132)
	at org.testng.remote.RemoteTestNG.initAndRun(RemoteTestNG.java:230)
	at org.testng.remote.RemoteTestNG.main(RemoteTestNG.java:76)
]]>
    </error>
  </testcase> <!-- tcClickOnOkButton_ToHandleExportToExcelPopUp -->
  <testcase name="tcClickOnExportToExcel_ToDownLoadExcelReport_YearLoss" time="0.000" classname="com.test.automation.uiAutomation.admission.TC_Reports.TC_ClassWise_StudentDetails_Report">
    <skipped/>
  </testcase> <!-- tcClickOnExportToExcel_ToDownLoadExcelReport_YearLoss -->
  <testcase name="tcVerifyStudent_ForClassWiseStudentDetailsReportInGrid_Deactivated" time="0.000" classname="com.test.automation.uiAutomation.admission.TC_Reports.TC_ClassWise_StudentDetails_Report">
    <skipped/>
  </testcase> <!-- tcVerifyStudent_ForClassWiseStudentDetailsReportInGrid_Deactivated -->
  <testcase name="tcClickReport_ToGenerate_ClassWiseStudentDetailsReport_YearLoss" time="0.000" classname="com.test.automation.uiAutomation.admission.TC_Reports.TC_ClassWise_StudentDetails_Report">
    <skipped/>
  </testcase> <!-- tcClickReport_ToGenerate_ClassWiseStudentDetailsReport_YearLoss -->
  <testcase name="tcClickOnPrint_ForPrintPreview_NewAdmission" time="0.000" classname="com.test.automation.uiAutomation.admission.TC_Reports.TC_ClassWise_StudentDetails_Report">
    <skipped/>
  </testcase> <!-- tcClickOnPrint_ForPrintPreview_NewAdmission -->
  <testcase name="loginToappWithrequiredCredentials" time="19.701" classname="com.test.automation.uiAutomation.admission.TC_Reports.TC_ClassWise_StudentDetails_Report"/>
  <testcase name="tcMaximizeClassWiseStudentDetailsReportGrid" time="0.000" classname="com.test.automation.uiAutomation.admission.TC_Reports.TC_ClassWise_StudentDetails_Report">
    <skipped/>
  </testcase> <!-- tcMaximizeClassWiseStudentDetailsReportGrid -->
  <testcase name="tcSearchWithAdmissionNumber_InClassWiseStudentDetailsReportGrid_YearLoss" time="0.000" classname="com.test.automation.uiAutomation.admission.TC_Reports.TC_ClassWise_StudentDetails_Report">
    <skipped/>
  </testcase> <!-- tcSearchWithAdmissionNumber_InClassWiseStudentDetailsReportGrid_YearLoss -->
  <testcase name="tcClickOnOkButton_ToHandlePrintPreviewPopUp" time="0.000" classname="com.test.automation.uiAutomation.admission.TC_Reports.TC_ClassWise_StudentDetails_Report">
    <skipped/>
  </testcase> <!-- tcClickOnOkButton_ToHandlePrintPreviewPopUp -->
  <testcase name="tcVerifyStudent_ForClassWiseStudentDetailsReportInGrid_YearLoss" time="0.000" classname="com.test.automation.uiAutomation.admission.TC_Reports.TC_ClassWise_StudentDetails_Report">
    <skipped/>
  </testcase> <!-- tcVerifyStudent_ForClassWiseStudentDetailsReportInGrid_YearLoss -->
  <testcase name="tcClickCancelButton_ToClearFilledForm" time="0.000" classname="com.test.automation.uiAutomation.admission.TC_Reports.TC_ClassWise_StudentDetails_Report">
    <skipped/>
  </testcase> <!-- tcClickCancelButton_ToClearFilledForm -->
  <testcase name="tcClickOnExportToExcel_ToDownLoadExcelReport_TotalStudents" time="0.000" classname="com.test.automation.uiAutomation.admission.TC_Reports.TC_ClassWise_StudentDetails_Report">
    <skipped/>
  </testcase> <!-- tcClickOnExportToExcel_ToDownLoadExcelReport_TotalStudents -->
  <testcase name="tcClickReport_ToGenerate_ClassWiseStudentDetailsReport_Deactivated" time="0.000" classname="com.test.automation.uiAutomation.admission.TC_Reports.TC_ClassWise_StudentDetails_Report">
    <skipped/>
  </testcase> <!-- tcClickReport_ToGenerate_ClassWiseStudentDetailsReport_Deactivated -->
  <testcase name="loginToappWithrequiredCredentials" time="0.001" classname="com.test.automation.uiAutomation.admission.TC_Reports.TC_ClassWise_StudentDetails_Report">
    <skipped/>
  </testcase> <!-- loginToappWithrequiredCredentials -->
  <testcase name="tcSelectStudentForClassWiseStudentDetailsReport_TotalStudents" time="0.000" classname="com.test.automation.uiAutomation.admission.TC_Reports.TC_ClassWise_StudentDetails_Report">
    <skipped/>
  </testcase> <!-- tcSelectStudentForClassWiseStudentDetailsReport_TotalStudents -->
  <testcase name="tcSearchWithAdmissionNumber_InClassWiseStudentDetailsReportGrid_Deactivated" time="0.000" classname="com.test.automation.uiAutomation.admission.TC_Reports.TC_ClassWise_StudentDetails_Report">
    <skipped/>
  </testcase> <!-- tcSearchWithAdmissionNumber_InClassWiseStudentDetailsReportGrid_Deactivated -->
  <testcase name="tcClickOnPrint_ForPrintPreview_YearLoss" time="0.000" classname="com.test.automation.uiAutomation.admission.TC_Reports.TC_ClassWise_StudentDetails_Report">
    <skipped/>
  </testcase> <!-- tcClickOnPrint_ForPrintPreview_YearLoss -->
  <testcase name="tcVerifyStudent_ForClassWiseStudentDetailsReportInGrid" time="0.000" classname="com.test.automation.uiAutomation.admission.TC_Reports.TC_ClassWise_StudentDetails_Report">
    <skipped/>
  </testcase> <!-- tcVerifyStudent_ForClassWiseStudentDetailsReportInGrid -->
  <testcase name="tcSearchWithAdmissionNumber_InClassWiseStudentDetailsReportGrid_TotalStudents" time="0.000" classname="com.test.automation.uiAutomation.admission.TC_Reports.TC_ClassWise_StudentDetails_Report">
    <skipped/>
  </testcase> <!-- tcSearchWithAdmissionNumber_InClassWiseStudentDetailsReportGrid_TotalStudents -->
  <testcase name="tcClickOnPrint_ForPrintPreview_TotalStudents" time="0.000" classname="com.test.automation.uiAutomation.admission.TC_Reports.TC_ClassWise_StudentDetails_Report">
    <skipped/>
  </testcase> <!-- tcClickOnPrint_ForPrintPreview_TotalStudents -->
  <testcase name="tcFillClassWiseDetailsReport_Form_ForNewAdmission_AfterCancel" time="0.000" classname="com.test.automation.uiAutomation.admission.TC_Reports.TC_ClassWise_StudentDetails_Report">
    <skipped/>
  </testcase> <!-- tcFillClassWiseDetailsReport_Form_ForNewAdmission_AfterCancel -->
  <testcase name="tcFillClassWiseDetailsReport_Form_ForTotalStudents" time="0.000" classname="com.test.automation.uiAutomation.admission.TC_Reports.TC_ClassWise_StudentDetails_Report">
    <skipped/>
  </testcase> <!-- tcFillClassWiseDetailsReport_Form_ForTotalStudents -->
  <testcase name="tcFillClassWiseDetailsReport_Form_Deactivated" time="0.000" classname="com.test.automation.uiAutomation.admission.TC_Reports.TC_ClassWise_StudentDetails_Report">
    <skipped/>
  </testcase> <!-- tcFillClassWiseDetailsReport_Form_Deactivated -->
  <testcase name="tcFillClassWiseDetailsReport_Form_ForNewAdmission" time="1.150" classname="com.test.automation.uiAutomation.admission.TC_Reports.TC_ClassWise_StudentDetails_Report">
    <failure type="java.lang.AssertionError" message="expected [2018-2019] but found [Select Year]">
      <![CDATA[java.lang.AssertionError: expected [2018-2019] but found [Select Year]
	at org.testng.Assert.fail(Assert.java:94)
	at org.testng.Assert.failNotEquals(Assert.java:513)
	at org.testng.Assert.assertEqualsImpl(Assert.java:135)
	at org.testng.Assert.assertEquals(Assert.java:116)
	at org.testng.Assert.assertEquals(Assert.java:190)
	at org.testng.Assert.assertEquals(Assert.java:200)
	at com.test.automation.uiAutomation.Admission.Reports.ClassWise_StudentDetails_Report.fillClassWiseDetailsReport_Form_ForNewAdmission(ClassWise_StudentDetails_Report.java:211)
	at com.test.automation.uiAutomation.admission.TC_Reports.TC_ClassWise_StudentDetails_Report.tcFillClassWiseDetailsReport_Form_ForNewAdmission(TC_ClassWise_StudentDetails_Report.java:184)
	at sun.reflect.NativeMethodAccessorImpl.invoke0(Native Method)
	at sun.reflect.NativeMethodAccessorImpl.invoke(Unknown Source)
	at sun.reflect.DelegatingMethodAccessorImpl.invoke(Unknown Source)
	at java.lang.reflect.Method.invoke(Unknown Source)
	at org.testng.internal.MethodInvocationHelper.invokeMethod(MethodInvocationHelper.java:104)
	at org.testng.internal.Invoker.invokeMethod(Invoker.java:645)
	at org.testng.internal.Invoker.invokeTestMethod(Invoker.java:851)
	at org.testng.internal.Invoker.invokeTestMethods(Invoker.java:1177)
	at org.testng.internal.TestMethodWorker.invokeTestMethods(TestMethodWorker.java:129)
	at org.testng.internal.TestMethodWorker.run(TestMethodWorker.java:112)
	at org.testng.TestRunner.privateRun(TestRunner.java:756)
	at org.testng.TestRunner.run(TestRunner.java:610)
	at org.testng.SuiteRunner.runTest(SuiteRunner.java:387)
	at org.testng.SuiteRunner.runSequentially(SuiteRunner.java:382)
	at org.testng.SuiteRunner.privateRun(SuiteRunner.java:340)
	at org.testng.SuiteRunner.run(SuiteRunner.java:289)
	at org.testng.SuiteRunnerWorker.runSuite(SuiteRunnerWorker.java:52)
	at org.testng.SuiteRunnerWorker.run(SuiteRunnerWorker.java:86)
	at org.testng.TestNG.runSuitesSequentially(TestNG.java:1293)
	at org.testng.TestNG.runSuitesLocally(TestNG.java:1218)
	at org.testng.TestNG.runSuites(TestNG.java:1133)
	at org.testng.TestNG.run(TestNG.java:1104)
	at org.testng.remote.AbstractRemoteTestNG.run(AbstractRemoteTestNG.java:132)
	at org.testng.remote.RemoteTestNG.initAndRun(RemoteTestNG.java:230)
	at org.testng.remote.RemoteTestNG.main(RemoteTestNG.java:76)
]]>
    </failure>
  </testcase> <!-- tcFillClassWiseDetailsReport_Form_ForNewAdmission -->
  <testcase name="tcClickOnPrint_ForPrintPreview_WithoutSelectingRecord" time="0.000" classname="com.test.automation.uiAutomation.admission.TC_Reports.TC_ClassWise_StudentDetails_Report">
    <skipped/>
  </testcase> <!-- tcClickOnPrint_ForPrintPreview_WithoutSelectingRecord -->
  <testcase name="tcClickOnExportToExcel_ToDownLoadExcelReport_NewAdmission" time="0.000" classname="com.test.automation.uiAutomation.admission.TC_Reports.TC_ClassWise_StudentDetails_Report">
    <skipped/>
  </testcase> <!-- tcClickOnExportToExcel_ToDownLoadExcelReport_NewAdmission -->
  <testcase name="loginToappWithrequiredCredentials" time="0.002" classname="com.test.automation.uiAutomation.admission.TC_Reports.TC_ClassWise_StudentDetails_Report">
    <skipped/>
  </testcase> <!-- loginToappWithrequiredCredentials -->
  <testcase name="tcVerifyStudent_ForClassWiseStudentDetailsReportInGrid_TotalStudents" time="0.000" classname="com.test.automation.uiAutomation.admission.TC_Reports.TC_ClassWise_StudentDetails_Report">
    <skipped/>
  </testcase> <!-- tcVerifyStudent_ForClassWiseStudentDetailsReportInGrid_TotalStudents -->
  <testcase name="tcClickCancelButton_ToClearFilledForm_ForYearLossAction" time="0.000" classname="com.test.automation.uiAutomation.admission.TC_Reports.TC_ClassWise_StudentDetails_Report">
    <skipped/>
  </testcase> <!-- tcClickCancelButton_ToClearFilledForm_ForYearLossAction -->
  <testcase name="tcMinimizeClassWiseStudentDetailsReportGrid" time="0.000" classname="com.test.automation.uiAutomation.admission.TC_Reports.TC_ClassWise_StudentDetails_Report">
    <skipped/>
  </testcase> <!-- tcMinimizeClassWiseStudentDetailsReportGrid -->
  <testcase name="tcVerifyStudent_ForClassWiseStudentDetailsReportInGrid_NewAdmission" time="0.016" classname="com.test.automation.uiAutomation.admission.TC_Reports.TC_ClassWise_StudentDetails_Report">
    <skipped/>
  </testcase> <!-- tcVerifyStudent_ForClassWiseStudentDetailsReportInGrid_NewAdmission -->
  <testcase name="tcFillClassWiseDetailsReport_Form_YearLoss" time="0.000" classname="com.test.automation.uiAutomation.admission.TC_Reports.TC_ClassWise_StudentDetails_Report">
    <skipped/>
  </testcase> <!-- tcFillClassWiseDetailsReport_Form_YearLoss -->
  <testcase name="tcClickOnPrint_ForPrintPreview_Deactivated" time="0.000" classname="com.test.automation.uiAutomation.admission.TC_Reports.TC_ClassWise_StudentDetails_Report">
    <skipped/>
  </testcase> <!-- tcClickOnPrint_ForPrintPreview_Deactivated -->
  <testcase name="tcSelectStudentForClassWiseStudentDetailsReport_Deactivated" time="0.000" classname="com.test.automation.uiAutomation.admission.TC_Reports.TC_ClassWise_StudentDetails_Report">
    <skipped/>
  </testcase> <!-- tcSelectStudentForClassWiseStudentDetailsReport_Deactivated -->
  <testcase name="tcSearchWithAdmissionNumber_InClassWiseStudentDetailsReportGrid" time="0.000" classname="com.test.automation.uiAutomation.admission.TC_Reports.TC_ClassWise_StudentDetails_Report">
    <skipped/>
  </testcase> <!-- tcSearchWithAdmissionNumber_InClassWiseStudentDetailsReportGrid -->
  <testcase name="loginToappWithrequiredCredentials" time="0.000" classname="com.test.automation.uiAutomation.admission.TC_Reports.TC_ClassWise_StudentDetails_Report">
    <skipped/>
  </testcase> <!-- loginToappWithrequiredCredentials -->
  <testcase name="tcSearchWithAdmissionNumber_InClassWiseStudentDetailsReportGrid_NewAdmission" time="0.000" classname="com.test.automation.uiAutomation.admission.TC_Reports.TC_ClassWise_StudentDetails_Report">
    <skipped/>
  </testcase> <!-- tcSearchWithAdmissionNumber_InClassWiseStudentDetailsReportGrid_NewAdmission -->
  <testcase name="tcClickCancelButton_ToClearFilledForm_ForDeactivatedAction" time="0.000" classname="com.test.automation.uiAutomation.admission.TC_Reports.TC_ClassWise_StudentDetails_Report">
    <skipped/>
  </testcase> <!-- tcClickCancelButton_ToClearFilledForm_ForDeactivatedAction -->
  <testcase name="tcClickCancelButton_ToClearFilledForm_ForTotalStudentAction" time="0.000" classname="com.test.automation.uiAutomation.admission.TC_Reports.TC_ClassWise_StudentDetails_Report">
    <skipped/>
  </testcase> <!-- tcClickCancelButton_ToClearFilledForm_ForTotalStudentAction -->
  <testcase name="tcVerifyAdmissionReports_ClassWiseDetailsReport_BGHSPage" time="1.108" classname="com.test.automation.uiAutomation.admission.TC_Reports.TC_ClassWise_StudentDetails_Report"/>
  <testcase name="tcClickOnExportToExcel_ToDownLoadExcelReport" time="0.594" classname="com.test.automation.uiAutomation.admission.TC_Reports.TC_ClassWise_StudentDetails_Report"/>
  <testcase name="tcHomeButtonValidation" time="10.122" classname="com.test.automation.uiAutomation.admission.TC_Reports.TC_ClassWise_StudentDetails_Report"/>
  <testcase name="afterMethod" time="0.000" classname="com.test.automation.uiAutomation.admission.TC_Reports.TC_ClassWise_StudentDetails_Report">
    <error type="org.openqa.selenium.WebDriverException" message="Tried to run command without establishing a connection
Build info: version: &#039;3.0.1&#039;, revision: &#039;1969d75&#039;, time: &#039;2016-10-18 09:49:13 -0700&#039;
System info: host: &#039;Arvind-Susdiny&#039;, ip: &#039;192.168.1.34&#039;, os.name: &#039;Windows 10&#039;, os.arch: &#039;amd64&#039;, os.version: &#039;10.0&#039;, java.version: &#039;1.8.0_161&#039;
Driver info: org.openqa.selenium.firefox.FirefoxDriver
Capabilities [{rotatable=false, raisesAccessibilityExceptions=false, marionette=true, firefoxOptions={args=[], prefs={}}, appBuildId=20160623154057, version=, platform=XP, proxy={}, command_id=1, specificationLevel=0, acceptSslCerts=false, browserVersion=47.0.1, platformVersion=10.0, XULappId={ec8030f7-c20a-464f-9b0e-13a3a9e97384}, browserName=Firefox, takesScreenshot=true, takesElementScreenshot=true, platformName=Windows_NT, device=desktop}]
Session ID: 4b6ea800-7322-4a62-bcff-bfe2afe8ce16">
      <![CDATA[org.openqa.selenium.WebDriverException: Tried to run command without establishing a connection
Build info: version: '3.0.1', revision: '1969d75', time: '2016-10-18 09:49:13 -0700'
System info: host: 'Arvind-Susdiny', ip: '192.168.1.34', os.name: 'Windows 10', os.arch: 'amd64', os.version: '10.0', java.version: '1.8.0_161'
Driver info: org.openqa.selenium.firefox.FirefoxDriver
Capabilities [{rotatable=false, raisesAccessibilityExceptions=false, marionette=true, firefoxOptions={args=[], prefs={}}, appBuildId=20160623154057, version=, platform=XP, proxy={}, command_id=1, specificationLevel=0, acceptSslCerts=false, browserVersion=47.0.1, platformVersion=10.0, XULappId={ec8030f7-c20a-464f-9b0e-13a3a9e97384}, browserName=Firefox, takesScreenshot=true, takesElementScreenshot=true, platformName=Windows_NT, device=desktop}]
Session ID: 4b6ea800-7322-4a62-bcff-bfe2afe8ce16
	at sun.reflect.NativeConstructorAccessorImpl.newInstance0(Native Method)
	at sun.reflect.NativeConstructorAccessorImpl.newInstance(Unknown Source)
	at sun.reflect.DelegatingConstructorAccessorImpl.newInstance(Unknown Source)
	at java.lang.reflect.Constructor.newInstance(Unknown Source)
	at org.openqa.selenium.remote.http.W3CHttpResponseCodec.createException(W3CHttpResponseCodec.java:127)
	at org.openqa.selenium.remote.http.W3CHttpResponseCodec.decode(W3CHttpResponseCodec.java:93)
	at org.openqa.selenium.remote.http.W3CHttpResponseCodec.decode(W3CHttpResponseCodec.java:42)
	at org.openqa.selenium.remote.HttpCommandExecutor.execute(HttpCommandExecutor.java:163)
	at org.openqa.selenium.remote.service.DriverCommandExecutor.execute(DriverCommandExecutor.java:82)
	at org.openqa.selenium.remote.RemoteWebDriver.execute(RemoteWebDriver.java:601)
	at org.openqa.selenium.remote.RemoteWebDriver.execute(RemoteWebDriver.java:658)
	at org.openqa.selenium.firefox.FirefoxDriver.getScreenshotAs(FirefoxDriver.java:428)
	at com.test.automation.uiAutomation.testBase.TestBase.captureScreen(TestBase.java:291)
	at com.test.automation.uiAutomation.testBase.TestBase.getresult(TestBase.java:320)
	at com.test.automation.uiAutomation.testBase.TestBase.afterMethod(TestBase.java:329)
	at sun.reflect.NativeMethodAccessorImpl.invoke0(Native Method)
	at sun.reflect.NativeMethodAccessorImpl.invoke(Unknown Source)
	at sun.reflect.DelegatingMethodAccessorImpl.invoke(Unknown Source)
	at java.lang.reflect.Method.invoke(Unknown Source)
	at org.testng.internal.MethodInvocationHelper.invokeMethod(MethodInvocationHelper.java:104)
	at org.testng.internal.Invoker.invokeConfigurationMethod(Invoker.java:515)
	at org.testng.internal.Invoker.invokeConfigurations(Invoker.java:217)
	at org.testng.internal.Invoker.invokeMethod(Invoker.java:712)
	at org.testng.internal.Invoker.invokeTestMethod(Invoker.java:851)
	at org.testng.internal.Invoker.invokeTestMethods(Invoker.java:1177)
	at org.testng.internal.TestMethodWorker.invokeTestMethods(TestMethodWorker.java:129)
	at org.testng.internal.TestMethodWorker.run(TestMethodWorker.java:112)
	at org.testng.TestRunner.privateRun(TestRunner.java:756)
	at org.testng.TestRunner.run(TestRunner.java:610)
	at org.testng.SuiteRunner.runTest(SuiteRunner.java:387)
	at org.testng.SuiteRunner.runSequentially(SuiteRunner.java:382)
	at org.testng.SuiteRunner.privateRun(SuiteRunner.java:340)
	at org.testng.SuiteRunner.run(SuiteRunner.java:289)
	at org.testng.SuiteRunnerWorker.runSuite(SuiteRunnerWorker.java:52)
	at org.testng.SuiteRunnerWorker.run(SuiteRunnerWorker.java:86)
	at org.testng.TestNG.runSuitesSequentially(TestNG.java:1293)
	at org.testng.TestNG.runSuitesLocally(TestNG.java:1218)
	at org.testng.TestNG.runSuites(TestNG.java:1133)
	at org.testng.TestNG.run(TestNG.java:1104)
	at org.testng.remote.AbstractRemoteTestNG.run(AbstractRemoteTestNG.java:132)
	at org.testng.remote.RemoteTestNG.initAndRun(RemoteTestNG.java:230)
	at org.testng.remote.RemoteTestNG.main(RemoteTestNG.java:76)
]]>
    </error>
  </testcase> <!-- afterMethod -->
  <testcase name="loginToappWithrequiredCredentials" time="0.001" classname="com.test.automation.uiAutomation.admission.TC_Reports.TC_ClassWise_StudentDetails_Report">
    <skipped/>
  </testcase> <!-- loginToappWithrequiredCredentials -->
  <testcase name="tcSelectStudentForClassWiseStudentDetailsReport_YearLoss" time="0.000" classname="com.test.automation.uiAutomation.admission.TC_Reports.TC_ClassWise_StudentDetails_Report">
    <skipped/>
  </testcase> <!-- tcSelectStudentForClassWiseStudentDetailsReport_YearLoss -->
</testsuite> <!-- com.test.automation.uiAutomation.admission.TC_Reports.TC_ClassWise_StudentDetails_Report -->
