<?xml version="1.0" encoding="UTF-8"?>
<!-- Generated by org.testng.reporters.JUnitReportReporter -->
<testsuite name="com.test.automation.uiAutomation.admission.masters.TC_Maters_Master_Religion" tests="54" time="72.131" ignored="0" failures="0" timestamp="24 Mar 2018 05:18:48 GMT" skipped="37" hostname="DESKTOP-DISLHD4" errors="2">
  <testcase name="tcSearchWithReligionNameInTheGrid_ForActivate_AfterCancel" time="0.001" classname="com.test.automation.uiAutomation.admission.masters.TC_Maters_Master_Religion">
    <skipped/>
  </testcase> <!-- tcSearchWithReligionNameInTheGrid_ForActivate_AfterCancel -->
  <testcase name="tcClickOnOkSuccessButton_deactivateCancel" time="0.001" classname="com.test.automation.uiAutomation.admission.masters.TC_Maters_Master_Religion">
    <skipped/>
  </testcase> <!-- tcClickOnOkSuccessButton_deactivateCancel -->
  <testcase name="tcEnterMasterReligionFormData" time="0.577" classname="com.test.automation.uiAutomation.admission.masters.TC_Maters_Master_Religion"/>
  <testcase name="loginToappWithrequiredCredentials" time="0.000" classname="com.test.automation.uiAutomation.admission.masters.TC_Maters_Master_Religion">
    <skipped/>
  </testcase> <!-- loginToappWithrequiredCredentials -->
  <testcase name="tcSubmitFilledMasterReligionForm_Edit" time="0.003" classname="com.test.automation.uiAutomation.admission.masters.TC_Maters_Master_Religion">
    <skipped/>
  </testcase> <!-- tcSubmitFilledMasterReligionForm_Edit -->
  <testcase name="tcSortByReligionName" time="0.601" classname="com.test.automation.uiAutomation.admission.masters.TC_Maters_Master_Religion"/>
  <testcase name="tcClickOnOkSuccessButton_Edit" time="0.001" classname="com.test.automation.uiAutomation.admission.masters.TC_Maters_Master_Religion">
    <skipped/>
  </testcase> <!-- tcClickOnOkSuccessButton_Edit -->
  <testcase name="tcSearchWithReligionNameInTheGrid_ForDeactivate" time="0.000" classname="com.test.automation.uiAutomation.admission.masters.TC_Maters_Master_Religion">
    <skipped/>
  </testcase> <!-- tcSearchWithReligionNameInTheGrid_ForDeactivate -->
  <testcase name="tcVerifyMasters_MasterReligion_BGHSPage" time="1.345" classname="com.test.automation.uiAutomation.admission.masters.TC_Maters_Master_Religion"/>
  <testcase name="tcClickOnCancelButton_activate" time="0.001" classname="com.test.automation.uiAutomation.admission.masters.TC_Maters_Master_Religion">
    <skipped/>
  </testcase> <!-- tcClickOnCancelButton_activate -->
  <testcase name="tcDeactivateMasterReligion" time="0.003" classname="com.test.automation.uiAutomation.admission.masters.TC_Maters_Master_Religion">
    <skipped/>
  </testcase> <!-- tcDeactivateMasterReligion -->
  <testcase name="tcEnterMasterReligionFormData_AfterClear" time="0.003" classname="com.test.automation.uiAutomation.admission.masters.TC_Maters_Master_Religion">
    <skipped/>
  </testcase> <!-- tcEnterMasterReligionFormData_AfterClear -->
  <testcase name="tcSearchWithReligionNameInTheGrid_ForActivate" time="0.000" classname="com.test.automation.uiAutomation.admission.masters.TC_Maters_Master_Religion">
    <skipped/>
  </testcase> <!-- tcSearchWithReligionNameInTheGrid_ForActivate -->
  <testcase name="tcNavigateToAdmission_Masters_MasterReligion_BGHS" time="1.499" classname="com.test.automation.uiAutomation.admission.masters.TC_Maters_Master_Religion"/>
  <testcase name="tcDeactivateMasterReligion" time="0.001" classname="com.test.automation.uiAutomation.admission.masters.TC_Maters_Master_Religion">
    <skipped/>
  </testcase> <!-- tcDeactivateMasterReligion -->
  <testcase name="tcSearchWithReligionNameInTheGrid" time="0.317" classname="com.test.automation.uiAutomation.admission.masters.TC_Maters_Master_Religion">
    <error type="org.openqa.selenium.NoSuchWindowException" message="no such window: target window already closed
from unknown error: web view not found
  (Session info: chrome=65.0.3325.181)
  (Driver info: chromedriver=2.36.540470 (e522d04694c7ebea4ba8821272dbef4f9b818c91),platform=Windows NT 10.0.16299 x86_64) (WARNING: The server did not provide any stacktrace information)
Command duration or timeout: 3 milliseconds
Build info: version: &#039;3.0.1&#039;, revision: &#039;1969d75&#039;, time: &#039;2016-10-18 09:49:13 -0700&#039;
System info: host: &#039;DESKTOP-DISLHD4&#039;, ip: &#039;192.168.1.24&#039;, os.name: &#039;Windows 10&#039;, os.arch: &#039;amd64&#039;, os.version: &#039;10.0&#039;, java.version: &#039;1.8.0_161&#039;
Driver info: org.openqa.selenium.chrome.ChromeDriver
Capabilities [{applicationCacheEnabled=false, rotatable=false, mobileEmulationEnabled=false, networkConnectionEnabled=false, chrome={chromedriverVersion=2.36.540470 (e522d04694c7ebea4ba8821272dbef4f9b818c91), userDataDir=C:\Users\vaps\AppData\Local\Temp\scoped_dir6884_20315}, takesHeapSnapshot=true, pageLoadStrategy=normal, databaseEnabled=false, handlesAlerts=true, hasTouchScreen=false, version=65.0.3325.181, platform=XP, browserConnectionEnabled=false, nativeEvents=true, acceptSslCerts=false, acceptInsecureCerts=false, locationContextEnabled=true, webStorageEnabled=true, browserName=chrome, takesScreenshot=true, javascriptEnabled=true, cssSelectorsEnabled=true, setWindowRect=true, unexpectedAlertBehaviour=}]
Session ID: 8a03d3aa521f8b1ffe9f47a5013c8999">
      <![CDATA[org.openqa.selenium.NoSuchWindowException: no such window: target window already closed
from unknown error: web view not found
  (Session info: chrome=65.0.3325.181)
  (Driver info: chromedriver=2.36.540470 (e522d04694c7ebea4ba8821272dbef4f9b818c91),platform=Windows NT 10.0.16299 x86_64) (WARNING: The server did not provide any stacktrace information)
Command duration or timeout: 3 milliseconds
Build info: version: '3.0.1', revision: '1969d75', time: '2016-10-18 09:49:13 -0700'
System info: host: 'DESKTOP-DISLHD4', ip: '192.168.1.24', os.name: 'Windows 10', os.arch: 'amd64', os.version: '10.0', java.version: '1.8.0_161'
Driver info: org.openqa.selenium.chrome.ChromeDriver
Capabilities [{applicationCacheEnabled=false, rotatable=false, mobileEmulationEnabled=false, networkConnectionEnabled=false, chrome={chromedriverVersion=2.36.540470 (e522d04694c7ebea4ba8821272dbef4f9b818c91), userDataDir=C:\Users\vaps\AppData\Local\Temp\scoped_dir6884_20315}, takesHeapSnapshot=true, pageLoadStrategy=normal, databaseEnabled=false, handlesAlerts=true, hasTouchScreen=false, version=65.0.3325.181, platform=XP, browserConnectionEnabled=false, nativeEvents=true, acceptSslCerts=false, acceptInsecureCerts=false, locationContextEnabled=true, webStorageEnabled=true, browserName=chrome, takesScreenshot=true, javascriptEnabled=true, cssSelectorsEnabled=true, setWindowRect=true, unexpectedAlertBehaviour=}]
Session ID: 8a03d3aa521f8b1ffe9f47a5013c8999
	at sun.reflect.NativeConstructorAccessorImpl.newInstance0(Native Method)
	at sun.reflect.NativeConstructorAccessorImpl.newInstance(Unknown Source)
	at sun.reflect.DelegatingConstructorAccessorImpl.newInstance(Unknown Source)
	at java.lang.reflect.Constructor.newInstance(Unknown Source)
	at org.openqa.selenium.remote.ErrorHandler.createThrowable(ErrorHandler.java:216)
	at org.openqa.selenium.remote.ErrorHandler.throwIfResponseFailed(ErrorHandler.java:168)
	at org.openqa.selenium.remote.RemoteWebDriver.execute(RemoteWebDriver.java:635)
	at org.openqa.selenium.remote.RemoteWebDriver.execute(RemoteWebDriver.java:658)
	at org.openqa.selenium.remote.RemoteWebDriver.getScreenshotAs(RemoteWebDriver.java:340)
	at com.test.automation.uiAutomation.testBase.TestBase.getScreenShot(TestBase.java:197)
	at com.test.automation.uiAutomation.admission.masters.TC_Maters_Master_Religion.tcSearchWithReligionNameInTheGrid(TC_Maters_Master_Religion.java:309)
	at sun.reflect.NativeMethodAccessorImpl.invoke0(Native Method)
	at sun.reflect.NativeMethodAccessorImpl.invoke(Unknown Source)
	at sun.reflect.DelegatingMethodAccessorImpl.invoke(Unknown Source)
	at java.lang.reflect.Method.invoke(Unknown Source)
	at org.testng.internal.MethodInvocationHelper.invokeMethod(MethodInvocationHelper.java:104)
	at org.testng.internal.Invoker.invokeMethod(Invoker.java:645)
	at org.testng.internal.Invoker.invokeTestMethod(Invoker.java:851)
	at org.testng.internal.Invoker.invokeTestMethods(Invoker.java:1177)
	at org.testng.internal.TestMethodWorker.invokeTestMethods(TestMethodWorker.java:129)
	at org.testng.internal.TestMethodWorker.run(TestMethodWorker.java:112)
	at org.testng.TestRunner.privateRun(TestRunner.java:756)
	at org.testng.TestRunner.run(TestRunner.java:610)
	at org.testng.SuiteRunner.runTest(SuiteRunner.java:387)
	at org.testng.SuiteRunner.runSequentially(SuiteRunner.java:382)
	at org.testng.SuiteRunner.privateRun(SuiteRunner.java:340)
	at org.testng.SuiteRunner.run(SuiteRunner.java:289)
	at org.testng.SuiteRunnerWorker.runSuite(SuiteRunnerWorker.java:52)
	at org.testng.SuiteRunnerWorker.run(SuiteRunnerWorker.java:86)
	at org.testng.TestNG.runSuitesSequentially(TestNG.java:1293)
	at org.testng.TestNG.runSuitesLocally(TestNG.java:1218)
	at org.testng.TestNG.runSuites(TestNG.java:1133)
	at org.testng.TestNG.run(TestNG.java:1104)
	at org.testng.remote.AbstractRemoteTestNG.run(AbstractRemoteTestNG.java:132)
	at org.testng.remote.RemoteTestNG.initAndRun(RemoteTestNG.java:230)
	at org.testng.remote.RemoteTestNG.main(RemoteTestNG.java:76)
]]>
    </error>
  </testcase> <!-- tcSearchWithReligionNameInTheGrid -->
  <testcase name="loginToappWithrequiredCredentials" time="0.004" classname="com.test.automation.uiAutomation.admission.masters.TC_Maters_Master_Religion">
    <skipped/>
  </testcase> <!-- loginToappWithrequiredCredentials -->
  <testcase name="tcMaximizeMasterReligion" time="0.297" classname="com.test.automation.uiAutomation.admission.masters.TC_Maters_Master_Religion"/>
  <testcase name="tcClearReligionInfoData" time="15.447" classname="com.test.automation.uiAutomation.admission.masters.TC_Maters_Master_Religion"/>
  <testcase name="loginToappWithrequiredCredentials" time="0.001" classname="com.test.automation.uiAutomation.admission.masters.TC_Maters_Master_Religion">
    <skipped/>
  </testcase> <!-- loginToappWithrequiredCredentials -->
  <testcase name="tcEnterMasterReligionFormData" time="0.001" classname="com.test.automation.uiAutomation.admission.masters.TC_Maters_Master_Religion">
    <skipped/>
  </testcase> <!-- tcEnterMasterReligionFormData -->
  <testcase name="tcYesDeleteOrDeactivateOrActivateIt_deactivate" time="0.000" classname="com.test.automation.uiAutomation.admission.masters.TC_Maters_Master_Religion">
    <skipped/>
  </testcase> <!-- tcYesDeleteOrDeactivateOrActivateIt_deactivate -->
  <testcase name="tcEnterMasterReligionFormData_AfterClear" time="0.546" classname="com.test.automation.uiAutomation.admission.masters.TC_Maters_Master_Religion"/>
  <testcase name="tcVerifyReligionNameInTheGrid" time="0.001" classname="com.test.automation.uiAutomation.admission.masters.TC_Maters_Master_Religion">
    <skipped/>
  </testcase> <!-- tcVerifyReligionNameInTheGrid -->
  <testcase name="tcClickOnOkSuccessButton_deactivate" time="0.004" classname="com.test.automation.uiAutomation.admission.masters.TC_Maters_Master_Religion">
    <skipped/>
  </testcase> <!-- tcClickOnOkSuccessButton_deactivate -->
  <testcase name="tcActivateMasterReligion_AfterCancel" time="0.000" classname="com.test.automation.uiAutomation.admission.masters.TC_Maters_Master_Religion">
    <skipped/>
  </testcase> <!-- tcActivateMasterReligion_AfterCancel -->
  <testcase name="tcSearchWithReligionNameInTheGrid_ForDeactivate_AfterCancel" time="0.000" classname="com.test.automation.uiAutomation.admission.masters.TC_Maters_Master_Religion">
    <skipped/>
  </testcase> <!-- tcSearchWithReligionNameInTheGrid_ForDeactivate_AfterCancel -->
  <testcase name="tcSubmitFilledMasterReligionForm" time="0.305" classname="com.test.automation.uiAutomation.admission.masters.TC_Maters_Master_Religion"/>
  <testcase name="tcDeactivateMasterReligion_AfterCancel" time="0.000" classname="com.test.automation.uiAutomation.admission.masters.TC_Maters_Master_Religion">
    <skipped/>
  </testcase> <!-- tcDeactivateMasterReligion_AfterCancel -->
  <testcase name="loginToappWithrequiredCredentials" time="20.201" classname="com.test.automation.uiAutomation.admission.masters.TC_Maters_Master_Religion"/>
  <testcase name="tcEditMasterReligion" time="0.001" classname="com.test.automation.uiAutomation.admission.masters.TC_Maters_Master_Religion">
    <skipped/>
  </testcase> <!-- tcEditMasterReligion -->
  <testcase name="tcClickOnCancelButton_deactivate" time="0.000" classname="com.test.automation.uiAutomation.admission.masters.TC_Maters_Master_Religion">
    <skipped/>
  </testcase> <!-- tcClickOnCancelButton_deactivate -->
  <testcase name="tcSearchWithReligionNameInTheGrid_ForActivate" time="0.001" classname="com.test.automation.uiAutomation.admission.masters.TC_Maters_Master_Religion">
    <skipped/>
  </testcase> <!-- tcSearchWithReligionNameInTheGrid_ForActivate -->
  <testcase name="tcDeactivateMasterReligion_AfterCancel" time="0.001" classname="com.test.automation.uiAutomation.admission.masters.TC_Maters_Master_Religion">
    <skipped/>
  </testcase> <!-- tcDeactivateMasterReligion_AfterCancel -->
  <testcase name="tcMaximizeMasterReligionList" time="0.310" classname="com.test.automation.uiAutomation.admission.masters.TC_Maters_Master_Religion"/>
  <testcase name="afterMethod" time="0.000" classname="com.test.automation.uiAutomation.admission.masters.TC_Maters_Master_Religion">
    <error type="org.openqa.selenium.NoSuchWindowException" message="no such window: target window already closed
from unknown error: web view not found
  (Session info: chrome=65.0.3325.181)
  (Driver info: chromedriver=2.36.540470 (e522d04694c7ebea4ba8821272dbef4f9b818c91),platform=Windows NT 10.0.16299 x86_64) (WARNING: The server did not provide any stacktrace information)
Command duration or timeout: 8 milliseconds
Build info: version: &#039;3.0.1&#039;, revision: &#039;1969d75&#039;, time: &#039;2016-10-18 09:49:13 -0700&#039;
System info: host: &#039;DESKTOP-DISLHD4&#039;, ip: &#039;192.168.1.24&#039;, os.name: &#039;Windows 10&#039;, os.arch: &#039;amd64&#039;, os.version: &#039;10.0&#039;, java.version: &#039;1.8.0_161&#039;
Driver info: org.openqa.selenium.chrome.ChromeDriver
Capabilities [{applicationCacheEnabled=false, rotatable=false, mobileEmulationEnabled=false, networkConnectionEnabled=false, chrome={chromedriverVersion=2.36.540470 (e522d04694c7ebea4ba8821272dbef4f9b818c91), userDataDir=C:\Users\vaps\AppData\Local\Temp\scoped_dir6884_20315}, takesHeapSnapshot=true, pageLoadStrategy=normal, databaseEnabled=false, handlesAlerts=true, hasTouchScreen=false, version=65.0.3325.181, platform=XP, browserConnectionEnabled=false, nativeEvents=true, acceptSslCerts=false, acceptInsecureCerts=false, locationContextEnabled=true, webStorageEnabled=true, browserName=chrome, takesScreenshot=true, javascriptEnabled=true, cssSelectorsEnabled=true, setWindowRect=true, unexpectedAlertBehaviour=}]
Session ID: 8a03d3aa521f8b1ffe9f47a5013c8999">
      <![CDATA[org.openqa.selenium.NoSuchWindowException: no such window: target window already closed
from unknown error: web view not found
  (Session info: chrome=65.0.3325.181)
  (Driver info: chromedriver=2.36.540470 (e522d04694c7ebea4ba8821272dbef4f9b818c91),platform=Windows NT 10.0.16299 x86_64) (WARNING: The server did not provide any stacktrace information)
Command duration or timeout: 8 milliseconds
Build info: version: '3.0.1', revision: '1969d75', time: '2016-10-18 09:49:13 -0700'
System info: host: 'DESKTOP-DISLHD4', ip: '192.168.1.24', os.name: 'Windows 10', os.arch: 'amd64', os.version: '10.0', java.version: '1.8.0_161'
Driver info: org.openqa.selenium.chrome.ChromeDriver
Capabilities [{applicationCacheEnabled=false, rotatable=false, mobileEmulationEnabled=false, networkConnectionEnabled=false, chrome={chromedriverVersion=2.36.540470 (e522d04694c7ebea4ba8821272dbef4f9b818c91), userDataDir=C:\Users\vaps\AppData\Local\Temp\scoped_dir6884_20315}, takesHeapSnapshot=true, pageLoadStrategy=normal, databaseEnabled=false, handlesAlerts=true, hasTouchScreen=false, version=65.0.3325.181, platform=XP, browserConnectionEnabled=false, nativeEvents=true, acceptSslCerts=false, acceptInsecureCerts=false, locationContextEnabled=true, webStorageEnabled=true, browserName=chrome, takesScreenshot=true, javascriptEnabled=true, cssSelectorsEnabled=true, setWindowRect=true, unexpectedAlertBehaviour=}]
Session ID: 8a03d3aa521f8b1ffe9f47a5013c8999
	at sun.reflect.NativeConstructorAccessorImpl.newInstance0(Native Method)
	at sun.reflect.NativeConstructorAccessorImpl.newInstance(Unknown Source)
	at sun.reflect.DelegatingConstructorAccessorImpl.newInstance(Unknown Source)
	at java.lang.reflect.Constructor.newInstance(Unknown Source)
	at org.openqa.selenium.remote.ErrorHandler.createThrowable(ErrorHandler.java:216)
	at org.openqa.selenium.remote.ErrorHandler.throwIfResponseFailed(ErrorHandler.java:168)
	at org.openqa.selenium.remote.RemoteWebDriver.execute(RemoteWebDriver.java:635)
	at org.openqa.selenium.remote.RemoteWebDriver.execute(RemoteWebDriver.java:658)
	at org.openqa.selenium.remote.RemoteWebDriver.getScreenshotAs(RemoteWebDriver.java:340)
	at com.test.automation.uiAutomation.testBase.TestBase.captureScreen(TestBase.java:273)
	at com.test.automation.uiAutomation.testBase.TestBase.getresult(TestBase.java:302)
	at com.test.automation.uiAutomation.testBase.TestBase.afterMethod(TestBase.java:311)
	at sun.reflect.GeneratedMethodAccessor8.invoke(Unknown Source)
	at sun.reflect.DelegatingMethodAccessorImpl.invoke(Unknown Source)
	at java.lang.reflect.Method.invoke(Unknown Source)
	at org.testng.internal.MethodInvocationHelper.invokeMethod(MethodInvocationHelper.java:104)
	at org.testng.internal.Invoker.invokeConfigurationMethod(Invoker.java:515)
	at org.testng.internal.Invoker.invokeConfigurations(Invoker.java:217)
	at org.testng.internal.Invoker.invokeMethod(Invoker.java:712)
	at org.testng.internal.Invoker.invokeTestMethod(Invoker.java:851)
	at org.testng.internal.Invoker.invokeTestMethods(Invoker.java:1177)
	at org.testng.internal.TestMethodWorker.invokeTestMethods(TestMethodWorker.java:129)
	at org.testng.internal.TestMethodWorker.run(TestMethodWorker.java:112)
	at org.testng.TestRunner.privateRun(TestRunner.java:756)
	at org.testng.TestRunner.run(TestRunner.java:610)
	at org.testng.SuiteRunner.runTest(SuiteRunner.java:387)
	at org.testng.SuiteRunner.runSequentially(SuiteRunner.java:382)
	at org.testng.SuiteRunner.privateRun(SuiteRunner.java:340)
	at org.testng.SuiteRunner.run(SuiteRunner.java:289)
	at org.testng.SuiteRunnerWorker.runSuite(SuiteRunnerWorker.java:52)
	at org.testng.SuiteRunnerWorker.run(SuiteRunnerWorker.java:86)
	at org.testng.TestNG.runSuitesSequentially(TestNG.java:1293)
	at org.testng.TestNG.runSuitesLocally(TestNG.java:1218)
	at org.testng.TestNG.runSuites(TestNG.java:1133)
	at org.testng.TestNG.run(TestNG.java:1104)
	at org.testng.remote.AbstractRemoteTestNG.run(AbstractRemoteTestNG.java:132)
	at org.testng.remote.RemoteTestNG.initAndRun(RemoteTestNG.java:230)
	at org.testng.remote.RemoteTestNG.main(RemoteTestNG.java:76)
]]>
    </error>
  </testcase> <!-- afterMethod -->
  <testcase name="tcSubmitBlankMasterReligionForm" time="2.363" classname="com.test.automation.uiAutomation.admission.masters.TC_Maters_Master_Religion"/>
  <testcase name="tcSearchWithReligionNameInTheGrid_ForDeactivate_AfterCancel" time="0.000" classname="com.test.automation.uiAutomation.admission.masters.TC_Maters_Master_Religion">
    <skipped/>
  </testcase> <!-- tcSearchWithReligionNameInTheGrid_ForDeactivate_AfterCancel -->
  <testcase name="tcActivateMasterReligion_AfterCancel" time="0.002" classname="com.test.automation.uiAutomation.admission.masters.TC_Maters_Master_Religion">
    <skipped/>
  </testcase> <!-- tcActivateMasterReligion_AfterCancel -->
  <testcase name="tcYesDeleteOrDeactivateOrActivateIt_Activate" time="0.000" classname="com.test.automation.uiAutomation.admission.masters.TC_Maters_Master_Religion">
    <skipped/>
  </testcase> <!-- tcYesDeleteOrDeactivateOrActivateIt_Activate -->
  <testcase name="loginToappWithrequiredCredentials" time="0.000" classname="com.test.automation.uiAutomation.admission.masters.TC_Maters_Master_Religion">
    <skipped/>
  </testcase> <!-- loginToappWithrequiredCredentials -->
  <testcase name="tcEditMasterReligion" time="0.000" classname="com.test.automation.uiAutomation.admission.masters.TC_Maters_Master_Religion">
    <skipped/>
  </testcase> <!-- tcEditMasterReligion -->
  <testcase name="tcClickOnOkSuccessButton" time="20.335" classname="com.test.automation.uiAutomation.admission.masters.TC_Maters_Master_Religion"/>
  <testcase name="tcActivateMasterReligion" time="0.000" classname="com.test.automation.uiAutomation.admission.masters.TC_Maters_Master_Religion">
    <skipped/>
  </testcase> <!-- tcActivateMasterReligion -->
  <testcase name="tcActivateMasterReligion" time="0.000" classname="com.test.automation.uiAutomation.admission.masters.TC_Maters_Master_Religion">
    <skipped/>
  </testcase> <!-- tcActivateMasterReligion -->
  <testcase name="tcMinimizeMasterReligionList" time="0.331" classname="com.test.automation.uiAutomation.admission.masters.TC_Maters_Master_Religion"/>
  <testcase name="tcVerifyReligionNameInTheGrid" time="0.001" classname="com.test.automation.uiAutomation.admission.masters.TC_Maters_Master_Religion">
    <skipped/>
  </testcase> <!-- tcVerifyReligionNameInTheGrid -->
  <testcase name="tcClickOnOkSuccessButton_activateCancel" time="0.000" classname="com.test.automation.uiAutomation.admission.masters.TC_Maters_Master_Religion">
    <skipped/>
  </testcase> <!-- tcClickOnOkSuccessButton_activateCancel -->
  <testcase name="tcSearchWithReligionNameInTheGrid_ForActivate_AfterCancel" time="0.000" classname="com.test.automation.uiAutomation.admission.masters.TC_Maters_Master_Religion">
    <skipped/>
  </testcase> <!-- tcSearchWithReligionNameInTheGrid_ForActivate_AfterCancel -->
  <testcase name="tcSearchWithReligionNameInTheGrid" time="0.000" classname="com.test.automation.uiAutomation.admission.masters.TC_Maters_Master_Religion">
    <skipped/>
  </testcase> <!-- tcSearchWithReligionNameInTheGrid -->
  <testcase name="tcSearchWithReligionNameInTheGrid_ForDeactivate" time="0.001" classname="com.test.automation.uiAutomation.admission.masters.TC_Maters_Master_Religion">
    <skipped/>
  </testcase> <!-- tcSearchWithReligionNameInTheGrid_ForDeactivate -->
  <testcase name="tcMinimizeMasterReligion" time="0.332" classname="com.test.automation.uiAutomation.admission.masters.TC_Maters_Master_Religion"/>
  <testcase name="tcClickOnOkSuccessButton_activate" time="0.000" classname="com.test.automation.uiAutomation.admission.masters.TC_Maters_Master_Religion">
    <skipped/>
  </testcase> <!-- tcClickOnOkSuccessButton_activate -->
  <testcase name="tcHomeButtonValidation" time="7.293" classname="com.test.automation.uiAutomation.admission.masters.TC_Maters_Master_Religion"/>
</testsuite> <!-- com.test.automation.uiAutomation.admission.masters.TC_Maters_Master_Religion -->
