<?xml version="1.0" encoding="UTF-8"?>
<!-- Generated by org.testng.reporters.JUnitReportReporter -->
<testsuite name="com.test.automation.uiAutomation.Fee.TC_Masters.Tc_Masters_Fee_Group_MasterGroup" tests="62" time="113.046" ignored="0" failures="0" timestamp="26 Apr 2018 10:04:52 GMT" skipped="41" hostname="Arvind-Susdiny" errors="6">
  <testcase name="tcClickOnSaveButton_MasterGroup" time="0.615" classname="com.test.automation.uiAutomation.Fee.TC_Masters.Tc_Masters_Fee_Group_MasterGroup"/>
  <testcase name="tcClickOnCancelButton_MasterGroup" time="0.352" classname="com.test.automation.uiAutomation.Fee.TC_Masters.Tc_Masters_Fee_Group_MasterGroup"/>
  <testcase name="loginToappWithrequiredCredentials" time="20.071" classname="com.test.automation.uiAutomation.Fee.TC_Masters.Tc_Masters_Fee_Group_MasterGroup"/>
  <testcase name="tcSearchBy_FeeGroup_MasterFeeGrNameInGrid_AfterCancel" time="0.001" classname="com.test.automation.uiAutomation.Fee.TC_Masters.Tc_Masters_Fee_Group_MasterGroup">
    <skipped/>
  </testcase> <!-- tcSearchBy_FeeGroup_MasterFeeGrNameInGrid_AfterCancel -->
  <testcase name="tcClickOnSuccessOkBtn" time="20.319" classname="com.test.automation.uiAutomation.Fee.TC_Masters.Tc_Masters_Fee_Group_MasterGroup"/>
  <testcase name="tcMaximize_MasterFeeGroup" time="0.319" classname="com.test.automation.uiAutomation.Fee.TC_Masters.Tc_Masters_Fee_Group_MasterGroup"/>
  <testcase name="tcMaximize_MasterGroupFeeGrGridView" time="0.324" classname="com.test.automation.uiAutomation.Fee.TC_Masters.Tc_Masters_Fee_Group_MasterGroup"/>
  <testcase name="tcDeactivationOfCreated_MasterFeeGroup" time="0.001" classname="com.test.automation.uiAutomation.Fee.TC_Masters.Tc_Masters_Fee_Group_MasterGroup">
    <skipped/>
  </testcase> <!-- tcDeactivationOfCreated_MasterFeeGroup -->
  <testcase name="tcActivationOfCreatedFeeGroup_MasterGroup_AfterCancel" time="0.003" classname="com.test.automation.uiAutomation.Fee.TC_Masters.Tc_Masters_Fee_Group_MasterGroup">
    <skipped/>
  </testcase> <!-- tcActivationOfCreatedFeeGroup_MasterGroup_AfterCancel -->
  <testcase name="tcSearchBy_FeeGroup_MasterFeeGrNameInGrid_ForDeactivate" time="0.000" classname="com.test.automation.uiAutomation.Fee.TC_Masters.Tc_Masters_Fee_Group_MasterGroup">
    <skipped/>
  </testcase> <!-- tcSearchBy_FeeGroup_MasterFeeGrNameInGrid_ForDeactivate -->
  <testcase name="tcVerifyMasterFeeGroup_UpdatedInGrid" time="0.001" classname="com.test.automation.uiAutomation.Fee.TC_Masters.Tc_Masters_Fee_Group_MasterGroup">
    <skipped/>
  </testcase> <!-- tcVerifyMasterFeeGroup_UpdatedInGrid -->
  <testcase name="tcDeactivationOfCreated_MasterFeeGroup_AfterCancel" time="0.016" classname="com.test.automation.uiAutomation.Fee.TC_Masters.Tc_Masters_Fee_Group_MasterGroup">
    <skipped/>
  </testcase> <!-- tcDeactivationOfCreated_MasterFeeGroup_AfterCancel -->
  <testcase name="loginToappWithrequiredCredentials" time="0.000" classname="com.test.automation.uiAutomation.Fee.TC_Masters.Tc_Masters_Fee_Group_MasterGroup">
    <skipped/>
  </testcase> <!-- loginToappWithrequiredCredentials -->
  <testcase name="tcSearchBy_FeeGroup_MasterFeeGrNameInGrid_AfterCancel" time="0.000" classname="com.test.automation.uiAutomation.Fee.TC_Masters.Tc_Masters_Fee_Group_MasterGroup">
    <skipped/>
  </testcase> <!-- tcSearchBy_FeeGroup_MasterFeeGrNameInGrid_AfterCancel -->
  <testcase name="tcHomeButtonValidation" time="7.336" classname="com.test.automation.uiAutomation.Fee.TC_Masters.Tc_Masters_Fee_Group_MasterGroup"/>
  <testcase name="tcEdit_MasterFeeGroup" time="0.001" classname="com.test.automation.uiAutomation.Fee.TC_Masters.Tc_Masters_Fee_Group_MasterGroup">
    <skipped/>
  </testcase> <!-- tcEdit_MasterFeeGroup -->
  <testcase name="tcVerifyMasterFeeGroup_UpdatedInGrid" time="0.001" classname="com.test.automation.uiAutomation.Fee.TC_Masters.Tc_Masters_Fee_Group_MasterGroup">
    <skipped/>
  </testcase> <!-- tcVerifyMasterFeeGroup_UpdatedInGrid -->
  <testcase name="tcNavigateToMasters_FeeGroup" time="23.881" classname="com.test.automation.uiAutomation.Fee.TC_Masters.Tc_Masters_Fee_Group_MasterGroup"/>
  <testcase name="tcSortByMasterFeeGroupName" time="0.612" classname="com.test.automation.uiAutomation.Fee.TC_Masters.Tc_Masters_Fee_Group_MasterGroup"/>
  <testcase name="tcVerifyMasterFeeGroup_UpdatedInGrid" time="22.389" classname="com.test.automation.uiAutomation.Fee.TC_Masters.Tc_Masters_Fee_Group_MasterGroup"/>
  <testcase name="afterMethod" time="0.000" classname="com.test.automation.uiAutomation.Fee.TC_Masters.Tc_Masters_Fee_Group_MasterGroup">
    <error type="org.openqa.selenium.NoSuchWindowException" message="no such window: target window already closed
from unknown error: web view not found
  (Session info: chrome=65.0.3325.181)
  (Driver info: chromedriver=2.36.540470 (e522d04694c7ebea4ba8821272dbef4f9b818c91),platform=Windows NT 10.0.16299 x86_64) (WARNING: The server did not provide any stacktrace information)
Command duration or timeout: 16 milliseconds
Build info: version: &#039;3.0.1&#039;, revision: &#039;1969d75&#039;, time: &#039;2016-10-18 09:49:13 -0700&#039;
System info: host: &#039;Arvind-Susdiny&#039;, ip: &#039;192.168.1.34&#039;, os.name: &#039;Windows 10&#039;, os.arch: &#039;amd64&#039;, os.version: &#039;10.0&#039;, java.version: &#039;1.8.0_161&#039;
Driver info: org.openqa.selenium.chrome.ChromeDriver
Capabilities [{applicationCacheEnabled=false, rotatable=false, mobileEmulationEnabled=false, networkConnectionEnabled=false, chrome={chromedriverVersion=2.36.540470 (e522d04694c7ebea4ba8821272dbef4f9b818c91), userDataDir=C:\Users\vaps\AppData\Local\Temp\scoped_dir11128_15576}, takesHeapSnapshot=true, pageLoadStrategy=normal, databaseEnabled=false, handlesAlerts=true, hasTouchScreen=false, version=65.0.3325.181, platform=XP, browserConnectionEnabled=false, nativeEvents=true, acceptSslCerts=false, acceptInsecureCerts=false, locationContextEnabled=true, webStorageEnabled=true, browserName=chrome, takesScreenshot=true, javascriptEnabled=true, cssSelectorsEnabled=true, setWindowRect=true, unexpectedAlertBehaviour=}]
Session ID: 387fc2185e62e6c65b7799ed1c808535">
      <![CDATA[org.openqa.selenium.NoSuchWindowException: no such window: target window already closed
from unknown error: web view not found
  (Session info: chrome=65.0.3325.181)
  (Driver info: chromedriver=2.36.540470 (e522d04694c7ebea4ba8821272dbef4f9b818c91),platform=Windows NT 10.0.16299 x86_64) (WARNING: The server did not provide any stacktrace information)
Command duration or timeout: 16 milliseconds
Build info: version: '3.0.1', revision: '1969d75', time: '2016-10-18 09:49:13 -0700'
System info: host: 'Arvind-Susdiny', ip: '192.168.1.34', os.name: 'Windows 10', os.arch: 'amd64', os.version: '10.0', java.version: '1.8.0_161'
Driver info: org.openqa.selenium.chrome.ChromeDriver
Capabilities [{applicationCacheEnabled=false, rotatable=false, mobileEmulationEnabled=false, networkConnectionEnabled=false, chrome={chromedriverVersion=2.36.540470 (e522d04694c7ebea4ba8821272dbef4f9b818c91), userDataDir=C:\Users\vaps\AppData\Local\Temp\scoped_dir11128_15576}, takesHeapSnapshot=true, pageLoadStrategy=normal, databaseEnabled=false, handlesAlerts=true, hasTouchScreen=false, version=65.0.3325.181, platform=XP, browserConnectionEnabled=false, nativeEvents=true, acceptSslCerts=false, acceptInsecureCerts=false, locationContextEnabled=true, webStorageEnabled=true, browserName=chrome, takesScreenshot=true, javascriptEnabled=true, cssSelectorsEnabled=true, setWindowRect=true, unexpectedAlertBehaviour=}]
Session ID: 387fc2185e62e6c65b7799ed1c808535
	at sun.reflect.NativeConstructorAccessorImpl.newInstance0(Native Method)
	at sun.reflect.NativeConstructorAccessorImpl.newInstance(Unknown Source)
	at sun.reflect.DelegatingConstructorAccessorImpl.newInstance(Unknown Source)
	at java.lang.reflect.Constructor.newInstance(Unknown Source)
	at org.openqa.selenium.remote.ErrorHandler.createThrowable(ErrorHandler.java:216)
	at org.openqa.selenium.remote.ErrorHandler.throwIfResponseFailed(ErrorHandler.java:168)
	at org.openqa.selenium.remote.RemoteWebDriver.execute(RemoteWebDriver.java:635)
	at org.openqa.selenium.remote.RemoteWebDriver.execute(RemoteWebDriver.java:658)
	at org.openqa.selenium.remote.RemoteWebDriver.getScreenshotAs(RemoteWebDriver.java:340)
	at com.test.automation.uiAutomation.testBase.TestBase.captureScreen(TestBase.java:273)
	at com.test.automation.uiAutomation.testBase.TestBase.getresult(TestBase.java:302)
	at com.test.automation.uiAutomation.testBase.TestBase.afterMethod(TestBase.java:311)
	at sun.reflect.GeneratedMethodAccessor9.invoke(Unknown Source)
	at sun.reflect.DelegatingMethodAccessorImpl.invoke(Unknown Source)
	at java.lang.reflect.Method.invoke(Unknown Source)
	at org.testng.internal.MethodInvocationHelper.invokeMethod(MethodInvocationHelper.java:104)
	at org.testng.internal.Invoker.invokeConfigurationMethod(Invoker.java:515)
	at org.testng.internal.Invoker.invokeConfigurations(Invoker.java:217)
	at org.testng.internal.Invoker.invokeMethod(Invoker.java:712)
	at org.testng.internal.Invoker.retryFailed(Invoker.java:998)
	at org.testng.internal.Invoker.invokeTestMethods(Invoker.java:1200)
	at org.testng.internal.TestMethodWorker.invokeTestMethods(TestMethodWorker.java:129)
	at org.testng.internal.TestMethodWorker.run(TestMethodWorker.java:112)
	at org.testng.TestRunner.privateRun(TestRunner.java:756)
	at org.testng.TestRunner.run(TestRunner.java:610)
	at org.testng.SuiteRunner.runTest(SuiteRunner.java:387)
	at org.testng.SuiteRunner.runSequentially(SuiteRunner.java:382)
	at org.testng.SuiteRunner.privateRun(SuiteRunner.java:340)
	at org.testng.SuiteRunner.run(SuiteRunner.java:289)
	at org.testng.SuiteRunnerWorker.runSuite(SuiteRunnerWorker.java:52)
	at org.testng.SuiteRunnerWorker.run(SuiteRunnerWorker.java:86)
	at org.testng.TestNG.runSuitesSequentially(TestNG.java:1293)
	at org.testng.TestNG.runSuitesLocally(TestNG.java:1218)
	at org.testng.TestNG.runSuites(TestNG.java:1133)
	at org.testng.TestNG.run(TestNG.java:1104)
	at org.testng.remote.AbstractRemoteTestNG.run(AbstractRemoteTestNG.java:132)
	at org.testng.remote.RemoteTestNG.initAndRun(RemoteTestNG.java:230)
	at org.testng.remote.RemoteTestNG.main(RemoteTestNG.java:76)
]]>
    </error>
  </testcase> <!-- afterMethod -->
  <testcase name="tcClickOnCancelButton_deactivate" time="0.000" classname="com.test.automation.uiAutomation.Fee.TC_Masters.Tc_Masters_Fee_Group_MasterGroup">
    <skipped/>
  </testcase> <!-- tcClickOnCancelButton_deactivate -->
  <testcase name="tcEdit_MasterFeeGroup" time="11.246" classname="com.test.automation.uiAutomation.Fee.TC_Masters.Tc_Masters_Fee_Group_MasterGroup">
    <skipped/>
  </testcase> <!-- tcEdit_MasterFeeGroup -->
  <testcase name="tcClickOnSaveButton_MasterGroupForm_Edit" time="0.015" classname="com.test.automation.uiAutomation.Fee.TC_Masters.Tc_Masters_Fee_Group_MasterGroup">
    <skipped/>
  </testcase> <!-- tcClickOnSaveButton_MasterGroupForm_Edit -->
  <testcase name="tcSearchBy_FeeGroup_MasterFeeGrNameInGrid" time="1.601" classname="com.test.automation.uiAutomation.Fee.TC_Masters.Tc_Masters_Fee_Group_MasterGroup"/>
  <testcase name="tcClickOnOkSuccessButton_deactivateCancel" time="0.016" classname="com.test.automation.uiAutomation.Fee.TC_Masters.Tc_Masters_Fee_Group_MasterGroup">
    <skipped/>
  </testcase> <!-- tcClickOnOkSuccessButton_deactivateCancel -->
  <testcase name="tcMinimize_MasterGroupFeeGrGridView" time="0.350" classname="com.test.automation.uiAutomation.Fee.TC_Masters.Tc_Masters_Fee_Group_MasterGroup"/>
  <testcase name="tcSearchBy_FeeGroup_MasterFeeGrNameInGrid_ForDeactivate" time="0.000" classname="com.test.automation.uiAutomation.Fee.TC_Masters.Tc_Masters_Fee_Group_MasterGroup">
    <skipped/>
  </testcase> <!-- tcSearchBy_FeeGroup_MasterFeeGrNameInGrid_ForDeactivate -->
  <testcase name="tcSearchBy_FeeGroup_MasterFeeGrNameInGrid" time="0.291" classname="com.test.automation.uiAutomation.Fee.TC_Masters.Tc_Masters_Fee_Group_MasterGroup">
    <skipped/>
  </testcase> <!-- tcSearchBy_FeeGroup_MasterFeeGrNameInGrid -->
  <testcase name="tcActivationOfCreatedFeeGroup_MasterGroup" time="0.000" classname="com.test.automation.uiAutomation.Fee.TC_Masters.Tc_Masters_Fee_Group_MasterGroup">
    <skipped/>
  </testcase> <!-- tcActivationOfCreatedFeeGroup_MasterGroup -->
  <testcase name="tcSearchBy_FeeGroup_MasterFeeGrNameInGrid_ForDeactivate_AfterCancel" time="0.000" classname="com.test.automation.uiAutomation.Fee.TC_Masters.Tc_Masters_Fee_Group_MasterGroup">
    <skipped/>
  </testcase> <!-- tcSearchBy_FeeGroup_MasterFeeGrNameInGrid_ForDeactivate_AfterCancel -->
  <testcase name="tcEdit_MasterFeeGroup" time="0.031" classname="com.test.automation.uiAutomation.Fee.TC_Masters.Tc_Masters_Fee_Group_MasterGroup">
    <skipped/>
  </testcase> <!-- tcEdit_MasterFeeGroup -->
  <testcase name="tcFill_FeeGroup_MasterGroupForm" time="0.078" classname="com.test.automation.uiAutomation.Fee.TC_Masters.Tc_Masters_Fee_Group_MasterGroup">
    <error type="org.testng.internal.reflect.MethodMatcherException" message="
Data provider mismatch
Method: tcFill_FeeGroup_MasterGroupForm([Parameter{index=0, type=java.lang.String, declaredAnnotations=[]}, Parameter{index=1, type=java.lang.String, declaredAnnotations=[]}, Parameter{index=2, type=java.lang.String, declaredAnnotations=[]}, Parameter{index=3, type=java.lang.String, declaredAnnotations=[]}])
Arguments: [(java.lang.String)prasad,(java.lang.String)Compulsory,(java.lang.String)something,(java.lang.String)Y,(java.lang.String)false]">
      <![CDATA[org.testng.internal.reflect.MethodMatcherException: 
Data provider mismatch
Method: tcFill_FeeGroup_MasterGroupForm([Parameter{index=0, type=java.lang.String, declaredAnnotations=[]}, Parameter{index=1, type=java.lang.String, declaredAnnotations=[]}, Parameter{index=2, type=java.lang.String, declaredAnnotations=[]}, Parameter{index=3, type=java.lang.String, declaredAnnotations=[]}])
Arguments: [(java.lang.String)prasad,(java.lang.String)Compulsory,(java.lang.String)something,(java.lang.String)Y,(java.lang.String)false]
	at org.testng.internal.reflect.DataProviderMethodMatcher.getConformingArguments(DataProviderMethodMatcher.java:52)
	at org.testng.internal.Invoker.injectParameters(Invoker.java:1278)
	at org.testng.internal.Invoker.invokeTestMethods(Invoker.java:1171)
	at org.testng.internal.TestMethodWorker.invokeTestMethods(TestMethodWorker.java:129)
	at org.testng.internal.TestMethodWorker.run(TestMethodWorker.java:112)
	at org.testng.TestRunner.privateRun(TestRunner.java:756)
	at org.testng.TestRunner.run(TestRunner.java:610)
	at org.testng.SuiteRunner.runTest(SuiteRunner.java:387)
	at org.testng.SuiteRunner.runSequentially(SuiteRunner.java:382)
	at org.testng.SuiteRunner.privateRun(SuiteRunner.java:340)
	at org.testng.SuiteRunner.run(SuiteRunner.java:289)
	at org.testng.SuiteRunnerWorker.runSuite(SuiteRunnerWorker.java:52)
	at org.testng.SuiteRunnerWorker.run(SuiteRunnerWorker.java:86)
	at org.testng.TestNG.runSuitesSequentially(TestNG.java:1293)
	at org.testng.TestNG.runSuitesLocally(TestNG.java:1218)
	at org.testng.TestNG.runSuites(TestNG.java:1133)
	at org.testng.TestNG.run(TestNG.java:1104)
	at org.testng.remote.AbstractRemoteTestNG.run(AbstractRemoteTestNG.java:132)
	at org.testng.remote.RemoteTestNG.initAndRun(RemoteTestNG.java:230)
	at org.testng.remote.RemoteTestNG.main(RemoteTestNG.java:76)
]]>
    </error>
  </testcase> <!-- tcFill_FeeGroup_MasterGroupForm -->
  <testcase name="tcDeactivationOfCreated_MasterFeeGroup" time="0.000" classname="com.test.automation.uiAutomation.Fee.TC_Masters.Tc_Masters_Fee_Group_MasterGroup">
    <skipped/>
  </testcase> <!-- tcDeactivationOfCreated_MasterFeeGroup -->
  <testcase name="tcClickOnOkSuccessButton_deactivate" time="0.000" classname="com.test.automation.uiAutomation.Fee.TC_Masters.Tc_Masters_Fee_Group_MasterGroup">
    <skipped/>
  </testcase> <!-- tcClickOnOkSuccessButton_deactivate -->
  <testcase name="tcEdit_MasterFeeGroup" time="0.026" classname="com.test.automation.uiAutomation.Fee.TC_Masters.Tc_Masters_Fee_Group_MasterGroup">
    <skipped/>
  </testcase> <!-- tcEdit_MasterFeeGroup -->
  <testcase name="loginToappWithrequiredCredentials" time="0.001" classname="com.test.automation.uiAutomation.Fee.TC_Masters.Tc_Masters_Fee_Group_MasterGroup">
    <skipped/>
  </testcase> <!-- loginToappWithrequiredCredentials -->
  <testcase name="tcVerifyMasterFeeGroup_UpdatedInGrid" time="0.001" classname="com.test.automation.uiAutomation.Fee.TC_Masters.Tc_Masters_Fee_Group_MasterGroup">
    <skipped/>
  </testcase> <!-- tcVerifyMasterFeeGroup_UpdatedInGrid -->
  <testcase name="tcDeactivationOfCreated_MasterFeeGroup_AfterCancel" time="0.000" classname="com.test.automation.uiAutomation.Fee.TC_Masters.Tc_Masters_Fee_Group_MasterGroup">
    <skipped/>
  </testcase> <!-- tcDeactivationOfCreated_MasterFeeGroup_AfterCancel -->
  <testcase name="tcActivationOfCreatedFeeGroup_MasterGroup" time="0.000" classname="com.test.automation.uiAutomation.Fee.TC_Masters.Tc_Masters_Fee_Group_MasterGroup">
    <skipped/>
  </testcase> <!-- tcActivationOfCreatedFeeGroup_MasterGroup -->
  <testcase name="tcClickOnOkSuccessButton_activateCancel" time="0.000" classname="com.test.automation.uiAutomation.Fee.TC_Masters.Tc_Masters_Fee_Group_MasterGroup">
    <skipped/>
  </testcase> <!-- tcClickOnOkSuccessButton_activateCancel -->
  <testcase name="tcEdit_MasterFeeGroup" time="0.000" classname="com.test.automation.uiAutomation.Fee.TC_Masters.Tc_Masters_Fee_Group_MasterGroup">
    <skipped/>
  </testcase> <!-- tcEdit_MasterFeeGroup -->
  <testcase name="tcEdit_MasterFeeGroup" time="0.031" classname="com.test.automation.uiAutomation.Fee.TC_Masters.Tc_Masters_Fee_Group_MasterGroup">
    <error type="org.openqa.selenium.NoSuchWindowException" message="no such window: target window already closed
from unknown error: web view not found
  (Session info: chrome=65.0.3325.181)
  (Driver info: chromedriver=2.36.540470 (e522d04694c7ebea4ba8821272dbef4f9b818c91),platform=Windows NT 10.0.16299 x86_64) (WARNING: The server did not provide any stacktrace information)
Command duration or timeout: 16 milliseconds
Build info: version: &#039;3.0.1&#039;, revision: &#039;1969d75&#039;, time: &#039;2016-10-18 09:49:13 -0700&#039;
System info: host: &#039;Arvind-Susdiny&#039;, ip: &#039;192.168.1.34&#039;, os.name: &#039;Windows 10&#039;, os.arch: &#039;amd64&#039;, os.version: &#039;10.0&#039;, java.version: &#039;1.8.0_161&#039;
Driver info: org.openqa.selenium.chrome.ChromeDriver
Capabilities [{applicationCacheEnabled=false, rotatable=false, mobileEmulationEnabled=false, networkConnectionEnabled=false, chrome={chromedriverVersion=2.36.540470 (e522d04694c7ebea4ba8821272dbef4f9b818c91), userDataDir=C:\Users\vaps\AppData\Local\Temp\scoped_dir11128_15576}, takesHeapSnapshot=true, pageLoadStrategy=normal, databaseEnabled=false, handlesAlerts=true, hasTouchScreen=false, version=65.0.3325.181, platform=XP, browserConnectionEnabled=false, nativeEvents=true, acceptSslCerts=false, acceptInsecureCerts=false, locationContextEnabled=true, webStorageEnabled=true, browserName=chrome, takesScreenshot=true, javascriptEnabled=true, cssSelectorsEnabled=true, setWindowRect=true, unexpectedAlertBehaviour=}]
Session ID: 387fc2185e62e6c65b7799ed1c808535">
      <![CDATA[org.openqa.selenium.NoSuchWindowException: no such window: target window already closed
from unknown error: web view not found
  (Session info: chrome=65.0.3325.181)
  (Driver info: chromedriver=2.36.540470 (e522d04694c7ebea4ba8821272dbef4f9b818c91),platform=Windows NT 10.0.16299 x86_64) (WARNING: The server did not provide any stacktrace information)
Command duration or timeout: 16 milliseconds
Build info: version: '3.0.1', revision: '1969d75', time: '2016-10-18 09:49:13 -0700'
System info: host: 'Arvind-Susdiny', ip: '192.168.1.34', os.name: 'Windows 10', os.arch: 'amd64', os.version: '10.0', java.version: '1.8.0_161'
Driver info: org.openqa.selenium.chrome.ChromeDriver
Capabilities [{applicationCacheEnabled=false, rotatable=false, mobileEmulationEnabled=false, networkConnectionEnabled=false, chrome={chromedriverVersion=2.36.540470 (e522d04694c7ebea4ba8821272dbef4f9b818c91), userDataDir=C:\Users\vaps\AppData\Local\Temp\scoped_dir11128_15576}, takesHeapSnapshot=true, pageLoadStrategy=normal, databaseEnabled=false, handlesAlerts=true, hasTouchScreen=false, version=65.0.3325.181, platform=XP, browserConnectionEnabled=false, nativeEvents=true, acceptSslCerts=false, acceptInsecureCerts=false, locationContextEnabled=true, webStorageEnabled=true, browserName=chrome, takesScreenshot=true, javascriptEnabled=true, cssSelectorsEnabled=true, setWindowRect=true, unexpectedAlertBehaviour=}]
Session ID: 387fc2185e62e6c65b7799ed1c808535
	at sun.reflect.NativeConstructorAccessorImpl.newInstance0(Native Method)
	at sun.reflect.NativeConstructorAccessorImpl.newInstance(Unknown Source)
	at sun.reflect.DelegatingConstructorAccessorImpl.newInstance(Unknown Source)
	at java.lang.reflect.Constructor.newInstance(Unknown Source)
	at org.openqa.selenium.remote.ErrorHandler.createThrowable(ErrorHandler.java:216)
	at org.openqa.selenium.remote.ErrorHandler.throwIfResponseFailed(ErrorHandler.java:168)
	at org.openqa.selenium.remote.RemoteWebDriver.execute(RemoteWebDriver.java:635)
	at org.openqa.selenium.remote.RemoteWebDriver.execute(RemoteWebDriver.java:658)
	at org.openqa.selenium.remote.RemoteWebDriver.getScreenshotAs(RemoteWebDriver.java:340)
	at com.test.automation.uiAutomation.testBase.TestBase.getScreenShot(TestBase.java:197)
	at com.test.automation.uiAutomation.Fee.TC_Masters.Tc_Masters_Fee_Group_MasterGroup.tcEdit_MasterFeeGroup(Tc_Masters_Fee_Group_MasterGroup.java:343)
	at sun.reflect.NativeMethodAccessorImpl.invoke0(Native Method)
	at sun.reflect.NativeMethodAccessorImpl.invoke(Unknown Source)
	at sun.reflect.DelegatingMethodAccessorImpl.invoke(Unknown Source)
	at java.lang.reflect.Method.invoke(Unknown Source)
	at org.testng.internal.MethodInvocationHelper.invokeMethod(MethodInvocationHelper.java:104)
	at org.testng.internal.Invoker.invokeMethod(Invoker.java:645)
	at org.testng.internal.Invoker.retryFailed(Invoker.java:998)
	at org.testng.internal.Invoker.invokeTestMethods(Invoker.java:1200)
	at org.testng.internal.TestMethodWorker.invokeTestMethods(TestMethodWorker.java:129)
	at org.testng.internal.TestMethodWorker.run(TestMethodWorker.java:112)
	at org.testng.TestRunner.privateRun(TestRunner.java:756)
	at org.testng.TestRunner.run(TestRunner.java:610)
	at org.testng.SuiteRunner.runTest(SuiteRunner.java:387)
	at org.testng.SuiteRunner.runSequentially(SuiteRunner.java:382)
	at org.testng.SuiteRunner.privateRun(SuiteRunner.java:340)
	at org.testng.SuiteRunner.run(SuiteRunner.java:289)
	at org.testng.SuiteRunnerWorker.runSuite(SuiteRunnerWorker.java:52)
	at org.testng.SuiteRunnerWorker.run(SuiteRunnerWorker.java:86)
	at org.testng.TestNG.runSuitesSequentially(TestNG.java:1293)
	at org.testng.TestNG.runSuitesLocally(TestNG.java:1218)
	at org.testng.TestNG.runSuites(TestNG.java:1133)
	at org.testng.TestNG.run(TestNG.java:1104)
	at org.testng.remote.AbstractRemoteTestNG.run(AbstractRemoteTestNG.java:132)
	at org.testng.remote.RemoteTestNG.initAndRun(RemoteTestNG.java:230)
	at org.testng.remote.RemoteTestNG.main(RemoteTestNG.java:76)
]]>
    </error>
  </testcase> <!-- tcEdit_MasterFeeGroup -->
  <testcase name="tcYesDeleteOrDeactivateOrActivateIt_deactivate" time="0.000" classname="com.test.automation.uiAutomation.Fee.TC_Masters.Tc_Masters_Fee_Group_MasterGroup">
    <skipped/>
  </testcase> <!-- tcYesDeleteOrDeactivateOrActivateIt_deactivate -->
  <testcase name="tcSearchBy_FeeGroup_MasterFeeGrNameInGrid_ForActivate" time="0.000" classname="com.test.automation.uiAutomation.Fee.TC_Masters.Tc_Masters_Fee_Group_MasterGroup">
    <skipped/>
  </testcase> <!-- tcSearchBy_FeeGroup_MasterFeeGrNameInGrid_ForActivate -->
  <testcase name="tcVerifyMasterFeeGroup_UpdatedInGrid" time="0.000" classname="com.test.automation.uiAutomation.Fee.TC_Masters.Tc_Masters_Fee_Group_MasterGroup">
    <error type="java.lang.NullPointerException">
      <![CDATA[java.lang.NullPointerException
	at com.test.automation.uiAutomation.Fee.TC_Masters.Tc_Masters_Fee_Group_MasterGroup.tcVerifyMasterFeeGroup_UpdatedInGrid(Tc_Masters_Fee_Group_MasterGroup.java:315)
	at sun.reflect.NativeMethodAccessorImpl.invoke0(Native Method)
	at sun.reflect.NativeMethodAccessorImpl.invoke(Unknown Source)
	at sun.reflect.DelegatingMethodAccessorImpl.invoke(Unknown Source)
	at java.lang.reflect.Method.invoke(Unknown Source)
	at org.testng.internal.MethodInvocationHelper.invokeMethod(MethodInvocationHelper.java:104)
	at org.testng.internal.Invoker.invokeMethod(Invoker.java:645)
	at org.testng.internal.Invoker.retryFailed(Invoker.java:998)
	at org.testng.internal.Invoker.invokeTestMethods(Invoker.java:1200)
	at org.testng.internal.TestMethodWorker.invokeTestMethods(TestMethodWorker.java:129)
	at org.testng.internal.TestMethodWorker.run(TestMethodWorker.java:112)
	at org.testng.TestRunner.privateRun(TestRunner.java:756)
	at org.testng.TestRunner.run(TestRunner.java:610)
	at org.testng.SuiteRunner.runTest(SuiteRunner.java:387)
	at org.testng.SuiteRunner.runSequentially(SuiteRunner.java:382)
	at org.testng.SuiteRunner.privateRun(SuiteRunner.java:340)
	at org.testng.SuiteRunner.run(SuiteRunner.java:289)
	at org.testng.SuiteRunnerWorker.runSuite(SuiteRunnerWorker.java:52)
	at org.testng.SuiteRunnerWorker.run(SuiteRunnerWorker.java:86)
	at org.testng.TestNG.runSuitesSequentially(TestNG.java:1293)
	at org.testng.TestNG.runSuitesLocally(TestNG.java:1218)
	at org.testng.TestNG.runSuites(TestNG.java:1133)
	at org.testng.TestNG.run(TestNG.java:1104)
	at org.testng.remote.AbstractRemoteTestNG.run(AbstractRemoteTestNG.java:132)
	at org.testng.remote.RemoteTestNG.initAndRun(RemoteTestNG.java:230)
	at org.testng.remote.RemoteTestNG.main(RemoteTestNG.java:76)
]]>
    </error>
  </testcase> <!-- tcVerifyMasterFeeGroup_UpdatedInGrid -->
  <testcase name="tcSearchBy_FeeGroup_MasterFeeGrNameInGrid" time="0.000" classname="com.test.automation.uiAutomation.Fee.TC_Masters.Tc_Masters_Fee_Group_MasterGroup">
    <skipped/>
  </testcase> <!-- tcSearchBy_FeeGroup_MasterFeeGrNameInGrid -->
  <testcase name="tcSearchBy_FeeGroup_MasterFeeGrNameInGrid_ForActivate" time="0.000" classname="com.test.automation.uiAutomation.Fee.TC_Masters.Tc_Masters_Fee_Group_MasterGroup">
    <skipped/>
  </testcase> <!-- tcSearchBy_FeeGroup_MasterFeeGrNameInGrid_ForActivate -->
  <testcase name="tcClickOnOkSuccessButton_Edit" time="0.000" classname="com.test.automation.uiAutomation.Fee.TC_Masters.Tc_Masters_Fee_Group_MasterGroup">
    <skipped/>
  </testcase> <!-- tcClickOnOkSuccessButton_Edit -->
  <testcase name="tcClickOnOkSuccessButton_activate" time="0.000" classname="com.test.automation.uiAutomation.Fee.TC_Masters.Tc_Masters_Fee_Group_MasterGroup">
    <skipped/>
  </testcase> <!-- tcClickOnOkSuccessButton_activate -->
  <testcase name="tcSearchBy_FeeGroup_MasterFeeGrNameInGrid" time="0.000" classname="com.test.automation.uiAutomation.Fee.TC_Masters.Tc_Masters_Fee_Group_MasterGroup">
    <error type="java.lang.NullPointerException">
      <![CDATA[java.lang.NullPointerException
	at com.test.automation.uiAutomation.Fee.TC_Masters.Tc_Masters_Fee_Group_MasterGroup.tcSearchBy_FeeGroup_MasterFeeGrNameInGrid(Tc_Masters_Fee_Group_MasterGroup.java:297)
	at sun.reflect.NativeMethodAccessorImpl.invoke0(Native Method)
	at sun.reflect.NativeMethodAccessorImpl.invoke(Unknown Source)
	at sun.reflect.DelegatingMethodAccessorImpl.invoke(Unknown Source)
	at java.lang.reflect.Method.invoke(Unknown Source)
	at org.testng.internal.MethodInvocationHelper.invokeMethod(MethodInvocationHelper.java:104)
	at org.testng.internal.Invoker.invokeMethod(Invoker.java:645)
	at org.testng.internal.Invoker.retryFailed(Invoker.java:998)
	at org.testng.internal.Invoker.invokeTestMethods(Invoker.java:1200)
	at org.testng.internal.TestMethodWorker.invokeTestMethods(TestMethodWorker.java:129)
	at org.testng.internal.TestMethodWorker.run(TestMethodWorker.java:112)
	at org.testng.TestRunner.privateRun(TestRunner.java:756)
	at org.testng.TestRunner.run(TestRunner.java:610)
	at org.testng.SuiteRunner.runTest(SuiteRunner.java:387)
	at org.testng.SuiteRunner.runSequentially(SuiteRunner.java:382)
	at org.testng.SuiteRunner.privateRun(SuiteRunner.java:340)
	at org.testng.SuiteRunner.run(SuiteRunner.java:289)
	at org.testng.SuiteRunnerWorker.runSuite(SuiteRunnerWorker.java:52)
	at org.testng.SuiteRunnerWorker.run(SuiteRunnerWorker.java:86)
	at org.testng.TestNG.runSuitesSequentially(TestNG.java:1293)
	at org.testng.TestNG.runSuitesLocally(TestNG.java:1218)
	at org.testng.TestNG.runSuites(TestNG.java:1133)
	at org.testng.TestNG.run(TestNG.java:1104)
	at org.testng.remote.AbstractRemoteTestNG.run(AbstractRemoteTestNG.java:132)
	at org.testng.remote.RemoteTestNG.initAndRun(RemoteTestNG.java:230)
	at org.testng.remote.RemoteTestNG.main(RemoteTestNG.java:76)
]]>
    </error>
  </testcase> <!-- tcSearchBy_FeeGroup_MasterFeeGrNameInGrid -->
  <testcase name="tcClickOnCancelButton_activate" time="0.000" classname="com.test.automation.uiAutomation.Fee.TC_Masters.Tc_Masters_Fee_Group_MasterGroup">
    <skipped/>
  </testcase> <!-- tcClickOnCancelButton_activate -->
  <testcase name="tcVerifyFeeGroupPage" time="2.339" classname="com.test.automation.uiAutomation.Fee.TC_Masters.Tc_Masters_Fee_Group_MasterGroup"/>
  <testcase name="loginToappWithrequiredCredentials" time="0.001" classname="com.test.automation.uiAutomation.Fee.TC_Masters.Tc_Masters_Fee_Group_MasterGroup">
    <skipped/>
  </testcase> <!-- loginToappWithrequiredCredentials -->
  <testcase name="tcYesDeleteOrDeactivateOrActivateIt_Activate" time="0.000" classname="com.test.automation.uiAutomation.Fee.TC_Masters.Tc_Masters_Fee_Group_MasterGroup">
    <skipped/>
  </testcase> <!-- tcYesDeleteOrDeactivateOrActivateIt_Activate -->
  <testcase name="tcMinimize_MasterFeeGroup" time="0.344" classname="com.test.automation.uiAutomation.Fee.TC_Masters.Tc_Masters_Fee_Group_MasterGroup"/>
  <testcase name="tcSearchBy_FeeGroup_MasterFeeGrNameInGrid_ForDeactivate_AfterCancel" time="0.000" classname="com.test.automation.uiAutomation.Fee.TC_Masters.Tc_Masters_Fee_Group_MasterGroup">
    <skipped/>
  </testcase> <!-- tcSearchBy_FeeGroup_MasterFeeGrNameInGrid_ForDeactivate_AfterCancel -->
  <testcase name="tcSearchBy_FeeGroup_MasterFeeGrNameInGrid" time="0.001" classname="com.test.automation.uiAutomation.Fee.TC_Masters.Tc_Masters_Fee_Group_MasterGroup">
    <skipped/>
  </testcase> <!-- tcSearchBy_FeeGroup_MasterFeeGrNameInGrid -->
  <testcase name="tcFill_FeeGroup_MasterGroupForm_AfterCancel" time="0.064" classname="com.test.automation.uiAutomation.Fee.TC_Masters.Tc_Masters_Fee_Group_MasterGroup">
    <error type="org.testng.internal.reflect.MethodMatcherException" message="
Data provider mismatch
Method: tcFill_FeeGroup_MasterGroupForm_AfterCancel([Parameter{index=0, type=java.lang.String, declaredAnnotations=[]}, Parameter{index=1, type=java.lang.String, declaredAnnotations=[]}, Parameter{index=2, type=java.lang.String, declaredAnnotations=[]}, Parameter{index=3, type=java.lang.String, declaredAnnotations=[]}])
Arguments: [(java.lang.String)prasad,(java.lang.String)Compulsory,(java.lang.String)something,(java.lang.String)Y,(java.lang.String)false]">
      <![CDATA[org.testng.internal.reflect.MethodMatcherException: 
Data provider mismatch
Method: tcFill_FeeGroup_MasterGroupForm_AfterCancel([Parameter{index=0, type=java.lang.String, declaredAnnotations=[]}, Parameter{index=1, type=java.lang.String, declaredAnnotations=[]}, Parameter{index=2, type=java.lang.String, declaredAnnotations=[]}, Parameter{index=3, type=java.lang.String, declaredAnnotations=[]}])
Arguments: [(java.lang.String)prasad,(java.lang.String)Compulsory,(java.lang.String)something,(java.lang.String)Y,(java.lang.String)false]
	at org.testng.internal.reflect.DataProviderMethodMatcher.getConformingArguments(DataProviderMethodMatcher.java:52)
	at org.testng.internal.Invoker.injectParameters(Invoker.java:1278)
	at org.testng.internal.Invoker.invokeTestMethods(Invoker.java:1171)
	at org.testng.internal.TestMethodWorker.invokeTestMethods(TestMethodWorker.java:129)
	at org.testng.internal.TestMethodWorker.run(TestMethodWorker.java:112)
	at org.testng.TestRunner.privateRun(TestRunner.java:756)
	at org.testng.TestRunner.run(TestRunner.java:610)
	at org.testng.SuiteRunner.runTest(SuiteRunner.java:387)
	at org.testng.SuiteRunner.runSequentially(SuiteRunner.java:382)
	at org.testng.SuiteRunner.privateRun(SuiteRunner.java:340)
	at org.testng.SuiteRunner.run(SuiteRunner.java:289)
	at org.testng.SuiteRunnerWorker.runSuite(SuiteRunnerWorker.java:52)
	at org.testng.SuiteRunnerWorker.run(SuiteRunnerWorker.java:86)
	at org.testng.TestNG.runSuitesSequentially(TestNG.java:1293)
	at org.testng.TestNG.runSuitesLocally(TestNG.java:1218)
	at org.testng.TestNG.runSuites(TestNG.java:1133)
	at org.testng.TestNG.run(TestNG.java:1104)
	at org.testng.remote.AbstractRemoteTestNG.run(AbstractRemoteTestNG.java:132)
	at org.testng.remote.RemoteTestNG.initAndRun(RemoteTestNG.java:230)
	at org.testng.remote.RemoteTestNG.main(RemoteTestNG.java:76)
]]>
    </error>
  </testcase> <!-- tcFill_FeeGroup_MasterGroupForm_AfterCancel -->
  <testcase name="tcClickOnSaveButton_MasterGroup_ToSublitBlankForm" time="0.368" classname="com.test.automation.uiAutomation.Fee.TC_Masters.Tc_Masters_Fee_Group_MasterGroup"/>
  <testcase name="tcActivationOfCreatedFeeGroup_MasterGroup_AfterCancel" time="0.000" classname="com.test.automation.uiAutomation.Fee.TC_Masters.Tc_Masters_Fee_Group_MasterGroup">
    <skipped/>
  </testcase> <!-- tcActivationOfCreatedFeeGroup_MasterGroup_AfterCancel -->
  <testcase name="loginToappWithrequiredCredentials" time="0.000" classname="com.test.automation.uiAutomation.Fee.TC_Masters.Tc_Masters_Fee_Group_MasterGroup">
    <skipped/>
  </testcase> <!-- loginToappWithrequiredCredentials -->
</testsuite> <!-- com.test.automation.uiAutomation.Fee.TC_Masters.Tc_Masters_Fee_Group_MasterGroup -->
