<?xml version="1.0" encoding="UTF-8"?>
<!-- Generated by org.testng.reporters.JUnitReportReporter -->
<testsuite name="com.test.automation.uiAutomation.admission.TC_Masters_Master_ClassCategoryMapping" tests="41" time="74.873" ignored="0" failures="0" timestamp="31 Jan 2018 11:06:36 GMT" skipped="29" hostname="DESKTOP-DISLHD4" errors="2">
  <testcase name="tcSearchWithClassCategoryNameInTheGrid_ForDeactivate_AfterCancel" time="0.003" classname="com.test.automation.uiAutomation.admission.TC_Masters_Master_ClassCategoryMapping">
    <skipped/>
  </testcase> <!-- tcSearchWithClassCategoryNameInTheGrid_ForDeactivate_AfterCancel -->
  <testcase name="tcSubmitFilledMasterClassCategoryMapForm_Edit" time="0.000" classname="com.test.automation.uiAutomation.admission.TC_Masters_Master_ClassCategoryMapping">
    <skipped/>
  </testcase> <!-- tcSubmitFilledMasterClassCategoryMapForm_Edit -->
  <testcase name="tcMinimizeMasterClassCategoryList" time="10.126" classname="com.test.automation.uiAutomation.admission.TC_Masters_Master_ClassCategoryMapping">
    <error type="org.openqa.selenium.WebDriverException" message="chrome not reachable
  (Session info: chrome=63.0.3239.132)
  (Driver info: chromedriver=2.33.506120 (e3e53437346286c0bc2d2dc9aa4915ba81d9023f),platform=Windows NT 10.0.16299 x86_64) (WARNING: The server did not provide any stacktrace information)
Command duration or timeout: 4.01 seconds
Build info: version: &#039;3.0.1&#039;, revision: &#039;1969d75&#039;, time: &#039;2016-10-18 09:49:13 -0700&#039;
System info: host: &#039;DESKTOP-DISLHD4&#039;, ip: &#039;192.168.1.24&#039;, os.name: &#039;Windows 10&#039;, os.arch: &#039;amd64&#039;, os.version: &#039;10.0&#039;, java.version: &#039;1.8.0_161&#039;
Driver info: org.openqa.selenium.chrome.ChromeDriver
Capabilities [{applicationCacheEnabled=false, rotatable=false, mobileEmulationEnabled=false, networkConnectionEnabled=false, chrome={chromedriverVersion=2.33.506120 (e3e53437346286c0bc2d2dc9aa4915ba81d9023f), userDataDir=C:\Users\vaps\AppData\Local\Temp\scoped_dir7848_30485}, takesHeapSnapshot=true, pageLoadStrategy=normal, databaseEnabled=false, handlesAlerts=true, hasTouchScreen=false, version=63.0.3239.132, platform=XP, browserConnectionEnabled=false, nativeEvents=true, acceptSslCerts=true, locationContextEnabled=true, webStorageEnabled=true, browserName=chrome, takesScreenshot=true, javascriptEnabled=true, cssSelectorsEnabled=true, setWindowRect=true, unexpectedAlertBehaviour=}]
Session ID: 181c65f370d4d89e78b493058cd2e8ab">
      <![CDATA[org.openqa.selenium.WebDriverException: chrome not reachable
  (Session info: chrome=63.0.3239.132)
  (Driver info: chromedriver=2.33.506120 (e3e53437346286c0bc2d2dc9aa4915ba81d9023f),platform=Windows NT 10.0.16299 x86_64) (WARNING: The server did not provide any stacktrace information)
Command duration or timeout: 4.01 seconds
Build info: version: '3.0.1', revision: '1969d75', time: '2016-10-18 09:49:13 -0700'
System info: host: 'DESKTOP-DISLHD4', ip: '192.168.1.24', os.name: 'Windows 10', os.arch: 'amd64', os.version: '10.0', java.version: '1.8.0_161'
Driver info: org.openqa.selenium.chrome.ChromeDriver
Capabilities [{applicationCacheEnabled=false, rotatable=false, mobileEmulationEnabled=false, networkConnectionEnabled=false, chrome={chromedriverVersion=2.33.506120 (e3e53437346286c0bc2d2dc9aa4915ba81d9023f), userDataDir=C:\Users\vaps\AppData\Local\Temp\scoped_dir7848_30485}, takesHeapSnapshot=true, pageLoadStrategy=normal, databaseEnabled=false, handlesAlerts=true, hasTouchScreen=false, version=63.0.3239.132, platform=XP, browserConnectionEnabled=false, nativeEvents=true, acceptSslCerts=true, locationContextEnabled=true, webStorageEnabled=true, browserName=chrome, takesScreenshot=true, javascriptEnabled=true, cssSelectorsEnabled=true, setWindowRect=true, unexpectedAlertBehaviour=}]
Session ID: 181c65f370d4d89e78b493058cd2e8ab
	at sun.reflect.NativeConstructorAccessorImpl.newInstance0(Native Method)
	at sun.reflect.NativeConstructorAccessorImpl.newInstance(Unknown Source)
	at sun.reflect.DelegatingConstructorAccessorImpl.newInstance(Unknown Source)
	at java.lang.reflect.Constructor.newInstance(Unknown Source)
	at org.openqa.selenium.remote.ErrorHandler.createThrowable(ErrorHandler.java:216)
	at org.openqa.selenium.remote.ErrorHandler.throwIfResponseFailed(ErrorHandler.java:168)
	at org.openqa.selenium.remote.RemoteWebDriver.execute(RemoteWebDriver.java:635)
	at org.openqa.selenium.remote.RemoteWebDriver.execute(RemoteWebDriver.java:658)
	at org.openqa.selenium.remote.RemoteWebDriver.getScreenshotAs(RemoteWebDriver.java:340)
	at com.test.automation.uiAutomation.testBase.TestBase.getScreenShot(TestBase.java:198)
	at com.test.automation.uiAutomation.admission.TC_Masters_Master_ClassCategoryMapping.tcMinimizeMasterClassCategoryList(TC_Masters_Master_ClassCategoryMapping.java:231)
	at sun.reflect.NativeMethodAccessorImpl.invoke0(Native Method)
	at sun.reflect.NativeMethodAccessorImpl.invoke(Unknown Source)
	at sun.reflect.DelegatingMethodAccessorImpl.invoke(Unknown Source)
	at java.lang.reflect.Method.invoke(Unknown Source)
	at org.testng.internal.MethodInvocationHelper.invokeMethod(MethodInvocationHelper.java:104)
	at org.testng.internal.Invoker.invokeMethod(Invoker.java:645)
	at org.testng.internal.Invoker.invokeTestMethod(Invoker.java:851)
	at org.testng.internal.Invoker.invokeTestMethods(Invoker.java:1177)
	at org.testng.internal.TestMethodWorker.invokeTestMethods(TestMethodWorker.java:129)
	at org.testng.internal.TestMethodWorker.run(TestMethodWorker.java:112)
	at org.testng.TestRunner.privateRun(TestRunner.java:756)
	at org.testng.TestRunner.run(TestRunner.java:610)
	at org.testng.SuiteRunner.runTest(SuiteRunner.java:387)
	at org.testng.SuiteRunner.runSequentially(SuiteRunner.java:382)
	at org.testng.SuiteRunner.privateRun(SuiteRunner.java:340)
	at org.testng.SuiteRunner.run(SuiteRunner.java:289)
	at org.testng.SuiteRunnerWorker.runSuite(SuiteRunnerWorker.java:52)
	at org.testng.SuiteRunnerWorker.run(SuiteRunnerWorker.java:86)
	at org.testng.TestNG.runSuitesSequentially(TestNG.java:1293)
	at org.testng.TestNG.runSuitesLocally(TestNG.java:1218)
	at org.testng.TestNG.runSuites(TestNG.java:1133)
	at org.testng.TestNG.run(TestNG.java:1104)
	at org.testng.remote.AbstractRemoteTestNG.run(AbstractRemoteTestNG.java:132)
	at org.testng.remote.RemoteTestNG.initAndRun(RemoteTestNG.java:230)
	at org.testng.remote.RemoteTestNG.main(RemoteTestNG.java:76)
]]>
    </error>
  </testcase> <!-- tcMinimizeMasterClassCategoryList -->
  <testcase name="tcClickOnOkSuccessButton_Edit" time="0.001" classname="com.test.automation.uiAutomation.admission.TC_Masters_Master_ClassCategoryMapping">
    <skipped/>
  </testcase> <!-- tcClickOnOkSuccessButton_Edit -->
  <testcase name="tcNavigateToAdmission_Masters_MasterClassCategoryMapping_BGHS" time="2.692" classname="com.test.automation.uiAutomation.admission.TC_Masters_Master_ClassCategoryMapping"/>
  <testcase name="tcYesDeleteOrDeactivateOrActivateIt_Activate" time="0.002" classname="com.test.automation.uiAutomation.admission.TC_Masters_Master_ClassCategoryMapping">
    <skipped/>
  </testcase> <!-- tcYesDeleteOrDeactivateOrActivateIt_Activate -->
  <testcase name="tcVerifyClassCategoryNameInTheGrid" time="0.002" classname="com.test.automation.uiAutomation.admission.TC_Masters_Master_ClassCategoryMapping">
    <skipped/>
  </testcase> <!-- tcVerifyClassCategoryNameInTheGrid -->
  <testcase name="tcActivateMasterClassCategory" time="0.000" classname="com.test.automation.uiAutomation.admission.TC_Masters_Master_ClassCategoryMapping">
    <skipped/>
  </testcase> <!-- tcActivateMasterClassCategory -->
  <testcase name="tcSubmitFilledMasterClassCategoryMapForm" time="0.000" classname="com.test.automation.uiAutomation.admission.TC_Masters_Master_ClassCategoryMapping">
    <skipped/>
  </testcase> <!-- tcSubmitFilledMasterClassCategoryMapForm -->
  <testcase name="tcDeactivateMasterClassCategory_AfterCancel" time="0.000" classname="com.test.automation.uiAutomation.admission.TC_Masters_Master_ClassCategoryMapping">
    <skipped/>
  </testcase> <!-- tcDeactivateMasterClassCategory_AfterCancel -->
  <testcase name="tcHomeButtonValidation" time="6.614" classname="com.test.automation.uiAutomation.admission.TC_Masters_Master_ClassCategoryMapping"/>
  <testcase name="tcVerifyMasters_MasterClassCategoryMap_BGHSPage" time="1.349" classname="com.test.automation.uiAutomation.admission.TC_Masters_Master_ClassCategoryMapping"/>
  <testcase name="loginToappWithrequiredCredentials" time="0.001" classname="com.test.automation.uiAutomation.admission.TC_Masters_Master_ClassCategoryMapping">
    <skipped/>
  </testcase> <!-- loginToappWithrequiredCredentials -->
  <testcase name="tcSearchWithClassCategoryNameInTheGrid_ForActivate" time="0.001" classname="com.test.automation.uiAutomation.admission.TC_Masters_Master_ClassCategoryMapping">
    <skipped/>
  </testcase> <!-- tcSearchWithClassCategoryNameInTheGrid_ForActivate -->
  <testcase name="tcSearchWithClassCategoryNameInTheGrid_ForActivate_AfterCancel" time="0.002" classname="com.test.automation.uiAutomation.admission.TC_Masters_Master_ClassCategoryMapping">
    <skipped/>
  </testcase> <!-- tcSearchWithClassCategoryNameInTheGrid_ForActivate_AfterCancel -->
  <testcase name="loginToappWithrequiredCredentials" time="0.001" classname="com.test.automation.uiAutomation.admission.TC_Masters_Master_ClassCategoryMapping">
    <skipped/>
  </testcase> <!-- loginToappWithrequiredCredentials -->
  <testcase name="tcSortByClassCategoryName" time="3.668" classname="com.test.automation.uiAutomation.admission.TC_Masters_Master_ClassCategoryMapping"/>
  <testcase name="tcSearchWithClassCategoryNameInTheGrid_ForDeactivate" time="0.000" classname="com.test.automation.uiAutomation.admission.TC_Masters_Master_ClassCategoryMapping">
    <skipped/>
  </testcase> <!-- tcSearchWithClassCategoryNameInTheGrid_ForDeactivate -->
  <testcase name="tcClickOnOkSuccessButton_activate" time="0.000" classname="com.test.automation.uiAutomation.admission.TC_Masters_Master_ClassCategoryMapping">
    <skipped/>
  </testcase> <!-- tcClickOnOkSuccessButton_activate -->
  <testcase name="loginToappWithrequiredCredentials" time="0.000" classname="com.test.automation.uiAutomation.admission.TC_Masters_Master_ClassCategoryMapping">
    <skipped/>
  </testcase> <!-- loginToappWithrequiredCredentials -->
  <testcase name="tcMinimizeMasterClassCategory" time="2.401" classname="com.test.automation.uiAutomation.admission.TC_Masters_Master_ClassCategoryMapping"/>
  <testcase name="tcDeactivateMasterClassCategory" time="0.000" classname="com.test.automation.uiAutomation.admission.TC_Masters_Master_ClassCategoryMapping">
    <skipped/>
  </testcase> <!-- tcDeactivateMasterClassCategory -->
  <testcase name="tcEnterMasterClassCategoryMappingFormData" time="7.568" classname="com.test.automation.uiAutomation.admission.TC_Masters_Master_ClassCategoryMapping"/>
  <testcase name="tcClickOnOkSuccessButton_deactivate" time="0.000" classname="com.test.automation.uiAutomation.admission.TC_Masters_Master_ClassCategoryMapping">
    <skipped/>
  </testcase> <!-- tcClickOnOkSuccessButton_deactivate -->
  <testcase name="loginToappWithrequiredCredentials" time="0.002" classname="com.test.automation.uiAutomation.admission.TC_Masters_Master_ClassCategoryMapping">
    <skipped/>
  </testcase> <!-- loginToappWithrequiredCredentials -->
  <testcase name="tcClickOnOkSuccessButton_activateCancel" time="0.000" classname="com.test.automation.uiAutomation.admission.TC_Masters_Master_ClassCategoryMapping">
    <skipped/>
  </testcase> <!-- tcClickOnOkSuccessButton_activateCancel -->
  <testcase name="tcClickOnOkSuccessButton_deactivateCancel" time="0.001" classname="com.test.automation.uiAutomation.admission.TC_Masters_Master_ClassCategoryMapping">
    <skipped/>
  </testcase> <!-- tcClickOnOkSuccessButton_deactivateCancel -->
  <testcase name="tcEnterMasterClassCategoryMappingFormData_AfterClear" time="0.001" classname="com.test.automation.uiAutomation.admission.TC_Masters_Master_ClassCategoryMapping">
    <skipped/>
  </testcase> <!-- tcEnterMasterClassCategoryMappingFormData_AfterClear -->
  <testcase name="tcYesDeleteOrDeactivateOrActivateIt_deactivate" time="0.001" classname="com.test.automation.uiAutomation.admission.TC_Masters_Master_ClassCategoryMapping">
    <skipped/>
  </testcase> <!-- tcYesDeleteOrDeactivateOrActivateIt_deactivate -->
  <testcase name="tcSearchWithClassCategoryNameInTheGrid" time="0.001" classname="com.test.automation.uiAutomation.admission.TC_Masters_Master_ClassCategoryMapping">
    <skipped/>
  </testcase> <!-- tcSearchWithClassCategoryNameInTheGrid -->
  <testcase name="tcClickOnCancelButton_deactivate" time="0.001" classname="com.test.automation.uiAutomation.admission.TC_Masters_Master_ClassCategoryMapping">
    <skipped/>
  </testcase> <!-- tcClickOnCancelButton_deactivate -->
  <testcase name="tcClearMasterClassCategoryMappingInfoData" time="15.541" classname="com.test.automation.uiAutomation.admission.TC_Masters_Master_ClassCategoryMapping"/>
  <testcase name="tcClickOnOkSuccessButton" time="0.001" classname="com.test.automation.uiAutomation.admission.TC_Masters_Master_ClassCategoryMapping">
    <skipped/>
  </testcase> <!-- tcClickOnOkSuccessButton -->
  <testcase name="tcClickOnCancelButton_activate" time="0.000" classname="com.test.automation.uiAutomation.admission.TC_Masters_Master_ClassCategoryMapping">
    <skipped/>
  </testcase> <!-- tcClickOnCancelButton_activate -->
  <testcase name="tcActivateMasterClassCategory_AfterCancel" time="0.000" classname="com.test.automation.uiAutomation.admission.TC_Masters_Master_ClassCategoryMapping">
    <skipped/>
  </testcase> <!-- tcActivateMasterClassCategory_AfterCancel -->
  <testcase name="tcSubmitBlankMasterClassCategoryMapForm" time="2.448" classname="com.test.automation.uiAutomation.admission.TC_Masters_Master_ClassCategoryMapping"/>
  <testcase name="tcEditMasterClassCategory" time="0.000" classname="com.test.automation.uiAutomation.admission.TC_Masters_Master_ClassCategoryMapping">
    <skipped/>
  </testcase> <!-- tcEditMasterClassCategory -->
  <testcase name="tcMaximizeMasterClassCategoryList" time="0.001" classname="com.test.automation.uiAutomation.admission.TC_Masters_Master_ClassCategoryMapping">
    <skipped/>
  </testcase> <!-- tcMaximizeMasterClassCategoryList -->
  <testcase name="afterMethod" time="0.000" classname="com.test.automation.uiAutomation.admission.TC_Masters_Master_ClassCategoryMapping">
    <error type="org.openqa.selenium.WebDriverException" message="chrome not reachable
  (Session info: chrome=63.0.3239.132)
  (Driver info: chromedriver=2.33.506120 (e3e53437346286c0bc2d2dc9aa4915ba81d9023f),platform=Windows NT 10.0.16299 x86_64) (WARNING: The server did not provide any stacktrace information)
Command duration or timeout: 4.01 seconds
Build info: version: &#039;3.0.1&#039;, revision: &#039;1969d75&#039;, time: &#039;2016-10-18 09:49:13 -0700&#039;
System info: host: &#039;DESKTOP-DISLHD4&#039;, ip: &#039;192.168.1.24&#039;, os.name: &#039;Windows 10&#039;, os.arch: &#039;amd64&#039;, os.version: &#039;10.0&#039;, java.version: &#039;1.8.0_161&#039;
Driver info: org.openqa.selenium.chrome.ChromeDriver
Capabilities [{applicationCacheEnabled=false, rotatable=false, mobileEmulationEnabled=false, networkConnectionEnabled=false, chrome={chromedriverVersion=2.33.506120 (e3e53437346286c0bc2d2dc9aa4915ba81d9023f), userDataDir=C:\Users\vaps\AppData\Local\Temp\scoped_dir7848_30485}, takesHeapSnapshot=true, pageLoadStrategy=normal, databaseEnabled=false, handlesAlerts=true, hasTouchScreen=false, version=63.0.3239.132, platform=XP, browserConnectionEnabled=false, nativeEvents=true, acceptSslCerts=true, locationContextEnabled=true, webStorageEnabled=true, browserName=chrome, takesScreenshot=true, javascriptEnabled=true, cssSelectorsEnabled=true, setWindowRect=true, unexpectedAlertBehaviour=}]
Session ID: 181c65f370d4d89e78b493058cd2e8ab">
      <![CDATA[org.openqa.selenium.WebDriverException: chrome not reachable
  (Session info: chrome=63.0.3239.132)
  (Driver info: chromedriver=2.33.506120 (e3e53437346286c0bc2d2dc9aa4915ba81d9023f),platform=Windows NT 10.0.16299 x86_64) (WARNING: The server did not provide any stacktrace information)
Command duration or timeout: 4.01 seconds
Build info: version: '3.0.1', revision: '1969d75', time: '2016-10-18 09:49:13 -0700'
System info: host: 'DESKTOP-DISLHD4', ip: '192.168.1.24', os.name: 'Windows 10', os.arch: 'amd64', os.version: '10.0', java.version: '1.8.0_161'
Driver info: org.openqa.selenium.chrome.ChromeDriver
Capabilities [{applicationCacheEnabled=false, rotatable=false, mobileEmulationEnabled=false, networkConnectionEnabled=false, chrome={chromedriverVersion=2.33.506120 (e3e53437346286c0bc2d2dc9aa4915ba81d9023f), userDataDir=C:\Users\vaps\AppData\Local\Temp\scoped_dir7848_30485}, takesHeapSnapshot=true, pageLoadStrategy=normal, databaseEnabled=false, handlesAlerts=true, hasTouchScreen=false, version=63.0.3239.132, platform=XP, browserConnectionEnabled=false, nativeEvents=true, acceptSslCerts=true, locationContextEnabled=true, webStorageEnabled=true, browserName=chrome, takesScreenshot=true, javascriptEnabled=true, cssSelectorsEnabled=true, setWindowRect=true, unexpectedAlertBehaviour=}]
Session ID: 181c65f370d4d89e78b493058cd2e8ab
	at sun.reflect.NativeConstructorAccessorImpl.newInstance0(Native Method)
	at sun.reflect.NativeConstructorAccessorImpl.newInstance(Unknown Source)
	at sun.reflect.DelegatingConstructorAccessorImpl.newInstance(Unknown Source)
	at java.lang.reflect.Constructor.newInstance(Unknown Source)
	at org.openqa.selenium.remote.ErrorHandler.createThrowable(ErrorHandler.java:216)
	at org.openqa.selenium.remote.ErrorHandler.throwIfResponseFailed(ErrorHandler.java:168)
	at org.openqa.selenium.remote.RemoteWebDriver.execute(RemoteWebDriver.java:635)
	at org.openqa.selenium.remote.RemoteWebDriver.execute(RemoteWebDriver.java:658)
	at org.openqa.selenium.remote.RemoteWebDriver.getScreenshotAs(RemoteWebDriver.java:340)
	at com.test.automation.uiAutomation.testBase.TestBase.captureScreen(TestBase.java:274)
	at com.test.automation.uiAutomation.testBase.TestBase.getresult(TestBase.java:303)
	at com.test.automation.uiAutomation.testBase.TestBase.afterMethod(TestBase.java:312)
	at sun.reflect.NativeMethodAccessorImpl.invoke0(Native Method)
	at sun.reflect.NativeMethodAccessorImpl.invoke(Unknown Source)
	at sun.reflect.DelegatingMethodAccessorImpl.invoke(Unknown Source)
	at java.lang.reflect.Method.invoke(Unknown Source)
	at org.testng.internal.MethodInvocationHelper.invokeMethod(MethodInvocationHelper.java:104)
	at org.testng.internal.Invoker.invokeConfigurationMethod(Invoker.java:515)
	at org.testng.internal.Invoker.invokeConfigurations(Invoker.java:217)
	at org.testng.internal.Invoker.invokeMethod(Invoker.java:712)
	at org.testng.internal.Invoker.invokeTestMethod(Invoker.java:851)
	at org.testng.internal.Invoker.invokeTestMethods(Invoker.java:1177)
	at org.testng.internal.TestMethodWorker.invokeTestMethods(TestMethodWorker.java:129)
	at org.testng.internal.TestMethodWorker.run(TestMethodWorker.java:112)
	at org.testng.TestRunner.privateRun(TestRunner.java:756)
	at org.testng.TestRunner.run(TestRunner.java:610)
	at org.testng.SuiteRunner.runTest(SuiteRunner.java:387)
	at org.testng.SuiteRunner.runSequentially(SuiteRunner.java:382)
	at org.testng.SuiteRunner.privateRun(SuiteRunner.java:340)
	at org.testng.SuiteRunner.run(SuiteRunner.java:289)
	at org.testng.SuiteRunnerWorker.runSuite(SuiteRunnerWorker.java:52)
	at org.testng.SuiteRunnerWorker.run(SuiteRunnerWorker.java:86)
	at org.testng.TestNG.runSuitesSequentially(TestNG.java:1293)
	at org.testng.TestNG.runSuitesLocally(TestNG.java:1218)
	at org.testng.TestNG.runSuites(TestNG.java:1133)
	at org.testng.TestNG.run(TestNG.java:1104)
	at org.testng.remote.AbstractRemoteTestNG.run(AbstractRemoteTestNG.java:132)
	at org.testng.remote.RemoteTestNG.initAndRun(RemoteTestNG.java:230)
	at org.testng.remote.RemoteTestNG.main(RemoteTestNG.java:76)
]]>
    </error>
  </testcase> <!-- afterMethod -->
  <testcase name="tcMaximizeMasterClassCategory" time="2.346" classname="com.test.automation.uiAutomation.admission.TC_Masters_Master_ClassCategoryMapping"/>
  <testcase name="loginToappWithrequiredCredentials" time="20.098" classname="com.test.automation.uiAutomation.admission.TC_Masters_Master_ClassCategoryMapping"/>
</testsuite> <!-- com.test.automation.uiAutomation.admission.TC_Masters_Master_ClassCategoryMapping -->
