<?xml version="1.0" encoding="UTF-8"?>
<!-- Generated by org.testng.reporters.JUnitReportReporter -->
<testsuite name="com.test.automation.uiAutomation.admission.admissionForm.TC_AdmissionForm_StudentAdmissionForm" tests="133" time="96.118" ignored="0" failures="0" timestamp="04 Jul 2018 04:55:43 GMT" skipped="129" hostname="Arvind-Susdiny" errors="2">
  <testcase name="tcViewUploadedFatherSign" time="0.000" classname="com.test.automation.uiAutomation.admission.admissionForm.TC_AdmissionForm_StudentAdmissionForm">
    <skipped/>
  </testcase> <!-- tcViewUploadedFatherSign -->
  <testcase name="tcCloseOpenedUploadedImagePopUp_GuardianPhoto" time="0.004" classname="com.test.automation.uiAutomation.admission.admissionForm.TC_AdmissionForm_StudentAdmissionForm">
    <skipped/>
  </testcase> <!-- tcCloseOpenedUploadedImagePopUp_GuardianPhoto -->
  <testcase name="tcUploadMotherSign_AfterClear" time="0.001" classname="com.test.automation.uiAutomation.admission.admissionForm.TC_AdmissionForm_StudentAdmissionForm">
    <skipped/>
  </testcase> <!-- tcUploadMotherSign_AfterClear -->
  <testcase name="tcEnterMotherDetailsInParentsPage_AfterClear" time="0.000" classname="com.test.automation.uiAutomation.admission.admissionForm.TC_AdmissionForm_StudentAdmissionForm">
    <skipped/>
  </testcase> <!-- tcEnterMotherDetailsInParentsPage_AfterClear -->
  <testcase name="tcEnterGuardianDetails" time="0.001" classname="com.test.automation.uiAutomation.admission.admissionForm.TC_AdmissionForm_StudentAdmissionForm">
    <skipped/>
  </testcase> <!-- tcEnterGuardianDetails -->
  <testcase name="tcRequiredDetailsInDocumentsPage_AfterClear" time="0.000" classname="com.test.automation.uiAutomation.admission.admissionForm.TC_AdmissionForm_StudentAdmissionForm">
    <skipped/>
  </testcase> <!-- tcRequiredDetailsInDocumentsPage_AfterClear -->
  <testcase name="loginToappWithrequiredCredentials" time="0.001" classname="com.test.automation.uiAutomation.admission.admissionForm.TC_AdmissionForm_StudentAdmissionForm">
    <skipped/>
  </testcase> <!-- loginToappWithrequiredCredentials -->
  <testcase name="afterMethod" time="0.000" classname="com.test.automation.uiAutomation.admission.admissionForm.TC_AdmissionForm_StudentAdmissionForm">
    <error type="org.openqa.selenium.WebDriverException" message="chrome not reachable
  (Session info: chrome=67.0.3396.99)
  (Driver info: chromedriver=2.36.540470 (e522d04694c7ebea4ba8821272dbef4f9b818c91),platform=Windows NT 10.0.17134 x86_64) (WARNING: The server did not provide any stacktrace information)
Command duration or timeout: 4.01 seconds
Build info: version: &#039;3.0.1&#039;, revision: &#039;1969d75&#039;, time: &#039;2016-10-18 09:49:13 -0700&#039;
System info: host: &#039;Arvind-Susdiny&#039;, ip: &#039;192.168.1.34&#039;, os.name: &#039;Windows 10&#039;, os.arch: &#039;amd64&#039;, os.version: &#039;10.0&#039;, java.version: &#039;1.8.0_161&#039;
Driver info: org.openqa.selenium.chrome.ChromeDriver
Capabilities [{applicationCacheEnabled=false, rotatable=false, mobileEmulationEnabled=false, networkConnectionEnabled=false, chrome={chromedriverVersion=2.36.540470 (e522d04694c7ebea4ba8821272dbef4f9b818c91), userDataDir=C:\Users\vaps\AppData\Local\Temp\scoped_dir7084_23631}, takesHeapSnapshot=true, pageLoadStrategy=normal, databaseEnabled=false, handlesAlerts=true, hasTouchScreen=false, version=67.0.3396.99, platform=XP, browserConnectionEnabled=false, nativeEvents=true, acceptSslCerts=false, acceptInsecureCerts=false, locationContextEnabled=true, webStorageEnabled=true, browserName=chrome, takesScreenshot=true, javascriptEnabled=true, cssSelectorsEnabled=true, setWindowRect=true, unexpectedAlertBehaviour=}]
Session ID: 663cd59fd1e8a95ba6e52cd928d764b0">
      <![CDATA[org.openqa.selenium.WebDriverException: chrome not reachable
  (Session info: chrome=67.0.3396.99)
  (Driver info: chromedriver=2.36.540470 (e522d04694c7ebea4ba8821272dbef4f9b818c91),platform=Windows NT 10.0.17134 x86_64) (WARNING: The server did not provide any stacktrace information)
Command duration or timeout: 4.01 seconds
Build info: version: '3.0.1', revision: '1969d75', time: '2016-10-18 09:49:13 -0700'
System info: host: 'Arvind-Susdiny', ip: '192.168.1.34', os.name: 'Windows 10', os.arch: 'amd64', os.version: '10.0', java.version: '1.8.0_161'
Driver info: org.openqa.selenium.chrome.ChromeDriver
Capabilities [{applicationCacheEnabled=false, rotatable=false, mobileEmulationEnabled=false, networkConnectionEnabled=false, chrome={chromedriverVersion=2.36.540470 (e522d04694c7ebea4ba8821272dbef4f9b818c91), userDataDir=C:\Users\vaps\AppData\Local\Temp\scoped_dir7084_23631}, takesHeapSnapshot=true, pageLoadStrategy=normal, databaseEnabled=false, handlesAlerts=true, hasTouchScreen=false, version=67.0.3396.99, platform=XP, browserConnectionEnabled=false, nativeEvents=true, acceptSslCerts=false, acceptInsecureCerts=false, locationContextEnabled=true, webStorageEnabled=true, browserName=chrome, takesScreenshot=true, javascriptEnabled=true, cssSelectorsEnabled=true, setWindowRect=true, unexpectedAlertBehaviour=}]
Session ID: 663cd59fd1e8a95ba6e52cd928d764b0
	at sun.reflect.NativeConstructorAccessorImpl.newInstance0(Native Method)
	at sun.reflect.NativeConstructorAccessorImpl.newInstance(Unknown Source)
	at sun.reflect.DelegatingConstructorAccessorImpl.newInstance(Unknown Source)
	at java.lang.reflect.Constructor.newInstance(Unknown Source)
	at org.openqa.selenium.remote.ErrorHandler.createThrowable(ErrorHandler.java:216)
	at org.openqa.selenium.remote.ErrorHandler.throwIfResponseFailed(ErrorHandler.java:168)
	at org.openqa.selenium.remote.RemoteWebDriver.execute(RemoteWebDriver.java:635)
	at org.openqa.selenium.remote.RemoteWebDriver.execute(RemoteWebDriver.java:658)
	at org.openqa.selenium.remote.RemoteWebDriver.getScreenshotAs(RemoteWebDriver.java:340)
	at com.test.automation.uiAutomation.testBase.TestBase.captureScreen(TestBase.java:291)
	at com.test.automation.uiAutomation.testBase.TestBase.getresult(TestBase.java:320)
	at com.test.automation.uiAutomation.testBase.TestBase.afterMethod(TestBase.java:329)
	at sun.reflect.NativeMethodAccessorImpl.invoke0(Native Method)
	at sun.reflect.NativeMethodAccessorImpl.invoke(Unknown Source)
	at sun.reflect.DelegatingMethodAccessorImpl.invoke(Unknown Source)
	at java.lang.reflect.Method.invoke(Unknown Source)
	at org.testng.internal.MethodInvocationHelper.invokeMethod(MethodInvocationHelper.java:104)
	at org.testng.internal.Invoker.invokeConfigurationMethod(Invoker.java:515)
	at org.testng.internal.Invoker.invokeConfigurations(Invoker.java:217)
	at org.testng.internal.Invoker.invokeMethod(Invoker.java:712)
	at org.testng.internal.Invoker.invokeTestMethod(Invoker.java:851)
	at org.testng.internal.Invoker.invokeTestMethods(Invoker.java:1177)
	at org.testng.internal.TestMethodWorker.invokeTestMethods(TestMethodWorker.java:129)
	at org.testng.internal.TestMethodWorker.run(TestMethodWorker.java:112)
	at org.testng.TestRunner.privateRun(TestRunner.java:756)
	at org.testng.TestRunner.run(TestRunner.java:610)
	at org.testng.SuiteRunner.runTest(SuiteRunner.java:387)
	at org.testng.SuiteRunner.runSequentially(SuiteRunner.java:382)
	at org.testng.SuiteRunner.privateRun(SuiteRunner.java:340)
	at org.testng.SuiteRunner.run(SuiteRunner.java:289)
	at org.testng.SuiteRunnerWorker.runSuite(SuiteRunnerWorker.java:52)
	at org.testng.SuiteRunnerWorker.run(SuiteRunnerWorker.java:86)
	at org.testng.TestNG.runSuitesSequentially(TestNG.java:1293)
	at org.testng.TestNG.runSuitesLocally(TestNG.java:1218)
	at org.testng.TestNG.runSuites(TestNG.java:1133)
	at org.testng.TestNG.run(TestNG.java:1104)
	at org.testng.remote.AbstractRemoteTestNG.run(AbstractRemoteTestNG.java:132)
	at org.testng.remote.RemoteTestNG.initAndRun(RemoteTestNG.java:230)
	at org.testng.remote.RemoteTestNG.main(RemoteTestNG.java:76)
]]>
    </error>
  </testcase> <!-- afterMethod -->
  <testcase name="tcUploadGuardianSignature" time="0.004" classname="com.test.automation.uiAutomation.admission.admissionForm.TC_AdmissionForm_StudentAdmissionForm">
    <skipped/>
  </testcase> <!-- tcUploadGuardianSignature -->
  <testcase name="tcClickOnSubmitButton_Documents_Blank" time="0.000" classname="com.test.automation.uiAutomation.admission.admissionForm.TC_AdmissionForm_StudentAdmissionForm">
    <skipped/>
  </testcase> <!-- tcClickOnSubmitButton_Documents_Blank -->
  <testcase name="tcUploadDocumentCorrepondingToDocumentName" time="0.001" classname="com.test.automation.uiAutomation.admission.admissionForm.TC_AdmissionForm_StudentAdmissionForm">
    <skipped/>
  </testcase> <!-- tcUploadDocumentCorrepondingToDocumentName -->
  <testcase name="tcClearFilledAddress" time="0.001" classname="com.test.automation.uiAutomation.admission.admissionForm.TC_AdmissionForm_StudentAdmissionForm">
    <skipped/>
  </testcase> <!-- tcClearFilledAddress -->
  <testcase name="tcUploadDocumentCorrepondingToDocumentName_AfterClear" time="0.000" classname="com.test.automation.uiAutomation.admission.admissionForm.TC_AdmissionForm_StudentAdmissionForm">
    <skipped/>
  </testcase> <!-- tcUploadDocumentCorrepondingToDocumentName_AfterClear -->
  <testcase name="tcViewUploadedMotherFingerPrint" time="0.000" classname="com.test.automation.uiAutomation.admission.admissionForm.TC_AdmissionForm_StudentAdmissionForm">
    <skipped/>
  </testcase> <!-- tcViewUploadedMotherFingerPrint -->
  <testcase name="tcClickOnPreviousButtonToGoBackToOthersPage" time="0.000" classname="com.test.automation.uiAutomation.admission.admissionForm.TC_AdmissionForm_StudentAdmissionForm">
    <skipped/>
  </testcase> <!-- tcClickOnPreviousButtonToGoBackToOthersPage -->
  <testcase name="tcCloseOpenedUploadedImagePopUp_MotherFingerPrint" time="0.000" classname="com.test.automation.uiAutomation.admission.admissionForm.TC_AdmissionForm_StudentAdmissionForm">
    <skipped/>
  </testcase> <!-- tcCloseOpenedUploadedImagePopUp_MotherFingerPrint -->
  <testcase name="tcUploadMotherSign" time="0.000" classname="com.test.automation.uiAutomation.admission.admissionForm.TC_AdmissionForm_StudentAdmissionForm">
    <skipped/>
  </testcase> <!-- tcUploadMotherSign -->
  <testcase name="tcClearFilledDocumentsDetails" time="0.001" classname="com.test.automation.uiAutomation.admission.admissionForm.TC_AdmissionForm_StudentAdmissionForm">
    <skipped/>
  </testcase> <!-- tcClearFilledDocumentsDetails -->
  <testcase name="tcMinimizeStudentDetails" time="0.001" classname="com.test.automation.uiAutomation.admission.admissionForm.TC_AdmissionForm_StudentAdmissionForm">
    <skipped/>
  </testcase> <!-- tcMinimizeStudentDetails -->
  <testcase name="tcViewUploadedMotherPhoto_AfterClear" time="0.001" classname="com.test.automation.uiAutomation.admission.admissionForm.TC_AdmissionForm_StudentAdmissionForm">
    <skipped/>
  </testcase> <!-- tcViewUploadedMotherPhoto_AfterClear -->
  <testcase name="tcEnterStudentAddressForAdmForm_AfterClear" time="0.001" classname="com.test.automation.uiAutomation.admission.admissionForm.TC_AdmissionForm_StudentAdmissionForm">
    <skipped/>
  </testcase> <!-- tcEnterStudentAddressForAdmForm_AfterClear -->
  <testcase name="tcSubmitBlankStudentAdmissionForm" time="0.000" classname="com.test.automation.uiAutomation.admission.admissionForm.TC_AdmissionForm_StudentAdmissionForm">
    <skipped/>
  </testcase> <!-- tcSubmitBlankStudentAdmissionForm -->
  <testcase name="tcEnterPreviousSchoolDetails_AfterClearOthers" time="0.001" classname="com.test.automation.uiAutomation.admission.admissionForm.TC_AdmissionForm_StudentAdmissionForm">
    <skipped/>
  </testcase> <!-- tcEnterPreviousSchoolDetails_AfterClearOthers -->
  <testcase name="tcClickOnNextToSwitchFromOthersToDocumentsPage" time="0.000" classname="com.test.automation.uiAutomation.admission.admissionForm.TC_AdmissionForm_StudentAdmissionForm">
    <skipped/>
  </testcase> <!-- tcClickOnNextToSwitchFromOthersToDocumentsPage -->
  <testcase name="tcClickOnNextToSwitchFromParentsToOthersPage_AfterClearOthers" time="0.001" classname="com.test.automation.uiAutomation.admission.admissionForm.TC_AdmissionForm_StudentAdmissionForm">
    <skipped/>
  </testcase> <!-- tcClickOnNextToSwitchFromParentsToOthersPage_AfterClearOthers -->
  <testcase name="tcCloseOpenedUploadedImagePopUp_MotherPhoto_AfterClear" time="0.000" classname="com.test.automation.uiAutomation.admission.admissionForm.TC_AdmissionForm_StudentAdmissionForm">
    <skipped/>
  </testcase> <!-- tcCloseOpenedUploadedImagePopUp_MotherPhoto_AfterClear -->
  <testcase name="tcEnterStudentDetailsForStudentAdmForm_LeftPart_AfterClear" time="0.000" classname="com.test.automation.uiAutomation.admission.admissionForm.TC_AdmissionForm_StudentAdmissionForm">
    <skipped/>
  </testcase> <!-- tcEnterStudentDetailsForStudentAdmForm_LeftPart_AfterClear -->
  <testcase name="tcEnterFatherDetailsInParentsPage_AfterClear" time="0.000" classname="com.test.automation.uiAutomation.admission.admissionForm.TC_AdmissionForm_StudentAdmissionForm">
    <skipped/>
  </testcase> <!-- tcEnterFatherDetailsInParentsPage_AfterClear -->
  <testcase name="tcVerifyAdmission_StudentAdmissionfrom_BGHSPage" time="0.004" classname="com.test.automation.uiAutomation.admission.admissionForm.TC_AdmissionForm_StudentAdmissionForm">
    <skipped/>
  </testcase> <!-- tcVerifyAdmission_StudentAdmissionfrom_BGHSPage -->
  <testcase name="tcViewUploadedGuardianSign" time="0.001" classname="com.test.automation.uiAutomation.admission.admissionForm.TC_AdmissionForm_StudentAdmissionForm">
    <skipped/>
  </testcase> <!-- tcViewUploadedGuardianSign -->
  <testcase name="tcClickOnPreviousButtonToGoBackToParentsPage" time="0.001" classname="com.test.automation.uiAutomation.admission.admissionForm.TC_AdmissionForm_StudentAdmissionForm">
    <skipped/>
  </testcase> <!-- tcClickOnPreviousButtonToGoBackToParentsPage -->
  <testcase name="tcViewUploadedGuardianFingerPrint_AfterClearOthers" time="0.000" classname="com.test.automation.uiAutomation.admission.admissionForm.TC_AdmissionForm_StudentAdmissionForm">
    <skipped/>
  </testcase> <!-- tcViewUploadedGuardianFingerPrint_AfterClearOthers -->
  <testcase name="tcSubmitBlankAddressForm" time="0.001" classname="com.test.automation.uiAutomation.admission.admissionForm.TC_AdmissionForm_StudentAdmissionForm">
    <skipped/>
  </testcase> <!-- tcSubmitBlankAddressForm -->
  <testcase name="tcEnterSiblingDetails" time="0.001" classname="com.test.automation.uiAutomation.admission.admissionForm.TC_AdmissionForm_StudentAdmissionForm">
    <skipped/>
  </testcase> <!-- tcEnterSiblingDetails -->
  <testcase name="tcUploadMotherFingerPrint" time="0.013" classname="com.test.automation.uiAutomation.admission.admissionForm.TC_AdmissionForm_StudentAdmissionForm">
    <skipped/>
  </testcase> <!-- tcUploadMotherFingerPrint -->
  <testcase name="tcClickOnPreviousButtonToGoBackToStudentPage" time="0.000" classname="com.test.automation.uiAutomation.admission.admissionForm.TC_AdmissionForm_StudentAdmissionForm">
    <skipped/>
  </testcase> <!-- tcClickOnPreviousButtonToGoBackToStudentPage -->
  <testcase name="tcUploadFatherSign_AfterClear" time="0.001" classname="com.test.automation.uiAutomation.admission.admissionForm.TC_AdmissionForm_StudentAdmissionForm">
    <skipped/>
  </testcase> <!-- tcUploadFatherSign_AfterClear -->
  <testcase name="tcUploadFatherFingerPrint" time="0.001" classname="com.test.automation.uiAutomation.admission.admissionForm.TC_AdmissionForm_StudentAdmissionForm">
    <skipped/>
  </testcase> <!-- tcUploadFatherFingerPrint -->
  <testcase name="tcSelectActivities" time="0.000" classname="com.test.automation.uiAutomation.admission.admissionForm.TC_AdmissionForm_StudentAdmissionForm">
    <skipped/>
  </testcase> <!-- tcSelectActivities -->
  <testcase name="tcUploadMotherPhoto" time="0.001" classname="com.test.automation.uiAutomation.admission.admissionForm.TC_AdmissionForm_StudentAdmissionForm">
    <skipped/>
  </testcase> <!-- tcUploadMotherPhoto -->
  <testcase name="tcViewUploadedFatherFingerPrint" time="0.001" classname="com.test.automation.uiAutomation.admission.admissionForm.TC_AdmissionForm_StudentAdmissionForm">
    <skipped/>
  </testcase> <!-- tcViewUploadedFatherFingerPrint -->
  <testcase name="tcSelectFatherAliveCheckBox" time="0.001" classname="com.test.automation.uiAutomation.admission.admissionForm.TC_AdmissionForm_StudentAdmissionForm">
    <skipped/>
  </testcase> <!-- tcSelectFatherAliveCheckBox -->
  <testcase name="tcUploadGuardianFingerPrint" time="0.001" classname="com.test.automation.uiAutomation.admission.admissionForm.TC_AdmissionForm_StudentAdmissionForm">
    <skipped/>
  </testcase> <!-- tcUploadGuardianFingerPrint -->
  <testcase name="tcUploadGuardianPhoto_AfterClearOthers" time="0.000" classname="com.test.automation.uiAutomation.admission.admissionForm.TC_AdmissionForm_StudentAdmissionForm">
    <skipped/>
  </testcase> <!-- tcUploadGuardianPhoto_AfterClearOthers -->
  <testcase name="tcCloseOpenedUploadedImagePopUp_FatherFingerPrint" time="0.001" classname="com.test.automation.uiAutomation.admission.admissionForm.TC_AdmissionForm_StudentAdmissionForm">
    <skipped/>
  </testcase> <!-- tcCloseOpenedUploadedImagePopUp_FatherFingerPrint -->
  <testcase name="tcEnterAchievementsDetails_AfterClearOthers" time="0.000" classname="com.test.automation.uiAutomation.admission.admissionForm.TC_AdmissionForm_StudentAdmissionForm">
    <skipped/>
  </testcase> <!-- tcEnterAchievementsDetails_AfterClearOthers -->
  <testcase name="tcCloseOpenedUploadedImagePopUp_FatherSign" time="0.001" classname="com.test.automation.uiAutomation.admission.admissionForm.TC_AdmissionForm_StudentAdmissionForm">
    <skipped/>
  </testcase> <!-- tcCloseOpenedUploadedImagePopUp_FatherSign -->
  <testcase name="tcSelectReference_AfterClearOthers" time="0.008" classname="com.test.automation.uiAutomation.admission.admissionForm.TC_AdmissionForm_StudentAdmissionForm">
    <skipped/>
  </testcase> <!-- tcSelectReference_AfterClearOthers -->
  <testcase name="tcViewUploadedFatherSign_AfterClear" time="0.000" classname="com.test.automation.uiAutomation.admission.admissionForm.TC_AdmissionForm_StudentAdmissionForm">
    <skipped/>
  </testcase> <!-- tcViewUploadedFatherSign_AfterClear -->
  <testcase name="tcEnterFatherDetailsInParentsPage" time="0.001" classname="com.test.automation.uiAutomation.admission.admissionForm.TC_AdmissionForm_StudentAdmissionForm">
    <skipped/>
  </testcase> <!-- tcEnterFatherDetailsInParentsPage -->
  <testcase name="tcSubmitBlankParentsForm_AfterClear" time="0.001" classname="com.test.automation.uiAutomation.admission.admissionForm.TC_AdmissionForm_StudentAdmissionForm">
    <skipped/>
  </testcase> <!-- tcSubmitBlankParentsForm_AfterClear -->
  <testcase name="tcViewUploadedMotherFingerPrint_AfterClear" time="0.000" classname="com.test.automation.uiAutomation.admission.admissionForm.TC_AdmissionForm_StudentAdmissionForm">
    <skipped/>
  </testcase> <!-- tcViewUploadedMotherFingerPrint_AfterClear -->
  <testcase name="tcViewUploadedMotherSign" time="0.001" classname="com.test.automation.uiAutomation.admission.admissionForm.TC_AdmissionForm_StudentAdmissionForm">
    <skipped/>
  </testcase> <!-- tcViewUploadedMotherSign -->
  <testcase name="tcUploadMotherPhoto_AfterClear" time="0.000" classname="com.test.automation.uiAutomation.admission.admissionForm.TC_AdmissionForm_StudentAdmissionForm">
    <skipped/>
  </testcase> <!-- tcUploadMotherPhoto_AfterClear -->
  <testcase name="tcSelectMotherAliveCheckBox_AfterClear" time="0.001" classname="com.test.automation.uiAutomation.admission.admissionForm.TC_AdmissionForm_StudentAdmissionForm">
    <skipped/>
  </testcase> <!-- tcSelectMotherAliveCheckBox_AfterClear -->
  <testcase name="tcCloseOpenedUploadedImagePopUp_DocumentUpload" time="0.000" classname="com.test.automation.uiAutomation.admission.admissionForm.TC_AdmissionForm_StudentAdmissionForm">
    <skipped/>
  </testcase> <!-- tcCloseOpenedUploadedImagePopUp_DocumentUpload -->
  <testcase name="tcCloseOpenedUploadedImagePopUp_FatherSign_AfterClear" time="0.000" classname="com.test.automation.uiAutomation.admission.admissionForm.TC_AdmissionForm_StudentAdmissionForm">
    <skipped/>
  </testcase> <!-- tcCloseOpenedUploadedImagePopUp_FatherSign_AfterClear -->
  <testcase name="tcUploadFatherFingerPrint_AfterClear" time="0.000" classname="com.test.automation.uiAutomation.admission.admissionForm.TC_AdmissionForm_StudentAdmissionForm">
    <skipped/>
  </testcase> <!-- tcUploadFatherFingerPrint_AfterClear -->
  <testcase name="tcCloseOpenedUploadedImagePopUp_FatherFingerPrint_AfterClear" time="0.000" classname="com.test.automation.uiAutomation.admission.admissionForm.TC_AdmissionForm_StudentAdmissionForm">
    <skipped/>
  </testcase> <!-- tcCloseOpenedUploadedImagePopUp_FatherFingerPrint_AfterClear -->
  <testcase name="tcUploadStudentPhotograph_AfterClear" time="0.001" classname="com.test.automation.uiAutomation.admission.admissionForm.TC_AdmissionForm_StudentAdmissionForm">
    <skipped/>
  </testcase> <!-- tcUploadStudentPhotograph_AfterClear -->
  <testcase name="tcCloseOpenedUploadedImagePopUp_GuardianSign_AfterClear" time="0.001" classname="com.test.automation.uiAutomation.admission.admissionForm.TC_AdmissionForm_StudentAdmissionForm">
    <skipped/>
  </testcase> <!-- tcCloseOpenedUploadedImagePopUp_GuardianSign_AfterClear -->
  <testcase name="tcCloseOpenedUploadedImagePopUp_FatherPhoto" time="0.000" classname="com.test.automation.uiAutomation.admission.admissionForm.TC_AdmissionForm_StudentAdmissionForm">
    <skipped/>
  </testcase> <!-- tcCloseOpenedUploadedImagePopUp_FatherPhoto -->
  <testcase name="tcClearFilledParentsDetails" time="0.004" classname="com.test.automation.uiAutomation.admission.admissionForm.TC_AdmissionForm_StudentAdmissionForm">
    <skipped/>
  </testcase> <!-- tcClearFilledParentsDetails -->
  <testcase name="tcSelectSource" time="0.001" classname="com.test.automation.uiAutomation.admission.admissionForm.TC_AdmissionForm_StudentAdmissionForm">
    <skipped/>
  </testcase> <!-- tcSelectSource -->
  <testcase name="tcEnterStudentDetailsForStudentAdmForm_RightPart" time="0.000" classname="com.test.automation.uiAutomation.admission.admissionForm.TC_AdmissionForm_StudentAdmissionForm">
    <skipped/>
  </testcase> <!-- tcEnterStudentDetailsForStudentAdmForm_RightPart -->
  <testcase name="tcRequiredDetailsInDocumentsPage" time="0.000" classname="com.test.automation.uiAutomation.admission.admissionForm.TC_AdmissionForm_StudentAdmissionForm">
    <skipped/>
  </testcase> <!-- tcRequiredDetailsInDocumentsPage -->
  <testcase name="tcViewUploadedMotherSign_AfterClear" time="0.000" classname="com.test.automation.uiAutomation.admission.admissionForm.TC_AdmissionForm_StudentAdmissionForm">
    <skipped/>
  </testcase> <!-- tcViewUploadedMotherSign_AfterClear -->
  <testcase name="tcSortByStudentFirstName" time="0.001" classname="com.test.automation.uiAutomation.admission.admissionForm.TC_AdmissionForm_StudentAdmissionForm">
    <skipped/>
  </testcase> <!-- tcSortByStudentFirstName -->
  <testcase name="tcSelectMotherAliveCheckBox" time="0.004" classname="com.test.automation.uiAutomation.admission.admissionForm.TC_AdmissionForm_StudentAdmissionForm">
    <skipped/>
  </testcase> <!-- tcSelectMotherAliveCheckBox -->
  <testcase name="tcUploadMotherFingerPrint_AfterClear" time="0.000" classname="com.test.automation.uiAutomation.admission.admissionForm.TC_AdmissionForm_StudentAdmissionForm">
    <skipped/>
  </testcase> <!-- tcUploadMotherFingerPrint_AfterClear -->
  <testcase name="tcViewUploadedGuardianFingerPrint" time="0.001" classname="com.test.automation.uiAutomation.admission.admissionForm.TC_AdmissionForm_StudentAdmissionForm">
    <skipped/>
  </testcase> <!-- tcViewUploadedGuardianFingerPrint -->
  <testcase name="loginToappWithrequiredCredentials" time="0.000" classname="com.test.automation.uiAutomation.admission.admissionForm.TC_AdmissionForm_StudentAdmissionForm">
    <skipped/>
  </testcase> <!-- loginToappWithrequiredCredentials -->
  <testcase name="tcEnterPreviousSchoolDetails" time="0.000" classname="com.test.automation.uiAutomation.admission.admissionForm.TC_AdmissionForm_StudentAdmissionForm">
    <skipped/>
  </testcase> <!-- tcEnterPreviousSchoolDetails -->
  <testcase name="tcViewUploadedFatherFingerPrint_AfterClear" time="0.000" classname="com.test.automation.uiAutomation.admission.admissionForm.TC_AdmissionForm_StudentAdmissionForm">
    <skipped/>
  </testcase> <!-- tcViewUploadedFatherFingerPrint_AfterClear -->
  <testcase name="tcClickOnSubmitButton_Documents_Blank_AfterClear" time="0.001" classname="com.test.automation.uiAutomation.admission.admissionForm.TC_AdmissionForm_StudentAdmissionForm">
    <skipped/>
  </testcase> <!-- tcClickOnSubmitButton_Documents_Blank_AfterClear -->
  <testcase name="tcUploadGuardianPhoto" time="0.000" classname="com.test.automation.uiAutomation.admission.admissionForm.TC_AdmissionForm_StudentAdmissionForm">
    <skipped/>
  </testcase> <!-- tcUploadGuardianPhoto -->
  <testcase name="tcCloseOpenedUploadedImagePopUp_GuardianFingerPrint" time="0.000" classname="com.test.automation.uiAutomation.admission.admissionForm.TC_AdmissionForm_StudentAdmissionForm">
    <skipped/>
  </testcase> <!-- tcCloseOpenedUploadedImagePopUp_GuardianFingerPrint -->
  <testcase name="tcUploadFatherSign" time="0.000" classname="com.test.automation.uiAutomation.admission.admissionForm.TC_AdmissionForm_StudentAdmissionForm">
    <skipped/>
  </testcase> <!-- tcUploadFatherSign -->
  <testcase name="tcClearFilledOthersDetails" time="0.000" classname="com.test.automation.uiAutomation.admission.admissionForm.TC_AdmissionForm_StudentAdmissionForm">
    <skipped/>
  </testcase> <!-- tcClearFilledOthersDetails -->
  <testcase name="tcCloseOpenedUploadedImagePopUp_MotherSign" time="0.000" classname="com.test.automation.uiAutomation.admission.admissionForm.TC_AdmissionForm_StudentAdmissionForm">
    <skipped/>
  </testcase> <!-- tcCloseOpenedUploadedImagePopUp_MotherSign -->
  <testcase name="tcClickOnNextToSwitchFromAddressToParentsPage_AfterPreviousAddress" time="0.002" classname="com.test.automation.uiAutomation.admission.admissionForm.TC_AdmissionForm_StudentAdmissionForm">
    <skipped/>
  </testcase> <!-- tcClickOnNextToSwitchFromAddressToParentsPage_AfterPreviousAddress -->
  <testcase name="tcEnterStudentDetailsForStudentAdmForm_LeftPart_AfterClear" time="0.000" classname="com.test.automation.uiAutomation.admission.admissionForm.TC_AdmissionForm_StudentAdmissionForm">
    <skipped/>
  </testcase> <!-- tcEnterStudentDetailsForStudentAdmForm_LeftPart_AfterClear -->
  <testcase name="tcHomeButtonValidation" time="10.313" classname="com.test.automation.uiAutomation.admission.admissionForm.TC_AdmissionForm_StudentAdmissionForm"/>
  <testcase name="tcEnterGuardianDetails_AfterClearOthers" time="0.000" classname="com.test.automation.uiAutomation.admission.admissionForm.TC_AdmissionForm_StudentAdmissionForm">
    <skipped/>
  </testcase> <!-- tcEnterGuardianDetails_AfterClearOthers -->
  <testcase name="tcViewUploadedGuardianSign_AfterClearOthers" time="0.000" classname="com.test.automation.uiAutomation.admission.admissionForm.TC_AdmissionForm_StudentAdmissionForm">
    <skipped/>
  </testcase> <!-- tcViewUploadedGuardianSign_AfterClearOthers -->
  <testcase name="tcClearAllFilledFieldInStudentAdmissionForm" time="0.003" classname="com.test.automation.uiAutomation.admission.admissionForm.TC_AdmissionForm_StudentAdmissionForm">
    <skipped/>
  </testcase> <!-- tcClearAllFilledFieldInStudentAdmissionForm -->
  <testcase name="tcUploadGuardianFingerPrint_AfterClearOthers" time="0.001" classname="com.test.automation.uiAutomation.admission.admissionForm.TC_AdmissionForm_StudentAdmissionForm">
    <skipped/>
  </testcase> <!-- tcUploadGuardianFingerPrint_AfterClearOthers -->
  <testcase name="tcViewUploadedFatherPhoto" time="0.001" classname="com.test.automation.uiAutomation.admission.admissionForm.TC_AdmissionForm_StudentAdmissionForm">
    <skipped/>
  </testcase> <!-- tcViewUploadedFatherPhoto -->
  <testcase name="tcUploadFatherPhoto" time="0.000" classname="com.test.automation.uiAutomation.admission.admissionForm.TC_AdmissionForm_StudentAdmissionForm">
    <skipped/>
  </testcase> <!-- tcUploadFatherPhoto -->
  <testcase name="tcUploadFatherPhoto_AfterClear" time="0.000" classname="com.test.automation.uiAutomation.admission.admissionForm.TC_AdmissionForm_StudentAdmissionForm">
    <skipped/>
  </testcase> <!-- tcUploadFatherPhoto_AfterClear -->
  <testcase name="tcUploadGuardianSignature_AfterClearOthers" time="0.000" classname="com.test.automation.uiAutomation.admission.admissionForm.TC_AdmissionForm_StudentAdmissionForm">
    <skipped/>
  </testcase> <!-- tcUploadGuardianSignature_AfterClearOthers -->
  <testcase name="loginToappWithrequiredCredentials" time="0.001" classname="com.test.automation.uiAutomation.admission.admissionForm.TC_AdmissionForm_StudentAdmissionForm">
    <skipped/>
  </testcase> <!-- loginToappWithrequiredCredentials -->
  <testcase name="tcSelectBondAndFillWithBondNumber" time="0.000" classname="com.test.automation.uiAutomation.admission.admissionForm.TC_AdmissionForm_StudentAdmissionForm">
    <skipped/>
  </testcase> <!-- tcSelectBondAndFillWithBondNumber -->
  <testcase name="tcViewUploadedGuardianPhoto" time="0.002" classname="com.test.automation.uiAutomation.admission.admissionForm.TC_AdmissionForm_StudentAdmissionForm">
    <skipped/>
  </testcase> <!-- tcViewUploadedGuardianPhoto -->
  <testcase name="tcViewUploadedGuardianPhoto_AfterClearOthers" time="0.000" classname="com.test.automation.uiAutomation.admission.admissionForm.TC_AdmissionForm_StudentAdmissionForm">
    <skipped/>
  </testcase> <!-- tcViewUploadedGuardianPhoto_AfterClearOthers -->
  <testcase name="tcClickOnNextToSwitchToAddressPage" time="0.002" classname="com.test.automation.uiAutomation.admission.admissionForm.TC_AdmissionForm_StudentAdmissionForm">
    <skipped/>
  </testcase> <!-- tcClickOnNextToSwitchToAddressPage -->
  <testcase name="tcEnterSiblingDetails_AfterClearOthers" time="0.001" classname="com.test.automation.uiAutomation.admission.admissionForm.TC_AdmissionForm_StudentAdmissionForm">
    <skipped/>
  </testcase> <!-- tcEnterSiblingDetails_AfterClearOthers -->
  <testcase name="tcCloseOpenedUploadedImagePopUp_GuardianSign" time="0.000" classname="com.test.automation.uiAutomation.admission.admissionForm.TC_AdmissionForm_StudentAdmissionForm">
    <skipped/>
  </testcase> <!-- tcCloseOpenedUploadedImagePopUp_GuardianSign -->
  <testcase name="tcClickOnSubmitButton_Documents" time="0.000" classname="com.test.automation.uiAutomation.admission.admissionForm.TC_AdmissionForm_StudentAdmissionForm">
    <skipped/>
  </testcase> <!-- tcClickOnSubmitButton_Documents -->
  <testcase name="tcViewUploadedFatherPhoto_AfterClear" time="0.001" classname="com.test.automation.uiAutomation.admission.admissionForm.TC_AdmissionForm_StudentAdmissionForm">
    <skipped/>
  </testcase> <!-- tcViewUploadedFatherPhoto_AfterClear -->
  <testcase name="tcClickOnNextToSwitchToAddressPage_AfterPreviousAddress" time="0.001" classname="com.test.automation.uiAutomation.admission.admissionForm.TC_AdmissionForm_StudentAdmissionForm">
    <skipped/>
  </testcase> <!-- tcClickOnNextToSwitchToAddressPage_AfterPreviousAddress -->
  <testcase name="loginToappWithrequiredCredentials" time="20.024" classname="com.test.automation.uiAutomation.admission.admissionForm.TC_AdmissionForm_StudentAdmissionForm"/>
  <testcase name="tcUploadStudentPhotograph" time="0.002" classname="com.test.automation.uiAutomation.admission.admissionForm.TC_AdmissionForm_StudentAdmissionForm">
    <skipped/>
  </testcase> <!-- tcUploadStudentPhotograph -->
  <testcase name="tcMaximizeStudentDetails" time="0.002" classname="com.test.automation.uiAutomation.admission.admissionForm.TC_AdmissionForm_StudentAdmissionForm">
    <skipped/>
  </testcase> <!-- tcMaximizeStudentDetails -->
  <testcase name="tcClickOnOkSuccessButton" time="0.000" classname="com.test.automation.uiAutomation.admission.admissionForm.TC_AdmissionForm_StudentAdmissionForm">
    <skipped/>
  </testcase> <!-- tcClickOnOkSuccessButton -->
  <testcase name="tcEnterStudentDetailsForStudentAdmForm_LeftPart" time="0.004" classname="com.test.automation.uiAutomation.admission.admissionForm.TC_AdmissionForm_StudentAdmissionForm">
    <skipped/>
  </testcase> <!-- tcEnterStudentDetailsForStudentAdmForm_LeftPart -->
  <testcase name="tcClickOnPreviousButtonToGoBackToAddressPage" time="0.000" classname="com.test.automation.uiAutomation.admission.admissionForm.TC_AdmissionForm_StudentAdmissionForm">
    <skipped/>
  </testcase> <!-- tcClickOnPreviousButtonToGoBackToAddressPage -->
  <testcase name="tcClickOnNextToSwitchFromAddressToParentsPage" time="0.001" classname="com.test.automation.uiAutomation.admission.admissionForm.TC_AdmissionForm_StudentAdmissionForm">
    <skipped/>
  </testcase> <!-- tcClickOnNextToSwitchFromAddressToParentsPage -->
  <testcase name="tcCloseOpenedUploadedImagePopUp_GuardianFingerPrint_AfterClear" time="0.001" classname="com.test.automation.uiAutomation.admission.admissionForm.TC_AdmissionForm_StudentAdmissionForm">
    <skipped/>
  </testcase> <!-- tcCloseOpenedUploadedImagePopUp_GuardianFingerPrint_AfterClear -->
  <testcase name="tcViewUploadedMotherPhoto" time="0.000" classname="com.test.automation.uiAutomation.admission.admissionForm.TC_AdmissionForm_StudentAdmissionForm">
    <skipped/>
  </testcase> <!-- tcViewUploadedMotherPhoto -->
  <testcase name="tcEnterAchievementsDetails" time="0.000" classname="com.test.automation.uiAutomation.admission.admissionForm.TC_AdmissionForm_StudentAdmissionForm">
    <skipped/>
  </testcase> <!-- tcEnterAchievementsDetails -->
  <testcase name="tcEnterStudentDetailsForStudentAdmForm_LeftPart" time="0.001" classname="com.test.automation.uiAutomation.admission.admissionForm.TC_AdmissionForm_StudentAdmissionForm">
    <skipped/>
  </testcase> <!-- tcEnterStudentDetailsForStudentAdmForm_LeftPart -->
  <testcase name="tcCloseOpenedUploadedImagePopUp_DocumentUpload_AfterClear" time="0.000" classname="com.test.automation.uiAutomation.admission.admissionForm.TC_AdmissionForm_StudentAdmissionForm">
    <skipped/>
  </testcase> <!-- tcCloseOpenedUploadedImagePopUp_DocumentUpload_AfterClear -->
  <testcase name="tcCloseOpenedUploadedImagePopUp_MotherFingerPrint_AfterClear" time="0.000" classname="com.test.automation.uiAutomation.admission.admissionForm.TC_AdmissionForm_StudentAdmissionForm">
    <skipped/>
  </testcase> <!-- tcCloseOpenedUploadedImagePopUp_MotherFingerPrint_AfterClear -->
  <testcase name="tcNavigateToAdmission_AdmissionForm_StudentAdmissionForm_BGHS" time="65.670" classname="com.test.automation.uiAutomation.admission.admissionForm.TC_AdmissionForm_StudentAdmissionForm">
    <error type="org.openqa.selenium.WebDriverException" message="chrome not reachable
  (Session info: chrome=67.0.3396.99)
  (Driver info: chromedriver=2.36.540470 (e522d04694c7ebea4ba8821272dbef4f9b818c91),platform=Windows NT 10.0.17134 x86_64) (WARNING: The server did not provide any stacktrace information)
Command duration or timeout: 4.13 seconds
Build info: version: &#039;3.0.1&#039;, revision: &#039;1969d75&#039;, time: &#039;2016-10-18 09:49:13 -0700&#039;
System info: host: &#039;Arvind-Susdiny&#039;, ip: &#039;192.168.1.34&#039;, os.name: &#039;Windows 10&#039;, os.arch: &#039;amd64&#039;, os.version: &#039;10.0&#039;, java.version: &#039;1.8.0_161&#039;
Driver info: org.openqa.selenium.chrome.ChromeDriver
Capabilities [{applicationCacheEnabled=false, rotatable=false, mobileEmulationEnabled=false, networkConnectionEnabled=false, chrome={chromedriverVersion=2.36.540470 (e522d04694c7ebea4ba8821272dbef4f9b818c91), userDataDir=C:\Users\vaps\AppData\Local\Temp\scoped_dir7084_23631}, takesHeapSnapshot=true, pageLoadStrategy=normal, databaseEnabled=false, handlesAlerts=true, hasTouchScreen=false, version=67.0.3396.99, platform=XP, browserConnectionEnabled=false, nativeEvents=true, acceptSslCerts=false, acceptInsecureCerts=false, locationContextEnabled=true, webStorageEnabled=true, browserName=chrome, takesScreenshot=true, javascriptEnabled=true, cssSelectorsEnabled=true, setWindowRect=true, unexpectedAlertBehaviour=}]
Session ID: 663cd59fd1e8a95ba6e52cd928d764b0">
      <![CDATA[org.openqa.selenium.WebDriverException: chrome not reachable
  (Session info: chrome=67.0.3396.99)
  (Driver info: chromedriver=2.36.540470 (e522d04694c7ebea4ba8821272dbef4f9b818c91),platform=Windows NT 10.0.17134 x86_64) (WARNING: The server did not provide any stacktrace information)
Command duration or timeout: 4.13 seconds
Build info: version: '3.0.1', revision: '1969d75', time: '2016-10-18 09:49:13 -0700'
System info: host: 'Arvind-Susdiny', ip: '192.168.1.34', os.name: 'Windows 10', os.arch: 'amd64', os.version: '10.0', java.version: '1.8.0_161'
Driver info: org.openqa.selenium.chrome.ChromeDriver
Capabilities [{applicationCacheEnabled=false, rotatable=false, mobileEmulationEnabled=false, networkConnectionEnabled=false, chrome={chromedriverVersion=2.36.540470 (e522d04694c7ebea4ba8821272dbef4f9b818c91), userDataDir=C:\Users\vaps\AppData\Local\Temp\scoped_dir7084_23631}, takesHeapSnapshot=true, pageLoadStrategy=normal, databaseEnabled=false, handlesAlerts=true, hasTouchScreen=false, version=67.0.3396.99, platform=XP, browserConnectionEnabled=false, nativeEvents=true, acceptSslCerts=false, acceptInsecureCerts=false, locationContextEnabled=true, webStorageEnabled=true, browserName=chrome, takesScreenshot=true, javascriptEnabled=true, cssSelectorsEnabled=true, setWindowRect=true, unexpectedAlertBehaviour=}]
Session ID: 663cd59fd1e8a95ba6e52cd928d764b0
	at sun.reflect.NativeConstructorAccessorImpl.newInstance0(Native Method)
	at sun.reflect.NativeConstructorAccessorImpl.newInstance(Unknown Source)
	at sun.reflect.DelegatingConstructorAccessorImpl.newInstance(Unknown Source)
	at java.lang.reflect.Constructor.newInstance(Unknown Source)
	at org.openqa.selenium.remote.ErrorHandler.createThrowable(ErrorHandler.java:216)
	at org.openqa.selenium.remote.ErrorHandler.throwIfResponseFailed(ErrorHandler.java:168)
	at org.openqa.selenium.remote.RemoteWebDriver.execute(RemoteWebDriver.java:635)
	at org.openqa.selenium.remote.RemoteWebDriver.execute(RemoteWebDriver.java:658)
	at org.openqa.selenium.remote.RemoteWebDriver.getScreenshotAs(RemoteWebDriver.java:340)
	at com.test.automation.uiAutomation.testBase.TestBase.getScreenShot(TestBase.java:215)
	at com.test.automation.uiAutomation.admission.admissionForm.TC_AdmissionForm_StudentAdmissionForm.tcNavigateToAdmission_AdmissionForm_StudentAdmissionForm_BGHS(TC_AdmissionForm_StudentAdmissionForm.java:160)
	at sun.reflect.NativeMethodAccessorImpl.invoke0(Native Method)
	at sun.reflect.NativeMethodAccessorImpl.invoke(Unknown Source)
	at sun.reflect.DelegatingMethodAccessorImpl.invoke(Unknown Source)
	at java.lang.reflect.Method.invoke(Unknown Source)
	at org.testng.internal.MethodInvocationHelper.invokeMethod(MethodInvocationHelper.java:104)
	at org.testng.internal.Invoker.invokeMethod(Invoker.java:645)
	at org.testng.internal.Invoker.invokeTestMethod(Invoker.java:851)
	at org.testng.internal.Invoker.invokeTestMethods(Invoker.java:1177)
	at org.testng.internal.TestMethodWorker.invokeTestMethods(TestMethodWorker.java:129)
	at org.testng.internal.TestMethodWorker.run(TestMethodWorker.java:112)
	at org.testng.TestRunner.privateRun(TestRunner.java:756)
	at org.testng.TestRunner.run(TestRunner.java:610)
	at org.testng.SuiteRunner.runTest(SuiteRunner.java:387)
	at org.testng.SuiteRunner.runSequentially(SuiteRunner.java:382)
	at org.testng.SuiteRunner.privateRun(SuiteRunner.java:340)
	at org.testng.SuiteRunner.run(SuiteRunner.java:289)
	at org.testng.SuiteRunnerWorker.runSuite(SuiteRunnerWorker.java:52)
	at org.testng.SuiteRunnerWorker.run(SuiteRunnerWorker.java:86)
	at org.testng.TestNG.runSuitesSequentially(TestNG.java:1293)
	at org.testng.TestNG.runSuitesLocally(TestNG.java:1218)
	at org.testng.TestNG.runSuites(TestNG.java:1133)
	at org.testng.TestNG.run(TestNG.java:1104)
	at org.testng.remote.AbstractRemoteTestNG.run(AbstractRemoteTestNG.java:132)
	at org.testng.remote.RemoteTestNG.initAndRun(RemoteTestNG.java:230)
	at org.testng.remote.RemoteTestNG.main(RemoteTestNG.java:76)
]]>
    </error>
  </testcase> <!-- tcNavigateToAdmission_AdmissionForm_StudentAdmissionForm_BGHS -->
  <testcase name="tcSelectFatherAliveCheckBox_AfterClear" time="0.000" classname="com.test.automation.uiAutomation.admission.admissionForm.TC_AdmissionForm_StudentAdmissionForm">
    <skipped/>
  </testcase> <!-- tcSelectFatherAliveCheckBox_AfterClear -->
  <testcase name="tcSelectActivities_AfterClearOthers" time="0.001" classname="com.test.automation.uiAutomation.admission.admissionForm.TC_AdmissionForm_StudentAdmissionForm">
    <skipped/>
  </testcase> <!-- tcSelectActivities_AfterClearOthers -->
  <testcase name="tcCloseOpenedUploadedImagePopUp_MotherPhoto" time="0.000" classname="com.test.automation.uiAutomation.admission.admissionForm.TC_AdmissionForm_StudentAdmissionForm">
    <skipped/>
  </testcase> <!-- tcCloseOpenedUploadedImagePopUp_MotherPhoto -->
  <testcase name="tcMinimizeStudentAdmissionForm" time="0.001" classname="com.test.automation.uiAutomation.admission.admissionForm.TC_AdmissionForm_StudentAdmissionForm">
    <skipped/>
  </testcase> <!-- tcMinimizeStudentAdmissionForm -->
  <testcase name="tcSelectBondAndFillWithBondNumber_AfterClearOthers" time="0.002" classname="com.test.automation.uiAutomation.admission.admissionForm.TC_AdmissionForm_StudentAdmissionForm">
    <skipped/>
  </testcase> <!-- tcSelectBondAndFillWithBondNumber_AfterClearOthers -->
  <testcase name="tcCloseOpenedUploadedImagePopUp_MotherSign_AfterClear" time="0.001" classname="com.test.automation.uiAutomation.admission.admissionForm.TC_AdmissionForm_StudentAdmissionForm">
    <skipped/>
  </testcase> <!-- tcCloseOpenedUploadedImagePopUp_MotherSign_AfterClear -->
  <testcase name="tcCloseOpenedUploadedImagePopUp_FatherPhoto_AfterClear" time="0.000" classname="com.test.automation.uiAutomation.admission.admissionForm.TC_AdmissionForm_StudentAdmissionForm">
    <skipped/>
  </testcase> <!-- tcCloseOpenedUploadedImagePopUp_FatherPhoto_AfterClear -->
  <testcase name="tcEnterStudentDetailsForStudentAdmForm_RightPart_AfterClear" time="0.000" classname="com.test.automation.uiAutomation.admission.admissionForm.TC_AdmissionForm_StudentAdmissionForm">
    <skipped/>
  </testcase> <!-- tcEnterStudentDetailsForStudentAdmForm_RightPart_AfterClear -->
  <testcase name="tcSubmitBlankParentsForm" time="0.001" classname="com.test.automation.uiAutomation.admission.admissionForm.TC_AdmissionForm_StudentAdmissionForm">
    <skipped/>
  </testcase> <!-- tcSubmitBlankParentsForm -->
  <testcase name="tcClickOnNextToSwitchFromParentsToOthersPage" time="0.000" classname="com.test.automation.uiAutomation.admission.admissionForm.TC_AdmissionForm_StudentAdmissionForm">
    <skipped/>
  </testcase> <!-- tcClickOnNextToSwitchFromParentsToOthersPage -->
  <testcase name="tcEnterMotherDetailsInParentsPage" time="0.001" classname="com.test.automation.uiAutomation.admission.admissionForm.TC_AdmissionForm_StudentAdmissionForm">
    <skipped/>
  </testcase> <!-- tcEnterMotherDetailsInParentsPage -->
  <testcase name="loginToappWithrequiredCredentials" time="0.000" classname="com.test.automation.uiAutomation.admission.admissionForm.TC_AdmissionForm_StudentAdmissionForm">
    <skipped/>
  </testcase> <!-- loginToappWithrequiredCredentials -->
  <testcase name="tcEnterStudentAddressForAdmForm" time="0.001" classname="com.test.automation.uiAutomation.admission.admissionForm.TC_AdmissionForm_StudentAdmissionForm">
    <skipped/>
  </testcase> <!-- tcEnterStudentAddressForAdmForm -->
  <testcase name="tcSelectSource_AfterClearOthers" time="0.001" classname="com.test.automation.uiAutomation.admission.admissionForm.TC_AdmissionForm_StudentAdmissionForm">
    <skipped/>
  </testcase> <!-- tcSelectSource_AfterClearOthers -->
  <testcase name="tcMaximizeStudentAdmissionForm" time="0.000" classname="com.test.automation.uiAutomation.admission.admissionForm.TC_AdmissionForm_StudentAdmissionForm">
    <skipped/>
  </testcase> <!-- tcMaximizeStudentAdmissionForm -->
  <testcase name="tcCloseOpenedUploadedImagePopUp_GuardianPhoto_AfterClear" time="0.001" classname="com.test.automation.uiAutomation.admission.admissionForm.TC_AdmissionForm_StudentAdmissionForm">
    <skipped/>
  </testcase> <!-- tcCloseOpenedUploadedImagePopUp_GuardianPhoto_AfterClear -->
  <testcase name="tcClickOnNextToSwitchFromOthersToDocumentsPage_AfterClearDocuments" time="0.000" classname="com.test.automation.uiAutomation.admission.admissionForm.TC_AdmissionForm_StudentAdmissionForm">
    <skipped/>
  </testcase> <!-- tcClickOnNextToSwitchFromOthersToDocumentsPage_AfterClearDocuments -->
  <testcase name="tcSelectReference" time="0.001" classname="com.test.automation.uiAutomation.admission.admissionForm.TC_AdmissionForm_StudentAdmissionForm">
    <skipped/>
  </testcase> <!-- tcSelectReference -->
</testsuite> <!-- com.test.automation.uiAutomation.admission.admissionForm.TC_AdmissionForm_StudentAdmissionForm -->
