<?xml version="1.0" encoding="UTF-8"?>
<!-- Generated by org.testng.reporters.JUnitReportReporter -->
<testsuite name="com.test.automation.uiAutomation.tcFee.Tc_Masters_Fee_Yearly_Class_Category" tests="30" time="97.106" ignored="0" failures="1" timestamp="13 Mar 2018 07:16:34 GMT" skipped="20" hostname="DESKTOP-DISLHD4" errors="2">
  <testcase name="tcClickOnSuccessOkBtn" time="18.293" classname="com.test.automation.uiAutomation.tcFee.Tc_Masters_Fee_Yearly_Class_Category">
    <error type="org.openqa.selenium.NoSuchWindowException" message="no such window: target window already closed
from unknown error: web view not found
  (Session info: chrome=65.0.3325.146)
  (Driver info: chromedriver=2.36.540470 (e522d04694c7ebea4ba8821272dbef4f9b818c91),platform=Windows NT 10.0.16299 x86_64) (WARNING: The server did not provide any stacktrace information)
Command duration or timeout: 2 milliseconds
Build info: version: &#039;3.0.1&#039;, revision: &#039;1969d75&#039;, time: &#039;2016-10-18 09:49:13 -0700&#039;
System info: host: &#039;DESKTOP-DISLHD4&#039;, ip: &#039;192.168.1.24&#039;, os.name: &#039;Windows 10&#039;, os.arch: &#039;amd64&#039;, os.version: &#039;10.0&#039;, java.version: &#039;1.8.0_161&#039;
Driver info: org.openqa.selenium.chrome.ChromeDriver
Capabilities [{applicationCacheEnabled=false, rotatable=false, mobileEmulationEnabled=false, networkConnectionEnabled=false, chrome={chromedriverVersion=2.36.540470 (e522d04694c7ebea4ba8821272dbef4f9b818c91), userDataDir=C:\Users\vaps\AppData\Local\Temp\scoped_dir4760_17382}, takesHeapSnapshot=true, pageLoadStrategy=normal, databaseEnabled=false, handlesAlerts=true, hasTouchScreen=false, version=65.0.3325.146, platform=XP, browserConnectionEnabled=false, nativeEvents=true, acceptSslCerts=false, acceptInsecureCerts=false, locationContextEnabled=true, webStorageEnabled=true, browserName=chrome, takesScreenshot=true, javascriptEnabled=true, cssSelectorsEnabled=true, setWindowRect=true, unexpectedAlertBehaviour=}]
Session ID: c423a9135ee94a394435680316ea9107">
      <![CDATA[org.openqa.selenium.NoSuchWindowException: no such window: target window already closed
from unknown error: web view not found
  (Session info: chrome=65.0.3325.146)
  (Driver info: chromedriver=2.36.540470 (e522d04694c7ebea4ba8821272dbef4f9b818c91),platform=Windows NT 10.0.16299 x86_64) (WARNING: The server did not provide any stacktrace information)
Command duration or timeout: 2 milliseconds
Build info: version: '3.0.1', revision: '1969d75', time: '2016-10-18 09:49:13 -0700'
System info: host: 'DESKTOP-DISLHD4', ip: '192.168.1.24', os.name: 'Windows 10', os.arch: 'amd64', os.version: '10.0', java.version: '1.8.0_161'
Driver info: org.openqa.selenium.chrome.ChromeDriver
Capabilities [{applicationCacheEnabled=false, rotatable=false, mobileEmulationEnabled=false, networkConnectionEnabled=false, chrome={chromedriverVersion=2.36.540470 (e522d04694c7ebea4ba8821272dbef4f9b818c91), userDataDir=C:\Users\vaps\AppData\Local\Temp\scoped_dir4760_17382}, takesHeapSnapshot=true, pageLoadStrategy=normal, databaseEnabled=false, handlesAlerts=true, hasTouchScreen=false, version=65.0.3325.146, platform=XP, browserConnectionEnabled=false, nativeEvents=true, acceptSslCerts=false, acceptInsecureCerts=false, locationContextEnabled=true, webStorageEnabled=true, browserName=chrome, takesScreenshot=true, javascriptEnabled=true, cssSelectorsEnabled=true, setWindowRect=true, unexpectedAlertBehaviour=}]
Session ID: c423a9135ee94a394435680316ea9107
	at sun.reflect.NativeConstructorAccessorImpl.newInstance0(Native Method)
	at sun.reflect.NativeConstructorAccessorImpl.newInstance(Unknown Source)
	at sun.reflect.DelegatingConstructorAccessorImpl.newInstance(Unknown Source)
	at java.lang.reflect.Constructor.newInstance(Unknown Source)
	at org.openqa.selenium.remote.ErrorHandler.createThrowable(ErrorHandler.java:216)
	at org.openqa.selenium.remote.ErrorHandler.throwIfResponseFailed(ErrorHandler.java:168)
	at org.openqa.selenium.remote.RemoteWebDriver.execute(RemoteWebDriver.java:635)
	at org.openqa.selenium.remote.RemoteWebDriver.execute(RemoteWebDriver.java:658)
	at org.openqa.selenium.remote.RemoteWebDriver.getScreenshotAs(RemoteWebDriver.java:340)
	at com.test.automation.uiAutomation.testBase.TestBase.getScreenShot(TestBase.java:197)
	at com.test.automation.uiAutomation.tcFee.Tc_Masters_Fee_Yearly_Class_Category.tcClickOnSuccessOkBtn(Tc_Masters_Fee_Yearly_Class_Category.java:197)
	at sun.reflect.NativeMethodAccessorImpl.invoke0(Native Method)
	at sun.reflect.NativeMethodAccessorImpl.invoke(Unknown Source)
	at sun.reflect.DelegatingMethodAccessorImpl.invoke(Unknown Source)
	at java.lang.reflect.Method.invoke(Unknown Source)
	at org.testng.internal.MethodInvocationHelper.invokeMethod(MethodInvocationHelper.java:104)
	at org.testng.internal.Invoker.invokeMethod(Invoker.java:645)
	at org.testng.internal.Invoker.invokeTestMethod(Invoker.java:851)
	at org.testng.internal.Invoker.invokeTestMethods(Invoker.java:1177)
	at org.testng.internal.TestMethodWorker.invokeTestMethods(TestMethodWorker.java:129)
	at org.testng.internal.TestMethodWorker.run(TestMethodWorker.java:112)
	at org.testng.TestRunner.privateRun(TestRunner.java:756)
	at org.testng.TestRunner.run(TestRunner.java:610)
	at org.testng.SuiteRunner.runTest(SuiteRunner.java:387)
	at org.testng.SuiteRunner.runSequentially(SuiteRunner.java:382)
	at org.testng.SuiteRunner.privateRun(SuiteRunner.java:340)
	at org.testng.SuiteRunner.run(SuiteRunner.java:289)
	at org.testng.SuiteRunnerWorker.runSuite(SuiteRunnerWorker.java:52)
	at org.testng.SuiteRunnerWorker.run(SuiteRunnerWorker.java:86)
	at org.testng.TestNG.runSuitesSequentially(TestNG.java:1293)
	at org.testng.TestNG.runSuitesLocally(TestNG.java:1218)
	at org.testng.TestNG.runSuites(TestNG.java:1133)
	at org.testng.TestNG.run(TestNG.java:1104)
	at org.testng.remote.AbstractRemoteTestNG.run(AbstractRemoteTestNG.java:132)
	at org.testng.remote.RemoteTestNG.initAndRun(RemoteTestNG.java:230)
	at org.testng.remote.RemoteTestNG.main(RemoteTestNG.java:76)
]]>
    </error>
  </testcase> <!-- tcClickOnSuccessOkBtn -->
  <testcase name="tcVerifySuccessfulPopUp" time="20.028" classname="com.test.automation.uiAutomation.tcFee.Tc_Masters_Fee_Yearly_Class_Category">
    <failure type="java.lang.AssertionError" message="expected [true] but found [false]">
      <![CDATA[java.lang.AssertionError: expected [true] but found [false]
	at org.testng.Assert.fail(Assert.java:94)
	at org.testng.Assert.failNotEquals(Assert.java:513)
	at org.testng.Assert.assertEqualsImpl(Assert.java:135)
	at org.testng.Assert.assertEquals(Assert.java:116)
	at org.testng.Assert.assertEquals(Assert.java:305)
	at org.testng.Assert.assertEquals(Assert.java:315)
	at com.test.automation.uiAutomation.tcFee.Tc_Masters_Fee_Yearly_Class_Category.tcVerifySuccessfulPopUp(Tc_Masters_Fee_Yearly_Class_Category.java:177)
	at sun.reflect.NativeMethodAccessorImpl.invoke0(Native Method)
	at sun.reflect.NativeMethodAccessorImpl.invoke(Unknown Source)
	at sun.reflect.DelegatingMethodAccessorImpl.invoke(Unknown Source)
	at java.lang.reflect.Method.invoke(Unknown Source)
	at org.testng.internal.MethodInvocationHelper.invokeMethod(MethodInvocationHelper.java:104)
	at org.testng.internal.Invoker.invokeMethod(Invoker.java:645)
	at org.testng.internal.Invoker.invokeTestMethod(Invoker.java:851)
	at org.testng.internal.Invoker.invokeTestMethods(Invoker.java:1177)
	at org.testng.internal.TestMethodWorker.invokeTestMethods(TestMethodWorker.java:129)
	at org.testng.internal.TestMethodWorker.run(TestMethodWorker.java:112)
	at org.testng.TestRunner.privateRun(TestRunner.java:756)
	at org.testng.TestRunner.run(TestRunner.java:610)
	at org.testng.SuiteRunner.runTest(SuiteRunner.java:387)
	at org.testng.SuiteRunner.runSequentially(SuiteRunner.java:382)
	at org.testng.SuiteRunner.privateRun(SuiteRunner.java:340)
	at org.testng.SuiteRunner.run(SuiteRunner.java:289)
	at org.testng.SuiteRunnerWorker.runSuite(SuiteRunnerWorker.java:52)
	at org.testng.SuiteRunnerWorker.run(SuiteRunnerWorker.java:86)
	at org.testng.TestNG.runSuitesSequentially(TestNG.java:1293)
	at org.testng.TestNG.runSuitesLocally(TestNG.java:1218)
	at org.testng.TestNG.runSuites(TestNG.java:1133)
	at org.testng.TestNG.run(TestNG.java:1104)
	at org.testng.remote.AbstractRemoteTestNG.run(AbstractRemoteTestNG.java:132)
	at org.testng.remote.RemoteTestNG.initAndRun(RemoteTestNG.java:230)
	at org.testng.remote.RemoteTestNG.main(RemoteTestNG.java:76)
]]>
    </failure>
  </testcase> <!-- tcVerifySuccessfulPopUp -->
  <testcase name="loginToappWithrequiredCredentials" time="0.000" classname="com.test.automation.uiAutomation.tcFee.Tc_Masters_Fee_Yearly_Class_Category">
    <skipped/>
  </testcase> <!-- loginToappWithrequiredCredentials -->
  <testcase name="tcClickOnDeletionFinalOkBtn" time="0.001" classname="com.test.automation.uiAutomation.tcFee.Tc_Masters_Fee_Yearly_Class_Category">
    <skipped/>
  </testcase> <!-- tcClickOnDeletionFinalOkBtn -->
  <testcase name="tcNevigateToMasters_Fee_Yearly_ClassCategory" time="3.761" classname="com.test.automation.uiAutomation.tcFee.Tc_Masters_Fee_Yearly_Class_Category"/>
  <testcase name="tcSelectAcademicYearClassCategoryAndClass" time="0.001" classname="com.test.automation.uiAutomation.tcFee.Tc_Masters_Fee_Yearly_Class_Category">
    <skipped/>
  </testcase> <!-- tcSelectAcademicYearClassCategoryAndClass -->
  <testcase name="tcConfirmationForDeletion" time="0.004" classname="com.test.automation.uiAutomation.tcFee.Tc_Masters_Fee_Yearly_Class_Category">
    <skipped/>
  </testcase> <!-- tcConfirmationForDeletion -->
  <testcase name="tcSearchByClassCategoryInGrid" time="0.002" classname="com.test.automation.uiAutomation.tcFee.Tc_Masters_Fee_Yearly_Class_Category">
    <skipped/>
  </testcase> <!-- tcSearchByClassCategoryInGrid -->
  <testcase name="loginToappWithrequiredCredentials" time="0.002" classname="com.test.automation.uiAutomation.tcFee.Tc_Masters_Fee_Yearly_Class_Category">
    <skipped/>
  </testcase> <!-- loginToappWithrequiredCredentials -->
  <testcase name="afterMethod" time="0.000" classname="com.test.automation.uiAutomation.tcFee.Tc_Masters_Fee_Yearly_Class_Category">
    <error type="org.openqa.selenium.NoSuchWindowException" message="no such window: target window already closed
from unknown error: web view not found
  (Session info: chrome=65.0.3325.146)
  (Driver info: chromedriver=2.36.540470 (e522d04694c7ebea4ba8821272dbef4f9b818c91),platform=Windows NT 10.0.16299 x86_64) (WARNING: The server did not provide any stacktrace information)
Command duration or timeout: 3 milliseconds
Build info: version: &#039;3.0.1&#039;, revision: &#039;1969d75&#039;, time: &#039;2016-10-18 09:49:13 -0700&#039;
System info: host: &#039;DESKTOP-DISLHD4&#039;, ip: &#039;192.168.1.24&#039;, os.name: &#039;Windows 10&#039;, os.arch: &#039;amd64&#039;, os.version: &#039;10.0&#039;, java.version: &#039;1.8.0_161&#039;
Driver info: org.openqa.selenium.chrome.ChromeDriver
Capabilities [{applicationCacheEnabled=false, rotatable=false, mobileEmulationEnabled=false, networkConnectionEnabled=false, chrome={chromedriverVersion=2.36.540470 (e522d04694c7ebea4ba8821272dbef4f9b818c91), userDataDir=C:\Users\vaps\AppData\Local\Temp\scoped_dir4760_17382}, takesHeapSnapshot=true, pageLoadStrategy=normal, databaseEnabled=false, handlesAlerts=true, hasTouchScreen=false, version=65.0.3325.146, platform=XP, browserConnectionEnabled=false, nativeEvents=true, acceptSslCerts=false, acceptInsecureCerts=false, locationContextEnabled=true, webStorageEnabled=true, browserName=chrome, takesScreenshot=true, javascriptEnabled=true, cssSelectorsEnabled=true, setWindowRect=true, unexpectedAlertBehaviour=}]
Session ID: c423a9135ee94a394435680316ea9107">
      <![CDATA[org.openqa.selenium.NoSuchWindowException: no such window: target window already closed
from unknown error: web view not found
  (Session info: chrome=65.0.3325.146)
  (Driver info: chromedriver=2.36.540470 (e522d04694c7ebea4ba8821272dbef4f9b818c91),platform=Windows NT 10.0.16299 x86_64) (WARNING: The server did not provide any stacktrace information)
Command duration or timeout: 3 milliseconds
Build info: version: '3.0.1', revision: '1969d75', time: '2016-10-18 09:49:13 -0700'
System info: host: 'DESKTOP-DISLHD4', ip: '192.168.1.24', os.name: 'Windows 10', os.arch: 'amd64', os.version: '10.0', java.version: '1.8.0_161'
Driver info: org.openqa.selenium.chrome.ChromeDriver
Capabilities [{applicationCacheEnabled=false, rotatable=false, mobileEmulationEnabled=false, networkConnectionEnabled=false, chrome={chromedriverVersion=2.36.540470 (e522d04694c7ebea4ba8821272dbef4f9b818c91), userDataDir=C:\Users\vaps\AppData\Local\Temp\scoped_dir4760_17382}, takesHeapSnapshot=true, pageLoadStrategy=normal, databaseEnabled=false, handlesAlerts=true, hasTouchScreen=false, version=65.0.3325.146, platform=XP, browserConnectionEnabled=false, nativeEvents=true, acceptSslCerts=false, acceptInsecureCerts=false, locationContextEnabled=true, webStorageEnabled=true, browserName=chrome, takesScreenshot=true, javascriptEnabled=true, cssSelectorsEnabled=true, setWindowRect=true, unexpectedAlertBehaviour=}]
Session ID: c423a9135ee94a394435680316ea9107
	at sun.reflect.NativeConstructorAccessorImpl.newInstance0(Native Method)
	at sun.reflect.NativeConstructorAccessorImpl.newInstance(Unknown Source)
	at sun.reflect.DelegatingConstructorAccessorImpl.newInstance(Unknown Source)
	at java.lang.reflect.Constructor.newInstance(Unknown Source)
	at org.openqa.selenium.remote.ErrorHandler.createThrowable(ErrorHandler.java:216)
	at org.openqa.selenium.remote.ErrorHandler.throwIfResponseFailed(ErrorHandler.java:168)
	at org.openqa.selenium.remote.RemoteWebDriver.execute(RemoteWebDriver.java:635)
	at org.openqa.selenium.remote.RemoteWebDriver.execute(RemoteWebDriver.java:658)
	at org.openqa.selenium.remote.RemoteWebDriver.getScreenshotAs(RemoteWebDriver.java:340)
	at com.test.automation.uiAutomation.testBase.TestBase.captureScreen(TestBase.java:273)
	at com.test.automation.uiAutomation.testBase.TestBase.getresult(TestBase.java:302)
	at com.test.automation.uiAutomation.testBase.TestBase.afterMethod(TestBase.java:311)
	at sun.reflect.NativeMethodAccessorImpl.invoke0(Native Method)
	at sun.reflect.NativeMethodAccessorImpl.invoke(Unknown Source)
	at sun.reflect.DelegatingMethodAccessorImpl.invoke(Unknown Source)
	at java.lang.reflect.Method.invoke(Unknown Source)
	at org.testng.internal.MethodInvocationHelper.invokeMethod(MethodInvocationHelper.java:104)
	at org.testng.internal.Invoker.invokeConfigurationMethod(Invoker.java:515)
	at org.testng.internal.Invoker.invokeConfigurations(Invoker.java:217)
	at org.testng.internal.Invoker.invokeMethod(Invoker.java:712)
	at org.testng.internal.Invoker.invokeTestMethod(Invoker.java:851)
	at org.testng.internal.Invoker.invokeTestMethods(Invoker.java:1177)
	at org.testng.internal.TestMethodWorker.invokeTestMethods(TestMethodWorker.java:129)
	at org.testng.internal.TestMethodWorker.run(TestMethodWorker.java:112)
	at org.testng.TestRunner.privateRun(TestRunner.java:756)
	at org.testng.TestRunner.run(TestRunner.java:610)
	at org.testng.SuiteRunner.runTest(SuiteRunner.java:387)
	at org.testng.SuiteRunner.runSequentially(SuiteRunner.java:382)
	at org.testng.SuiteRunner.privateRun(SuiteRunner.java:340)
	at org.testng.SuiteRunner.run(SuiteRunner.java:289)
	at org.testng.SuiteRunnerWorker.runSuite(SuiteRunnerWorker.java:52)
	at org.testng.SuiteRunnerWorker.run(SuiteRunnerWorker.java:86)
	at org.testng.TestNG.runSuitesSequentially(TestNG.java:1293)
	at org.testng.TestNG.runSuitesLocally(TestNG.java:1218)
	at org.testng.TestNG.runSuites(TestNG.java:1133)
	at org.testng.TestNG.run(TestNG.java:1104)
	at org.testng.remote.AbstractRemoteTestNG.run(AbstractRemoteTestNG.java:132)
	at org.testng.remote.RemoteTestNG.initAndRun(RemoteTestNG.java:230)
	at org.testng.remote.RemoteTestNG.main(RemoteTestNG.java:76)
]]>
    </error>
  </testcase> <!-- afterMethod -->
  <testcase name="loginToappWithrequiredCredentials" time="0.001" classname="com.test.automation.uiAutomation.tcFee.Tc_Masters_Fee_Yearly_Class_Category">
    <skipped/>
  </testcase> <!-- loginToappWithrequiredCredentials -->
  <testcase name="tcClickOnYearly_ClassCategoryTabAgain" time="0.001" classname="com.test.automation.uiAutomation.tcFee.Tc_Masters_Fee_Yearly_Class_Category">
    <skipped/>
  </testcase> <!-- tcClickOnYearly_ClassCategoryTabAgain -->
  <testcase name="tcHomeButtonValidation" time="7.586" classname="com.test.automation.uiAutomation.tcFee.Tc_Masters_Fee_Yearly_Class_Category"/>
  <testcase name="tcVerifySuccessfulPopUp_AfterDeletionOfPreviouslyCreatedYCC" time="0.004" classname="com.test.automation.uiAutomation.tcFee.Tc_Masters_Fee_Yearly_Class_Category">
    <skipped/>
  </testcase> <!-- tcVerifySuccessfulPopUp_AfterDeletionOfPreviouslyCreatedYCC -->
  <testcase name="tcClickOnSuccessOkBtn_AfterDeletionOfPreviouslyCreatedYCC" time="0.004" classname="com.test.automation.uiAutomation.tcFee.Tc_Masters_Fee_Yearly_Class_Category">
    <skipped/>
  </testcase> <!-- tcClickOnSuccessOkBtn_AfterDeletionOfPreviouslyCreatedYCC -->
  <testcase name="tcVerifyFeeClassCategoryPage" time="1.334" classname="com.test.automation.uiAutomation.tcFee.Tc_Masters_Fee_Yearly_Class_Category"/>
  <testcase name="tcSelectAcademicYearClassCategoryAndClass" time="23.978" classname="com.test.automation.uiAutomation.tcFee.Tc_Masters_Fee_Yearly_Class_Category"/>
  <testcase name="loginToappWithrequiredCredentials" time="0.003" classname="com.test.automation.uiAutomation.tcFee.Tc_Masters_Fee_Yearly_Class_Category">
    <skipped/>
  </testcase> <!-- loginToappWithrequiredCredentials -->
  <testcase name="loginToappWithrequiredCredentials" time="20.726" classname="com.test.automation.uiAutomation.tcFee.Tc_Masters_Fee_Yearly_Class_Category"/>
  <testcase name="tcSelectAcademicYearClassCategoryAndClass_AfterDeletionOfPreviouslyCreatedYCC" time="0.000" classname="com.test.automation.uiAutomation.tcFee.Tc_Masters_Fee_Yearly_Class_Category">
    <skipped/>
  </testcase> <!-- tcSelectAcademicYearClassCategoryAndClass_AfterDeletionOfPreviouslyCreatedYCC -->
  <testcase name="tcSearchByClassCategoryInGrid" time="0.002" classname="com.test.automation.uiAutomation.tcFee.Tc_Masters_Fee_Yearly_Class_Category">
    <skipped/>
  </testcase> <!-- tcSearchByClassCategoryInGrid -->
  <testcase name="tcClickOnSaveButton_AfterDeletionOfPreviouslyCreatedYCC" time="0.002" classname="com.test.automation.uiAutomation.tcFee.Tc_Masters_Fee_Yearly_Class_Category">
    <skipped/>
  </testcase> <!-- tcClickOnSaveButton_AfterDeletionOfPreviouslyCreatedYCC -->
  <testcase name="tcVerifyDeletionSuccessfulPopUp" time="0.002" classname="com.test.automation.uiAutomation.tcFee.Tc_Masters_Fee_Yearly_Class_Category">
    <skipped/>
  </testcase> <!-- tcVerifyDeletionSuccessfulPopUp -->
  <testcase name="tcVerifyClassCategoryUpdatedInGrid" time="0.001" classname="com.test.automation.uiAutomation.tcFee.Tc_Masters_Fee_Yearly_Class_Category">
    <skipped/>
  </testcase> <!-- tcVerifyClassCategoryUpdatedInGrid -->
  <testcase name="tcClickOnYearly_ClassCategoryTab" time="1.070" classname="com.test.automation.uiAutomation.tcFee.Tc_Masters_Fee_Yearly_Class_Category"/>
  <testcase name="tcVerifyClassCategoryUpdatedInGrid" time="0.000" classname="com.test.automation.uiAutomation.tcFee.Tc_Masters_Fee_Yearly_Class_Category">
    <skipped/>
  </testcase> <!-- tcVerifyClassCategoryUpdatedInGrid -->
  <testcase name="tcDelete_Yearly_ClassCategoryFromGrid" time="0.000" classname="com.test.automation.uiAutomation.tcFee.Tc_Masters_Fee_Yearly_Class_Category">
    <skipped/>
  </testcase> <!-- tcDelete_Yearly_ClassCategoryFromGrid -->
  <testcase name="tcSelectAcademicYearClassCategoryAndClass_AfterDeletionOfPreviouslyCreatedYCC" time="0.002" classname="com.test.automation.uiAutomation.tcFee.Tc_Masters_Fee_Yearly_Class_Category">
    <skipped/>
  </testcase> <!-- tcSelectAcademicYearClassCategoryAndClass_AfterDeletionOfPreviouslyCreatedYCC -->
  <testcase name="tcDelete_Yearly_ClassCategoryFromGrid" time="0.001" classname="com.test.automation.uiAutomation.tcFee.Tc_Masters_Fee_Yearly_Class_Category">
    <skipped/>
  </testcase> <!-- tcDelete_Yearly_ClassCategoryFromGrid -->
  <testcase name="tcClickOnSaveButton" time="0.297" classname="com.test.automation.uiAutomation.tcFee.Tc_Masters_Fee_Yearly_Class_Category"/>
</testsuite> <!-- com.test.automation.uiAutomation.tcFee.Tc_Masters_Fee_Yearly_Class_Category -->
