<?xml version="1.0" encoding="UTF-8"?>
<!-- Generated by org.testng.reporters.JUnitReportReporter -->
<testsuite name="com.test.automation.uiAutomation.tcFee.Tc_Masters_Master_Fine_Slab_With_ECSFLAG" tests="40" time="170.713" ignored="0" failures="0" timestamp="13 Mar 2018 10:44:01 GMT" skipped="9" hostname="DESKTOP-DISLHD4" errors="2">
  <testcase name="tcEdit_masterFineSlab" time="3.413" classname="com.test.automation.uiAutomation.tcFee.Tc_Masters_Master_Fine_Slab_With_ECSFLAG"/>
  <testcase name="tcVerifySuccessfulPopUpEdit" time="1.335" classname="com.test.automation.uiAutomation.tcFee.Tc_Masters_Master_Fine_Slab_With_ECSFLAG"/>
  <testcase name="loginToappWithrequiredCredentials" time="0.003" classname="com.test.automation.uiAutomation.tcFee.Tc_Masters_Master_Fine_Slab_With_ECSFLAG">
    <skipped/>
  </testcase> <!-- loginToappWithrequiredCredentials -->
  <testcase name="tcMastersFineSlabTypeFromDayAndToDay_GreaterThan" time="4.864" classname="com.test.automation.uiAutomation.tcFee.Tc_Masters_Master_Fine_Slab_With_ECSFLAG"/>
  <testcase name="tcMastersFineSlabTypeFromDayAndToDay_Between" time="5.964" classname="com.test.automation.uiAutomation.tcFee.Tc_Masters_Master_Fine_Slab_With_ECSFLAG"/>
  <testcase name="loginToappWithrequiredCredentials" time="0.002" classname="com.test.automation.uiAutomation.tcFee.Tc_Masters_Master_Fine_Slab_With_ECSFLAG">
    <skipped/>
  </testcase> <!-- loginToappWithrequiredCredentials -->
  <testcase name="tcClickOnDeactivationFinalOkBtn" time="3.340" classname="com.test.automation.uiAutomation.tcFee.Tc_Masters_Master_Fine_Slab_With_ECSFLAG"/>
  <testcase name="tcEditMasterFineSlab" time="1.938" classname="com.test.automation.uiAutomation.tcFee.Tc_Masters_Master_Fine_Slab_With_ECSFLAG"/>
  <testcase name="tcClickOnSaveButton_LessThan" time="15.381" classname="com.test.automation.uiAutomation.tcFee.Tc_Masters_Master_Fine_Slab_With_ECSFLAG"/>
  <testcase name="tcVerifyDeactivationSuccessfulPopUp" time="1.310" classname="com.test.automation.uiAutomation.tcFee.Tc_Masters_Master_Fine_Slab_With_ECSFLAG"/>
  <testcase name="tcSearchByToDayInGridForActivation" time="1.399" classname="com.test.automation.uiAutomation.tcFee.Tc_Masters_Master_Fine_Slab_With_ECSFLAG"/>
  <testcase name="tcClickOnSuccessOkBtnEdit" time="3.347" classname="com.test.automation.uiAutomation.tcFee.Tc_Masters_Master_Fine_Slab_With_ECSFLAG"/>
  <testcase name="tcNavigateToMasters_masterFineSlab" time="3.673" classname="com.test.automation.uiAutomation.tcFee.Tc_Masters_Master_Fine_Slab_With_ECSFLAG"/>
  <testcase name="tcMastersFineSlabTypeFromDayAndToDay_LessThan" time="0.001" classname="com.test.automation.uiAutomation.tcFee.Tc_Masters_Master_Fine_Slab_With_ECSFLAG">
    <skipped/>
  </testcase> <!-- tcMastersFineSlabTypeFromDayAndToDay_LessThan -->
  <testcase name="tcVerifyMasterFineSlabPage" time="1.310" classname="com.test.automation.uiAutomation.tcFee.Tc_Masters_Master_Fine_Slab_With_ECSFLAG"/>
  <testcase name="tcVerifySuccessfulPopUp_GreaterThan" time="1.321" classname="com.test.automation.uiAutomation.tcFee.Tc_Masters_Master_Fine_Slab_With_ECSFLAG"/>
  <testcase name="tcClickOnSuccessOkBtn_LessThan" time="3.354" classname="com.test.automation.uiAutomation.tcFee.Tc_Masters_Master_Fine_Slab_With_ECSFLAG"/>
  <testcase name="tcDeactivationOfCreated_MasterFineslab" time="3.505" classname="com.test.automation.uiAutomation.tcFee.Tc_Masters_Master_Fine_Slab_With_ECSFLAG"/>
  <testcase name="tcActivationOf_MasterFineSlab" time="15.686" classname="com.test.automation.uiAutomation.tcFee.Tc_Masters_Master_Fine_Slab_With_ECSFLAG">
    <error type="org.openqa.selenium.NoSuchWindowException" message="no such window: target window already closed
from unknown error: web view not found
  (Session info: chrome=65.0.3325.146)
  (Driver info: chromedriver=2.36.540470 (e522d04694c7ebea4ba8821272dbef4f9b818c91),platform=Windows NT 10.0.16299 x86_64) (WARNING: The server did not provide any stacktrace information)
Command duration or timeout: 19 milliseconds
Build info: version: &#039;3.0.1&#039;, revision: &#039;1969d75&#039;, time: &#039;2016-10-18 09:49:13 -0700&#039;
System info: host: &#039;DESKTOP-DISLHD4&#039;, ip: &#039;192.168.1.24&#039;, os.name: &#039;Windows 10&#039;, os.arch: &#039;amd64&#039;, os.version: &#039;10.0&#039;, java.version: &#039;1.8.0_161&#039;
Driver info: org.openqa.selenium.chrome.ChromeDriver
Capabilities [{applicationCacheEnabled=false, rotatable=false, mobileEmulationEnabled=false, networkConnectionEnabled=false, chrome={chromedriverVersion=2.36.540470 (e522d04694c7ebea4ba8821272dbef4f9b818c91), userDataDir=C:\Users\vaps\AppData\Local\Temp\scoped_dir3436_18582}, takesHeapSnapshot=true, pageLoadStrategy=normal, databaseEnabled=false, handlesAlerts=true, hasTouchScreen=false, version=65.0.3325.146, platform=XP, browserConnectionEnabled=false, nativeEvents=true, acceptSslCerts=false, acceptInsecureCerts=false, locationContextEnabled=true, webStorageEnabled=true, browserName=chrome, takesScreenshot=true, javascriptEnabled=true, cssSelectorsEnabled=true, setWindowRect=true, unexpectedAlertBehaviour=}]
Session ID: 8e5ad71caed17f99bd529f6ae86545db">
      <![CDATA[org.openqa.selenium.NoSuchWindowException: no such window: target window already closed
from unknown error: web view not found
  (Session info: chrome=65.0.3325.146)
  (Driver info: chromedriver=2.36.540470 (e522d04694c7ebea4ba8821272dbef4f9b818c91),platform=Windows NT 10.0.16299 x86_64) (WARNING: The server did not provide any stacktrace information)
Command duration or timeout: 19 milliseconds
Build info: version: '3.0.1', revision: '1969d75', time: '2016-10-18 09:49:13 -0700'
System info: host: 'DESKTOP-DISLHD4', ip: '192.168.1.24', os.name: 'Windows 10', os.arch: 'amd64', os.version: '10.0', java.version: '1.8.0_161'
Driver info: org.openqa.selenium.chrome.ChromeDriver
Capabilities [{applicationCacheEnabled=false, rotatable=false, mobileEmulationEnabled=false, networkConnectionEnabled=false, chrome={chromedriverVersion=2.36.540470 (e522d04694c7ebea4ba8821272dbef4f9b818c91), userDataDir=C:\Users\vaps\AppData\Local\Temp\scoped_dir3436_18582}, takesHeapSnapshot=true, pageLoadStrategy=normal, databaseEnabled=false, handlesAlerts=true, hasTouchScreen=false, version=65.0.3325.146, platform=XP, browserConnectionEnabled=false, nativeEvents=true, acceptSslCerts=false, acceptInsecureCerts=false, locationContextEnabled=true, webStorageEnabled=true, browserName=chrome, takesScreenshot=true, javascriptEnabled=true, cssSelectorsEnabled=true, setWindowRect=true, unexpectedAlertBehaviour=}]
Session ID: 8e5ad71caed17f99bd529f6ae86545db
	at sun.reflect.NativeConstructorAccessorImpl.newInstance0(Native Method)
	at sun.reflect.NativeConstructorAccessorImpl.newInstance(Unknown Source)
	at sun.reflect.DelegatingConstructorAccessorImpl.newInstance(Unknown Source)
	at java.lang.reflect.Constructor.newInstance(Unknown Source)
	at org.openqa.selenium.remote.ErrorHandler.createThrowable(ErrorHandler.java:216)
	at org.openqa.selenium.remote.ErrorHandler.throwIfResponseFailed(ErrorHandler.java:168)
	at org.openqa.selenium.remote.RemoteWebDriver.execute(RemoteWebDriver.java:635)
	at org.openqa.selenium.remote.RemoteWebDriver.execute(RemoteWebDriver.java:658)
	at org.openqa.selenium.remote.RemoteWebDriver.getScreenshotAs(RemoteWebDriver.java:340)
	at com.test.automation.uiAutomation.testBase.TestBase.getScreenShot(TestBase.java:197)
	at com.test.automation.uiAutomation.tcFee.Tc_Masters_Master_Fine_Slab_With_ECSFLAG.tcActivationOf_MasterFineSlab(Tc_Masters_Master_Fine_Slab_With_ECSFLAG.java:562)
	at sun.reflect.NativeMethodAccessorImpl.invoke0(Native Method)
	at sun.reflect.NativeMethodAccessorImpl.invoke(Unknown Source)
	at sun.reflect.DelegatingMethodAccessorImpl.invoke(Unknown Source)
	at java.lang.reflect.Method.invoke(Unknown Source)
	at org.testng.internal.MethodInvocationHelper.invokeMethod(MethodInvocationHelper.java:104)
	at org.testng.internal.Invoker.invokeMethod(Invoker.java:645)
	at org.testng.internal.Invoker.invokeTestMethod(Invoker.java:851)
	at org.testng.internal.Invoker.invokeTestMethods(Invoker.java:1177)
	at org.testng.internal.TestMethodWorker.invokeTestMethods(TestMethodWorker.java:129)
	at org.testng.internal.TestMethodWorker.run(TestMethodWorker.java:112)
	at org.testng.TestRunner.privateRun(TestRunner.java:756)
	at org.testng.TestRunner.run(TestRunner.java:610)
	at org.testng.SuiteRunner.runTest(SuiteRunner.java:387)
	at org.testng.SuiteRunner.runSequentially(SuiteRunner.java:382)
	at org.testng.SuiteRunner.privateRun(SuiteRunner.java:340)
	at org.testng.SuiteRunner.run(SuiteRunner.java:289)
	at org.testng.SuiteRunnerWorker.runSuite(SuiteRunnerWorker.java:52)
	at org.testng.SuiteRunnerWorker.run(SuiteRunnerWorker.java:86)
	at org.testng.TestNG.runSuitesSequentially(TestNG.java:1293)
	at org.testng.TestNG.runSuitesLocally(TestNG.java:1218)
	at org.testng.TestNG.runSuites(TestNG.java:1133)
	at org.testng.TestNG.run(TestNG.java:1104)
	at org.testng.remote.AbstractRemoteTestNG.run(AbstractRemoteTestNG.java:132)
	at org.testng.remote.RemoteTestNG.initAndRun(RemoteTestNG.java:230)
	at org.testng.remote.RemoteTestNG.main(RemoteTestNG.java:76)
]]>
    </error>
  </testcase> <!-- tcActivationOf_MasterFineSlab -->
  <testcase name="tcClickOnActivationFinalOkBtn" time="0.000" classname="com.test.automation.uiAutomation.tcFee.Tc_Masters_Master_Fine_Slab_With_ECSFLAG">
    <skipped/>
  </testcase> <!-- tcClickOnActivationFinalOkBtn -->
  <testcase name="tcClickOnSuccessOkBtn_Between" time="3.347" classname="com.test.automation.uiAutomation.tcFee.Tc_Masters_Master_Fine_Slab_With_ECSFLAG"/>
  <testcase name="tcMastersFineSlabTypeFromDayAndToDay_GreaterThan" time="0.002" classname="com.test.automation.uiAutomation.tcFee.Tc_Masters_Master_Fine_Slab_With_ECSFLAG">
    <skipped/>
  </testcase> <!-- tcMastersFineSlabTypeFromDayAndToDay_GreaterThan -->
  <testcase name="tcSearchByToDayInGridForDeactivation" time="1.430" classname="com.test.automation.uiAutomation.tcFee.Tc_Masters_Master_Fine_Slab_With_ECSFLAG"/>
  <testcase name="tcSearchByToDayInGrid" time="1.431" classname="com.test.automation.uiAutomation.tcFee.Tc_Masters_Master_Fine_Slab_With_ECSFLAG"/>
  <testcase name="tcMastersFineSlabTypeFromDayAndToDay_LessThan" time="4.824" classname="com.test.automation.uiAutomation.tcFee.Tc_Masters_Master_Fine_Slab_With_ECSFLAG"/>
  <testcase name="loginToappWithrequiredCredentials" time="0.002" classname="com.test.automation.uiAutomation.tcFee.Tc_Masters_Master_Fine_Slab_With_ECSFLAG">
    <skipped/>
  </testcase> <!-- loginToappWithrequiredCredentials -->
  <testcase name="tcClickOnSaveButtonEdit" time="15.671" classname="com.test.automation.uiAutomation.tcFee.Tc_Masters_Master_Fine_Slab_With_ECSFLAG"/>
  <testcase name="tcVerifySuccessfulPopUp_LessThan" time="1.317" classname="com.test.automation.uiAutomation.tcFee.Tc_Masters_Master_Fine_Slab_With_ECSFLAG"/>
  <testcase name="loginToappWithrequiredCredentials" time="0.001" classname="com.test.automation.uiAutomation.tcFee.Tc_Masters_Master_Fine_Slab_With_ECSFLAG">
    <skipped/>
  </testcase> <!-- loginToappWithrequiredCredentials -->
  <testcase name="afterMethod" time="0.001" classname="com.test.automation.uiAutomation.tcFee.Tc_Masters_Master_Fine_Slab_With_ECSFLAG">
    <error type="org.openqa.selenium.NoSuchWindowException" message="no such window: target window already closed
from unknown error: web view not found
  (Session info: chrome=65.0.3325.146)
  (Driver info: chromedriver=2.36.540470 (e522d04694c7ebea4ba8821272dbef4f9b818c91),platform=Windows NT 10.0.16299 x86_64) (WARNING: The server did not provide any stacktrace information)
Command duration or timeout: 3 milliseconds
Build info: version: &#039;3.0.1&#039;, revision: &#039;1969d75&#039;, time: &#039;2016-10-18 09:49:13 -0700&#039;
System info: host: &#039;DESKTOP-DISLHD4&#039;, ip: &#039;192.168.1.24&#039;, os.name: &#039;Windows 10&#039;, os.arch: &#039;amd64&#039;, os.version: &#039;10.0&#039;, java.version: &#039;1.8.0_161&#039;
Driver info: org.openqa.selenium.chrome.ChromeDriver
Capabilities [{applicationCacheEnabled=false, rotatable=false, mobileEmulationEnabled=false, networkConnectionEnabled=false, chrome={chromedriverVersion=2.36.540470 (e522d04694c7ebea4ba8821272dbef4f9b818c91), userDataDir=C:\Users\vaps\AppData\Local\Temp\scoped_dir3436_18582}, takesHeapSnapshot=true, pageLoadStrategy=normal, databaseEnabled=false, handlesAlerts=true, hasTouchScreen=false, version=65.0.3325.146, platform=XP, browserConnectionEnabled=false, nativeEvents=true, acceptSslCerts=false, acceptInsecureCerts=false, locationContextEnabled=true, webStorageEnabled=true, browserName=chrome, takesScreenshot=true, javascriptEnabled=true, cssSelectorsEnabled=true, setWindowRect=true, unexpectedAlertBehaviour=}]
Session ID: 8e5ad71caed17f99bd529f6ae86545db">
      <![CDATA[org.openqa.selenium.NoSuchWindowException: no such window: target window already closed
from unknown error: web view not found
  (Session info: chrome=65.0.3325.146)
  (Driver info: chromedriver=2.36.540470 (e522d04694c7ebea4ba8821272dbef4f9b818c91),platform=Windows NT 10.0.16299 x86_64) (WARNING: The server did not provide any stacktrace information)
Command duration or timeout: 3 milliseconds
Build info: version: '3.0.1', revision: '1969d75', time: '2016-10-18 09:49:13 -0700'
System info: host: 'DESKTOP-DISLHD4', ip: '192.168.1.24', os.name: 'Windows 10', os.arch: 'amd64', os.version: '10.0', java.version: '1.8.0_161'
Driver info: org.openqa.selenium.chrome.ChromeDriver
Capabilities [{applicationCacheEnabled=false, rotatable=false, mobileEmulationEnabled=false, networkConnectionEnabled=false, chrome={chromedriverVersion=2.36.540470 (e522d04694c7ebea4ba8821272dbef4f9b818c91), userDataDir=C:\Users\vaps\AppData\Local\Temp\scoped_dir3436_18582}, takesHeapSnapshot=true, pageLoadStrategy=normal, databaseEnabled=false, handlesAlerts=true, hasTouchScreen=false, version=65.0.3325.146, platform=XP, browserConnectionEnabled=false, nativeEvents=true, acceptSslCerts=false, acceptInsecureCerts=false, locationContextEnabled=true, webStorageEnabled=true, browserName=chrome, takesScreenshot=true, javascriptEnabled=true, cssSelectorsEnabled=true, setWindowRect=true, unexpectedAlertBehaviour=}]
Session ID: 8e5ad71caed17f99bd529f6ae86545db
	at sun.reflect.NativeConstructorAccessorImpl.newInstance0(Native Method)
	at sun.reflect.NativeConstructorAccessorImpl.newInstance(Unknown Source)
	at sun.reflect.DelegatingConstructorAccessorImpl.newInstance(Unknown Source)
	at java.lang.reflect.Constructor.newInstance(Unknown Source)
	at org.openqa.selenium.remote.ErrorHandler.createThrowable(ErrorHandler.java:216)
	at org.openqa.selenium.remote.ErrorHandler.throwIfResponseFailed(ErrorHandler.java:168)
	at org.openqa.selenium.remote.RemoteWebDriver.execute(RemoteWebDriver.java:635)
	at org.openqa.selenium.remote.RemoteWebDriver.execute(RemoteWebDriver.java:658)
	at org.openqa.selenium.remote.RemoteWebDriver.getScreenshotAs(RemoteWebDriver.java:340)
	at com.test.automation.uiAutomation.testBase.TestBase.captureScreen(TestBase.java:273)
	at com.test.automation.uiAutomation.testBase.TestBase.getresult(TestBase.java:302)
	at com.test.automation.uiAutomation.testBase.TestBase.afterMethod(TestBase.java:311)
	at sun.reflect.GeneratedMethodAccessor9.invoke(Unknown Source)
	at sun.reflect.DelegatingMethodAccessorImpl.invoke(Unknown Source)
	at java.lang.reflect.Method.invoke(Unknown Source)
	at org.testng.internal.MethodInvocationHelper.invokeMethod(MethodInvocationHelper.java:104)
	at org.testng.internal.Invoker.invokeConfigurationMethod(Invoker.java:515)
	at org.testng.internal.Invoker.invokeConfigurations(Invoker.java:217)
	at org.testng.internal.Invoker.invokeMethod(Invoker.java:712)
	at org.testng.internal.Invoker.invokeTestMethod(Invoker.java:851)
	at org.testng.internal.Invoker.invokeTestMethods(Invoker.java:1177)
	at org.testng.internal.TestMethodWorker.invokeTestMethods(TestMethodWorker.java:129)
	at org.testng.internal.TestMethodWorker.run(TestMethodWorker.java:112)
	at org.testng.TestRunner.privateRun(TestRunner.java:756)
	at org.testng.TestRunner.run(TestRunner.java:610)
	at org.testng.SuiteRunner.runTest(SuiteRunner.java:387)
	at org.testng.SuiteRunner.runSequentially(SuiteRunner.java:382)
	at org.testng.SuiteRunner.privateRun(SuiteRunner.java:340)
	at org.testng.SuiteRunner.run(SuiteRunner.java:289)
	at org.testng.SuiteRunnerWorker.runSuite(SuiteRunnerWorker.java:52)
	at org.testng.SuiteRunnerWorker.run(SuiteRunnerWorker.java:86)
	at org.testng.TestNG.runSuitesSequentially(TestNG.java:1293)
	at org.testng.TestNG.runSuitesLocally(TestNG.java:1218)
	at org.testng.TestNG.runSuites(TestNG.java:1133)
	at org.testng.TestNG.run(TestNG.java:1104)
	at org.testng.remote.AbstractRemoteTestNG.run(AbstractRemoteTestNG.java:132)
	at org.testng.remote.RemoteTestNG.initAndRun(RemoteTestNG.java:230)
	at org.testng.remote.RemoteTestNG.main(RemoteTestNG.java:76)
]]>
    </error>
  </testcase> <!-- afterMethod -->
  <testcase name="tcClickOnSaveButton_Between" time="15.394" classname="com.test.automation.uiAutomation.tcFee.Tc_Masters_Master_Fine_Slab_With_ECSFLAG"/>
  <testcase name="tcConfirmationForActivation" time="0.000" classname="com.test.automation.uiAutomation.tcFee.Tc_Masters_Master_Fine_Slab_With_ECSFLAG">
    <skipped/>
  </testcase> <!-- tcConfirmationForActivation -->
  <testcase name="tcClickOnSuccessOkBtn_GreaterThan" time="3.337" classname="com.test.automation.uiAutomation.tcFee.Tc_Masters_Master_Fine_Slab_With_ECSFLAG"/>
  <testcase name="tcConfirmationForDeactivation" time="5.344" classname="com.test.automation.uiAutomation.tcFee.Tc_Masters_Master_Fine_Slab_With_ECSFLAG"/>
  <testcase name="tcHomeButtonValidation" time="7.344" classname="com.test.automation.uiAutomation.tcFee.Tc_Masters_Master_Fine_Slab_With_ECSFLAG"/>
  <testcase name="tcClickOnSaveButton_GreaterThan" time="15.385" classname="com.test.automation.uiAutomation.tcFee.Tc_Masters_Master_Fine_Slab_With_ECSFLAG"/>
  <testcase name="tcVerifyActivationSuccessfulPopUp" time="0.000" classname="com.test.automation.uiAutomation.tcFee.Tc_Masters_Master_Fine_Slab_With_ECSFLAG">
    <skipped/>
  </testcase> <!-- tcVerifyActivationSuccessfulPopUp -->
  <testcase name="loginToappWithrequiredCredentials" time="20.065" classname="com.test.automation.uiAutomation.tcFee.Tc_Masters_Master_Fine_Slab_With_ECSFLAG"/>
  <testcase name="tcVerifyMasterFineSlabUpdatedInGrid" time="3.343" classname="com.test.automation.uiAutomation.tcFee.Tc_Masters_Master_Fine_Slab_With_ECSFLAG"/>
  <testcase name="tcVerifySuccessfulPopUp_Between" time="1.329" classname="com.test.automation.uiAutomation.tcFee.Tc_Masters_Master_Fine_Slab_With_ECSFLAG"/>
</testsuite> <!-- com.test.automation.uiAutomation.tcFee.Tc_Masters_Master_Fine_Slab_With_ECSFLAG -->
