<?xml version="1.0" encoding="UTF-8"?>
<!-- Generated by org.testng.reporters.JUnitReportReporter -->
<testsuite name="com.test.automation.uiAutomation.admission.TC_Reports.TC_Overall_Daily_AttendanceReport" tests="24" time="71.449" ignored="0" failures="2" timestamp="03 May 2018 12:53:22 GMT" skipped="0" hostname="Arvind-Susdiny" errors="0">
  <testcase name="tcFillOverallDailyAttendanceReportForm" time="4.816" classname="com.test.automation.uiAutomation.admission.TC_Reports.TC_Overall_Daily_AttendanceReport"/>
  <testcase name="tcSelectRecord_ToGenerateSelected_ClassReport" time="0.321" classname="com.test.automation.uiAutomation.admission.TC_Reports.TC_Overall_Daily_AttendanceReport"/>
  <testcase name="tcHomeButtonValidation" time="3.316" classname="com.test.automation.uiAutomation.admission.TC_Reports.TC_Overall_Daily_AttendanceReport"/>
  <testcase name="tcFillOverallDailyAttendanceReportForm_AfterCancel" time="5.011" classname="com.test.automation.uiAutomation.admission.TC_Reports.TC_Overall_Daily_AttendanceReport"/>
  <testcase name="tcExportReport_WithoutSelectingRecords" time="3.361" classname="com.test.automation.uiAutomation.admission.TC_Reports.TC_Overall_Daily_AttendanceReport"/>
  <testcase name="tcMaximize_OverAllDailyAttendanceReportStudentList" time="1.368" classname="com.test.automation.uiAutomation.admission.TC_Reports.TC_Overall_Daily_AttendanceReport"/>
  <testcase name="tcSearch_ClassSectionToGenerateOverAllDailyAttendanceReport" time="1.375" classname="com.test.automation.uiAutomation.admission.TC_Reports.TC_Overall_Daily_AttendanceReport"/>
  <testcase name="tcClickOnCloseButton_ToCloseAbsenteesPopUp" time="0.340" classname="com.test.automation.uiAutomation.admission.TC_Reports.TC_Overall_Daily_AttendanceReport"/>
  <testcase name="tcNavigateToAdmission_Reports_OverallDailyAttendanceReport_BGHS" time="3.742" classname="com.test.automation.uiAutomation.admission.TC_Reports.TC_Overall_Daily_AttendanceReport"/>
  <testcase name="tcClickOn_ReportButton_ToGenerateReport" time="3.365" classname="com.test.automation.uiAutomation.admission.TC_Reports.TC_Overall_Daily_AttendanceReport"/>
  <testcase name="tcMinimize_OverAllDailyAttendanceReport" time="3.426" classname="com.test.automation.uiAutomation.admission.TC_Reports.TC_Overall_Daily_AttendanceReport"/>
  <testcase name="tcMinimize_OverAllDailyAttendanceReportStudentList" time="1.353" classname="com.test.automation.uiAutomation.admission.TC_Reports.TC_Overall_Daily_AttendanceReport"/>
  <testcase name="tcSelectRecord_AndClickToview_ToGetAbsenteesAndTeacherDetails" time="1.428" classname="com.test.automation.uiAutomation.admission.TC_Reports.TC_Overall_Daily_AttendanceReport"/>
  <testcase name="tcSelectRecord_Absentees_ToExportAsExcelReport_PopUp" time="0.022" classname="com.test.automation.uiAutomation.admission.TC_Reports.TC_Overall_Daily_AttendanceReport">
    <failure type="java.lang.AssertionError" message="expected [ABHISHA] but found [ABHISHA S]">
      <![CDATA[java.lang.AssertionError: expected [ABHISHA] but found [ABHISHA S]
	at org.testng.Assert.fail(Assert.java:94)
	at org.testng.Assert.failNotEquals(Assert.java:513)
	at org.testng.Assert.assertEqualsImpl(Assert.java:135)
	at org.testng.Assert.assertEquals(Assert.java:116)
	at org.testng.Assert.assertEquals(Assert.java:190)
	at org.testng.Assert.assertEquals(Assert.java:200)
	at com.test.automation.uiAutomation.Admission.Reports.Overall_Daily_AttendanceReport.selectRecord_Absentees_ToExportAsExcelReport(Overall_Daily_AttendanceReport.java:420)
	at com.test.automation.uiAutomation.admission.TC_Reports.TC_Overall_Daily_AttendanceReport.tcSelectRecord_Absentees_ToExportAsExcelReport_PopUp(TC_Overall_Daily_AttendanceReport.java:368)
	at sun.reflect.NativeMethodAccessorImpl.invoke0(Native Method)
	at sun.reflect.NativeMethodAccessorImpl.invoke(Unknown Source)
	at sun.reflect.DelegatingMethodAccessorImpl.invoke(Unknown Source)
	at java.lang.reflect.Method.invoke(Unknown Source)
	at org.testng.internal.MethodInvocationHelper.invokeMethod(MethodInvocationHelper.java:104)
	at org.testng.internal.Invoker.invokeMethod(Invoker.java:645)
	at org.testng.internal.Invoker.invokeTestMethod(Invoker.java:851)
	at org.testng.internal.Invoker.invokeTestMethods(Invoker.java:1177)
	at org.testng.internal.TestMethodWorker.invokeTestMethods(TestMethodWorker.java:129)
	at org.testng.internal.TestMethodWorker.run(TestMethodWorker.java:112)
	at org.testng.TestRunner.privateRun(TestRunner.java:756)
	at org.testng.TestRunner.run(TestRunner.java:610)
	at org.testng.SuiteRunner.runTest(SuiteRunner.java:387)
	at org.testng.SuiteRunner.runSequentially(SuiteRunner.java:382)
	at org.testng.SuiteRunner.privateRun(SuiteRunner.java:340)
	at org.testng.SuiteRunner.run(SuiteRunner.java:289)
	at org.testng.SuiteRunnerWorker.runSuite(SuiteRunnerWorker.java:52)
	at org.testng.SuiteRunnerWorker.run(SuiteRunnerWorker.java:86)
	at org.testng.TestNG.runSuitesSequentially(TestNG.java:1293)
	at org.testng.TestNG.runSuitesLocally(TestNG.java:1218)
	at org.testng.TestNG.runSuites(TestNG.java:1133)
	at org.testng.TestNG.run(TestNG.java:1104)
	at org.testng.remote.AbstractRemoteTestNG.run(AbstractRemoteTestNG.java:132)
	at org.testng.remote.RemoteTestNG.initAndRun(RemoteTestNG.java:230)
	at org.testng.remote.RemoteTestNG.main(RemoteTestNG.java:76)
]]>
    </failure>
  </testcase> <!-- tcSelectRecord_Absentees_ToExportAsExcelReport_PopUp -->
  <testcase name="tcSearch_Absentees_ToGenerateOverAllDailyAttendanceReport" time="1.405" classname="com.test.automation.uiAutomation.admission.TC_Reports.TC_Overall_Daily_AttendanceReport"/>
  <testcase name="tcClickOn_CancelButton_ToClearFilledData" time="3.346" classname="com.test.automation.uiAutomation.admission.TC_Reports.TC_Overall_Daily_AttendanceReport"/>
  <testcase name="tcClickOn_ExportButton_ToGenerateExcelReport" time="0.333" classname="com.test.automation.uiAutomation.admission.TC_Reports.TC_Overall_Daily_AttendanceReport"/>
  <testcase name="tcClickOnOkSuccessButton_ForWithoutSelectedRecordsPopUp" time="3.361" classname="com.test.automation.uiAutomation.admission.TC_Reports.TC_Overall_Daily_AttendanceReport"/>
  <testcase name="tcVerifySearchedRecords_OverallDialyAttendanceReportGrid_PopUp" time="0.042" classname="com.test.automation.uiAutomation.admission.TC_Reports.TC_Overall_Daily_AttendanceReport">
    <failure type="java.lang.AssertionError" message="expected [ABHISHA] but found [ABHISHA S]">
      <![CDATA[java.lang.AssertionError: expected [ABHISHA] but found [ABHISHA S]
	at org.testng.Assert.fail(Assert.java:94)
	at org.testng.Assert.failNotEquals(Assert.java:513)
	at org.testng.Assert.assertEqualsImpl(Assert.java:135)
	at org.testng.Assert.assertEquals(Assert.java:116)
	at org.testng.Assert.assertEquals(Assert.java:190)
	at org.testng.Assert.assertEquals(Assert.java:200)
	at com.test.automation.uiAutomation.Admission.Reports.Overall_Daily_AttendanceReport.verifySearchedRecords_OverallDialyAttendanceReportGrid_PopUp(Overall_Daily_AttendanceReport.java:399)
	at com.test.automation.uiAutomation.admission.TC_Reports.TC_Overall_Daily_AttendanceReport.tcVerifySearchedRecords_OverallDialyAttendanceReportGrid_PopUp(TC_Overall_Daily_AttendanceReport.java:352)
	at sun.reflect.NativeMethodAccessorImpl.invoke0(Native Method)
	at sun.reflect.NativeMethodAccessorImpl.invoke(Unknown Source)
	at sun.reflect.DelegatingMethodAccessorImpl.invoke(Unknown Source)
	at java.lang.reflect.Method.invoke(Unknown Source)
	at org.testng.internal.MethodInvocationHelper.invokeMethod(MethodInvocationHelper.java:104)
	at org.testng.internal.Invoker.invokeMethod(Invoker.java:645)
	at org.testng.internal.Invoker.invokeTestMethod(Invoker.java:851)
	at org.testng.internal.Invoker.invokeTestMethods(Invoker.java:1177)
	at org.testng.internal.TestMethodWorker.invokeTestMethods(TestMethodWorker.java:129)
	at org.testng.internal.TestMethodWorker.run(TestMethodWorker.java:112)
	at org.testng.TestRunner.privateRun(TestRunner.java:756)
	at org.testng.TestRunner.run(TestRunner.java:610)
	at org.testng.SuiteRunner.runTest(SuiteRunner.java:387)
	at org.testng.SuiteRunner.runSequentially(SuiteRunner.java:382)
	at org.testng.SuiteRunner.privateRun(SuiteRunner.java:340)
	at org.testng.SuiteRunner.run(SuiteRunner.java:289)
	at org.testng.SuiteRunnerWorker.runSuite(SuiteRunnerWorker.java:52)
	at org.testng.SuiteRunnerWorker.run(SuiteRunnerWorker.java:86)
	at org.testng.TestNG.runSuitesSequentially(TestNG.java:1293)
	at org.testng.TestNG.runSuitesLocally(TestNG.java:1218)
	at org.testng.TestNG.runSuites(TestNG.java:1133)
	at org.testng.TestNG.run(TestNG.java:1104)
	at org.testng.remote.AbstractRemoteTestNG.run(AbstractRemoteTestNG.java:132)
	at org.testng.remote.RemoteTestNG.initAndRun(RemoteTestNG.java:230)
	at org.testng.remote.RemoteTestNG.main(RemoteTestNG.java:76)
]]>
    </failure>
  </testcase> <!-- tcVerifySearchedRecords_OverallDialyAttendanceReportGrid_PopUp -->
  <testcase name="loginToappWithrequiredCredentials" time="20.033" classname="com.test.automation.uiAutomation.admission.TC_Reports.TC_Overall_Daily_AttendanceReport"/>
  <testcase name="tcMaximize_OverAllDailyAttendanceReport" time="1.616" classname="com.test.automation.uiAutomation.admission.TC_Reports.TC_Overall_Daily_AttendanceReport"/>
  <testcase name="tcExportReport_BySelectingAbsenteesName" time="3.379" classname="com.test.automation.uiAutomation.admission.TC_Reports.TC_Overall_Daily_AttendanceReport"/>
  <testcase name="tcClickOn_ReportButton_ToGenerateReport_AfterCancel" time="3.363" classname="com.test.automation.uiAutomation.admission.TC_Reports.TC_Overall_Daily_AttendanceReport"/>
  <testcase name="tcVerifyAdmission_Reports_OverallDailyAttendanceReport_BGHSPage" time="1.327" classname="com.test.automation.uiAutomation.admission.TC_Reports.TC_Overall_Daily_AttendanceReport"/>
</testsuite> <!-- com.test.automation.uiAutomation.admission.TC_Reports.TC_Overall_Daily_AttendanceReport -->
